ARM GAS  C:\Users\danielpi\AppData\Local\Temp\cch11iVf.s 			page 1


   1              		.cpu cortex-m0
   2              		.fpu softvfp
   3              		.eabi_attribute 20, 1
   4              		.eabi_attribute 21, 1
   5              		.eabi_attribute 23, 3
   6              		.eabi_attribute 24, 1
   7              		.eabi_attribute 25, 1
   8              		.eabi_attribute 26, 1
   9              		.eabi_attribute 30, 1
  10              		.eabi_attribute 34, 0
  11              		.eabi_attribute 18, 4
  12              		.code	16
  13              		.file	"cyfitter_cfg.c"
  14              		.text
  15              	.Ltext0:
  16              		.cfi_sections	.debug_frame
  17              		.section	.text.AnalogSetDefault,"ax",%progbits
  18              		.align	2
  19              		.code	16
  20              		.thumb_func
  21              		.type	AnalogSetDefault, %function
  22              	AnalogSetDefault:
  23              	.LFB6:
  24              		.file 1 ".\\Generated_Source\\PSoC4\\cyfitter_cfg.c"
   1:.\Generated_Source\PSoC4/cyfitter_cfg.c **** /*******************************************************************************
   2:.\Generated_Source\PSoC4/cyfitter_cfg.c **** * FILENAME: cyfitter_cfg.c
   3:.\Generated_Source\PSoC4/cyfitter_cfg.c **** * 
   4:.\Generated_Source\PSoC4/cyfitter_cfg.c **** * PSoC Creator  3.2 SP1
   5:.\Generated_Source\PSoC4/cyfitter_cfg.c **** *
   6:.\Generated_Source\PSoC4/cyfitter_cfg.c **** * DESCRIPTION:
   7:.\Generated_Source\PSoC4/cyfitter_cfg.c **** * This file contains device initialization code.
   8:.\Generated_Source\PSoC4/cyfitter_cfg.c **** * Except for the user defined sections in CyClockStartupError(), this file should not be modified.
   9:.\Generated_Source\PSoC4/cyfitter_cfg.c **** * This file is automatically generated by PSoC Creator.
  10:.\Generated_Source\PSoC4/cyfitter_cfg.c **** *
  11:.\Generated_Source\PSoC4/cyfitter_cfg.c **** ********************************************************************************
  12:.\Generated_Source\PSoC4/cyfitter_cfg.c **** * Copyright (c) 2007-2015 Cypress Semiconductor.  All rights reserved.
  13:.\Generated_Source\PSoC4/cyfitter_cfg.c **** * You may use this file only in accordance with the license, terms, conditions, 
  14:.\Generated_Source\PSoC4/cyfitter_cfg.c **** * disclaimers, and limitations in the end user license agreement accompanying 
  15:.\Generated_Source\PSoC4/cyfitter_cfg.c **** * the software package with which this file was provided.
  16:.\Generated_Source\PSoC4/cyfitter_cfg.c **** ********************************************************************************/
  17:.\Generated_Source\PSoC4/cyfitter_cfg.c **** 
  18:.\Generated_Source\PSoC4/cyfitter_cfg.c **** #include <string.h>
  19:.\Generated_Source\PSoC4/cyfitter_cfg.c **** #include "cytypes.h"
  20:.\Generated_Source\PSoC4/cyfitter_cfg.c **** #include "cydevice_trm.h"
  21:.\Generated_Source\PSoC4/cyfitter_cfg.c **** #include "cyfitter.h"
  22:.\Generated_Source\PSoC4/cyfitter_cfg.c **** #include "CyLib.h"
  23:.\Generated_Source\PSoC4/cyfitter_cfg.c **** #include "CyLFClk.h"
  24:.\Generated_Source\PSoC4/cyfitter_cfg.c **** #include "cyfitter_cfg.h"
  25:.\Generated_Source\PSoC4/cyfitter_cfg.c **** 
  26:.\Generated_Source\PSoC4/cyfitter_cfg.c **** 
  27:.\Generated_Source\PSoC4/cyfitter_cfg.c **** #if defined(__GNUC__) || defined(__ARMCC_VERSION)
  28:.\Generated_Source\PSoC4/cyfitter_cfg.c ****     #define CYPACKED 
  29:.\Generated_Source\PSoC4/cyfitter_cfg.c ****     #define CYPACKED_ATTR __attribute__ ((packed))
  30:.\Generated_Source\PSoC4/cyfitter_cfg.c ****     #define CYALIGNED __attribute__ ((aligned))
  31:.\Generated_Source\PSoC4/cyfitter_cfg.c ****     #define CY_CFG_UNUSED __attribute__ ((unused))
  32:.\Generated_Source\PSoC4/cyfitter_cfg.c ****     #define CY_CFG_SECTION __attribute__ ((section(".psocinit")))
  33:.\Generated_Source\PSoC4/cyfitter_cfg.c ****     
ARM GAS  C:\Users\danielpi\AppData\Local\Temp\cch11iVf.s 			page 2


  34:.\Generated_Source\PSoC4/cyfitter_cfg.c ****     #if defined(__ARMCC_VERSION)
  35:.\Generated_Source\PSoC4/cyfitter_cfg.c ****         #define CY_CFG_MEMORY_BARRIER() __memory_changed()
  36:.\Generated_Source\PSoC4/cyfitter_cfg.c ****     #else
  37:.\Generated_Source\PSoC4/cyfitter_cfg.c ****         #define CY_CFG_MEMORY_BARRIER() __sync_synchronize()
  38:.\Generated_Source\PSoC4/cyfitter_cfg.c ****     #endif
  39:.\Generated_Source\PSoC4/cyfitter_cfg.c ****     
  40:.\Generated_Source\PSoC4/cyfitter_cfg.c **** #elif defined(__ICCARM__)
  41:.\Generated_Source\PSoC4/cyfitter_cfg.c ****     #include <intrinsics.h>
  42:.\Generated_Source\PSoC4/cyfitter_cfg.c **** 
  43:.\Generated_Source\PSoC4/cyfitter_cfg.c ****     #define CYPACKED __packed
  44:.\Generated_Source\PSoC4/cyfitter_cfg.c ****     #define CYPACKED_ATTR 
  45:.\Generated_Source\PSoC4/cyfitter_cfg.c ****     #define CYALIGNED _Pragma("data_alignment=4")
  46:.\Generated_Source\PSoC4/cyfitter_cfg.c ****     #define CY_CFG_UNUSED _Pragma("diag_suppress=Pe177")
  47:.\Generated_Source\PSoC4/cyfitter_cfg.c ****     #define CY_CFG_SECTION _Pragma("location=\".psocinit\"")
  48:.\Generated_Source\PSoC4/cyfitter_cfg.c ****     
  49:.\Generated_Source\PSoC4/cyfitter_cfg.c ****     #define CY_CFG_MEMORY_BARRIER() __DMB()
  50:.\Generated_Source\PSoC4/cyfitter_cfg.c ****     
  51:.\Generated_Source\PSoC4/cyfitter_cfg.c **** #else
  52:.\Generated_Source\PSoC4/cyfitter_cfg.c ****     #error Unsupported toolchain
  53:.\Generated_Source\PSoC4/cyfitter_cfg.c **** #endif
  54:.\Generated_Source\PSoC4/cyfitter_cfg.c **** 
  55:.\Generated_Source\PSoC4/cyfitter_cfg.c **** 
  56:.\Generated_Source\PSoC4/cyfitter_cfg.c **** CY_CFG_UNUSED
  57:.\Generated_Source\PSoC4/cyfitter_cfg.c **** static void CYMEMZERO(void *s, size_t n);
  58:.\Generated_Source\PSoC4/cyfitter_cfg.c **** CY_CFG_UNUSED
  59:.\Generated_Source\PSoC4/cyfitter_cfg.c **** static void CYMEMZERO(void *s, size_t n)
  60:.\Generated_Source\PSoC4/cyfitter_cfg.c **** {
  61:.\Generated_Source\PSoC4/cyfitter_cfg.c **** 	(void)memset(s, 0, n);
  62:.\Generated_Source\PSoC4/cyfitter_cfg.c **** }
  63:.\Generated_Source\PSoC4/cyfitter_cfg.c **** CY_CFG_UNUSED
  64:.\Generated_Source\PSoC4/cyfitter_cfg.c **** static void CYCONFIGCPY(void *dest, const void *src, size_t n);
  65:.\Generated_Source\PSoC4/cyfitter_cfg.c **** CY_CFG_UNUSED
  66:.\Generated_Source\PSoC4/cyfitter_cfg.c **** static void CYCONFIGCPY(void *dest, const void *src, size_t n)
  67:.\Generated_Source\PSoC4/cyfitter_cfg.c **** {
  68:.\Generated_Source\PSoC4/cyfitter_cfg.c **** 	(void)memcpy(dest, src, n);
  69:.\Generated_Source\PSoC4/cyfitter_cfg.c **** }
  70:.\Generated_Source\PSoC4/cyfitter_cfg.c **** CY_CFG_UNUSED
  71:.\Generated_Source\PSoC4/cyfitter_cfg.c **** static void CYCONFIGCPYCODE(void *dest, const void *src, size_t n);
  72:.\Generated_Source\PSoC4/cyfitter_cfg.c **** CY_CFG_UNUSED
  73:.\Generated_Source\PSoC4/cyfitter_cfg.c **** static void CYCONFIGCPYCODE(void *dest, const void *src, size_t n)
  74:.\Generated_Source\PSoC4/cyfitter_cfg.c **** {
  75:.\Generated_Source\PSoC4/cyfitter_cfg.c **** 	(void)memcpy(dest, src, n);
  76:.\Generated_Source\PSoC4/cyfitter_cfg.c **** }
  77:.\Generated_Source\PSoC4/cyfitter_cfg.c **** 
  78:.\Generated_Source\PSoC4/cyfitter_cfg.c **** 
  79:.\Generated_Source\PSoC4/cyfitter_cfg.c **** 
  80:.\Generated_Source\PSoC4/cyfitter_cfg.c **** /* Clock startup error codes                                                   */
  81:.\Generated_Source\PSoC4/cyfitter_cfg.c **** #define CYCLOCKSTART_NO_ERROR    0u
  82:.\Generated_Source\PSoC4/cyfitter_cfg.c **** #define CYCLOCKSTART_XTAL_ERROR  1u
  83:.\Generated_Source\PSoC4/cyfitter_cfg.c **** #define CYCLOCKSTART_32KHZ_ERROR 2u
  84:.\Generated_Source\PSoC4/cyfitter_cfg.c **** #define CYCLOCKSTART_PLL_ERROR   3u
  85:.\Generated_Source\PSoC4/cyfitter_cfg.c **** 
  86:.\Generated_Source\PSoC4/cyfitter_cfg.c **** #ifdef CY_NEED_CYCLOCKSTARTUPERROR
  87:.\Generated_Source\PSoC4/cyfitter_cfg.c **** /*******************************************************************************
  88:.\Generated_Source\PSoC4/cyfitter_cfg.c **** * Function Name: CyClockStartupError
  89:.\Generated_Source\PSoC4/cyfitter_cfg.c **** ********************************************************************************
  90:.\Generated_Source\PSoC4/cyfitter_cfg.c **** * Summary:
ARM GAS  C:\Users\danielpi\AppData\Local\Temp\cch11iVf.s 			page 3


  91:.\Generated_Source\PSoC4/cyfitter_cfg.c **** *  If an error is encountered during clock configuration (crystal startup error,
  92:.\Generated_Source\PSoC4/cyfitter_cfg.c **** *  PLL lock error, etc.), the system will end up here.  Unless reimplemented by
  93:.\Generated_Source\PSoC4/cyfitter_cfg.c **** *  the customer, this function will stop in an infinite loop.
  94:.\Generated_Source\PSoC4/cyfitter_cfg.c **** *
  95:.\Generated_Source\PSoC4/cyfitter_cfg.c **** * Parameters:
  96:.\Generated_Source\PSoC4/cyfitter_cfg.c **** *   void
  97:.\Generated_Source\PSoC4/cyfitter_cfg.c **** *
  98:.\Generated_Source\PSoC4/cyfitter_cfg.c **** * Return:
  99:.\Generated_Source\PSoC4/cyfitter_cfg.c **** *   void
 100:.\Generated_Source\PSoC4/cyfitter_cfg.c **** *
 101:.\Generated_Source\PSoC4/cyfitter_cfg.c **** *******************************************************************************/
 102:.\Generated_Source\PSoC4/cyfitter_cfg.c **** CY_CFG_UNUSED
 103:.\Generated_Source\PSoC4/cyfitter_cfg.c **** static void CyClockStartupError(uint8 errorCode);
 104:.\Generated_Source\PSoC4/cyfitter_cfg.c **** CY_CFG_UNUSED
 105:.\Generated_Source\PSoC4/cyfitter_cfg.c **** static void CyClockStartupError(uint8 errorCode)
 106:.\Generated_Source\PSoC4/cyfitter_cfg.c **** {
 107:.\Generated_Source\PSoC4/cyfitter_cfg.c ****     /* To remove the compiler warning if errorCode not used.                */
 108:.\Generated_Source\PSoC4/cyfitter_cfg.c ****     errorCode = errorCode;
 109:.\Generated_Source\PSoC4/cyfitter_cfg.c **** 
 110:.\Generated_Source\PSoC4/cyfitter_cfg.c ****     /* `#START CyClockStartupError` */
 111:.\Generated_Source\PSoC4/cyfitter_cfg.c **** 
 112:.\Generated_Source\PSoC4/cyfitter_cfg.c ****     /* If we have a clock startup error (bad MHz crystal, PLL lock, etc.),  */
 113:.\Generated_Source\PSoC4/cyfitter_cfg.c ****     /* we will end up here to allow the customer to implement something to  */
 114:.\Generated_Source\PSoC4/cyfitter_cfg.c ****     /* deal with the clock condition.                                       */
 115:.\Generated_Source\PSoC4/cyfitter_cfg.c **** 
 116:.\Generated_Source\PSoC4/cyfitter_cfg.c ****     /* `#END` */
 117:.\Generated_Source\PSoC4/cyfitter_cfg.c **** 
 118:.\Generated_Source\PSoC4/cyfitter_cfg.c ****     /* If nothing else, stop here since the clocks have not started         */
 119:.\Generated_Source\PSoC4/cyfitter_cfg.c ****     /* correctly.                                                           */
 120:.\Generated_Source\PSoC4/cyfitter_cfg.c ****     while(1) {}
 121:.\Generated_Source\PSoC4/cyfitter_cfg.c **** }
 122:.\Generated_Source\PSoC4/cyfitter_cfg.c **** #endif
 123:.\Generated_Source\PSoC4/cyfitter_cfg.c **** 
 124:.\Generated_Source\PSoC4/cyfitter_cfg.c **** 
 125:.\Generated_Source\PSoC4/cyfitter_cfg.c **** 
 126:.\Generated_Source\PSoC4/cyfitter_cfg.c **** /*******************************************************************************
 127:.\Generated_Source\PSoC4/cyfitter_cfg.c **** * Function Name: ClockSetup
 128:.\Generated_Source\PSoC4/cyfitter_cfg.c **** ********************************************************************************
 129:.\Generated_Source\PSoC4/cyfitter_cfg.c **** *
 130:.\Generated_Source\PSoC4/cyfitter_cfg.c **** * Summary:
 131:.\Generated_Source\PSoC4/cyfitter_cfg.c **** *   Performs the initialization of all of the clocks in the device based on the
 132:.\Generated_Source\PSoC4/cyfitter_cfg.c **** *   settings in the Clock tab of the DWR.  This includes enabling the requested
 133:.\Generated_Source\PSoC4/cyfitter_cfg.c **** *   clocks and setting the necessary dividers to produce the desired frequency. 
 134:.\Generated_Source\PSoC4/cyfitter_cfg.c **** *
 135:.\Generated_Source\PSoC4/cyfitter_cfg.c **** * Parameters:
 136:.\Generated_Source\PSoC4/cyfitter_cfg.c **** *   void
 137:.\Generated_Source\PSoC4/cyfitter_cfg.c **** *
 138:.\Generated_Source\PSoC4/cyfitter_cfg.c **** * Return:
 139:.\Generated_Source\PSoC4/cyfitter_cfg.c **** *   void
 140:.\Generated_Source\PSoC4/cyfitter_cfg.c **** *
 141:.\Generated_Source\PSoC4/cyfitter_cfg.c **** *******************************************************************************/
 142:.\Generated_Source\PSoC4/cyfitter_cfg.c **** static void ClockSetup(void);
 143:.\Generated_Source\PSoC4/cyfitter_cfg.c **** CY_CFG_SECTION
 144:.\Generated_Source\PSoC4/cyfitter_cfg.c **** static void ClockSetup(void)
 145:.\Generated_Source\PSoC4/cyfitter_cfg.c **** {
 146:.\Generated_Source\PSoC4/cyfitter_cfg.c **** 
 147:.\Generated_Source\PSoC4/cyfitter_cfg.c **** 	/* Set Flash Cycles based on max possible frequency in case a glitch occurs during ClockSetup(). *
ARM GAS  C:\Users\danielpi\AppData\Local\Temp\cch11iVf.s 			page 4


 148:.\Generated_Source\PSoC4/cyfitter_cfg.c **** 	CY_SET_REG32((void CYXDATA *)(CYREG_CPUSS_FLASH_CTL), (0x0012u));
 149:.\Generated_Source\PSoC4/cyfitter_cfg.c **** 
 150:.\Generated_Source\PSoC4/cyfitter_cfg.c **** 	/* Start the WCO */
 151:.\Generated_Source\PSoC4/cyfitter_cfg.c **** 	CySysClkWcoStart();
 152:.\Generated_Source\PSoC4/cyfitter_cfg.c **** 	CyDelayCycles(12000000u); /* WCO may take up to 500ms to start */
 153:.\Generated_Source\PSoC4/cyfitter_cfg.c **** 	(void)CySysClkWcoSetPowerMode(CY_SYS_CLK_WCO_LPM);    /* Switch to the low power mode */
 154:.\Generated_Source\PSoC4/cyfitter_cfg.c **** 
 155:.\Generated_Source\PSoC4/cyfitter_cfg.c **** 	/* Setup and trim IMO based on desired frequency. */
 156:.\Generated_Source\PSoC4/cyfitter_cfg.c **** 	CySysClkWriteImoFreq(48u);
 157:.\Generated_Source\PSoC4/cyfitter_cfg.c **** 	/* CYDEV_CLK_ILO_CONFIG Starting address: CYDEV_CLK_ILO_CONFIG */
 158:.\Generated_Source\PSoC4/cyfitter_cfg.c **** 	CY_SET_XTND_REG32((void CYFAR *)(CYREG_CLK_ILO_CONFIG), 0x80000006u);
 159:.\Generated_Source\PSoC4/cyfitter_cfg.c **** 
 160:.\Generated_Source\PSoC4/cyfitter_cfg.c **** 	/* CYDEV_WDT_CONFIG Starting address: CYDEV_WDT_CONFIG */
 161:.\Generated_Source\PSoC4/cyfitter_cfg.c **** 	CY_SET_XTND_REG32((void CYFAR *)(CYREG_WDT_CONFIG), 0x40000000u);
 162:.\Generated_Source\PSoC4/cyfitter_cfg.c **** 
 163:.\Generated_Source\PSoC4/cyfitter_cfg.c **** 
 164:.\Generated_Source\PSoC4/cyfitter_cfg.c **** 	/* Enable fast start mode for XO */
 165:.\Generated_Source\PSoC4/cyfitter_cfg.c **** 	CY_SET_REG32((void*)CYREG_BLE_BLERD_BB_XO, CY_GET_REG32((void*)CYREG_BLE_BLERD_BB_XO) | (uint32)0x
 166:.\Generated_Source\PSoC4/cyfitter_cfg.c **** 	CY_SET_XTND_REG32((void CYFAR *)(CYREG_BLE_BLERD_BB_XO_CAPTRIM), 0x00003E2Du);
 167:.\Generated_Source\PSoC4/cyfitter_cfg.c **** 	/* Disable Crystal Stable Interrupt before enabling ECO */
 168:.\Generated_Source\PSoC4/cyfitter_cfg.c **** 	CY_SET_REG32((void*)CYREG_BLE_BLESS_LL_DSM_CTRL, CY_GET_REG32((void*)CYREG_BLE_BLESS_LL_DSM_CTRL) 
 169:.\Generated_Source\PSoC4/cyfitter_cfg.c **** 	/* Start the ECO and do not check status since it is not needed for HFCLK */
 170:.\Generated_Source\PSoC4/cyfitter_cfg.c **** 	(void)CySysClkEcoStart(2000u);
 171:.\Generated_Source\PSoC4/cyfitter_cfg.c **** 	CyDelayUs(1500u); /* Wait to stabalize */
 172:.\Generated_Source\PSoC4/cyfitter_cfg.c **** 
 173:.\Generated_Source\PSoC4/cyfitter_cfg.c **** 	/* Setup phase aligned clocks */
 174:.\Generated_Source\PSoC4/cyfitter_cfg.c **** 
 175:.\Generated_Source\PSoC4/cyfitter_cfg.c **** 	/* CYDEV_CLK_IMO_CONFIG Starting address: CYDEV_CLK_IMO_CONFIG */
 176:.\Generated_Source\PSoC4/cyfitter_cfg.c **** 	CY_SET_XTND_REG32((void CYFAR *)(CYREG_CLK_IMO_CONFIG), 0x80000000u);
 177:.\Generated_Source\PSoC4/cyfitter_cfg.c **** 
 178:.\Generated_Source\PSoC4/cyfitter_cfg.c **** 	/* CYDEV_CLK_SELECT Starting address: CYDEV_CLK_SELECT */
 179:.\Generated_Source\PSoC4/cyfitter_cfg.c **** 	CY_SET_XTND_REG32((void CYFAR *)(CYREG_CLK_SELECT), 0x00040000u);
 180:.\Generated_Source\PSoC4/cyfitter_cfg.c **** 
 181:.\Generated_Source\PSoC4/cyfitter_cfg.c **** 	(void)CyIntSetVector(8u, &CySysWdtIsr);
 182:.\Generated_Source\PSoC4/cyfitter_cfg.c **** 	CyIntEnable(8u);
 183:.\Generated_Source\PSoC4/cyfitter_cfg.c **** 	CY_SET_XTND_REG32((void CYFAR *)(CYREG_WDT_CONFIG), 0x40000000u);
 184:.\Generated_Source\PSoC4/cyfitter_cfg.c **** }
 185:.\Generated_Source\PSoC4/cyfitter_cfg.c **** 
 186:.\Generated_Source\PSoC4/cyfitter_cfg.c **** 
 187:.\Generated_Source\PSoC4/cyfitter_cfg.c **** /* Analog API Functions */
 188:.\Generated_Source\PSoC4/cyfitter_cfg.c **** 
 189:.\Generated_Source\PSoC4/cyfitter_cfg.c **** 
 190:.\Generated_Source\PSoC4/cyfitter_cfg.c **** /*******************************************************************************
 191:.\Generated_Source\PSoC4/cyfitter_cfg.c **** * Function Name: AnalogSetDefault
 192:.\Generated_Source\PSoC4/cyfitter_cfg.c **** ********************************************************************************
 193:.\Generated_Source\PSoC4/cyfitter_cfg.c **** *
 194:.\Generated_Source\PSoC4/cyfitter_cfg.c **** * Summary:
 195:.\Generated_Source\PSoC4/cyfitter_cfg.c **** *  Sets up the analog portions of the chip to default values based on chip
 196:.\Generated_Source\PSoC4/cyfitter_cfg.c **** *  configuration options from the project.
 197:.\Generated_Source\PSoC4/cyfitter_cfg.c **** *
 198:.\Generated_Source\PSoC4/cyfitter_cfg.c **** * Parameters:
 199:.\Generated_Source\PSoC4/cyfitter_cfg.c **** *  void
 200:.\Generated_Source\PSoC4/cyfitter_cfg.c **** *
 201:.\Generated_Source\PSoC4/cyfitter_cfg.c **** * Return:
 202:.\Generated_Source\PSoC4/cyfitter_cfg.c **** *  void
 203:.\Generated_Source\PSoC4/cyfitter_cfg.c **** *
 204:.\Generated_Source\PSoC4/cyfitter_cfg.c **** *******************************************************************************/
ARM GAS  C:\Users\danielpi\AppData\Local\Temp\cch11iVf.s 			page 5


 205:.\Generated_Source\PSoC4/cyfitter_cfg.c **** static void AnalogSetDefault(void);
 206:.\Generated_Source\PSoC4/cyfitter_cfg.c **** static void AnalogSetDefault(void)
 207:.\Generated_Source\PSoC4/cyfitter_cfg.c **** {
  25              		.loc 1 207 0
  26              		.cfi_startproc
 208:.\Generated_Source\PSoC4/cyfitter_cfg.c **** 	CY_SET_XTND_REG32((void CYFAR *)CYREG_CTBM0_DFT_CTRL, 0x00000003u);
  27              		.loc 1 208 0
  28 0000 0323     		mov	r3, #3
  29 0002 044A     		ldr	r2, .L2
  30 0004 1360     		str	r3, [r2]
 209:.\Generated_Source\PSoC4/cyfitter_cfg.c **** 	CY_SET_XTND_REG32((void CYFAR *)CYREG_CTBM1_DFT_CTRL, 0x00000003u);
  31              		.loc 1 209 0
  32 0006 044A     		ldr	r2, .L2+4
  33 0008 1360     		str	r3, [r2]
 210:.\Generated_Source\PSoC4/cyfitter_cfg.c **** 	CY_SET_XTND_REG32((void CYFAR *)CYREG_PASS_DSAB_DSAB_CTRL, 0x00000000u);
  34              		.loc 1 210 0
  35 000a 0022     		mov	r2, #0
  36 000c 034B     		ldr	r3, .L2+8
  37 000e 1A60     		str	r2, [r3]
 211:.\Generated_Source\PSoC4/cyfitter_cfg.c **** }
  38              		.loc 1 211 0
  39              		@ sp needed
  40 0010 7047     		bx	lr
  41              	.L3:
  42 0012 C046     		.align	2
  43              	.L2:
  44 0014 30003040 		.word	1076887600
  45 0018 30003140 		.word	1076953136
  46 001c 000E3F40 		.word	1077874176
  47              		.cfi_endproc
  48              	.LFE6:
  49              		.size	AnalogSetDefault, .-AnalogSetDefault
  50              		.section	.text.CYMEMZERO,"ax",%progbits
  51              		.align	2
  52              		.code	16
  53              		.thumb_func
  54              		.type	CYMEMZERO, %function
  55              	CYMEMZERO:
  56              	.LFB2:
  60:.\Generated_Source\PSoC4/cyfitter_cfg.c **** {
  57              		.loc 1 60 0
  58              		.cfi_startproc
  59              	.LVL0:
  60 0000 08B5     		push	{r3, lr}
  61              		.cfi_def_cfa_offset 8
  62              		.cfi_offset 3, -8
  63              		.cfi_offset 14, -4
  64 0002 0A1C     		mov	r2, r1
  61:.\Generated_Source\PSoC4/cyfitter_cfg.c **** 	(void)memset(s, 0, n);
  65              		.loc 1 61 0
  66 0004 0021     		mov	r1, #0
  67              	.LVL1:
  68 0006 FFF7FEFF 		bl	memset
  69              	.LVL2:
  62:.\Generated_Source\PSoC4/cyfitter_cfg.c **** }
  70              		.loc 1 62 0
  71              		@ sp needed
ARM GAS  C:\Users\danielpi\AppData\Local\Temp\cch11iVf.s 			page 6


  72 000a 08BD     		pop	{r3, pc}
  73              		.cfi_endproc
  74              	.LFE2:
  75              		.size	CYMEMZERO, .-CYMEMZERO
  76              		.section	.psocinit,"ax",%progbits
  77              		.align	2
  78              		.code	16
  79              		.thumb_func
  80              		.type	ClockSetup, %function
  81              	ClockSetup:
  82              	.LFB5:
 145:.\Generated_Source\PSoC4/cyfitter_cfg.c **** {
  83              		.loc 1 145 0
  84              		.cfi_startproc
  85 0000 38B5     		push	{r3, r4, r5, lr}
  86              		.cfi_def_cfa_offset 16
  87              		.cfi_offset 3, -16
  88              		.cfi_offset 4, -12
  89              		.cfi_offset 5, -8
  90              		.cfi_offset 14, -4
 148:.\Generated_Source\PSoC4/cyfitter_cfg.c **** 	CY_SET_REG32((void CYXDATA *)(CYREG_CPUSS_FLASH_CTL), (0x0012u));
  91              		.loc 1 148 0
  92 0002 1222     		mov	r2, #18
  93 0004 1C4B     		ldr	r3, .L6
  94 0006 1A60     		str	r2, [r3]
 151:.\Generated_Source\PSoC4/cyfitter_cfg.c **** 	CySysClkWcoStart();
  95              		.loc 1 151 0
  96 0008 FFF7FEFF 		bl	CySysClkWcoStart
  97              	.LVL3:
 152:.\Generated_Source\PSoC4/cyfitter_cfg.c **** 	CyDelayCycles(12000000u); /* WCO may take up to 500ms to start */
  98              		.loc 1 152 0
  99 000c 1B48     		ldr	r0, .L6+4
 100 000e FFF7FEFF 		bl	CyDelayCycles
 101              	.LVL4:
 153:.\Generated_Source\PSoC4/cyfitter_cfg.c **** 	(void)CySysClkWcoSetPowerMode(CY_SYS_CLK_WCO_LPM);    /* Switch to the low power mode */
 102              		.loc 1 153 0
 103 0012 0120     		mov	r0, #1
 104 0014 FFF7FEFF 		bl	CySysClkWcoSetPowerMode
 105              	.LVL5:
 156:.\Generated_Source\PSoC4/cyfitter_cfg.c **** 	CySysClkWriteImoFreq(48u);
 106              		.loc 1 156 0
 107 0018 3020     		mov	r0, #48
 108 001a FFF7FEFF 		bl	CySysClkWriteImoFreq
 109              	.LVL6:
 158:.\Generated_Source\PSoC4/cyfitter_cfg.c **** 	CY_SET_XTND_REG32((void CYFAR *)(CYREG_CLK_ILO_CONFIG), 0x80000006u);
 110              		.loc 1 158 0
 111 001e 184A     		ldr	r2, .L6+8
 112 0020 184B     		ldr	r3, .L6+12
 113 0022 1A60     		str	r2, [r3]
 161:.\Generated_Source\PSoC4/cyfitter_cfg.c **** 	CY_SET_XTND_REG32((void CYFAR *)(CYREG_WDT_CONFIG), 0x40000000u);
 114              		.loc 1 161 0
 115 0024 184C     		ldr	r4, .L6+16
 116 0026 8025     		mov	r5, #128
 117 0028 ED05     		lsl	r5, r5, #23
 118 002a 2560     		str	r5, [r4]
 165:.\Generated_Source\PSoC4/cyfitter_cfg.c **** 	CY_SET_REG32((void*)CYREG_BLE_BLERD_BB_XO, CY_GET_REG32((void*)CYREG_BLE_BLERD_BB_XO) | (uint32)0x
 119              		.loc 1 165 0
ARM GAS  C:\Users\danielpi\AppData\Local\Temp\cch11iVf.s 			page 7


 120 002c 174B     		ldr	r3, .L6+20
 121 002e 1968     		ldr	r1, [r3]
 122 0030 0222     		mov	r2, #2
 123 0032 0A43     		orr	r2, r1
 124 0034 1A60     		str	r2, [r3]
 166:.\Generated_Source\PSoC4/cyfitter_cfg.c **** 	CY_SET_XTND_REG32((void CYFAR *)(CYREG_BLE_BLERD_BB_XO_CAPTRIM), 0x00003E2Du);
 125              		.loc 1 166 0
 126 0036 164A     		ldr	r2, .L6+24
 127 0038 164B     		ldr	r3, .L6+28
 128 003a 1A60     		str	r2, [r3]
 168:.\Generated_Source\PSoC4/cyfitter_cfg.c **** 	CY_SET_REG32((void*)CYREG_BLE_BLESS_LL_DSM_CTRL, CY_GET_REG32((void*)CYREG_BLE_BLESS_LL_DSM_CTRL) 
 129              		.loc 1 168 0
 130 003c 164B     		ldr	r3, .L6+32
 131 003e 1A68     		ldr	r2, [r3]
 132 0040 0821     		mov	r1, #8
 133 0042 8A43     		bic	r2, r1
 134 0044 1A60     		str	r2, [r3]
 170:.\Generated_Source\PSoC4/cyfitter_cfg.c **** 	(void)CySysClkEcoStart(2000u);
 135              		.loc 1 170 0
 136 0046 FA20     		mov	r0, #250
 137 0048 C000     		lsl	r0, r0, #3
 138 004a FFF7FEFF 		bl	CySysClkEcoStart
 139              	.LVL7:
 171:.\Generated_Source\PSoC4/cyfitter_cfg.c **** 	CyDelayUs(1500u); /* Wait to stabalize */
 140              		.loc 1 171 0
 141 004e 1348     		ldr	r0, .L6+36
 142 0050 FFF7FEFF 		bl	CyDelayUs
 143              	.LVL8:
 176:.\Generated_Source\PSoC4/cyfitter_cfg.c **** 	CY_SET_XTND_REG32((void CYFAR *)(CYREG_CLK_IMO_CONFIG), 0x80000000u);
 144              		.loc 1 176 0
 145 0054 8022     		mov	r2, #128
 146 0056 1206     		lsl	r2, r2, #24
 147 0058 114B     		ldr	r3, .L6+40
 148 005a 1A60     		str	r2, [r3]
 179:.\Generated_Source\PSoC4/cyfitter_cfg.c **** 	CY_SET_XTND_REG32((void CYFAR *)(CYREG_CLK_SELECT), 0x00040000u);
 149              		.loc 1 179 0
 150 005c 8022     		mov	r2, #128
 151 005e D202     		lsl	r2, r2, #11
 152 0060 104B     		ldr	r3, .L6+44
 153 0062 1A60     		str	r2, [r3]
 181:.\Generated_Source\PSoC4/cyfitter_cfg.c **** 	(void)CyIntSetVector(8u, &CySysWdtIsr);
 154              		.loc 1 181 0
 155 0064 0820     		mov	r0, #8
 156 0066 1049     		ldr	r1, .L6+48
 157 0068 FFF7FEFF 		bl	CyIntSetVector
 158              	.LVL9:
 182:.\Generated_Source\PSoC4/cyfitter_cfg.c **** 	CyIntEnable(8u);
 159              		.loc 1 182 0
 160 006c 0820     		mov	r0, #8
 161 006e FFF7FEFF 		bl	CyIntEnable
 162              	.LVL10:
 183:.\Generated_Source\PSoC4/cyfitter_cfg.c **** 	CY_SET_XTND_REG32((void CYFAR *)(CYREG_WDT_CONFIG), 0x40000000u);
 163              		.loc 1 183 0
 164 0072 2560     		str	r5, [r4]
 184:.\Generated_Source\PSoC4/cyfitter_cfg.c **** }
 165              		.loc 1 184 0
 166              		@ sp needed
ARM GAS  C:\Users\danielpi\AppData\Local\Temp\cch11iVf.s 			page 8


 167 0074 38BD     		pop	{r3, r4, r5, pc}
 168              	.L7:
 169 0076 C046     		.align	2
 170              	.L6:
 171 0078 30001040 		.word	1074790448
 172 007c 001BB700 		.word	12000000
 173 0080 06000080 		.word	-2147483642
 174 0084 04010B40 		.word	1074462980
 175 0088 0C020B40 		.word	1074463244
 176 008c 78002E40 		.word	1076756600
 177 0090 2D3E0000 		.word	15917
 178 0094 7C002E40 		.word	1076756604
 179 0098 6CF02E40 		.word	1076818028
 180 009c DC050000 		.word	1500
 181 00a0 08010B40 		.word	1074462984
 182 00a4 00010B40 		.word	1074462976
 183 00a8 00000000 		.word	CySysWdtIsr
 184              		.cfi_endproc
 185              	.LFE5:
 186              		.size	ClockSetup, .-ClockSetup
 187              		.align	2
 188              		.global	cyfitter_cfg
 189              		.code	16
 190              		.thumb_func
 191              		.type	cyfitter_cfg, %function
 192              	cyfitter_cfg:
 193              	.LFB7:
 212:.\Generated_Source\PSoC4/cyfitter_cfg.c **** 
 213:.\Generated_Source\PSoC4/cyfitter_cfg.c **** #define CY_AMUX_UNUSED CYREG_CM0_ROM_DWT
 214:.\Generated_Source\PSoC4/cyfitter_cfg.c **** 
 215:.\Generated_Source\PSoC4/cyfitter_cfg.c **** 
 216:.\Generated_Source\PSoC4/cyfitter_cfg.c **** /*******************************************************************************
 217:.\Generated_Source\PSoC4/cyfitter_cfg.c **** * Function Name: cyfitter_cfg
 218:.\Generated_Source\PSoC4/cyfitter_cfg.c **** ********************************************************************************
 219:.\Generated_Source\PSoC4/cyfitter_cfg.c **** * Summary:
 220:.\Generated_Source\PSoC4/cyfitter_cfg.c **** *  This function is called by the start-up code for the selected device. It
 221:.\Generated_Source\PSoC4/cyfitter_cfg.c **** *  performs all of the necessary device configuration based on the design
 222:.\Generated_Source\PSoC4/cyfitter_cfg.c **** *  settings.  This includes settings from the Design Wide Resources (DWR) such
 223:.\Generated_Source\PSoC4/cyfitter_cfg.c **** *  as Clocks and Pins as well as any component configuration that is necessary.
 224:.\Generated_Source\PSoC4/cyfitter_cfg.c **** *
 225:.\Generated_Source\PSoC4/cyfitter_cfg.c **** * Parameters:  
 226:.\Generated_Source\PSoC4/cyfitter_cfg.c **** *   void
 227:.\Generated_Source\PSoC4/cyfitter_cfg.c **** *
 228:.\Generated_Source\PSoC4/cyfitter_cfg.c **** * Return:
 229:.\Generated_Source\PSoC4/cyfitter_cfg.c **** *   void
 230:.\Generated_Source\PSoC4/cyfitter_cfg.c **** *
 231:.\Generated_Source\PSoC4/cyfitter_cfg.c **** *******************************************************************************/
 232:.\Generated_Source\PSoC4/cyfitter_cfg.c **** CY_CFG_SECTION
 233:.\Generated_Source\PSoC4/cyfitter_cfg.c **** void cyfitter_cfg(void)
 234:.\Generated_Source\PSoC4/cyfitter_cfg.c **** {
 194              		.loc 1 234 0
 195              		.cfi_startproc
 196 00ac 38B5     		push	{r3, r4, r5, lr}
 197              		.cfi_def_cfa_offset 16
 198              		.cfi_offset 3, -16
 199              		.cfi_offset 4, -12
 200              		.cfi_offset 5, -8
ARM GAS  C:\Users\danielpi\AppData\Local\Temp\cch11iVf.s 			page 9


 201              		.cfi_offset 14, -4
 235:.\Generated_Source\PSoC4/cyfitter_cfg.c **** 	/* Disable interrupts by default. Let user enable if/when they want. */
 236:.\Generated_Source\PSoC4/cyfitter_cfg.c **** 	CyGlobalIntDisable;
 202              		.loc 1 236 0
 203              	@ 236 ".\Generated_Source\PSoC4\cyfitter_cfg.c" 1
 204 00ae 72B6     		CPSID   i
 205              	@ 0 "" 2
 237:.\Generated_Source\PSoC4/cyfitter_cfg.c **** 
 238:.\Generated_Source\PSoC4/cyfitter_cfg.c **** 	CY_SET_XTND_REG32((void CYFAR *)(CYREG_BLE_BLESS_LL_DSM_CTRL), 0x00000000u);
 206              		.loc 1 238 0
 207              		.code	16
 208 00b0 0022     		mov	r2, #0
 209 00b2 1F4B     		ldr	r3, .L11
 210 00b4 1A60     		str	r2, [r3]
 211              	.LVL11:
 212              	.LBB2:
 239:.\Generated_Source\PSoC4/cyfitter_cfg.c **** 
 240:.\Generated_Source\PSoC4/cyfitter_cfg.c **** 	{
 241:.\Generated_Source\PSoC4/cyfitter_cfg.c **** 
 242:.\Generated_Source\PSoC4/cyfitter_cfg.c **** 		CYPACKED typedef struct {
 243:.\Generated_Source\PSoC4/cyfitter_cfg.c **** 			void CYFAR *address;
 244:.\Generated_Source\PSoC4/cyfitter_cfg.c **** 			uint16 size;
 245:.\Generated_Source\PSoC4/cyfitter_cfg.c **** 		} CYPACKED_ATTR cfg_memset_t;
 246:.\Generated_Source\PSoC4/cyfitter_cfg.c **** 
 247:.\Generated_Source\PSoC4/cyfitter_cfg.c **** 		static const cfg_memset_t CYCODE cfg_memset_list [] = {
 248:.\Generated_Source\PSoC4/cyfitter_cfg.c **** 			/* address, size */
 249:.\Generated_Source\PSoC4/cyfitter_cfg.c **** 			{(void CYFAR *)(CYDEV_UDB_P0_U0_BASE), 1024u},
 250:.\Generated_Source\PSoC4/cyfitter_cfg.c **** 			{(void CYFAR *)(CYDEV_UDB_DSI0_BASE), 1024u},
 251:.\Generated_Source\PSoC4/cyfitter_cfg.c **** 		};
 252:.\Generated_Source\PSoC4/cyfitter_cfg.c **** 
 253:.\Generated_Source\PSoC4/cyfitter_cfg.c **** 		uint8 CYDATA i;
 254:.\Generated_Source\PSoC4/cyfitter_cfg.c **** 
 255:.\Generated_Source\PSoC4/cyfitter_cfg.c **** 		/* Zero out critical memory blocks before beginning configuration */
 256:.\Generated_Source\PSoC4/cyfitter_cfg.c **** 		for (i = 0u; i < (sizeof(cfg_memset_list)/sizeof(cfg_memset_list[0])); i++)
 213              		.loc 1 256 0
 214 00b6 0024     		mov	r4, #0
 215              	.LBB3:
 257:.\Generated_Source\PSoC4/cyfitter_cfg.c **** 		{
 258:.\Generated_Source\PSoC4/cyfitter_cfg.c **** 			const cfg_memset_t CYCODE * CYDATA ms = &cfg_memset_list[i];
 216              		.loc 1 258 0
 217 00b8 1E4D     		ldr	r5, .L11+4
 218              	.LBE3:
 256:.\Generated_Source\PSoC4/cyfitter_cfg.c **** 		for (i = 0u; i < (sizeof(cfg_memset_list)/sizeof(cfg_memset_list[0])); i++)
 219              		.loc 1 256 0
 220 00ba 0CE0     		b	.L9
 221              	.LVL12:
 222              	.L10:
 223              	.LBB4:
 224              		.loc 1 258 0 discriminator 2
 225 00bc 6300     		lsl	r3, r4, #1
 226 00be 1B19     		add	r3, r3, r4
 227 00c0 5B00     		lsl	r3, r3, #1
 228 00c2 EB18     		add	r3, r5, r3
 229              	.LVL13:
 259:.\Generated_Source\PSoC4/cyfitter_cfg.c **** 			CYMEMZERO(ms->address, (size_t)(uint32)(ms->size));
 230              		.loc 1 259 0 discriminator 2
 231 00c4 9988     		ldrh	r1, [r3, #4]
ARM GAS  C:\Users\danielpi\AppData\Local\Temp\cch11iVf.s 			page 10


 232 00c6 1A88     		ldrh	r2, [r3]
 233 00c8 5888     		ldrh	r0, [r3, #2]
 234 00ca 0004     		lsl	r0, r0, #16
 235 00cc 1043     		orr	r0, r2
 236 00ce FFF7FEFF 		bl	CYMEMZERO
 237              	.LVL14:
 238              	.LBE4:
 256:.\Generated_Source\PSoC4/cyfitter_cfg.c **** 		for (i = 0u; i < (sizeof(cfg_memset_list)/sizeof(cfg_memset_list[0])); i++)
 239              		.loc 1 256 0 discriminator 2
 240 00d2 0134     		add	r4, r4, #1
 241              	.LVL15:
 242 00d4 E4B2     		uxtb	r4, r4
 243              	.LVL16:
 244              	.L9:
 256:.\Generated_Source\PSoC4/cyfitter_cfg.c **** 		for (i = 0u; i < (sizeof(cfg_memset_list)/sizeof(cfg_memset_list[0])); i++)
 245              		.loc 1 256 0 is_stmt 0 discriminator 1
 246 00d6 012C     		cmp	r4, #1
 247 00d8 F0D9     		bls	.L10
 260:.\Generated_Source\PSoC4/cyfitter_cfg.c **** 		}
 261:.\Generated_Source\PSoC4/cyfitter_cfg.c **** 
 262:.\Generated_Source\PSoC4/cyfitter_cfg.c **** 		/* HSIOM Starting address: CYDEV_HSIOM_BASE */
 263:.\Generated_Source\PSoC4/cyfitter_cfg.c **** 		CY_SET_XTND_REG32((void CYFAR *)(CYDEV_HSIOM_BASE), 0xEE000000u);
 248              		.loc 1 263 0 is_stmt 1
 249 00da EE22     		mov	r2, #238
 250 00dc 1206     		lsl	r2, r2, #24
 251 00de 164B     		ldr	r3, .L11+8
 252 00e0 1A60     		str	r2, [r3]
 264:.\Generated_Source\PSoC4/cyfitter_cfg.c **** 
 265:.\Generated_Source\PSoC4/cyfitter_cfg.c **** 		/* UDB_PA_0 Starting address: CYDEV_UDB_PA0_BASE */
 266:.\Generated_Source\PSoC4/cyfitter_cfg.c **** 		CY_SET_XTND_REG32((void CYFAR *)(CYDEV_UDB_PA0_BASE), 0x00990000u);
 253              		.loc 1 266 0
 254 00e2 9923     		mov	r3, #153
 255 00e4 1B04     		lsl	r3, r3, #16
 256 00e6 154A     		ldr	r2, .L11+12
 257 00e8 1360     		str	r3, [r2]
 267:.\Generated_Source\PSoC4/cyfitter_cfg.c **** 
 268:.\Generated_Source\PSoC4/cyfitter_cfg.c **** 		/* UDB_PA_2 Starting address: CYDEV_UDB_PA2_BASE */
 269:.\Generated_Source\PSoC4/cyfitter_cfg.c **** 		CY_SET_XTND_REG32((void CYFAR *)(CYDEV_UDB_PA2_BASE), 0x00990000u);
 258              		.loc 1 269 0
 259 00ea 154A     		ldr	r2, .L11+16
 260 00ec 1360     		str	r3, [r2]
 270:.\Generated_Source\PSoC4/cyfitter_cfg.c **** 
 271:.\Generated_Source\PSoC4/cyfitter_cfg.c **** 		/* UDB_PA_3 Starting address: CYDEV_UDB_PA3_BASE */
 272:.\Generated_Source\PSoC4/cyfitter_cfg.c **** 		CY_SET_XTND_REG32((void CYFAR *)(CYDEV_UDB_PA3_BASE), 0x00990000u);
 261              		.loc 1 272 0
 262 00ee 154A     		ldr	r2, .L11+20
 263 00f0 1360     		str	r3, [r2]
 273:.\Generated_Source\PSoC4/cyfitter_cfg.c **** 
 274:.\Generated_Source\PSoC4/cyfitter_cfg.c **** 		/* Enable digital routing */
 275:.\Generated_Source\PSoC4/cyfitter_cfg.c **** 		CY_SET_XTND_REG8((void *)CYREG_UDB_UDBIF_BANK_CTL, CY_GET_XTND_REG8((void *)CYREG_UDB_UDBIF_BANK_
 264              		.loc 1 275 0
 265 00f2 154B     		ldr	r3, .L11+24
 266 00f4 1978     		ldrb	r1, [r3]
 267 00f6 0222     		mov	r2, #2
 268 00f8 0A43     		orr	r2, r1
 269 00fa 1A70     		strb	r2, [r3]
 276:.\Generated_Source\PSoC4/cyfitter_cfg.c **** 
ARM GAS  C:\Users\danielpi\AppData\Local\Temp\cch11iVf.s 			page 11


 277:.\Generated_Source\PSoC4/cyfitter_cfg.c **** 		/* Enable UDB array */
 278:.\Generated_Source\PSoC4/cyfitter_cfg.c **** 		CY_SET_XTND_REG8((void *)CYREG_UDB_UDBIF_WAIT_CFG, (uint8)((CY_GET_XTND_REG8((void *)CYREG_UDB_UD
 270              		.loc 1 278 0
 271 00fc 134A     		ldr	r2, .L11+28
 272 00fe 1178     		ldrb	r1, [r2]
 273 0100 3C20     		mov	r0, #60
 274 0102 8143     		bic	r1, r0
 275 0104 1420     		mov	r0, #20
 276 0106 0143     		orr	r1, r0
 277 0108 1170     		strb	r1, [r2]
 279:.\Generated_Source\PSoC4/cyfitter_cfg.c **** 		CY_SET_XTND_REG8((void *)CYREG_UDB_UDBIF_BANK_CTL, (uint8)(CY_GET_XTND_REG8((void *)CYREG_UDB_UDB
 278              		.loc 1 279 0
 279 010a 1978     		ldrb	r1, [r3]
 280 010c 1622     		mov	r2, #22
 281 010e 0A43     		orr	r2, r1
 282 0110 1A70     		strb	r2, [r3]
 283              	.LBE2:
 280:.\Generated_Source\PSoC4/cyfitter_cfg.c **** 	}
 281:.\Generated_Source\PSoC4/cyfitter_cfg.c **** 
 282:.\Generated_Source\PSoC4/cyfitter_cfg.c **** 	/* Perform second pass device configuration. These items must be configured in specific order afte
 283:.\Generated_Source\PSoC4/cyfitter_cfg.c **** 	/* IOPINS0_0 Starting address: CYDEV_GPIO_PRT0_DR */
 284:.\Generated_Source\PSoC4/cyfitter_cfg.c **** 	CY_SET_XTND_REG32((void CYFAR *)(CYREG_GPIO_PRT0_PC), 0x00D80000u);
 284              		.loc 1 284 0
 285 0112 D822     		mov	r2, #216
 286 0114 1204     		lsl	r2, r2, #16
 287 0116 0E4B     		ldr	r3, .L11+32
 288 0118 1A60     		str	r2, [r3]
 285:.\Generated_Source\PSoC4/cyfitter_cfg.c **** 
 286:.\Generated_Source\PSoC4/cyfitter_cfg.c **** 	/* IOPINS0_2 Starting address: CYDEV_GPIO_PRT2_DR */
 287:.\Generated_Source\PSoC4/cyfitter_cfg.c **** 	CY_SET_XTND_REG32((void CYFAR *)(CYREG_GPIO_PRT2_PC), 0x00180000u);
 289              		.loc 1 287 0
 290 011a C023     		mov	r3, #192
 291 011c 5B03     		lsl	r3, r3, #13
 292 011e 0D4A     		ldr	r2, .L11+36
 293 0120 1360     		str	r3, [r2]
 288:.\Generated_Source\PSoC4/cyfitter_cfg.c **** 
 289:.\Generated_Source\PSoC4/cyfitter_cfg.c **** 	/* IOPINS0_3 Starting address: CYDEV_GPIO_PRT3_DR */
 290:.\Generated_Source\PSoC4/cyfitter_cfg.c **** 	CY_SET_XTND_REG32((void CYFAR *)(CYREG_GPIO_PRT3_PC), 0x00180000u);
 294              		.loc 1 290 0
 295 0122 0D4A     		ldr	r2, .L11+40
 296 0124 1360     		str	r3, [r2]
 291:.\Generated_Source\PSoC4/cyfitter_cfg.c **** 
 292:.\Generated_Source\PSoC4/cyfitter_cfg.c **** 	/* Setup clocks based on selections from Clock DWR */
 293:.\Generated_Source\PSoC4/cyfitter_cfg.c **** 	ClockSetup();
 297              		.loc 1 293 0
 298 0126 FFF76BFF 		bl	ClockSetup
 299              	.LVL17:
 294:.\Generated_Source\PSoC4/cyfitter_cfg.c **** 
 295:.\Generated_Source\PSoC4/cyfitter_cfg.c **** 	/* Perform basic analog initialization to defaults */
 296:.\Generated_Source\PSoC4/cyfitter_cfg.c **** 	AnalogSetDefault();
 300              		.loc 1 296 0
 301 012a FFF7FEFF 		bl	AnalogSetDefault
 302              	.LVL18:
 297:.\Generated_Source\PSoC4/cyfitter_cfg.c **** 
 298:.\Generated_Source\PSoC4/cyfitter_cfg.c **** }
 303              		.loc 1 298 0
 304              		@ sp needed
ARM GAS  C:\Users\danielpi\AppData\Local\Temp\cch11iVf.s 			page 12


 305              	.LVL19:
 306 012e 38BD     		pop	{r3, r4, r5, pc}
 307              	.L12:
 308              		.align	2
 309              	.L11:
 310 0130 6CF02E40 		.word	1076818028
 311 0134 00000000 		.word	.LANCHOR0
 312 0138 00000240 		.word	1073872896
 313 013c 00500F40 		.word	1074745344
 314 0140 20500F40 		.word	1074745376
 315 0144 30500F40 		.word	1074745392
 316 0148 00700F40 		.word	1074753536
 317 014c 01700F40 		.word	1074753537
 318 0150 08000440 		.word	1074003976
 319 0154 08020440 		.word	1074004488
 320 0158 08030440 		.word	1074004744
 321              		.cfi_endproc
 322              	.LFE7:
 323              		.size	cyfitter_cfg, .-cyfitter_cfg
 324              		.section	.rodata
 325              		.align	2
 326              		.set	.LANCHOR0,. + 0
 327              		.type	cfg_memset_list.4745, %object
 328              		.size	cfg_memset_list.4745, 12
 329              	cfg_memset_list.4745:
 330 0000 00300F40 		.word	1074737152
 331 0004 0004     		.short	1024
 332 0006 00400F40 		.4byte	1074741248
 333 000a 0004     		.short	1024
 334              		.text
 335              	.Letext0:
 336              		.file 2 "c:\\program files (x86)\\cypress\\psoc creator\\3.2\\psoc creator\\import\\gnu\\arm\\4.8.
 337              		.file 3 ".\\Generated_Source\\PSoC4\\cytypes.h"
 338              		.file 4 ".\\Generated_Source\\PSoC4\\CyLib.h"
 339              		.file 5 ".\\Generated_Source\\PSoC4\\CyLFClk.h"
 340              		.section	.debug_info,"",%progbits
 341              	.Ldebug_info0:
 342 0000 60030000 		.4byte	0x360
 343 0004 0400     		.2byte	0x4
 344 0006 00000000 		.4byte	.Ldebug_abbrev0
 345 000a 04       		.byte	0x4
 346 000b 01       		.uleb128 0x1
 347 000c 97010000 		.4byte	.LASF34
 348 0010 01       		.byte	0x1
 349 0011 2D020000 		.4byte	.LASF35
 350 0015 3B000000 		.4byte	.LASF36
 351 0019 18000000 		.4byte	.Ldebug_ranges0+0x18
 352 001d 00000000 		.4byte	0
 353 0021 00000000 		.4byte	.Ldebug_line0
 354 0025 02       		.uleb128 0x2
 355 0026 04       		.byte	0x4
 356 0027 05       		.byte	0x5
 357 0028 696E7400 		.ascii	"int\000"
 358 002c 03       		.uleb128 0x3
 359 002d 14000000 		.4byte	.LASF11
 360 0031 02       		.byte	0x2
 361 0032 D4       		.byte	0xd4
ARM GAS  C:\Users\danielpi\AppData\Local\Temp\cch11iVf.s 			page 13


 362 0033 37000000 		.4byte	0x37
 363 0037 04       		.uleb128 0x4
 364 0038 04       		.byte	0x4
 365 0039 07       		.byte	0x7
 366 003a 5E010000 		.4byte	.LASF0
 367 003e 04       		.uleb128 0x4
 368 003f 01       		.byte	0x1
 369 0040 06       		.byte	0x6
 370 0041 B4020000 		.4byte	.LASF1
 371 0045 04       		.uleb128 0x4
 372 0046 01       		.byte	0x1
 373 0047 08       		.byte	0x8
 374 0048 1F010000 		.4byte	.LASF2
 375 004c 04       		.uleb128 0x4
 376 004d 02       		.byte	0x2
 377 004e 05       		.byte	0x5
 378 004f 8C020000 		.4byte	.LASF3
 379 0053 04       		.uleb128 0x4
 380 0054 02       		.byte	0x2
 381 0055 07       		.byte	0x7
 382 0056 B1000000 		.4byte	.LASF4
 383 005a 04       		.uleb128 0x4
 384 005b 04       		.byte	0x4
 385 005c 05       		.byte	0x5
 386 005d AB020000 		.4byte	.LASF5
 387 0061 04       		.uleb128 0x4
 388 0062 04       		.byte	0x4
 389 0063 07       		.byte	0x7
 390 0064 EC000000 		.4byte	.LASF6
 391 0068 04       		.uleb128 0x4
 392 0069 08       		.byte	0x8
 393 006a 05       		.byte	0x5
 394 006b 5E020000 		.4byte	.LASF7
 395 006f 04       		.uleb128 0x4
 396 0070 08       		.byte	0x8
 397 0071 07       		.byte	0x7
 398 0072 80010000 		.4byte	.LASF8
 399 0076 04       		.uleb128 0x4
 400 0077 04       		.byte	0x4
 401 0078 07       		.byte	0x7
 402 0079 55020000 		.4byte	.LASF9
 403 007d 05       		.uleb128 0x5
 404 007e 04       		.byte	0x4
 405 007f 06       		.uleb128 0x6
 406 0080 04       		.byte	0x4
 407 0081 85000000 		.4byte	0x85
 408 0085 07       		.uleb128 0x7
 409 0086 04       		.uleb128 0x4
 410 0087 01       		.byte	0x1
 411 0088 08       		.byte	0x8
 412 0089 76020000 		.4byte	.LASF10
 413 008d 03       		.uleb128 0x3
 414 008e FE000000 		.4byte	.LASF12
 415 0092 03       		.byte	0x3
 416 0093 C1       		.byte	0xc1
 417 0094 45000000 		.4byte	0x45
 418 0098 03       		.uleb128 0x3
ARM GAS  C:\Users\danielpi\AppData\Local\Temp\cch11iVf.s 			page 14


 419 0099 47010000 		.4byte	.LASF13
 420 009d 03       		.byte	0x3
 421 009e C2       		.byte	0xc2
 422 009f 53000000 		.4byte	0x53
 423 00a3 03       		.uleb128 0x3
 424 00a4 57010000 		.4byte	.LASF14
 425 00a8 03       		.byte	0x3
 426 00a9 C3       		.byte	0xc3
 427 00aa 61000000 		.4byte	0x61
 428 00ae 04       		.uleb128 0x4
 429 00af 04       		.byte	0x4
 430 00b0 04       		.byte	0x4
 431 00b1 C4000000 		.4byte	.LASF15
 432 00b5 04       		.uleb128 0x4
 433 00b6 08       		.byte	0x8
 434 00b7 04       		.byte	0x4
 435 00b8 34010000 		.4byte	.LASF16
 436 00bc 08       		.uleb128 0x8
 437 00bd 4E010000 		.4byte	.LASF17
 438 00c1 03       		.byte	0x3
 439 00c2 6301     		.2byte	0x163
 440 00c4 61000000 		.4byte	0x61
 441 00c8 08       		.uleb128 0x8
 442 00c9 E7000000 		.4byte	.LASF18
 443 00cd 03       		.byte	0x3
 444 00ce 6B01     		.2byte	0x16b
 445 00d0 D4000000 		.4byte	0xd4
 446 00d4 09       		.uleb128 0x9
 447 00d5 8D000000 		.4byte	0x8d
 448 00d9 08       		.uleb128 0x8
 449 00da 0E000000 		.4byte	.LASF19
 450 00de 03       		.byte	0x3
 451 00df 6D01     		.2byte	0x16d
 452 00e1 E5000000 		.4byte	0xe5
 453 00e5 09       		.uleb128 0x9
 454 00e6 A3000000 		.4byte	0xa3
 455 00ea 08       		.uleb128 0x8
 456 00eb 13020000 		.4byte	.LASF20
 457 00ef 03       		.byte	0x3
 458 00f0 7D01     		.2byte	0x17d
 459 00f2 7F000000 		.4byte	0x7f
 460 00f6 0A       		.uleb128 0xa
 461 00f7 1B000000 		.4byte	.LASF37
 462 00fb 01       		.byte	0x1
 463 00fc CE       		.byte	0xce
 464 00fd 00000000 		.4byte	.LFB6
 465 0101 20000000 		.4byte	.LFE6-.LFB6
 466 0105 01       		.uleb128 0x1
 467 0106 9C       		.byte	0x9c
 468 0107 0B       		.uleb128 0xb
 469 0108 15010000 		.4byte	.LASF21
 470 010c 01       		.byte	0x1
 471 010d 3B       		.byte	0x3b
 472 010e 00000000 		.4byte	.LFB2
 473 0112 0C000000 		.4byte	.LFE2-.LFB2
 474 0116 01       		.uleb128 0x1
 475 0117 9C       		.byte	0x9c
ARM GAS  C:\Users\danielpi\AppData\Local\Temp\cch11iVf.s 			page 15


 476 0118 54010000 		.4byte	0x154
 477 011c 0C       		.uleb128 0xc
 478 011d 7300     		.ascii	"s\000"
 479 011f 01       		.byte	0x1
 480 0120 3B       		.byte	0x3b
 481 0121 7D000000 		.4byte	0x7d
 482 0125 00000000 		.4byte	.LLST0
 483 0129 0C       		.uleb128 0xc
 484 012a 6E00     		.ascii	"n\000"
 485 012c 01       		.byte	0x1
 486 012d 3B       		.byte	0x3b
 487 012e 2C000000 		.4byte	0x2c
 488 0132 21000000 		.4byte	.LLST1
 489 0136 0D       		.uleb128 0xd
 490 0137 0A000000 		.4byte	.LVL2
 491 013b BB020000 		.4byte	0x2bb
 492 013f 0E       		.uleb128 0xe
 493 0140 01       		.uleb128 0x1
 494 0141 52       		.byte	0x52
 495 0142 03       		.uleb128 0x3
 496 0143 F3       		.byte	0xf3
 497 0144 01       		.uleb128 0x1
 498 0145 51       		.byte	0x51
 499 0146 0E       		.uleb128 0xe
 500 0147 01       		.uleb128 0x1
 501 0148 51       		.byte	0x51
 502 0149 01       		.uleb128 0x1
 503 014a 30       		.byte	0x30
 504 014b 0E       		.uleb128 0xe
 505 014c 01       		.uleb128 0x1
 506 014d 50       		.byte	0x50
 507 014e 03       		.uleb128 0x3
 508 014f F3       		.byte	0xf3
 509 0150 01       		.uleb128 0x1
 510 0151 50       		.byte	0x50
 511 0152 00       		.byte	0
 512 0153 00       		.byte	0
 513 0154 0B       		.uleb128 0xb
 514 0155 A6000000 		.4byte	.LASF22
 515 0159 01       		.byte	0x1
 516 015a 90       		.byte	0x90
 517 015b 00000000 		.4byte	.LFB5
 518 015f AC000000 		.4byte	.LFE5-.LFB5
 519 0163 01       		.uleb128 0x1
 520 0164 9C       		.byte	0x9c
 521 0165 FD010000 		.4byte	0x1fd
 522 0169 0F       		.uleb128 0xf
 523 016a 0C000000 		.4byte	.LVL3
 524 016e D8020000 		.4byte	0x2d8
 525 0172 10       		.uleb128 0x10
 526 0173 12000000 		.4byte	.LVL4
 527 0177 DF020000 		.4byte	0x2df
 528 017b 89010000 		.4byte	0x189
 529 017f 0E       		.uleb128 0xe
 530 0180 01       		.uleb128 0x1
 531 0181 50       		.byte	0x50
 532 0182 05       		.uleb128 0x5
ARM GAS  C:\Users\danielpi\AppData\Local\Temp\cch11iVf.s 			page 16


 533 0183 0C       		.byte	0xc
 534 0184 001BB700 		.4byte	0xb71b00
 535 0188 00       		.byte	0
 536 0189 10       		.uleb128 0x10
 537 018a 18000000 		.4byte	.LVL5
 538 018e F0020000 		.4byte	0x2f0
 539 0192 9C010000 		.4byte	0x19c
 540 0196 0E       		.uleb128 0xe
 541 0197 01       		.uleb128 0x1
 542 0198 50       		.byte	0x50
 543 0199 01       		.uleb128 0x1
 544 019a 31       		.byte	0x31
 545 019b 00       		.byte	0
 546 019c 10       		.uleb128 0x10
 547 019d 1E000000 		.4byte	.LVL6
 548 01a1 05030000 		.4byte	0x305
 549 01a5 B0010000 		.4byte	0x1b0
 550 01a9 0E       		.uleb128 0xe
 551 01aa 01       		.uleb128 0x1
 552 01ab 50       		.byte	0x50
 553 01ac 02       		.uleb128 0x2
 554 01ad 08       		.byte	0x8
 555 01ae 30       		.byte	0x30
 556 01af 00       		.byte	0
 557 01b0 10       		.uleb128 0x10
 558 01b1 4E000000 		.4byte	.LVL7
 559 01b5 16030000 		.4byte	0x316
 560 01b9 C5010000 		.4byte	0x1c5
 561 01bd 0E       		.uleb128 0xe
 562 01be 01       		.uleb128 0x1
 563 01bf 50       		.byte	0x50
 564 01c0 03       		.uleb128 0x3
 565 01c1 0A       		.byte	0xa
 566 01c2 D007     		.2byte	0x7d0
 567 01c4 00       		.byte	0
 568 01c5 10       		.uleb128 0x10
 569 01c6 54000000 		.4byte	.LVL8
 570 01ca 2B030000 		.4byte	0x32b
 571 01ce DA010000 		.4byte	0x1da
 572 01d2 0E       		.uleb128 0xe
 573 01d3 01       		.uleb128 0x1
 574 01d4 50       		.byte	0x50
 575 01d5 03       		.uleb128 0x3
 576 01d6 0A       		.byte	0xa
 577 01d7 DC05     		.2byte	0x5dc
 578 01d9 00       		.byte	0
 579 01da 10       		.uleb128 0x10
 580 01db 6C000000 		.4byte	.LVL9
 581 01df 3C030000 		.4byte	0x33c
 582 01e3 ED010000 		.4byte	0x1ed
 583 01e7 0E       		.uleb128 0xe
 584 01e8 01       		.uleb128 0x1
 585 01e9 50       		.byte	0x50
 586 01ea 01       		.uleb128 0x1
 587 01eb 38       		.byte	0x38
 588 01ec 00       		.byte	0
 589 01ed 0D       		.uleb128 0xd
ARM GAS  C:\Users\danielpi\AppData\Local\Temp\cch11iVf.s 			page 17


 590 01ee 72000000 		.4byte	.LVL10
 591 01f2 56030000 		.4byte	0x356
 592 01f6 0E       		.uleb128 0xe
 593 01f7 01       		.uleb128 0x1
 594 01f8 50       		.byte	0x50
 595 01f9 01       		.uleb128 0x1
 596 01fa 38       		.byte	0x38
 597 01fb 00       		.byte	0
 598 01fc 00       		.byte	0
 599 01fd 11       		.uleb128 0x11
 600 01fe 6B010000 		.4byte	.LASF38
 601 0202 01       		.byte	0x1
 602 0203 E9       		.byte	0xe9
 603 0204 AC000000 		.4byte	.LFB7
 604 0208 B0000000 		.4byte	.LFE7-.LFB7
 605 020c 01       		.uleb128 0x1
 606 020d 9C       		.byte	0x9c
 607 020e BB020000 		.4byte	0x2bb
 608 0212 12       		.uleb128 0x12
 609 0213 B6000000 		.4byte	.LBB2
 610 0217 5C000000 		.4byte	.LBE2-.LBB2
 611 021b A8020000 		.4byte	0x2a8
 612 021f 13       		.uleb128 0x13
 613 0220 06       		.byte	0x6
 614 0221 01       		.byte	0x1
 615 0222 F2       		.byte	0xf2
 616 0223 40020000 		.4byte	0x240
 617 0227 14       		.uleb128 0x14
 618 0228 78010000 		.4byte	.LASF23
 619 022c 01       		.byte	0x1
 620 022d F3       		.byte	0xf3
 621 022e 7D000000 		.4byte	0x7d
 622 0232 00       		.byte	0
 623 0233 14       		.uleb128 0x14
 624 0234 CA000000 		.4byte	.LASF24
 625 0238 01       		.byte	0x1
 626 0239 F4       		.byte	0xf4
 627 023a 98000000 		.4byte	0x98
 628 023e 04       		.byte	0x4
 629 023f 00       		.byte	0
 630 0240 03       		.uleb128 0x3
 631 0241 20020000 		.4byte	.LASF25
 632 0245 01       		.byte	0x1
 633 0246 F5       		.byte	0xf5
 634 0247 1F020000 		.4byte	0x21f
 635 024b 15       		.uleb128 0x15
 636 024c 40020000 		.4byte	0x240
 637 0250 5B020000 		.4byte	0x25b
 638 0254 16       		.uleb128 0x16
 639 0255 76000000 		.4byte	0x76
 640 0259 01       		.byte	0x1
 641 025a 00       		.byte	0
 642 025b 17       		.uleb128 0x17
 643 025c 96000000 		.4byte	.LASF26
 644 0260 01       		.byte	0x1
 645 0261 F7       		.byte	0xf7
 646 0262 6C020000 		.4byte	0x26c
ARM GAS  C:\Users\danielpi\AppData\Local\Temp\cch11iVf.s 			page 18


 647 0266 05       		.uleb128 0x5
 648 0267 03       		.byte	0x3
 649 0268 00000000 		.4byte	cfg_memset_list.4745
 650 026c 18       		.uleb128 0x18
 651 026d 4B020000 		.4byte	0x24b
 652 0271 19       		.uleb128 0x19
 653 0272 6900     		.ascii	"i\000"
 654 0274 01       		.byte	0x1
 655 0275 FD       		.byte	0xfd
 656 0276 8D000000 		.4byte	0x8d
 657 027a 4D000000 		.4byte	.LLST2
 658 027e 1A       		.uleb128 0x1a
 659 027f 00000000 		.4byte	.Ldebug_ranges0+0
 660 0283 1B       		.uleb128 0x1b
 661 0284 6D7300   		.ascii	"ms\000"
 662 0287 01       		.byte	0x1
 663 0288 0201     		.2byte	0x102
 664 028a 92020000 		.4byte	0x292
 665 028e 84000000 		.4byte	.LLST3
 666 0292 06       		.uleb128 0x6
 667 0293 04       		.byte	0x4
 668 0294 98020000 		.4byte	0x298
 669 0298 18       		.uleb128 0x18
 670 0299 40020000 		.4byte	0x240
 671 029d 0F       		.uleb128 0xf
 672 029e D2000000 		.4byte	.LVL14
 673 02a2 07010000 		.4byte	0x107
 674 02a6 00       		.byte	0
 675 02a7 00       		.byte	0
 676 02a8 0F       		.uleb128 0xf
 677 02a9 2A010000 		.4byte	.LVL17
 678 02ad 54010000 		.4byte	0x154
 679 02b1 0F       		.uleb128 0xf
 680 02b2 2E010000 		.4byte	.LVL18
 681 02b6 F6000000 		.4byte	0xf6
 682 02ba 00       		.byte	0
 683 02bb 1C       		.uleb128 0x1c
 684 02bc 2D010000 		.4byte	.LASF27
 685 02c0 7D000000 		.4byte	0x7d
 686 02c4 D8020000 		.4byte	0x2d8
 687 02c8 1D       		.uleb128 0x1d
 688 02c9 7D000000 		.4byte	0x7d
 689 02cd 1D       		.uleb128 0x1d
 690 02ce 25000000 		.4byte	0x25
 691 02d2 1D       		.uleb128 0x1d
 692 02d3 76000000 		.4byte	0x76
 693 02d7 00       		.byte	0
 694 02d8 1E       		.uleb128 0x1e
 695 02d9 04010000 		.4byte	.LASF39
 696 02dd 05       		.byte	0x5
 697 02de 25       		.byte	0x25
 698 02df 1F       		.uleb128 0x1f
 699 02e0 00000000 		.4byte	.LASF28
 700 02e4 04       		.byte	0x4
 701 02e5 5A       		.byte	0x5a
 702 02e6 F0020000 		.4byte	0x2f0
 703 02ea 1D       		.uleb128 0x1d
ARM GAS  C:\Users\danielpi\AppData\Local\Temp\cch11iVf.s 			page 19


 704 02eb A3000000 		.4byte	0xa3
 705 02ef 00       		.byte	0
 706 02f0 20       		.uleb128 0x20
 707 02f1 CF000000 		.4byte	.LASF30
 708 02f5 05       		.byte	0x5
 709 02f6 27       		.byte	0x27
 710 02f7 A3000000 		.4byte	0xa3
 711 02fb 05030000 		.4byte	0x305
 712 02ff 1D       		.uleb128 0x1d
 713 0300 A3000000 		.4byte	0xa3
 714 0304 00       		.byte	0
 715 0305 1F       		.uleb128 0x1f
 716 0306 96020000 		.4byte	.LASF29
 717 030a 04       		.byte	0x4
 718 030b 31       		.byte	0x31
 719 030c 16030000 		.4byte	0x316
 720 0310 1D       		.uleb128 0x1d
 721 0311 A3000000 		.4byte	0xa3
 722 0315 00       		.byte	0
 723 0316 20       		.uleb128 0x20
 724 0317 7B020000 		.4byte	.LASF31
 725 031b 04       		.byte	0x4
 726 031c 84       		.byte	0x84
 727 031d BC000000 		.4byte	0xbc
 728 0321 2B030000 		.4byte	0x32b
 729 0325 1D       		.uleb128 0x1d
 730 0326 A3000000 		.4byte	0xa3
 731 032a 00       		.byte	0
 732 032b 1F       		.uleb128 0x1f
 733 032c 6C020000 		.4byte	.LASF32
 734 0330 04       		.byte	0x4
 735 0331 58       		.byte	0x58
 736 0332 3C030000 		.4byte	0x33c
 737 0336 1D       		.uleb128 0x1d
 738 0337 98000000 		.4byte	0x98
 739 033b 00       		.byte	0
 740 033c 20       		.uleb128 0x20
 741 033d 2C000000 		.4byte	.LASF33
 742 0341 04       		.byte	0x4
 743 0342 46       		.byte	0x46
 744 0343 EA000000 		.4byte	0xea
 745 0347 56030000 		.4byte	0x356
 746 034b 1D       		.uleb128 0x1d
 747 034c 8D000000 		.4byte	0x8d
 748 0350 1D       		.uleb128 0x1d
 749 0351 EA000000 		.4byte	0xea
 750 0355 00       		.byte	0
 751 0356 21       		.uleb128 0x21
 752 0357 3B010000 		.4byte	.LASF40
 753 035b 04       		.byte	0x4
 754 035c 4C       		.byte	0x4c
 755 035d 1D       		.uleb128 0x1d
 756 035e 8D000000 		.4byte	0x8d
 757 0362 00       		.byte	0
 758 0363 00       		.byte	0
 759              		.section	.debug_abbrev,"",%progbits
 760              	.Ldebug_abbrev0:
ARM GAS  C:\Users\danielpi\AppData\Local\Temp\cch11iVf.s 			page 20


 761 0000 01       		.uleb128 0x1
 762 0001 11       		.uleb128 0x11
 763 0002 01       		.byte	0x1
 764 0003 25       		.uleb128 0x25
 765 0004 0E       		.uleb128 0xe
 766 0005 13       		.uleb128 0x13
 767 0006 0B       		.uleb128 0xb
 768 0007 03       		.uleb128 0x3
 769 0008 0E       		.uleb128 0xe
 770 0009 1B       		.uleb128 0x1b
 771 000a 0E       		.uleb128 0xe
 772 000b 55       		.uleb128 0x55
 773 000c 17       		.uleb128 0x17
 774 000d 11       		.uleb128 0x11
 775 000e 01       		.uleb128 0x1
 776 000f 10       		.uleb128 0x10
 777 0010 17       		.uleb128 0x17
 778 0011 00       		.byte	0
 779 0012 00       		.byte	0
 780 0013 02       		.uleb128 0x2
 781 0014 24       		.uleb128 0x24
 782 0015 00       		.byte	0
 783 0016 0B       		.uleb128 0xb
 784 0017 0B       		.uleb128 0xb
 785 0018 3E       		.uleb128 0x3e
 786 0019 0B       		.uleb128 0xb
 787 001a 03       		.uleb128 0x3
 788 001b 08       		.uleb128 0x8
 789 001c 00       		.byte	0
 790 001d 00       		.byte	0
 791 001e 03       		.uleb128 0x3
 792 001f 16       		.uleb128 0x16
 793 0020 00       		.byte	0
 794 0021 03       		.uleb128 0x3
 795 0022 0E       		.uleb128 0xe
 796 0023 3A       		.uleb128 0x3a
 797 0024 0B       		.uleb128 0xb
 798 0025 3B       		.uleb128 0x3b
 799 0026 0B       		.uleb128 0xb
 800 0027 49       		.uleb128 0x49
 801 0028 13       		.uleb128 0x13
 802 0029 00       		.byte	0
 803 002a 00       		.byte	0
 804 002b 04       		.uleb128 0x4
 805 002c 24       		.uleb128 0x24
 806 002d 00       		.byte	0
 807 002e 0B       		.uleb128 0xb
 808 002f 0B       		.uleb128 0xb
 809 0030 3E       		.uleb128 0x3e
 810 0031 0B       		.uleb128 0xb
 811 0032 03       		.uleb128 0x3
 812 0033 0E       		.uleb128 0xe
 813 0034 00       		.byte	0
 814 0035 00       		.byte	0
 815 0036 05       		.uleb128 0x5
 816 0037 0F       		.uleb128 0xf
 817 0038 00       		.byte	0
ARM GAS  C:\Users\danielpi\AppData\Local\Temp\cch11iVf.s 			page 21


 818 0039 0B       		.uleb128 0xb
 819 003a 0B       		.uleb128 0xb
 820 003b 00       		.byte	0
 821 003c 00       		.byte	0
 822 003d 06       		.uleb128 0x6
 823 003e 0F       		.uleb128 0xf
 824 003f 00       		.byte	0
 825 0040 0B       		.uleb128 0xb
 826 0041 0B       		.uleb128 0xb
 827 0042 49       		.uleb128 0x49
 828 0043 13       		.uleb128 0x13
 829 0044 00       		.byte	0
 830 0045 00       		.byte	0
 831 0046 07       		.uleb128 0x7
 832 0047 15       		.uleb128 0x15
 833 0048 00       		.byte	0
 834 0049 27       		.uleb128 0x27
 835 004a 19       		.uleb128 0x19
 836 004b 00       		.byte	0
 837 004c 00       		.byte	0
 838 004d 08       		.uleb128 0x8
 839 004e 16       		.uleb128 0x16
 840 004f 00       		.byte	0
 841 0050 03       		.uleb128 0x3
 842 0051 0E       		.uleb128 0xe
 843 0052 3A       		.uleb128 0x3a
 844 0053 0B       		.uleb128 0xb
 845 0054 3B       		.uleb128 0x3b
 846 0055 05       		.uleb128 0x5
 847 0056 49       		.uleb128 0x49
 848 0057 13       		.uleb128 0x13
 849 0058 00       		.byte	0
 850 0059 00       		.byte	0
 851 005a 09       		.uleb128 0x9
 852 005b 35       		.uleb128 0x35
 853 005c 00       		.byte	0
 854 005d 49       		.uleb128 0x49
 855 005e 13       		.uleb128 0x13
 856 005f 00       		.byte	0
 857 0060 00       		.byte	0
 858 0061 0A       		.uleb128 0xa
 859 0062 2E       		.uleb128 0x2e
 860 0063 00       		.byte	0
 861 0064 03       		.uleb128 0x3
 862 0065 0E       		.uleb128 0xe
 863 0066 3A       		.uleb128 0x3a
 864 0067 0B       		.uleb128 0xb
 865 0068 3B       		.uleb128 0x3b
 866 0069 0B       		.uleb128 0xb
 867 006a 27       		.uleb128 0x27
 868 006b 19       		.uleb128 0x19
 869 006c 11       		.uleb128 0x11
 870 006d 01       		.uleb128 0x1
 871 006e 12       		.uleb128 0x12
 872 006f 06       		.uleb128 0x6
 873 0070 40       		.uleb128 0x40
 874 0071 18       		.uleb128 0x18
ARM GAS  C:\Users\danielpi\AppData\Local\Temp\cch11iVf.s 			page 22


 875 0072 9742     		.uleb128 0x2117
 876 0074 19       		.uleb128 0x19
 877 0075 00       		.byte	0
 878 0076 00       		.byte	0
 879 0077 0B       		.uleb128 0xb
 880 0078 2E       		.uleb128 0x2e
 881 0079 01       		.byte	0x1
 882 007a 03       		.uleb128 0x3
 883 007b 0E       		.uleb128 0xe
 884 007c 3A       		.uleb128 0x3a
 885 007d 0B       		.uleb128 0xb
 886 007e 3B       		.uleb128 0x3b
 887 007f 0B       		.uleb128 0xb
 888 0080 27       		.uleb128 0x27
 889 0081 19       		.uleb128 0x19
 890 0082 11       		.uleb128 0x11
 891 0083 01       		.uleb128 0x1
 892 0084 12       		.uleb128 0x12
 893 0085 06       		.uleb128 0x6
 894 0086 40       		.uleb128 0x40
 895 0087 18       		.uleb128 0x18
 896 0088 9742     		.uleb128 0x2117
 897 008a 19       		.uleb128 0x19
 898 008b 01       		.uleb128 0x1
 899 008c 13       		.uleb128 0x13
 900 008d 00       		.byte	0
 901 008e 00       		.byte	0
 902 008f 0C       		.uleb128 0xc
 903 0090 05       		.uleb128 0x5
 904 0091 00       		.byte	0
 905 0092 03       		.uleb128 0x3
 906 0093 08       		.uleb128 0x8
 907 0094 3A       		.uleb128 0x3a
 908 0095 0B       		.uleb128 0xb
 909 0096 3B       		.uleb128 0x3b
 910 0097 0B       		.uleb128 0xb
 911 0098 49       		.uleb128 0x49
 912 0099 13       		.uleb128 0x13
 913 009a 02       		.uleb128 0x2
 914 009b 17       		.uleb128 0x17
 915 009c 00       		.byte	0
 916 009d 00       		.byte	0
 917 009e 0D       		.uleb128 0xd
 918 009f 898201   		.uleb128 0x4109
 919 00a2 01       		.byte	0x1
 920 00a3 11       		.uleb128 0x11
 921 00a4 01       		.uleb128 0x1
 922 00a5 31       		.uleb128 0x31
 923 00a6 13       		.uleb128 0x13
 924 00a7 00       		.byte	0
 925 00a8 00       		.byte	0
 926 00a9 0E       		.uleb128 0xe
 927 00aa 8A8201   		.uleb128 0x410a
 928 00ad 00       		.byte	0
 929 00ae 02       		.uleb128 0x2
 930 00af 18       		.uleb128 0x18
 931 00b0 9142     		.uleb128 0x2111
ARM GAS  C:\Users\danielpi\AppData\Local\Temp\cch11iVf.s 			page 23


 932 00b2 18       		.uleb128 0x18
 933 00b3 00       		.byte	0
 934 00b4 00       		.byte	0
 935 00b5 0F       		.uleb128 0xf
 936 00b6 898201   		.uleb128 0x4109
 937 00b9 00       		.byte	0
 938 00ba 11       		.uleb128 0x11
 939 00bb 01       		.uleb128 0x1
 940 00bc 31       		.uleb128 0x31
 941 00bd 13       		.uleb128 0x13
 942 00be 00       		.byte	0
 943 00bf 00       		.byte	0
 944 00c0 10       		.uleb128 0x10
 945 00c1 898201   		.uleb128 0x4109
 946 00c4 01       		.byte	0x1
 947 00c5 11       		.uleb128 0x11
 948 00c6 01       		.uleb128 0x1
 949 00c7 31       		.uleb128 0x31
 950 00c8 13       		.uleb128 0x13
 951 00c9 01       		.uleb128 0x1
 952 00ca 13       		.uleb128 0x13
 953 00cb 00       		.byte	0
 954 00cc 00       		.byte	0
 955 00cd 11       		.uleb128 0x11
 956 00ce 2E       		.uleb128 0x2e
 957 00cf 01       		.byte	0x1
 958 00d0 3F       		.uleb128 0x3f
 959 00d1 19       		.uleb128 0x19
 960 00d2 03       		.uleb128 0x3
 961 00d3 0E       		.uleb128 0xe
 962 00d4 3A       		.uleb128 0x3a
 963 00d5 0B       		.uleb128 0xb
 964 00d6 3B       		.uleb128 0x3b
 965 00d7 0B       		.uleb128 0xb
 966 00d8 27       		.uleb128 0x27
 967 00d9 19       		.uleb128 0x19
 968 00da 11       		.uleb128 0x11
 969 00db 01       		.uleb128 0x1
 970 00dc 12       		.uleb128 0x12
 971 00dd 06       		.uleb128 0x6
 972 00de 40       		.uleb128 0x40
 973 00df 18       		.uleb128 0x18
 974 00e0 9742     		.uleb128 0x2117
 975 00e2 19       		.uleb128 0x19
 976 00e3 01       		.uleb128 0x1
 977 00e4 13       		.uleb128 0x13
 978 00e5 00       		.byte	0
 979 00e6 00       		.byte	0
 980 00e7 12       		.uleb128 0x12
 981 00e8 0B       		.uleb128 0xb
 982 00e9 01       		.byte	0x1
 983 00ea 11       		.uleb128 0x11
 984 00eb 01       		.uleb128 0x1
 985 00ec 12       		.uleb128 0x12
 986 00ed 06       		.uleb128 0x6
 987 00ee 01       		.uleb128 0x1
 988 00ef 13       		.uleb128 0x13
ARM GAS  C:\Users\danielpi\AppData\Local\Temp\cch11iVf.s 			page 24


 989 00f0 00       		.byte	0
 990 00f1 00       		.byte	0
 991 00f2 13       		.uleb128 0x13
 992 00f3 13       		.uleb128 0x13
 993 00f4 01       		.byte	0x1
 994 00f5 0B       		.uleb128 0xb
 995 00f6 0B       		.uleb128 0xb
 996 00f7 3A       		.uleb128 0x3a
 997 00f8 0B       		.uleb128 0xb
 998 00f9 3B       		.uleb128 0x3b
 999 00fa 0B       		.uleb128 0xb
 1000 00fb 01       		.uleb128 0x1
 1001 00fc 13       		.uleb128 0x13
 1002 00fd 00       		.byte	0
 1003 00fe 00       		.byte	0
 1004 00ff 14       		.uleb128 0x14
 1005 0100 0D       		.uleb128 0xd
 1006 0101 00       		.byte	0
 1007 0102 03       		.uleb128 0x3
 1008 0103 0E       		.uleb128 0xe
 1009 0104 3A       		.uleb128 0x3a
 1010 0105 0B       		.uleb128 0xb
 1011 0106 3B       		.uleb128 0x3b
 1012 0107 0B       		.uleb128 0xb
 1013 0108 49       		.uleb128 0x49
 1014 0109 13       		.uleb128 0x13
 1015 010a 38       		.uleb128 0x38
 1016 010b 0B       		.uleb128 0xb
 1017 010c 00       		.byte	0
 1018 010d 00       		.byte	0
 1019 010e 15       		.uleb128 0x15
 1020 010f 01       		.uleb128 0x1
 1021 0110 01       		.byte	0x1
 1022 0111 49       		.uleb128 0x49
 1023 0112 13       		.uleb128 0x13
 1024 0113 01       		.uleb128 0x1
 1025 0114 13       		.uleb128 0x13
 1026 0115 00       		.byte	0
 1027 0116 00       		.byte	0
 1028 0117 16       		.uleb128 0x16
 1029 0118 21       		.uleb128 0x21
 1030 0119 00       		.byte	0
 1031 011a 49       		.uleb128 0x49
 1032 011b 13       		.uleb128 0x13
 1033 011c 2F       		.uleb128 0x2f
 1034 011d 0B       		.uleb128 0xb
 1035 011e 00       		.byte	0
 1036 011f 00       		.byte	0
 1037 0120 17       		.uleb128 0x17
 1038 0121 34       		.uleb128 0x34
 1039 0122 00       		.byte	0
 1040 0123 03       		.uleb128 0x3
 1041 0124 0E       		.uleb128 0xe
 1042 0125 3A       		.uleb128 0x3a
 1043 0126 0B       		.uleb128 0xb
 1044 0127 3B       		.uleb128 0x3b
 1045 0128 0B       		.uleb128 0xb
ARM GAS  C:\Users\danielpi\AppData\Local\Temp\cch11iVf.s 			page 25


 1046 0129 49       		.uleb128 0x49
 1047 012a 13       		.uleb128 0x13
 1048 012b 02       		.uleb128 0x2
 1049 012c 18       		.uleb128 0x18
 1050 012d 00       		.byte	0
 1051 012e 00       		.byte	0
 1052 012f 18       		.uleb128 0x18
 1053 0130 26       		.uleb128 0x26
 1054 0131 00       		.byte	0
 1055 0132 49       		.uleb128 0x49
 1056 0133 13       		.uleb128 0x13
 1057 0134 00       		.byte	0
 1058 0135 00       		.byte	0
 1059 0136 19       		.uleb128 0x19
 1060 0137 34       		.uleb128 0x34
 1061 0138 00       		.byte	0
 1062 0139 03       		.uleb128 0x3
 1063 013a 08       		.uleb128 0x8
 1064 013b 3A       		.uleb128 0x3a
 1065 013c 0B       		.uleb128 0xb
 1066 013d 3B       		.uleb128 0x3b
 1067 013e 0B       		.uleb128 0xb
 1068 013f 49       		.uleb128 0x49
 1069 0140 13       		.uleb128 0x13
 1070 0141 02       		.uleb128 0x2
 1071 0142 17       		.uleb128 0x17
 1072 0143 00       		.byte	0
 1073 0144 00       		.byte	0
 1074 0145 1A       		.uleb128 0x1a
 1075 0146 0B       		.uleb128 0xb
 1076 0147 01       		.byte	0x1
 1077 0148 55       		.uleb128 0x55
 1078 0149 17       		.uleb128 0x17
 1079 014a 00       		.byte	0
 1080 014b 00       		.byte	0
 1081 014c 1B       		.uleb128 0x1b
 1082 014d 34       		.uleb128 0x34
 1083 014e 00       		.byte	0
 1084 014f 03       		.uleb128 0x3
 1085 0150 08       		.uleb128 0x8
 1086 0151 3A       		.uleb128 0x3a
 1087 0152 0B       		.uleb128 0xb
 1088 0153 3B       		.uleb128 0x3b
 1089 0154 05       		.uleb128 0x5
 1090 0155 49       		.uleb128 0x49
 1091 0156 13       		.uleb128 0x13
 1092 0157 02       		.uleb128 0x2
 1093 0158 17       		.uleb128 0x17
 1094 0159 00       		.byte	0
 1095 015a 00       		.byte	0
 1096 015b 1C       		.uleb128 0x1c
 1097 015c 2E       		.uleb128 0x2e
 1098 015d 01       		.byte	0x1
 1099 015e 3F       		.uleb128 0x3f
 1100 015f 19       		.uleb128 0x19
 1101 0160 03       		.uleb128 0x3
 1102 0161 0E       		.uleb128 0xe
ARM GAS  C:\Users\danielpi\AppData\Local\Temp\cch11iVf.s 			page 26


 1103 0162 27       		.uleb128 0x27
 1104 0163 19       		.uleb128 0x19
 1105 0164 49       		.uleb128 0x49
 1106 0165 13       		.uleb128 0x13
 1107 0166 34       		.uleb128 0x34
 1108 0167 19       		.uleb128 0x19
 1109 0168 3C       		.uleb128 0x3c
 1110 0169 19       		.uleb128 0x19
 1111 016a 01       		.uleb128 0x1
 1112 016b 13       		.uleb128 0x13
 1113 016c 00       		.byte	0
 1114 016d 00       		.byte	0
 1115 016e 1D       		.uleb128 0x1d
 1116 016f 05       		.uleb128 0x5
 1117 0170 00       		.byte	0
 1118 0171 49       		.uleb128 0x49
 1119 0172 13       		.uleb128 0x13
 1120 0173 00       		.byte	0
 1121 0174 00       		.byte	0
 1122 0175 1E       		.uleb128 0x1e
 1123 0176 2E       		.uleb128 0x2e
 1124 0177 00       		.byte	0
 1125 0178 3F       		.uleb128 0x3f
 1126 0179 19       		.uleb128 0x19
 1127 017a 03       		.uleb128 0x3
 1128 017b 0E       		.uleb128 0xe
 1129 017c 3A       		.uleb128 0x3a
 1130 017d 0B       		.uleb128 0xb
 1131 017e 3B       		.uleb128 0x3b
 1132 017f 0B       		.uleb128 0xb
 1133 0180 27       		.uleb128 0x27
 1134 0181 19       		.uleb128 0x19
 1135 0182 3C       		.uleb128 0x3c
 1136 0183 19       		.uleb128 0x19
 1137 0184 00       		.byte	0
 1138 0185 00       		.byte	0
 1139 0186 1F       		.uleb128 0x1f
 1140 0187 2E       		.uleb128 0x2e
 1141 0188 01       		.byte	0x1
 1142 0189 3F       		.uleb128 0x3f
 1143 018a 19       		.uleb128 0x19
 1144 018b 03       		.uleb128 0x3
 1145 018c 0E       		.uleb128 0xe
 1146 018d 3A       		.uleb128 0x3a
 1147 018e 0B       		.uleb128 0xb
 1148 018f 3B       		.uleb128 0x3b
 1149 0190 0B       		.uleb128 0xb
 1150 0191 27       		.uleb128 0x27
 1151 0192 19       		.uleb128 0x19
 1152 0193 3C       		.uleb128 0x3c
 1153 0194 19       		.uleb128 0x19
 1154 0195 01       		.uleb128 0x1
 1155 0196 13       		.uleb128 0x13
 1156 0197 00       		.byte	0
 1157 0198 00       		.byte	0
 1158 0199 20       		.uleb128 0x20
 1159 019a 2E       		.uleb128 0x2e
ARM GAS  C:\Users\danielpi\AppData\Local\Temp\cch11iVf.s 			page 27


 1160 019b 01       		.byte	0x1
 1161 019c 3F       		.uleb128 0x3f
 1162 019d 19       		.uleb128 0x19
 1163 019e 03       		.uleb128 0x3
 1164 019f 0E       		.uleb128 0xe
 1165 01a0 3A       		.uleb128 0x3a
 1166 01a1 0B       		.uleb128 0xb
 1167 01a2 3B       		.uleb128 0x3b
 1168 01a3 0B       		.uleb128 0xb
 1169 01a4 27       		.uleb128 0x27
 1170 01a5 19       		.uleb128 0x19
 1171 01a6 49       		.uleb128 0x49
 1172 01a7 13       		.uleb128 0x13
 1173 01a8 3C       		.uleb128 0x3c
 1174 01a9 19       		.uleb128 0x19
 1175 01aa 01       		.uleb128 0x1
 1176 01ab 13       		.uleb128 0x13
 1177 01ac 00       		.byte	0
 1178 01ad 00       		.byte	0
 1179 01ae 21       		.uleb128 0x21
 1180 01af 2E       		.uleb128 0x2e
 1181 01b0 01       		.byte	0x1
 1182 01b1 3F       		.uleb128 0x3f
 1183 01b2 19       		.uleb128 0x19
 1184 01b3 03       		.uleb128 0x3
 1185 01b4 0E       		.uleb128 0xe
 1186 01b5 3A       		.uleb128 0x3a
 1187 01b6 0B       		.uleb128 0xb
 1188 01b7 3B       		.uleb128 0x3b
 1189 01b8 0B       		.uleb128 0xb
 1190 01b9 27       		.uleb128 0x27
 1191 01ba 19       		.uleb128 0x19
 1192 01bb 3C       		.uleb128 0x3c
 1193 01bc 19       		.uleb128 0x19
 1194 01bd 00       		.byte	0
 1195 01be 00       		.byte	0
 1196 01bf 00       		.byte	0
 1197              		.section	.debug_loc,"",%progbits
 1198              	.Ldebug_loc0:
 1199              	.LLST0:
 1200 0000 00000000 		.4byte	.LVL0
 1201 0004 09000000 		.4byte	.LVL2-1
 1202 0008 0100     		.2byte	0x1
 1203 000a 50       		.byte	0x50
 1204 000b 09000000 		.4byte	.LVL2-1
 1205 000f 0C000000 		.4byte	.LFE2
 1206 0013 0400     		.2byte	0x4
 1207 0015 F3       		.byte	0xf3
 1208 0016 01       		.uleb128 0x1
 1209 0017 50       		.byte	0x50
 1210 0018 9F       		.byte	0x9f
 1211 0019 00000000 		.4byte	0
 1212 001d 00000000 		.4byte	0
 1213              	.LLST1:
 1214 0021 00000000 		.4byte	.LVL0
 1215 0025 06000000 		.4byte	.LVL1
 1216 0029 0100     		.2byte	0x1
ARM GAS  C:\Users\danielpi\AppData\Local\Temp\cch11iVf.s 			page 28


 1217 002b 51       		.byte	0x51
 1218 002c 06000000 		.4byte	.LVL1
 1219 0030 09000000 		.4byte	.LVL2-1
 1220 0034 0100     		.2byte	0x1
 1221 0036 52       		.byte	0x52
 1222 0037 09000000 		.4byte	.LVL2-1
 1223 003b 0C000000 		.4byte	.LFE2
 1224 003f 0400     		.2byte	0x4
 1225 0041 F3       		.byte	0xf3
 1226 0042 01       		.uleb128 0x1
 1227 0043 51       		.byte	0x51
 1228 0044 9F       		.byte	0x9f
 1229 0045 00000000 		.4byte	0
 1230 0049 00000000 		.4byte	0
 1231              	.LLST2:
 1232 004d B6000000 		.4byte	.LVL11
 1233 0051 BC000000 		.4byte	.LVL12
 1234 0055 0200     		.2byte	0x2
 1235 0057 30       		.byte	0x30
 1236 0058 9F       		.byte	0x9f
 1237 0059 BC000000 		.4byte	.LVL12
 1238 005d D4000000 		.4byte	.LVL15
 1239 0061 0100     		.2byte	0x1
 1240 0063 54       		.byte	0x54
 1241 0064 D4000000 		.4byte	.LVL15
 1242 0068 D6000000 		.4byte	.LVL16
 1243 006c 0300     		.2byte	0x3
 1244 006e 74       		.byte	0x74
 1245 006f 7F       		.sleb128 -1
 1246 0070 9F       		.byte	0x9f
 1247 0071 D6000000 		.4byte	.LVL16
 1248 0075 2E010000 		.4byte	.LVL19
 1249 0079 0100     		.2byte	0x1
 1250 007b 54       		.byte	0x54
 1251 007c 00000000 		.4byte	0
 1252 0080 00000000 		.4byte	0
 1253              	.LLST3:
 1254 0084 C4000000 		.4byte	.LVL13
 1255 0088 D1000000 		.4byte	.LVL14-1
 1256 008c 0100     		.2byte	0x1
 1257 008e 53       		.byte	0x53
 1258 008f D1000000 		.4byte	.LVL14-1
 1259 0093 D4000000 		.4byte	.LVL15
 1260 0097 0D00     		.2byte	0xd
 1261 0099 74       		.byte	0x74
 1262 009a 00       		.sleb128 0
 1263 009b 31       		.byte	0x31
 1264 009c 24       		.byte	0x24
 1265 009d 74       		.byte	0x74
 1266 009e 00       		.sleb128 0
 1267 009f 22       		.byte	0x22
 1268 00a0 31       		.byte	0x31
 1269 00a1 24       		.byte	0x24
 1270 00a2 75       		.byte	0x75
 1271 00a3 00       		.sleb128 0
 1272 00a4 22       		.byte	0x22
 1273 00a5 9F       		.byte	0x9f
ARM GAS  C:\Users\danielpi\AppData\Local\Temp\cch11iVf.s 			page 29


 1274 00a6 D4000000 		.4byte	.LVL15
 1275 00aa D6000000 		.4byte	.LVL16
 1276 00ae 0D00     		.2byte	0xd
 1277 00b0 74       		.byte	0x74
 1278 00b1 7F       		.sleb128 -1
 1279 00b2 74       		.byte	0x74
 1280 00b3 7F       		.sleb128 -1
 1281 00b4 31       		.byte	0x31
 1282 00b5 24       		.byte	0x24
 1283 00b6 22       		.byte	0x22
 1284 00b7 31       		.byte	0x31
 1285 00b8 24       		.byte	0x24
 1286 00b9 75       		.byte	0x75
 1287 00ba 00       		.sleb128 0
 1288 00bb 22       		.byte	0x22
 1289 00bc 9F       		.byte	0x9f
 1290 00bd 00000000 		.4byte	0
 1291 00c1 00000000 		.4byte	0
 1292              		.section	.debug_aranges,"",%progbits
 1293 0000 34000000 		.4byte	0x34
 1294 0004 0200     		.2byte	0x2
 1295 0006 00000000 		.4byte	.Ldebug_info0
 1296 000a 04       		.byte	0x4
 1297 000b 00       		.byte	0
 1298 000c 0000     		.2byte	0
 1299 000e 0000     		.2byte	0
 1300 0010 00000000 		.4byte	.LFB6
 1301 0014 20000000 		.4byte	.LFE6-.LFB6
 1302 0018 00000000 		.4byte	.LFB2
 1303 001c 0C000000 		.4byte	.LFE2-.LFB2
 1304 0020 00000000 		.4byte	.LFB5
 1305 0024 AC000000 		.4byte	.LFE5-.LFB5
 1306 0028 AC000000 		.4byte	.LFB7
 1307 002c B0000000 		.4byte	.LFE7-.LFB7
 1308 0030 00000000 		.4byte	0
 1309 0034 00000000 		.4byte	0
 1310              		.section	.debug_ranges,"",%progbits
 1311              	.Ldebug_ranges0:
 1312 0000 B8000000 		.4byte	.LBB3
 1313 0004 BA000000 		.4byte	.LBE3
 1314 0008 BC000000 		.4byte	.LBB4
 1315 000c D2000000 		.4byte	.LBE4
 1316 0010 00000000 		.4byte	0
 1317 0014 00000000 		.4byte	0
 1318 0018 00000000 		.4byte	.LFB6
 1319 001c 20000000 		.4byte	.LFE6
 1320 0020 00000000 		.4byte	.LFB2
 1321 0024 0C000000 		.4byte	.LFE2
 1322 0028 00000000 		.4byte	.LFB5
 1323 002c AC000000 		.4byte	.LFE5
 1324 0030 AC000000 		.4byte	.LFB7
 1325 0034 5C010000 		.4byte	.LFE7
 1326 0038 00000000 		.4byte	0
 1327 003c 00000000 		.4byte	0
 1328              		.section	.debug_line,"",%progbits
 1329              	.Ldebug_line0:
 1330 0000 60010000 		.section	.debug_str,"MS",%progbits,1
ARM GAS  C:\Users\danielpi\AppData\Local\Temp\cch11iVf.s 			page 30


 1330      0200E500 
 1330      00000201 
 1330      FB0E0D00 
 1330      01010101 
 1331              	.LASF28:
 1332 0000 43794465 		.ascii	"CyDelayCycles\000"
 1332      6C617943 
 1332      79636C65 
 1332      7300
 1333              	.LASF19:
 1334 000e 72656733 		.ascii	"reg32\000"
 1334      3200
 1335              	.LASF11:
 1336 0014 73697A65 		.ascii	"size_t\000"
 1336      5F7400
 1337              	.LASF37:
 1338 001b 416E616C 		.ascii	"AnalogSetDefault\000"
 1338      6F675365 
 1338      74446566 
 1338      61756C74 
 1338      00
 1339              	.LASF33:
 1340 002c 4379496E 		.ascii	"CyIntSetVector\000"
 1340      74536574 
 1340      56656374 
 1340      6F7200
 1341              	.LASF36:
 1342 003b 593A5C72 		.ascii	"Y:\\repos\\PSoC-4-BLE-Experiments\\Project 002 Hear"
 1342      65706F73 
 1342      5C50536F 
 1342      432D342D 
 1342      424C452D 
 1343 006b 74205261 		.ascii	"t Rate Sensor\\PSoC\\Design01\\Design01.cydsn\000"
 1343      74652053 
 1343      656E736F 
 1343      725C5053 
 1343      6F435C44 
 1344              	.LASF26:
 1345 0096 6366675F 		.ascii	"cfg_memset_list\000"
 1345      6D656D73 
 1345      65745F6C 
 1345      69737400 
 1346              	.LASF22:
 1347 00a6 436C6F63 		.ascii	"ClockSetup\000"
 1347      6B536574 
 1347      757000
 1348              	.LASF4:
 1349 00b1 73686F72 		.ascii	"short unsigned int\000"
 1349      7420756E 
 1349      7369676E 
 1349      65642069 
 1349      6E7400
 1350              	.LASF15:
 1351 00c4 666C6F61 		.ascii	"float\000"
 1351      7400
 1352              	.LASF24:
 1353 00ca 73697A65 		.ascii	"size\000"
ARM GAS  C:\Users\danielpi\AppData\Local\Temp\cch11iVf.s 			page 31


 1353      00
 1354              	.LASF30:
 1355 00cf 43795379 		.ascii	"CySysClkWcoSetPowerMode\000"
 1355      73436C6B 
 1355      57636F53 
 1355      6574506F 
 1355      7765724D 
 1356              	.LASF18:
 1357 00e7 72656738 		.ascii	"reg8\000"
 1357      00
 1358              	.LASF6:
 1359 00ec 6C6F6E67 		.ascii	"long unsigned int\000"
 1359      20756E73 
 1359      69676E65 
 1359      6420696E 
 1359      7400
 1360              	.LASF12:
 1361 00fe 75696E74 		.ascii	"uint8\000"
 1361      3800
 1362              	.LASF39:
 1363 0104 43795379 		.ascii	"CySysClkWcoStart\000"
 1363      73436C6B 
 1363      57636F53 
 1363      74617274 
 1363      00
 1364              	.LASF21:
 1365 0115 43594D45 		.ascii	"CYMEMZERO\000"
 1365      4D5A4552 
 1365      4F00
 1366              	.LASF2:
 1367 011f 756E7369 		.ascii	"unsigned char\000"
 1367      676E6564 
 1367      20636861 
 1367      7200
 1368              	.LASF27:
 1369 012d 6D656D73 		.ascii	"memset\000"
 1369      657400
 1370              	.LASF16:
 1371 0134 646F7562 		.ascii	"double\000"
 1371      6C6500
 1372              	.LASF40:
 1373 013b 4379496E 		.ascii	"CyIntEnable\000"
 1373      74456E61 
 1373      626C6500 
 1374              	.LASF13:
 1375 0147 75696E74 		.ascii	"uint16\000"
 1375      313600
 1376              	.LASF17:
 1377 014e 63797374 		.ascii	"cystatus\000"
 1377      61747573 
 1377      00
 1378              	.LASF14:
 1379 0157 75696E74 		.ascii	"uint32\000"
 1379      333200
 1380              	.LASF0:
 1381 015e 756E7369 		.ascii	"unsigned int\000"
 1381      676E6564 
ARM GAS  C:\Users\danielpi\AppData\Local\Temp\cch11iVf.s 			page 32


 1381      20696E74 
 1381      00
 1382              	.LASF38:
 1383 016b 63796669 		.ascii	"cyfitter_cfg\000"
 1383      74746572 
 1383      5F636667 
 1383      00
 1384              	.LASF23:
 1385 0178 61646472 		.ascii	"address\000"
 1385      65737300 
 1386              	.LASF8:
 1387 0180 6C6F6E67 		.ascii	"long long unsigned int\000"
 1387      206C6F6E 
 1387      6720756E 
 1387      7369676E 
 1387      65642069 
 1388              	.LASF34:
 1389 0197 474E5520 		.ascii	"GNU C 4.8.4 20140526 (release) [ARM/embedded-4_8-br"
 1389      4320342E 
 1389      382E3420 
 1389      32303134 
 1389      30353236 
 1390 01ca 616E6368 		.ascii	"anch revision 211358] -mcpu=cortex-m0 -mthumb -g -O"
 1390      20726576 
 1390      6973696F 
 1390      6E203231 
 1390      31333538 
 1391 01fd 67202D66 		.ascii	"g -ffunction-sections\000"
 1391      66756E63 
 1391      74696F6E 
 1391      2D736563 
 1391      74696F6E 
 1392              	.LASF20:
 1393 0213 63796973 		.ascii	"cyisraddress\000"
 1393      72616464 
 1393      72657373 
 1393      00
 1394              	.LASF25:
 1395 0220 6366675F 		.ascii	"cfg_memset_t\000"
 1395      6D656D73 
 1395      65745F74 
 1395      00
 1396              	.LASF35:
 1397 022d 2E5C4765 		.ascii	".\\Generated_Source\\PSoC4\\cyfitter_cfg.c\000"
 1397      6E657261 
 1397      7465645F 
 1397      536F7572 
 1397      63655C50 
 1398              	.LASF9:
 1399 0255 73697A65 		.ascii	"sizetype\000"
 1399      74797065 
 1399      00
 1400              	.LASF7:
 1401 025e 6C6F6E67 		.ascii	"long long int\000"
 1401      206C6F6E 
 1401      6720696E 
 1401      7400
ARM GAS  C:\Users\danielpi\AppData\Local\Temp\cch11iVf.s 			page 33


 1402              	.LASF32:
 1403 026c 43794465 		.ascii	"CyDelayUs\000"
 1403      6C617955 
 1403      7300
 1404              	.LASF10:
 1405 0276 63686172 		.ascii	"char\000"
 1405      00
 1406              	.LASF31:
 1407 027b 43795379 		.ascii	"CySysClkEcoStart\000"
 1407      73436C6B 
 1407      45636F53 
 1407      74617274 
 1407      00
 1408              	.LASF3:
 1409 028c 73686F72 		.ascii	"short int\000"
 1409      7420696E 
 1409      7400
 1410              	.LASF29:
 1411 0296 43795379 		.ascii	"CySysClkWriteImoFreq\000"
 1411      73436C6B 
 1411      57726974 
 1411      65496D6F 
 1411      46726571 
 1412              	.LASF5:
 1413 02ab 6C6F6E67 		.ascii	"long int\000"
 1413      20696E74 
 1413      00
 1414              	.LASF1:
 1415 02b4 7369676E 		.ascii	"signed char\000"
 1415      65642063 
 1415      68617200 
 1416              		.ident	"GCC: (GNU Tools for ARM Embedded Processors) 4.8.4 20140526 (release) [ARM/embedded-4_8-br
