ARM GAS  C:\Users\danielpi\AppData\Local\Temp\ccolyBIl.s 			page 1


   1              		.cpu cortex-m0
   2              		.fpu softvfp
   3              		.eabi_attribute 20, 1
   4              		.eabi_attribute 21, 1
   5              		.eabi_attribute 23, 3
   6              		.eabi_attribute 24, 1
   7              		.eabi_attribute 25, 1
   8              		.eabi_attribute 26, 1
   9              		.eabi_attribute 30, 1
  10              		.eabi_attribute 34, 0
  11              		.eabi_attribute 18, 4
  12              		.code	16
  13              		.file	"CapSense_1_TunerHelper.c"
  14              		.text
  15              	.Ltext0:
  16              		.cfi_sections	.debug_frame
  17              		.section	.text.CapSense_1_TunerStart,"ax",%progbits
  18              		.align	2
  19              		.global	CapSense_1_TunerStart
  20              		.code	16
  21              		.thumb_func
  22              		.type	CapSense_1_TunerStart, %function
  23              	CapSense_1_TunerStart:
  24              	.LFB35:
  25              		.file 1 ".\\Generated_Source\\PSoC4\\CapSense_1_TunerHelper.c"
   1:.\Generated_Source\PSoC4/CapSense_1_TunerHelper.c **** /*******************************************************************************
   2:.\Generated_Source\PSoC4/CapSense_1_TunerHelper.c **** * File Name: CapSense_1_TunerHelper.c
   3:.\Generated_Source\PSoC4/CapSense_1_TunerHelper.c **** * Version 2.20
   4:.\Generated_Source\PSoC4/CapSense_1_TunerHelper.c **** *
   5:.\Generated_Source\PSoC4/CapSense_1_TunerHelper.c **** * Description:
   6:.\Generated_Source\PSoC4/CapSense_1_TunerHelper.c **** *  This file provides the source code of the Tuner helper APIs for the CapSense CSD 
   7:.\Generated_Source\PSoC4/CapSense_1_TunerHelper.c **** *  component.
   8:.\Generated_Source\PSoC4/CapSense_1_TunerHelper.c **** *
   9:.\Generated_Source\PSoC4/CapSense_1_TunerHelper.c **** * Note:
  10:.\Generated_Source\PSoC4/CapSense_1_TunerHelper.c **** *
  11:.\Generated_Source\PSoC4/CapSense_1_TunerHelper.c **** ********************************************************************************
  12:.\Generated_Source\PSoC4/CapSense_1_TunerHelper.c **** * Copyright 2014, Cypress Semiconductor Corporation.  All rights reserved.
  13:.\Generated_Source\PSoC4/CapSense_1_TunerHelper.c **** * You may use this file only in accordance with the license, terms, conditions,
  14:.\Generated_Source\PSoC4/CapSense_1_TunerHelper.c **** * disclaimers, and limitations in the end user license agreement accompanying
  15:.\Generated_Source\PSoC4/CapSense_1_TunerHelper.c **** * the software package with which this file was provided.
  16:.\Generated_Source\PSoC4/CapSense_1_TunerHelper.c **** *******************************************************************************/
  17:.\Generated_Source\PSoC4/CapSense_1_TunerHelper.c **** 
  18:.\Generated_Source\PSoC4/CapSense_1_TunerHelper.c **** #include "CapSense_1_TunerHelper.h"
  19:.\Generated_Source\PSoC4/CapSense_1_TunerHelper.c **** 
  20:.\Generated_Source\PSoC4/CapSense_1_TunerHelper.c **** #if (CapSense_1_TUNER_API_GENERATE)
  21:.\Generated_Source\PSoC4/CapSense_1_TunerHelper.c ****     #include "SCB.h"
  22:.\Generated_Source\PSoC4/CapSense_1_TunerHelper.c ****     #include "SCB_EZI2C.h"
  23:.\Generated_Source\PSoC4/CapSense_1_TunerHelper.c ****     volatile CapSense_1_MAILBOXES CapSense_1_mailboxesComm;
  24:.\Generated_Source\PSoC4/CapSense_1_TunerHelper.c **** #endif  /* (CapSense_1_TUNER_API_GENERATE) */
  25:.\Generated_Source\PSoC4/CapSense_1_TunerHelper.c **** 
  26:.\Generated_Source\PSoC4/CapSense_1_TunerHelper.c **** /* `#START CapSense_1_TunerHelper_HEADER` */
  27:.\Generated_Source\PSoC4/CapSense_1_TunerHelper.c **** 
  28:.\Generated_Source\PSoC4/CapSense_1_TunerHelper.c **** /* `#END` */
  29:.\Generated_Source\PSoC4/CapSense_1_TunerHelper.c **** 
  30:.\Generated_Source\PSoC4/CapSense_1_TunerHelper.c **** /*******************************************************************************
  31:.\Generated_Source\PSoC4/CapSense_1_TunerHelper.c **** * Function Name: CapSense_1_TunerStart
  32:.\Generated_Source\PSoC4/CapSense_1_TunerHelper.c **** ********************************************************************************
ARM GAS  C:\Users\danielpi\AppData\Local\Temp\ccolyBIl.s 			page 2


  33:.\Generated_Source\PSoC4/CapSense_1_TunerHelper.c **** *
  34:.\Generated_Source\PSoC4/CapSense_1_TunerHelper.c **** * Summary:
  35:.\Generated_Source\PSoC4/CapSense_1_TunerHelper.c **** *  Initializes the CapSense CSD component and EzI2C communication component to use
  36:.\Generated_Source\PSoC4/CapSense_1_TunerHelper.c **** *  a mailbox data structure for communication with the Tuner GUI.
  37:.\Generated_Source\PSoC4/CapSense_1_TunerHelper.c **** *  Start the scanning, after initialization is complete.
  38:.\Generated_Source\PSoC4/CapSense_1_TunerHelper.c **** *
  39:.\Generated_Source\PSoC4/CapSense_1_TunerHelper.c **** * Parameters:
  40:.\Generated_Source\PSoC4/CapSense_1_TunerHelper.c **** *  None
  41:.\Generated_Source\PSoC4/CapSense_1_TunerHelper.c **** *
  42:.\Generated_Source\PSoC4/CapSense_1_TunerHelper.c **** * Return:
  43:.\Generated_Source\PSoC4/CapSense_1_TunerHelper.c **** *  None
  44:.\Generated_Source\PSoC4/CapSense_1_TunerHelper.c **** *
  45:.\Generated_Source\PSoC4/CapSense_1_TunerHelper.c **** * Global Variables:
  46:.\Generated_Source\PSoC4/CapSense_1_TunerHelper.c **** *  None
  47:.\Generated_Source\PSoC4/CapSense_1_TunerHelper.c **** *
  48:.\Generated_Source\PSoC4/CapSense_1_TunerHelper.c **** *******************************************************************************/
  49:.\Generated_Source\PSoC4/CapSense_1_TunerHelper.c **** void CapSense_1_TunerStart(void)
  50:.\Generated_Source\PSoC4/CapSense_1_TunerHelper.c **** {
  26              		.loc 1 50 0
  27              		.cfi_startproc
  51:.\Generated_Source\PSoC4/CapSense_1_TunerHelper.c ****     #if (0u != CapSense_1_TUNER_API_GENERATE)
  52:.\Generated_Source\PSoC4/CapSense_1_TunerHelper.c **** 		
  53:.\Generated_Source\PSoC4/CapSense_1_TunerHelper.c ****         /* Init mbx and quick check */
  54:.\Generated_Source\PSoC4/CapSense_1_TunerHelper.c ****         CapSense_1_InitMailbox(&CapSense_1_mailboxesComm.csdMailbox);
  55:.\Generated_Source\PSoC4/CapSense_1_TunerHelper.c ****         CapSense_1_mailboxesComm.numMailBoxes = CapSense_1_DEFAULT_MAILBOXES_NUMBER;
  56:.\Generated_Source\PSoC4/CapSense_1_TunerHelper.c ****         
  57:.\Generated_Source\PSoC4/CapSense_1_TunerHelper.c ****         /* Start CapSense and baselines */
  58:.\Generated_Source\PSoC4/CapSense_1_TunerHelper.c ****         CapSense_1_Start();
  59:.\Generated_Source\PSoC4/CapSense_1_TunerHelper.c ****         
  60:.\Generated_Source\PSoC4/CapSense_1_TunerHelper.c ****         /* Initialize baselines */
  61:.\Generated_Source\PSoC4/CapSense_1_TunerHelper.c **** 		#if(0u != CapSense_1_CSHL_API_GENERATE)
  62:.\Generated_Source\PSoC4/CapSense_1_TunerHelper.c **** 	        CapSense_1_InitializeEnabledBaselines();
  63:.\Generated_Source\PSoC4/CapSense_1_TunerHelper.c **** 		#endif /* (0u != CapSense_1_CSHL_API_GENERATE) */
  64:.\Generated_Source\PSoC4/CapSense_1_TunerHelper.c **** 		
  65:.\Generated_Source\PSoC4/CapSense_1_TunerHelper.c ****         /* Start EzI2C, clears buf pointers */
  66:.\Generated_Source\PSoC4/CapSense_1_TunerHelper.c ****         SCB_Start();
  67:.\Generated_Source\PSoC4/CapSense_1_TunerHelper.c **** 		
  68:.\Generated_Source\PSoC4/CapSense_1_TunerHelper.c ****         /* Setup EzI2C buffers */
  69:.\Generated_Source\PSoC4/CapSense_1_TunerHelper.c ****         SCB_EzI2CSetBuffer1(sizeof(CapSense_1_mailboxesComm), sizeof(CapSense_1_mailboxesComm),
  70:.\Generated_Source\PSoC4/CapSense_1_TunerHelper.c ****                                       			   (volatile uint8 *) &CapSense_1_mailboxesComm);
  71:.\Generated_Source\PSoC4/CapSense_1_TunerHelper.c ****         
  72:.\Generated_Source\PSoC4/CapSense_1_TunerHelper.c ****         /* Starts scan all enabled sensors */
  73:.\Generated_Source\PSoC4/CapSense_1_TunerHelper.c ****         CapSense_1_ScanEnabledWidgets();
  74:.\Generated_Source\PSoC4/CapSense_1_TunerHelper.c ****     
  75:.\Generated_Source\PSoC4/CapSense_1_TunerHelper.c ****     #endif  /* (0u != CapSense_1_TUNER_API_GENERATE) */
  76:.\Generated_Source\PSoC4/CapSense_1_TunerHelper.c **** }
  28              		.loc 1 76 0
  29              		@ sp needed
  30 0000 7047     		bx	lr
  31              		.cfi_endproc
  32              	.LFE35:
  33              		.size	CapSense_1_TunerStart, .-CapSense_1_TunerStart
  34 0002 C046     		.section	.text.CapSense_1_TunerComm,"ax",%progbits
  35              		.align	2
  36              		.global	CapSense_1_TunerComm
  37              		.code	16
  38              		.thumb_func
ARM GAS  C:\Users\danielpi\AppData\Local\Temp\ccolyBIl.s 			page 3


  39              		.type	CapSense_1_TunerComm, %function
  40              	CapSense_1_TunerComm:
  41              	.LFB36:
  77:.\Generated_Source\PSoC4/CapSense_1_TunerHelper.c **** 
  78:.\Generated_Source\PSoC4/CapSense_1_TunerHelper.c **** 
  79:.\Generated_Source\PSoC4/CapSense_1_TunerHelper.c **** /*******************************************************************************
  80:.\Generated_Source\PSoC4/CapSense_1_TunerHelper.c **** * Function Name: CapSense_1_TunerComm
  81:.\Generated_Source\PSoC4/CapSense_1_TunerHelper.c **** ********************************************************************************
  82:.\Generated_Source\PSoC4/CapSense_1_TunerHelper.c **** *
  83:.\Generated_Source\PSoC4/CapSense_1_TunerHelper.c **** * Summary:
  84:.\Generated_Source\PSoC4/CapSense_1_TunerHelper.c **** *  This function is blocking. It waits till scanning loop is completed and applies
  85:.\Generated_Source\PSoC4/CapSense_1_TunerHelper.c **** *  the new parameters from the Tuner GUI if available (the manual tuning mode only). Updates
  86:.\Generated_Source\PSoC4/CapSense_1_TunerHelper.c **** *  the enabled baselines and state of widgets. Waits while the Tuner GUI reports that 
  87:.\Generated_Source\PSoC4/CapSense_1_TunerHelper.c **** *  the mailbox content  could be modified. Then loads the report data into the outbox 
  88:.\Generated_Source\PSoC4/CapSense_1_TunerHelper.c **** *  and sets a busy flag. Starts a new scanning loop.
  89:.\Generated_Source\PSoC4/CapSense_1_TunerHelper.c **** *  
  90:.\Generated_Source\PSoC4/CapSense_1_TunerHelper.c **** * Parameters:
  91:.\Generated_Source\PSoC4/CapSense_1_TunerHelper.c **** *  None
  92:.\Generated_Source\PSoC4/CapSense_1_TunerHelper.c **** *
  93:.\Generated_Source\PSoC4/CapSense_1_TunerHelper.c **** * Return:
  94:.\Generated_Source\PSoC4/CapSense_1_TunerHelper.c **** *  None
  95:.\Generated_Source\PSoC4/CapSense_1_TunerHelper.c **** *
  96:.\Generated_Source\PSoC4/CapSense_1_TunerHelper.c **** * Global Variables:
  97:.\Generated_Source\PSoC4/CapSense_1_TunerHelper.c **** *  None
  98:.\Generated_Source\PSoC4/CapSense_1_TunerHelper.c **** *
  99:.\Generated_Source\PSoC4/CapSense_1_TunerHelper.c **** *******************************************************************************/
 100:.\Generated_Source\PSoC4/CapSense_1_TunerHelper.c **** void CapSense_1_TunerComm(void)
 101:.\Generated_Source\PSoC4/CapSense_1_TunerHelper.c **** {
  42              		.loc 1 101 0
  43              		.cfi_startproc
 102:.\Generated_Source\PSoC4/CapSense_1_TunerHelper.c ****     #if (0u != CapSense_1_TUNER_API_GENERATE)
 103:.\Generated_Source\PSoC4/CapSense_1_TunerHelper.c ****         if (0u == CapSense_1_IsBusy())
 104:.\Generated_Source\PSoC4/CapSense_1_TunerHelper.c ****         {   
 105:.\Generated_Source\PSoC4/CapSense_1_TunerHelper.c ****             /* Apply new settings */
 106:.\Generated_Source\PSoC4/CapSense_1_TunerHelper.c ****             #if((CapSense_1_TUNING_METHOD != CapSense_1__TUNING_NONE) &&\
 107:.\Generated_Source\PSoC4/CapSense_1_TunerHelper.c **** 				(0u != CapSense_1_TOTAL_TRACKPAD_GESTURES_COUNT) ||\
 108:.\Generated_Source\PSoC4/CapSense_1_TunerHelper.c **** 		        (CapSense_1_TUNING_METHOD == CapSense_1__TUNING_MANUAL)) 
 109:.\Generated_Source\PSoC4/CapSense_1_TunerHelper.c ****      
 110:.\Generated_Source\PSoC4/CapSense_1_TunerHelper.c **** 				CapSense_1_ReadMessage(&CapSense_1_mailboxesComm.csdMailbox);
 111:.\Generated_Source\PSoC4/CapSense_1_TunerHelper.c **** 				
 112:.\Generated_Source\PSoC4/CapSense_1_TunerHelper.c ****             #endif  /* ((CapSense_1_TUNING_METHOD != CapSense_1__TUNING_NONE) &&\
 113:.\Generated_Source\PSoC4/CapSense_1_TunerHelper.c **** 						(0u != CapSense_1_TOTAL_TRACKPAD_GESTURES_COUNT) ||\
 114:.\Generated_Source\PSoC4/CapSense_1_TunerHelper.c **** 		                (CapSense_1_TUNING_METHOD == CapSense_1__TUNING_MANUAL)) */
 115:.\Generated_Source\PSoC4/CapSense_1_TunerHelper.c **** 			
 116:.\Generated_Source\PSoC4/CapSense_1_TunerHelper.c **** 			#if(0u != CapSense_1_CSHL_API_GENERATE)
 117:.\Generated_Source\PSoC4/CapSense_1_TunerHelper.c **** 				/* Update all baselines and process all widgets */
 118:.\Generated_Source\PSoC4/CapSense_1_TunerHelper.c ****             	CapSense_1_UpdateEnabledBaselines();
 119:.\Generated_Source\PSoC4/CapSense_1_TunerHelper.c ****             	CapSense_1_ProcessAllWidgets(&CapSense_1_mailboxesComm.csdMailbox.outbox);
 120:.\Generated_Source\PSoC4/CapSense_1_TunerHelper.c **** 			#endif /* (0u != CapSense_1_CSHL_API_GENERATE) */
 121:.\Generated_Source\PSoC4/CapSense_1_TunerHelper.c **** 			
 122:.\Generated_Source\PSoC4/CapSense_1_TunerHelper.c ****             CapSense_1_PostMessage(&CapSense_1_mailboxesComm.csdMailbox);
 123:.\Generated_Source\PSoC4/CapSense_1_TunerHelper.c **** 			
 124:.\Generated_Source\PSoC4/CapSense_1_TunerHelper.c ****             /* Enable EZI2C interrupts, after scan complete */
 125:.\Generated_Source\PSoC4/CapSense_1_TunerHelper.c ****             SCB_EnableInt();
 126:.\Generated_Source\PSoC4/CapSense_1_TunerHelper.c **** 
 127:.\Generated_Source\PSoC4/CapSense_1_TunerHelper.c ****             while((CapSense_1_mailboxesComm.csdMailbox.type != CapSense_1_TYPE_ID) ||
 128:.\Generated_Source\PSoC4/CapSense_1_TunerHelper.c **** 			      (0u != (SCB_EzI2CGetActivity() & SCB_EZI2C_STATUS_BUSY))){}
ARM GAS  C:\Users\danielpi\AppData\Local\Temp\ccolyBIl.s 			page 4


 129:.\Generated_Source\PSoC4/CapSense_1_TunerHelper.c ****             
 130:.\Generated_Source\PSoC4/CapSense_1_TunerHelper.c ****             /* Disable EZI2C interrupts, while scanning */
 131:.\Generated_Source\PSoC4/CapSense_1_TunerHelper.c ****             SCB_DisableInt();
 132:.\Generated_Source\PSoC4/CapSense_1_TunerHelper.c ****             
 133:.\Generated_Source\PSoC4/CapSense_1_TunerHelper.c ****             /* Start scan all sensors */
 134:.\Generated_Source\PSoC4/CapSense_1_TunerHelper.c ****             CapSense_1_ScanEnabledWidgets();
 135:.\Generated_Source\PSoC4/CapSense_1_TunerHelper.c ****         }
 136:.\Generated_Source\PSoC4/CapSense_1_TunerHelper.c ****     #endif /* (0u != CapSense_1_TUNER_API_GENERATE) */
 137:.\Generated_Source\PSoC4/CapSense_1_TunerHelper.c **** }
  44              		.loc 1 137 0
  45              		@ sp needed
  46 0000 7047     		bx	lr
  47              		.cfi_endproc
  48              	.LFE36:
  49              		.size	CapSense_1_TunerComm, .-CapSense_1_TunerComm
  50 0002 C046     		.text
  51              	.Letext0:
  52              		.section	.debug_info,"",%progbits
  53              	.Ldebug_info0:
  54 0000 A6000000 		.4byte	0xa6
  55 0004 0400     		.2byte	0x4
  56 0006 00000000 		.4byte	.Ldebug_abbrev0
  57 000a 04       		.byte	0x4
  58 000b 01       		.uleb128 0x1
  59 000c 62010000 		.4byte	.LASF15
  60 0010 01       		.byte	0x1
  61 0011 92000000 		.4byte	.LASF16
  62 0015 E3000000 		.4byte	.LASF17
  63 0019 00000000 		.4byte	.Ldebug_ranges0+0
  64 001d 00000000 		.4byte	0
  65 0021 00000000 		.4byte	.Ldebug_line0
  66 0025 02       		.uleb128 0x2
  67 0026 01       		.byte	0x1
  68 0027 06       		.byte	0x6
  69 0028 D7000000 		.4byte	.LASF0
  70 002c 02       		.uleb128 0x2
  71 002d 01       		.byte	0x1
  72 002e 08       		.byte	0x8
  73 002f 5A000000 		.4byte	.LASF1
  74 0033 02       		.uleb128 0x2
  75 0034 02       		.byte	0x2
  76 0035 05       		.byte	0x5
  77 0036 58010000 		.4byte	.LASF2
  78 003a 02       		.uleb128 0x2
  79 003b 02       		.byte	0x2
  80 003c 07       		.byte	0x7
  81 003d C4000000 		.4byte	.LASF3
  82 0041 02       		.uleb128 0x2
  83 0042 04       		.byte	0x4
  84 0043 05       		.byte	0x5
  85 0044 6D000000 		.4byte	.LASF4
  86 0048 02       		.uleb128 0x2
  87 0049 04       		.byte	0x4
  88 004a 07       		.byte	0x7
  89 004b 1B000000 		.4byte	.LASF5
  90 004f 02       		.uleb128 0x2
  91 0050 08       		.byte	0x8
ARM GAS  C:\Users\danielpi\AppData\Local\Temp\ccolyBIl.s 			page 5


  92 0051 05       		.byte	0x5
  93 0052 00000000 		.4byte	.LASF6
  94 0056 02       		.uleb128 0x2
  95 0057 08       		.byte	0x8
  96 0058 07       		.byte	0x7
  97 0059 2D000000 		.4byte	.LASF7
  98 005d 03       		.uleb128 0x3
  99 005e 04       		.byte	0x4
 100 005f 05       		.byte	0x5
 101 0060 696E7400 		.ascii	"int\000"
 102 0064 02       		.uleb128 0x2
 103 0065 04       		.byte	0x4
 104 0066 07       		.byte	0x7
 105 0067 0E000000 		.4byte	.LASF8
 106 006b 02       		.uleb128 0x2
 107 006c 04       		.byte	0x4
 108 006d 04       		.byte	0x4
 109 006e 52010000 		.4byte	.LASF9
 110 0072 02       		.uleb128 0x2
 111 0073 08       		.byte	0x8
 112 0074 04       		.byte	0x4
 113 0075 8B000000 		.4byte	.LASF10
 114 0079 02       		.uleb128 0x2
 115 007a 01       		.byte	0x1
 116 007b 08       		.byte	0x8
 117 007c 68000000 		.4byte	.LASF11
 118 0080 02       		.uleb128 0x2
 119 0081 04       		.byte	0x4
 120 0082 07       		.byte	0x7
 121 0083 DE010000 		.4byte	.LASF12
 122 0087 04       		.uleb128 0x4
 123 0088 44000000 		.4byte	.LASF13
 124 008c 01       		.byte	0x1
 125 008d 31       		.byte	0x31
 126 008e 00000000 		.4byte	.LFB35
 127 0092 02000000 		.4byte	.LFE35-.LFB35
 128 0096 01       		.uleb128 0x1
 129 0097 9C       		.byte	0x9c
 130 0098 04       		.uleb128 0x4
 131 0099 76000000 		.4byte	.LASF14
 132 009d 01       		.byte	0x1
 133 009e 64       		.byte	0x64
 134 009f 00000000 		.4byte	.LFB36
 135 00a3 02000000 		.4byte	.LFE36-.LFB36
 136 00a7 01       		.uleb128 0x1
 137 00a8 9C       		.byte	0x9c
 138 00a9 00       		.byte	0
 139              		.section	.debug_abbrev,"",%progbits
 140              	.Ldebug_abbrev0:
 141 0000 01       		.uleb128 0x1
 142 0001 11       		.uleb128 0x11
 143 0002 01       		.byte	0x1
 144 0003 25       		.uleb128 0x25
 145 0004 0E       		.uleb128 0xe
 146 0005 13       		.uleb128 0x13
 147 0006 0B       		.uleb128 0xb
 148 0007 03       		.uleb128 0x3
ARM GAS  C:\Users\danielpi\AppData\Local\Temp\ccolyBIl.s 			page 6


 149 0008 0E       		.uleb128 0xe
 150 0009 1B       		.uleb128 0x1b
 151 000a 0E       		.uleb128 0xe
 152 000b 55       		.uleb128 0x55
 153 000c 17       		.uleb128 0x17
 154 000d 11       		.uleb128 0x11
 155 000e 01       		.uleb128 0x1
 156 000f 10       		.uleb128 0x10
 157 0010 17       		.uleb128 0x17
 158 0011 00       		.byte	0
 159 0012 00       		.byte	0
 160 0013 02       		.uleb128 0x2
 161 0014 24       		.uleb128 0x24
 162 0015 00       		.byte	0
 163 0016 0B       		.uleb128 0xb
 164 0017 0B       		.uleb128 0xb
 165 0018 3E       		.uleb128 0x3e
 166 0019 0B       		.uleb128 0xb
 167 001a 03       		.uleb128 0x3
 168 001b 0E       		.uleb128 0xe
 169 001c 00       		.byte	0
 170 001d 00       		.byte	0
 171 001e 03       		.uleb128 0x3
 172 001f 24       		.uleb128 0x24
 173 0020 00       		.byte	0
 174 0021 0B       		.uleb128 0xb
 175 0022 0B       		.uleb128 0xb
 176 0023 3E       		.uleb128 0x3e
 177 0024 0B       		.uleb128 0xb
 178 0025 03       		.uleb128 0x3
 179 0026 08       		.uleb128 0x8
 180 0027 00       		.byte	0
 181 0028 00       		.byte	0
 182 0029 04       		.uleb128 0x4
 183 002a 2E       		.uleb128 0x2e
 184 002b 00       		.byte	0
 185 002c 3F       		.uleb128 0x3f
 186 002d 19       		.uleb128 0x19
 187 002e 03       		.uleb128 0x3
 188 002f 0E       		.uleb128 0xe
 189 0030 3A       		.uleb128 0x3a
 190 0031 0B       		.uleb128 0xb
 191 0032 3B       		.uleb128 0x3b
 192 0033 0B       		.uleb128 0xb
 193 0034 27       		.uleb128 0x27
 194 0035 19       		.uleb128 0x19
 195 0036 11       		.uleb128 0x11
 196 0037 01       		.uleb128 0x1
 197 0038 12       		.uleb128 0x12
 198 0039 06       		.uleb128 0x6
 199 003a 40       		.uleb128 0x40
 200 003b 18       		.uleb128 0x18
 201 003c 9742     		.uleb128 0x2117
 202 003e 19       		.uleb128 0x19
 203 003f 00       		.byte	0
 204 0040 00       		.byte	0
 205 0041 00       		.byte	0
ARM GAS  C:\Users\danielpi\AppData\Local\Temp\ccolyBIl.s 			page 7


 206              		.section	.debug_aranges,"",%progbits
 207 0000 24000000 		.4byte	0x24
 208 0004 0200     		.2byte	0x2
 209 0006 00000000 		.4byte	.Ldebug_info0
 210 000a 04       		.byte	0x4
 211 000b 00       		.byte	0
 212 000c 0000     		.2byte	0
 213 000e 0000     		.2byte	0
 214 0010 00000000 		.4byte	.LFB35
 215 0014 02000000 		.4byte	.LFE35-.LFB35
 216 0018 00000000 		.4byte	.LFB36
 217 001c 02000000 		.4byte	.LFE36-.LFB36
 218 0020 00000000 		.4byte	0
 219 0024 00000000 		.4byte	0
 220              		.section	.debug_ranges,"",%progbits
 221              	.Ldebug_ranges0:
 222 0000 00000000 		.4byte	.LFB35
 223 0004 02000000 		.4byte	.LFE35
 224 0008 00000000 		.4byte	.LFB36
 225 000c 02000000 		.4byte	.LFE36
 226 0010 00000000 		.4byte	0
 227 0014 00000000 		.4byte	0
 228              		.section	.debug_line,"",%progbits
 229              	.Ldebug_line0:
 230 0000 73000000 		.section	.debug_str,"MS",%progbits,1
 230      02004800 
 230      00000201 
 230      FB0E0D00 
 230      01010101 
 231              	.LASF6:
 232 0000 6C6F6E67 		.ascii	"long long int\000"
 232      206C6F6E 
 232      6720696E 
 232      7400
 233              	.LASF8:
 234 000e 756E7369 		.ascii	"unsigned int\000"
 234      676E6564 
 234      20696E74 
 234      00
 235              	.LASF5:
 236 001b 6C6F6E67 		.ascii	"long unsigned int\000"
 236      20756E73 
 236      69676E65 
 236      6420696E 
 236      7400
 237              	.LASF7:
 238 002d 6C6F6E67 		.ascii	"long long unsigned int\000"
 238      206C6F6E 
 238      6720756E 
 238      7369676E 
 238      65642069 
 239              	.LASF13:
 240 0044 43617053 		.ascii	"CapSense_1_TunerStart\000"
 240      656E7365 
 240      5F315F54 
 240      756E6572 
 240      53746172 
ARM GAS  C:\Users\danielpi\AppData\Local\Temp\ccolyBIl.s 			page 8


 241              	.LASF1:
 242 005a 756E7369 		.ascii	"unsigned char\000"
 242      676E6564 
 242      20636861 
 242      7200
 243              	.LASF11:
 244 0068 63686172 		.ascii	"char\000"
 244      00
 245              	.LASF4:
 246 006d 6C6F6E67 		.ascii	"long int\000"
 246      20696E74 
 246      00
 247              	.LASF14:
 248 0076 43617053 		.ascii	"CapSense_1_TunerComm\000"
 248      656E7365 
 248      5F315F54 
 248      756E6572 
 248      436F6D6D 
 249              	.LASF10:
 250 008b 646F7562 		.ascii	"double\000"
 250      6C6500
 251              	.LASF16:
 252 0092 2E5C4765 		.ascii	".\\Generated_Source\\PSoC4\\CapSense_1_TunerHelper."
 252      6E657261 
 252      7465645F 
 252      536F7572 
 252      63655C50 
 253 00c2 6300     		.ascii	"c\000"
 254              	.LASF3:
 255 00c4 73686F72 		.ascii	"short unsigned int\000"
 255      7420756E 
 255      7369676E 
 255      65642069 
 255      6E7400
 256              	.LASF0:
 257 00d7 7369676E 		.ascii	"signed char\000"
 257      65642063 
 257      68617200 
 258              	.LASF17:
 259 00e3 593A5C72 		.ascii	"Y:\\repos\\PSoC-4-BLE-Experiments\\Project 003 Cust"
 259      65706F73 
 259      5C50536F 
 259      432D342D 
 259      424C452D 
 260 0113 6F6D2050 		.ascii	"om Profile CapSense RGB LED\\PSoC\\CapSenseRGB\\Cap"
 260      726F6669 
 260      6C652043 
 260      61705365 
 260      6E736520 
 261 0143 53656E73 		.ascii	"SenseRGB.cydsn\000"
 261      65524742 
 261      2E637964 
 261      736E00
 262              	.LASF9:
 263 0152 666C6F61 		.ascii	"float\000"
 263      7400
 264              	.LASF2:
ARM GAS  C:\Users\danielpi\AppData\Local\Temp\ccolyBIl.s 			page 9


 265 0158 73686F72 		.ascii	"short int\000"
 265      7420696E 
 265      7400
 266              	.LASF15:
 267 0162 474E5520 		.ascii	"GNU C 4.8.4 20140526 (release) [ARM/embedded-4_8-br"
 267      4320342E 
 267      382E3420 
 267      32303134 
 267      30353236 
 268 0195 616E6368 		.ascii	"anch revision 211358] -mcpu=cortex-m0 -mthumb -g -O"
 268      20726576 
 268      6973696F 
 268      6E203231 
 268      31333538 
 269 01c8 67202D66 		.ascii	"g -ffunction-sections\000"
 269      66756E63 
 269      74696F6E 
 269      2D736563 
 269      74696F6E 
 270              	.LASF12:
 271 01de 73697A65 		.ascii	"sizetype\000"
 271      74797065 
 271      00
 272              		.ident	"GCC: (GNU Tools for ARM Embedded Processors) 4.8.4 20140526 (release) [ARM/embedded-4_8-br
