ARM GAS  C:\Users\danielpi\AppData\Local\Temp\cc1ycywe.s 			page 1


   1              		.cpu cortex-m0
   2              		.fpu softvfp
   3              		.eabi_attribute 20, 1
   4              		.eabi_attribute 21, 1
   5              		.eabi_attribute 23, 3
   6              		.eabi_attribute 24, 1
   7              		.eabi_attribute 25, 1
   8              		.eabi_attribute 26, 1
   9              		.eabi_attribute 30, 1
  10              		.eabi_attribute 34, 0
  11              		.eabi_attribute 18, 4
  12              		.code	16
  13              		.file	"main.c"
  14              		.text
  15              	.Ltext0:
  16              		.cfi_sections	.debug_frame
  17              		.section	.text.bluetoothEventHandler,"ax",%progbits
  18              		.align	2
  19              		.global	bluetoothEventHandler
  20              		.code	16
  21              		.thumb_func
  22              		.type	bluetoothEventHandler, %function
  23              	bluetoothEventHandler:
  24              	.LFB37:
  25              		.file 1 ".\\main.c"
   1:.\main.c      **** /* ========================================
   2:.\main.c      ****  *
   3:.\main.c      ****  * Copyright YOUR COMPANY, THE YEAR
   4:.\main.c      ****  * All Rights Reserved
   5:.\main.c      ****  * UNPUBLISHED, LICENSED SOFTWARE.
   6:.\main.c      ****  *
   7:.\main.c      ****  * CONFIDENTIAL AND PROPRIETARY INFORMATION
   8:.\main.c      ****  * WHICH IS THE PROPERTY OF your company.
   9:.\main.c      ****  *
  10:.\main.c      ****  * ========================================
  11:.\main.c      **** */
  12:.\main.c      **** #include <project.h>
  13:.\main.c      **** #include <main.h>
  14:.\main.c      **** 
  15:.\main.c      **** #define TRUE 	(1)
  16:.\main.c      **** #define FALSE 	(0)
  17:.\main.c      **** 
  18:.\main.c      **** uint8 deviceConnected = FALSE;
  19:.\main.c      **** 
  20:.\main.c      **** 
  21:.\main.c      **** int main()
  22:.\main.c      **** {
  23:.\main.c      ****     initializeSystem();
  24:.\main.c      **** 
  25:.\main.c      ****     for(;;)
  26:.\main.c      ****     {
  27:.\main.c      ****         /* Place your application code here. */
  28:.\main.c      ****         CyBle_ProcessEvents();
  29:.\main.c      ****         
  30:.\main.c      ****         
  31:.\main.c      ****     }
  32:.\main.c      **** }
ARM GAS  C:\Users\danielpi\AppData\Local\Temp\cc1ycywe.s 			page 2


  33:.\main.c      **** 
  34:.\main.c      **** void initializeSystem() {
  35:.\main.c      **** 	// Init Processor
  36:.\main.c      **** 	CyGlobalIntEnable; // What is this? Not a function call.
  37:.\main.c      **** 	
  38:.\main.c      **** 	
  39:.\main.c      **** 	// Init BLE component
  40:.\main.c      **** 	CyBle_Start(bluetoothEventHandler);
  41:.\main.c      **** 	
  42:.\main.c      **** 	
  43:.\main.c      **** 	// Init LED
  44:.\main.c      **** 	// Start the PrISM components
  45:.\main.c      **** 	RedGreenPrISM_Start();
  46:.\main.c      **** 	BluePrISM_Start();
  47:.\main.c      **** 	
  48:.\main.c      **** 	// The RGB LEDs are active low. Drive HIGH on pin to turn
  49:.\main.c      **** 	// the LED off.
  50:.\main.c      **** 	RedGreenPrISM_WritePulse0(255);
  51:.\main.c      **** 	RedGreenPrISM_WritePulse1(255);
  52:.\main.c      **** 	BluePrISM_WritePulse0(255);
  53:.\main.c      **** 	
  54:.\main.c      **** 	// Set the drive mode of the output pins from HiZ to Strong
  55:.\main.c      **** 	// Is this to stop the LED from blinking on power up???
  56:.\main.c      **** 	RED_SetDriveMode(RED_DM_STRONG);
  57:.\main.c      **** 	GREEN_SetDriveMode(GREEN_DM_STRONG);
  58:.\main.c      **** 	BLUE_SetDriveMode(BLUE_DM_STRONG);
  59:.\main.c      **** 	
  60:.\main.c      **** 	
  61:.\main.c      **** 	// Init CapSense
  62:.\main.c      **** 	Slider_Start();
  63:.\main.c      **** 	Slider_InitializeAllBaselines();
  64:.\main.c      **** }
  65:.\main.c      **** 
  66:.\main.c      **** void bluetoothEventHandler(uint32 event, void * eventParam) {
  26              		.loc 1 66 0
  27              		.cfi_startproc
  28              	.LVL0:
  29 0000 08B5     		push	{r3, lr}
  30              		.cfi_def_cfa_offset 8
  31              		.cfi_offset 3, -8
  32              		.cfi_offset 14, -4
  67:.\main.c      ****     switch(event) {
  33              		.loc 1 67 0
  34 0002 2828     		cmp	r0, #40
  35 0004 0AD0     		beq	.L3
  36 0006 04D8     		bhi	.L4
  37 0008 0128     		cmp	r0, #1
  38 000a 07D0     		beq	.L3
  39 000c 2628     		cmp	r0, #38
  40 000e 09D0     		beq	.L5
  41 0010 17E0     		b	.L1
  42              	.L4:
  43 0012 4128     		cmp	r0, #65
  44 0014 0ED0     		beq	.L6
  45 0016 4228     		cmp	r0, #66
  46 0018 10D0     		beq	.L7
  47 001a 12E0     		b	.L1
ARM GAS  C:\Users\danielpi\AppData\Local\Temp\cc1ycywe.s 			page 3


  48              	.L3:
  68:.\main.c      ****     	case CYBLE_EVT_STACK_ON:
  69:.\main.c      **** 		case CYBLE_EVT_GAP_DEVICE_DISCONNECTED:
  70:.\main.c      **** 			// Start advertising and enter discoverable mode
  71:.\main.c      **** 			CyBle_GappStartAdvertisement(CYBLE_ADVERTISING_FAST);
  49              		.loc 1 71 0
  50 001c 0020     		mov	r0, #0
  51              	.LVL1:
  52 001e FFF7FEFF 		bl	CyBle_GappStartAdvertisement
  53              	.LVL2:
  72:.\main.c      **** 			break;
  54              		.loc 1 72 0
  55 0022 0EE0     		b	.L1
  56              	.LVL3:
  57              	.L5:
  73:.\main.c      **** 			
  74:.\main.c      **** 		case CYBLE_EVT_GAPP_ADVERTISEMENT_START_STOP:
  75:.\main.c      **** 			// When advertising stops and we aren't connected to
  76:.\main.c      **** 			// to a computer we want to restart advertising
  77:.\main.c      **** 			if (CYBLE_STATE_DISCONNECTED == CyBle_GetState()) {
  58              		.loc 1 77 0
  59 0024 074B     		ldr	r3, .L8
  60 0026 1B78     		ldrb	r3, [r3]
  61 0028 042B     		cmp	r3, #4
  62 002a 0AD1     		bne	.L1
  78:.\main.c      **** 				CyBle_GappStartAdvertisement(CYBLE_ADVERTISING_FAST);
  63              		.loc 1 78 0
  64 002c 0020     		mov	r0, #0
  65              	.LVL4:
  66 002e FFF7FEFF 		bl	CyBle_GappStartAdvertisement
  67              	.LVL5:
  68 0032 06E0     		b	.L1
  69              	.LVL6:
  70              	.L6:
  79:.\main.c      **** 			}
  80:.\main.c      **** 			break;
  81:.\main.c      **** 			
  82:.\main.c      **** 		case CYBLE_EVT_GATT_CONNECT_IND:
  83:.\main.c      **** 			// This flag is used to keep track of the current state
  84:.\main.c      **** 			// of the connection.
  85:.\main.c      **** 			deviceConnected = TRUE;
  71              		.loc 1 85 0
  72 0034 0122     		mov	r2, #1
  73 0036 044B     		ldr	r3, .L8+4
  74 0038 1A70     		strb	r2, [r3]
  86:.\main.c      **** 			break;
  75              		.loc 1 86 0
  76 003a 02E0     		b	.L1
  77              	.L7:
  87:.\main.c      **** 			
  88:.\main.c      **** 		case CYBLE_EVT_GATT_DISCONNECT_IND:
  89:.\main.c      **** 			deviceConnected = FALSE;
  78              		.loc 1 89 0
  79 003c 0022     		mov	r2, #0
  80 003e 024B     		ldr	r3, .L8+4
  81 0040 1A70     		strb	r2, [r3]
  82              	.LVL7:
ARM GAS  C:\Users\danielpi\AppData\Local\Temp\cc1ycywe.s 			page 4


  83              	.L1:
  90:.\main.c      **** 			
  91:.\main.c      **** 			// Reset the CapSense notification
  92:.\main.c      **** 			// Reset the CCD value
  93:.\main.c      **** 			
  94:.\main.c      **** 			// Reset the color coordinates
  95:.\main.c      **** 			break;
  96:.\main.c      **** 			
  97:.\main.c      ****     }
  98:.\main.c      **** }
  84              		.loc 1 98 0
  85              		@ sp needed
  86 0042 08BD     		pop	{r3, pc}
  87              	.L9:
  88              		.align	2
  89              	.L8:
  90 0044 00000000 		.word	cyBle_state
  91 0048 00000000 		.word	.LANCHOR0
  92              		.cfi_endproc
  93              	.LFE37:
  94              		.size	bluetoothEventHandler, .-bluetoothEventHandler
  95              		.section	.text.initializeSystem,"ax",%progbits
  96              		.align	2
  97              		.global	initializeSystem
  98              		.code	16
  99              		.thumb_func
 100              		.type	initializeSystem, %function
 101              	initializeSystem:
 102              	.LFB36:
  34:.\main.c      **** void initializeSystem() {
 103              		.loc 1 34 0
 104              		.cfi_startproc
 105 0000 08B5     		push	{r3, lr}
 106              		.cfi_def_cfa_offset 8
 107              		.cfi_offset 3, -8
 108              		.cfi_offset 14, -4
  36:.\main.c      **** 	CyGlobalIntEnable; // What is this? Not a function call.
 109              		.loc 1 36 0
 110              	@ 36 ".\main.c" 1
 111 0002 62B6     		CPSIE   i
 112              	@ 0 "" 2
  40:.\main.c      **** 	CyBle_Start(bluetoothEventHandler);
 113              		.loc 1 40 0
 114              		.code	16
 115 0004 0E48     		ldr	r0, .L11
 116 0006 FFF7FEFF 		bl	CyBle_Start
 117              	.LVL8:
  45:.\main.c      **** 	RedGreenPrISM_Start();
 118              		.loc 1 45 0
 119 000a FFF7FEFF 		bl	RedGreenPrISM_Start
 120              	.LVL9:
  46:.\main.c      **** 	BluePrISM_Start();
 121              		.loc 1 46 0
 122 000e FFF7FEFF 		bl	BluePrISM_Start
 123              	.LVL10:
  50:.\main.c      **** 	RedGreenPrISM_WritePulse0(255);
 124              		.loc 1 50 0
ARM GAS  C:\Users\danielpi\AppData\Local\Temp\cc1ycywe.s 			page 5


 125 0012 FF20     		mov	r0, #255
 126 0014 FFF7FEFF 		bl	RedGreenPrISM_WritePulse0
 127              	.LVL11:
  51:.\main.c      **** 	RedGreenPrISM_WritePulse1(255);
 128              		.loc 1 51 0
 129 0018 FF20     		mov	r0, #255
 130 001a FFF7FEFF 		bl	RedGreenPrISM_WritePulse1
 131              	.LVL12:
  52:.\main.c      **** 	BluePrISM_WritePulse0(255);
 132              		.loc 1 52 0
 133 001e FF20     		mov	r0, #255
 134 0020 FFF7FEFF 		bl	BluePrISM_WritePulse0
 135              	.LVL13:
  56:.\main.c      **** 	RED_SetDriveMode(RED_DM_STRONG);
 136              		.loc 1 56 0
 137 0024 0620     		mov	r0, #6
 138 0026 FFF7FEFF 		bl	RED_SetDriveMode
 139              	.LVL14:
  57:.\main.c      **** 	GREEN_SetDriveMode(GREEN_DM_STRONG);
 140              		.loc 1 57 0
 141 002a 0620     		mov	r0, #6
 142 002c FFF7FEFF 		bl	GREEN_SetDriveMode
 143              	.LVL15:
  58:.\main.c      **** 	BLUE_SetDriveMode(BLUE_DM_STRONG);
 144              		.loc 1 58 0
 145 0030 0620     		mov	r0, #6
 146 0032 FFF7FEFF 		bl	BLUE_SetDriveMode
 147              	.LVL16:
  62:.\main.c      **** 	Slider_Start();
 148              		.loc 1 62 0
 149 0036 FFF7FEFF 		bl	Slider_Start
 150              	.LVL17:
  63:.\main.c      **** 	Slider_InitializeAllBaselines();
 151              		.loc 1 63 0
 152 003a FFF7FEFF 		bl	Slider_InitializeAllBaselines
 153              	.LVL18:
  64:.\main.c      **** }
 154              		.loc 1 64 0
 155              		@ sp needed
 156 003e 08BD     		pop	{r3, pc}
 157              	.L12:
 158              		.align	2
 159              	.L11:
 160 0040 00000000 		.word	bluetoothEventHandler
 161              		.cfi_endproc
 162              	.LFE36:
 163              		.size	initializeSystem, .-initializeSystem
 164              		.section	.text.main,"ax",%progbits
 165              		.align	2
 166              		.global	main
 167              		.code	16
 168              		.thumb_func
 169              		.type	main, %function
 170              	main:
 171              	.LFB35:
  22:.\main.c      **** {
 172              		.loc 1 22 0
ARM GAS  C:\Users\danielpi\AppData\Local\Temp\cc1ycywe.s 			page 6


 173              		.cfi_startproc
 174 0000 08B5     		push	{r3, lr}
 175              		.cfi_def_cfa_offset 8
 176              		.cfi_offset 3, -8
 177              		.cfi_offset 14, -4
  23:.\main.c      ****     initializeSystem();
 178              		.loc 1 23 0
 179 0002 FFF7FEFF 		bl	initializeSystem
 180              	.LVL19:
 181              	.L14:
  28:.\main.c      ****         CyBle_ProcessEvents();
 182              		.loc 1 28 0 discriminator 1
 183 0006 FFF7FEFF 		bl	CyBle_ProcessEvents
 184              	.LVL20:
 185 000a FCE7     		b	.L14
 186              		.cfi_endproc
 187              	.LFE35:
 188              		.size	main, .-main
 189              		.global	deviceConnected
 190              		.bss
 191              		.set	.LANCHOR0,. + 0
 192              		.type	deviceConnected, %object
 193              		.size	deviceConnected, 1
 194              	deviceConnected:
 195 0000 00       		.space	1
 196              		.text
 197              	.Letext0:
 198              		.file 2 "Generated_Source\\PSoC4/cytypes.h"
 199              		.file 3 "Generated_Source\\PSoC4/BLE_Stack.h"
 200              		.file 4 "Generated_Source\\PSoC4/BLE.h"
 201              		.file 5 "Generated_Source\\PSoC4/BLE_eventHandler.h"
 202              		.file 6 "Generated_Source\\PSoC4/RedGreenPrISM.h"
 203              		.file 7 "Generated_Source\\PSoC4/BluePrISM.h"
 204              		.file 8 "Generated_Source\\PSoC4/RED.h"
 205              		.file 9 "Generated_Source\\PSoC4/GREEN.h"
 206              		.file 10 "Generated_Source\\PSoC4/BLUE.h"
 207              		.file 11 "Generated_Source\\PSoC4/Slider.h"
 208              		.file 12 "Generated_Source\\PSoC4/Slider_CSHL.h"
 209              		.section	.debug_info,"",%progbits
 210              	.Ldebug_info0:
 211 0000 55050000 		.4byte	0x555
 212 0004 0400     		.2byte	0x4
 213 0006 00000000 		.4byte	.Ldebug_abbrev0
 214 000a 04       		.byte	0x4
 215 000b 01       		.uleb128 0x1
 216 000c 69010000 		.4byte	.LASF128
 217 0010 01       		.byte	0x1
 218 0011 AE0A0000 		.4byte	.LASF129
 219 0015 3F080000 		.4byte	.LASF130
 220 0019 00000000 		.4byte	.Ldebug_ranges0+0
 221 001d 00000000 		.4byte	0
 222 0021 00000000 		.4byte	.Ldebug_line0
 223 0025 02       		.uleb128 0x2
 224 0026 01       		.byte	0x1
 225 0027 06       		.byte	0x6
 226 0028 D9020000 		.4byte	.LASF0
 227 002c 02       		.uleb128 0x2
ARM GAS  C:\Users\danielpi\AppData\Local\Temp\cc1ycywe.s 			page 7


 228 002d 01       		.byte	0x1
 229 002e 08       		.byte	0x8
 230 002f D4090000 		.4byte	.LASF1
 231 0033 02       		.uleb128 0x2
 232 0034 02       		.byte	0x2
 233 0035 05       		.byte	0x5
 234 0036 E2090000 		.4byte	.LASF2
 235 003a 02       		.uleb128 0x2
 236 003b 02       		.byte	0x2
 237 003c 07       		.byte	0x7
 238 003d E60B0000 		.4byte	.LASF3
 239 0041 02       		.uleb128 0x2
 240 0042 04       		.byte	0x4
 241 0043 05       		.byte	0x5
 242 0044 60010000 		.4byte	.LASF4
 243 0048 02       		.uleb128 0x2
 244 0049 04       		.byte	0x4
 245 004a 07       		.byte	0x7
 246 004b 98050000 		.4byte	.LASF5
 247 004f 02       		.uleb128 0x2
 248 0050 08       		.byte	0x8
 249 0051 05       		.byte	0x5
 250 0052 CB020000 		.4byte	.LASF6
 251 0056 02       		.uleb128 0x2
 252 0057 08       		.byte	0x8
 253 0058 07       		.byte	0x7
 254 0059 F9040000 		.4byte	.LASF7
 255 005d 03       		.uleb128 0x3
 256 005e 04       		.byte	0x4
 257 005f 05       		.byte	0x5
 258 0060 696E7400 		.ascii	"int\000"
 259 0064 02       		.uleb128 0x2
 260 0065 04       		.byte	0x4
 261 0066 07       		.byte	0x7
 262 0067 210B0000 		.4byte	.LASF8
 263 006b 04       		.uleb128 0x4
 264 006c 17040000 		.4byte	.LASF9
 265 0070 02       		.byte	0x2
 266 0071 C1       		.byte	0xc1
 267 0072 2C000000 		.4byte	0x2c
 268 0076 04       		.uleb128 0x4
 269 0077 71040000 		.4byte	.LASF10
 270 007b 02       		.byte	0x2
 271 007c C3       		.byte	0xc3
 272 007d 48000000 		.4byte	0x48
 273 0081 02       		.uleb128 0x2
 274 0082 04       		.byte	0x4
 275 0083 04       		.byte	0x4
 276 0084 40090000 		.4byte	.LASF11
 277 0088 02       		.uleb128 0x2
 278 0089 08       		.byte	0x8
 279 008a 04       		.byte	0x4
 280 008b 3C040000 		.4byte	.LASF12
 281 008f 02       		.uleb128 0x2
 282 0090 01       		.byte	0x1
 283 0091 08       		.byte	0x8
 284 0092 DA0A0000 		.4byte	.LASF13
ARM GAS  C:\Users\danielpi\AppData\Local\Temp\cc1ycywe.s 			page 8


 285 0096 02       		.uleb128 0x2
 286 0097 04       		.byte	0x4
 287 0098 07       		.byte	0x7
 288 0099 A9070000 		.4byte	.LASF14
 289 009d 05       		.uleb128 0x5
 290 009e 04       		.byte	0x4
 291 009f 06       		.uleb128 0x6
 292 00a0 01       		.byte	0x1
 293 00a1 03       		.byte	0x3
 294 00a2 96       		.byte	0x96
 295 00a3 24020000 		.4byte	0x224
 296 00a7 07       		.uleb128 0x7
 297 00a8 49060000 		.4byte	.LASF15
 298 00ac 00       		.sleb128 0
 299 00ad 07       		.uleb128 0x7
 300 00ae E5020000 		.4byte	.LASF16
 301 00b2 01       		.sleb128 1
 302 00b3 07       		.uleb128 0x7
 303 00b4 B70A0000 		.4byte	.LASF17
 304 00b8 02       		.sleb128 2
 305 00b9 07       		.uleb128 0x7
 306 00ba CD0B0000 		.4byte	.LASF18
 307 00be 03       		.sleb128 3
 308 00bf 07       		.uleb128 0x7
 309 00c0 2D020000 		.4byte	.LASF19
 310 00c4 04       		.sleb128 4
 311 00c5 07       		.uleb128 0x7
 312 00c6 23000000 		.4byte	.LASF20
 313 00ca 05       		.sleb128 5
 314 00cb 07       		.uleb128 0x7
 315 00cc 36070000 		.4byte	.LASF21
 316 00d0 20       		.sleb128 32
 317 00d1 07       		.uleb128 0x7
 318 00d2 37030000 		.4byte	.LASF22
 319 00d6 21       		.sleb128 33
 320 00d7 07       		.uleb128 0x7
 321 00d8 7E060000 		.4byte	.LASF23
 322 00dc 22       		.sleb128 34
 323 00dd 07       		.uleb128 0x7
 324 00de D9060000 		.4byte	.LASF24
 325 00e2 23       		.sleb128 35
 326 00e3 07       		.uleb128 0x7
 327 00e4 23080000 		.4byte	.LASF25
 328 00e8 24       		.sleb128 36
 329 00e9 07       		.uleb128 0x7
 330 00ea CB070000 		.4byte	.LASF26
 331 00ee 25       		.sleb128 37
 332 00ef 07       		.uleb128 0x7
 333 00f0 CC030000 		.4byte	.LASF27
 334 00f4 26       		.sleb128 38
 335 00f5 07       		.uleb128 0x7
 336 00f6 A2060000 		.4byte	.LASF28
 337 00fa 27       		.sleb128 39
 338 00fb 07       		.uleb128 0x7
 339 00fc FF0A0000 		.4byte	.LASF29
 340 0100 28       		.sleb128 40
 341 0101 07       		.uleb128 0x7
ARM GAS  C:\Users\danielpi\AppData\Local\Temp\cc1ycywe.s 			page 9


 342 0102 96020000 		.4byte	.LASF30
 343 0106 29       		.sleb128 41
 344 0107 07       		.uleb128 0x7
 345 0108 A4000000 		.4byte	.LASF31
 346 010c 2A       		.sleb128 42
 347 010d 07       		.uleb128 0x7
 348 010e 42020000 		.4byte	.LASF32
 349 0112 2B       		.sleb128 43
 350 0113 07       		.uleb128 0x7
 351 0114 100D0000 		.4byte	.LASF33
 352 0118 2C       		.sleb128 44
 353 0119 07       		.uleb128 0x7
 354 011a 95040000 		.4byte	.LASF34
 355 011e C000     		.sleb128 64
 356 0120 07       		.uleb128 0x7
 357 0121 FF060000 		.4byte	.LASF35
 358 0125 C100     		.sleb128 65
 359 0127 07       		.uleb128 0x7
 360 0128 920D0000 		.4byte	.LASF36
 361 012c C200     		.sleb128 66
 362 012e 07       		.uleb128 0x7
 363 012f 280C0000 		.4byte	.LASF37
 364 0133 C300     		.sleb128 67
 365 0135 07       		.uleb128 0x7
 366 0136 C4050000 		.4byte	.LASF38
 367 013a C400     		.sleb128 68
 368 013c 07       		.uleb128 0x7
 369 013d 19090000 		.4byte	.LASF39
 370 0141 C500     		.sleb128 69
 371 0143 07       		.uleb128 0x7
 372 0144 88070000 		.4byte	.LASF40
 373 0148 C600     		.sleb128 70
 374 014a 07       		.uleb128 0x7
 375 014b 60060000 		.4byte	.LASF41
 376 014f C700     		.sleb128 71
 377 0151 07       		.uleb128 0x7
 378 0152 D40C0000 		.4byte	.LASF42
 379 0156 C800     		.sleb128 72
 380 0158 07       		.uleb128 0x7
 381 0159 4E030000 		.4byte	.LASF43
 382 015d C900     		.sleb128 73
 383 015f 07       		.uleb128 0x7
 384 0160 5F0C0000 		.4byte	.LASF44
 385 0164 CA00     		.sleb128 74
 386 0166 07       		.uleb128 0x7
 387 0167 EE000000 		.4byte	.LASF45
 388 016b CB00     		.sleb128 75
 389 016d 07       		.uleb128 0x7
 390 016e AA050000 		.4byte	.LASF46
 391 0172 CC00     		.sleb128 76
 392 0174 07       		.uleb128 0x7
 393 0175 E5070000 		.4byte	.LASF47
 394 0179 CD00     		.sleb128 77
 395 017b 07       		.uleb128 0x7
 396 017c 95030000 		.4byte	.LASF48
 397 0180 CE00     		.sleb128 78
 398 0182 07       		.uleb128 0x7
ARM GAS  C:\Users\danielpi\AppData\Local\Temp\cc1ycywe.s 			page 10


 399 0183 500A0000 		.4byte	.LASF49
 400 0187 CF00     		.sleb128 79
 401 0189 07       		.uleb128 0x7
 402 018a 0D010000 		.4byte	.LASF50
 403 018e D000     		.sleb128 80
 404 0190 07       		.uleb128 0x7
 405 0191 1D040000 		.4byte	.LASF51
 406 0195 D100     		.sleb128 81
 407 0197 07       		.uleb128 0x7
 408 0198 C1080000 		.4byte	.LASF52
 409 019c D200     		.sleb128 82
 410 019e 07       		.uleb128 0x7
 411 019f EC090000 		.4byte	.LASF53
 412 01a3 D300     		.sleb128 83
 413 01a5 07       		.uleb128 0x7
 414 01a6 6F0A0000 		.4byte	.LASF54
 415 01aa D400     		.sleb128 84
 416 01ac 07       		.uleb128 0x7
 417 01ad E2050000 		.4byte	.LASF55
 418 01b1 D500     		.sleb128 85
 419 01b3 07       		.uleb128 0x7
 420 01b4 10050000 		.4byte	.LASF56
 421 01b8 D600     		.sleb128 86
 422 01ba 07       		.uleb128 0x7
 423 01bb 2E0B0000 		.4byte	.LASF57
 424 01bf D700     		.sleb128 87
 425 01c1 07       		.uleb128 0x7
 426 01c2 AF040000 		.4byte	.LASF58
 427 01c6 F000     		.sleb128 112
 428 01c8 07       		.uleb128 0x7
 429 01c9 550D0000 		.4byte	.LASF59
 430 01cd F100     		.sleb128 113
 431 01cf 07       		.uleb128 0x7
 432 01d0 1A070000 		.4byte	.LASF60
 433 01d4 F200     		.sleb128 114
 434 01d6 07       		.uleb128 0x7
 435 01d7 6A070000 		.4byte	.LASF61
 436 01db F300     		.sleb128 115
 437 01dd 07       		.uleb128 0x7
 438 01de FB080000 		.4byte	.LASF62
 439 01e2 F400     		.sleb128 116
 440 01e4 07       		.uleb128 0x7
 441 01e5 340D0000 		.4byte	.LASF63
 442 01e9 F500     		.sleb128 117
 443 01eb 07       		.uleb128 0x7
 444 01ec CD000000 		.4byte	.LASF64
 445 01f0 F600     		.sleb128 118
 446 01f2 07       		.uleb128 0x7
 447 01f3 60000000 		.4byte	.LASF65
 448 01f7 F700     		.sleb128 119
 449 01f9 07       		.uleb128 0x7
 450 01fa 00000000 		.4byte	.LASF66
 451 01fe F800     		.sleb128 120
 452 0200 07       		.uleb128 0x7
 453 0201 570B0000 		.4byte	.LASF67
 454 0205 F900     		.sleb128 121
 455 0207 07       		.uleb128 0x7
ARM GAS  C:\Users\danielpi\AppData\Local\Temp\cc1ycywe.s 			page 11


 456 0208 D5040000 		.4byte	.LASF68
 457 020c FA00     		.sleb128 122
 458 020e 07       		.uleb128 0x7
 459 020f 61020000 		.4byte	.LASF69
 460 0213 FA01     		.sleb128 250
 461 0215 07       		.uleb128 0x7
 462 0216 50050000 		.4byte	.LASF70
 463 021a FB01     		.sleb128 251
 464 021c 07       		.uleb128 0x7
 465 021d 78040000 		.4byte	.LASF71
 466 0221 FF01     		.sleb128 255
 467 0223 00       		.byte	0
 468 0224 08       		.uleb128 0x8
 469 0225 02       		.byte	0x2
 470 0226 03       		.byte	0x3
 471 0227 F401     		.2byte	0x1f4
 472 0229 DB020000 		.4byte	0x2db
 473 022d 07       		.uleb128 0x7
 474 022e 86040000 		.4byte	.LASF72
 475 0232 00       		.sleb128 0
 476 0233 07       		.uleb128 0x7
 477 0234 43040000 		.4byte	.LASF73
 478 0238 01       		.sleb128 1
 479 0239 07       		.uleb128 0x7
 480 023a F90B0000 		.4byte	.LASF74
 481 023e 02       		.sleb128 2
 482 023f 07       		.uleb128 0x7
 483 0240 7F000000 		.4byte	.LASF75
 484 0244 03       		.sleb128 3
 485 0245 07       		.uleb128 0x7
 486 0246 0A020000 		.4byte	.LASF76
 487 024a 04       		.sleb128 4
 488 024b 07       		.uleb128 0x7
 489 024c 32050000 		.4byte	.LASF77
 490 0250 05       		.sleb128 5
 491 0251 07       		.uleb128 0x7
 492 0252 0D0A0000 		.4byte	.LASF78
 493 0256 06       		.sleb128 6
 494 0257 07       		.uleb128 0x7
 495 0258 1A030000 		.4byte	.LASF79
 496 025c 07       		.sleb128 7
 497 025d 07       		.uleb128 0x7
 498 025e 900A0000 		.4byte	.LASF80
 499 0262 08       		.sleb128 8
 500 0263 07       		.uleb128 0x7
 501 0264 FB0C0000 		.4byte	.LASF81
 502 0268 09       		.sleb128 9
 503 0269 07       		.uleb128 0x7
 504 026a 79090000 		.4byte	.LASF82
 505 026e 0A       		.sleb128 10
 506 026f 07       		.uleb128 0x7
 507 0270 DF0A0000 		.4byte	.LASF83
 508 0274 0B       		.sleb128 11
 509 0275 07       		.uleb128 0x7
 510 0276 7F020000 		.4byte	.LASF84
 511 027a 0C       		.sleb128 12
 512 027b 07       		.uleb128 0x7
ARM GAS  C:\Users\danielpi\AppData\Local\Temp\cc1ycywe.s 			page 12


 513 027c E5010000 		.4byte	.LASF85
 514 0280 0D       		.sleb128 13
 515 0281 07       		.uleb128 0x7
 516 0282 6F050000 		.4byte	.LASF86
 517 0286 0E       		.sleb128 14
 518 0287 07       		.uleb128 0x7
 519 0288 990C0000 		.4byte	.LASF87
 520 028c 0F       		.sleb128 15
 521 028d 07       		.uleb128 0x7
 522 028e 9F0B0000 		.4byte	.LASF88
 523 0292 10       		.sleb128 16
 524 0293 07       		.uleb128 0x7
 525 0294 06060000 		.4byte	.LASF89
 526 0298 11       		.sleb128 17
 527 0299 07       		.uleb128 0x7
 528 029a F4030000 		.4byte	.LASF90
 529 029e 12       		.sleb128 18
 530 029f 07       		.uleb128 0x7
 531 02a0 B00D0000 		.4byte	.LASF91
 532 02a4 13       		.sleb128 19
 533 02a5 07       		.uleb128 0x7
 534 02a6 F8020000 		.4byte	.LASF92
 535 02aa 27       		.sleb128 39
 536 02ab 07       		.uleb128 0x7
 537 02ac 7A0B0000 		.4byte	.LASF93
 538 02b0 28       		.sleb128 40
 539 02b1 07       		.uleb128 0x7
 540 02b2 7D0C0000 		.4byte	.LASF94
 541 02b6 29       		.sleb128 41
 542 02b7 07       		.uleb128 0x7
 543 02b8 5A070000 		.4byte	.LASF95
 544 02bc FF01     		.sleb128 255
 545 02be 07       		.uleb128 0x7
 546 02bf 30060000 		.4byte	.LASF96
 547 02c3 8002     		.sleb128 256
 548 02c5 07       		.uleb128 0x7
 549 02c6 E2080000 		.4byte	.LASF97
 550 02ca 8102     		.sleb128 257
 551 02cc 07       		.uleb128 0x7
 552 02cd 93090000 		.4byte	.LASF98
 553 02d1 8202     		.sleb128 258
 554 02d3 07       		.uleb128 0x7
 555 02d4 7B030000 		.4byte	.LASF99
 556 02d8 8302     		.sleb128 259
 557 02da 00       		.byte	0
 558 02db 09       		.uleb128 0x9
 559 02dc AE080000 		.4byte	.LASF100
 560 02e0 03       		.byte	0x3
 561 02e1 5102     		.2byte	0x251
 562 02e3 24020000 		.4byte	0x224
 563 02e7 09       		.uleb128 0x9
 564 02e8 170C0000 		.4byte	.LASF101
 565 02ec 04       		.byte	0x4
 566 02ed 2D01     		.2byte	0x12d
 567 02ef F3020000 		.4byte	0x2f3
 568 02f3 0A       		.uleb128 0xa
 569 02f4 04       		.byte	0x4
ARM GAS  C:\Users\danielpi\AppData\Local\Temp\cc1ycywe.s 			page 13


 570 02f5 F9020000 		.4byte	0x2f9
 571 02f9 0B       		.uleb128 0xb
 572 02fa 09030000 		.4byte	0x309
 573 02fe 0C       		.uleb128 0xc
 574 02ff 76000000 		.4byte	0x76
 575 0303 0C       		.uleb128 0xc
 576 0304 9D000000 		.4byte	0x9d
 577 0308 00       		.byte	0
 578 0309 08       		.uleb128 0x8
 579 030a 01       		.byte	0x1
 580 030b 05       		.byte	0x5
 581 030c 1D07     		.2byte	0x71d
 582 030e 31030000 		.4byte	0x331
 583 0312 07       		.uleb128 0x7
 584 0313 3F000000 		.4byte	.LASF102
 585 0317 00       		.sleb128 0
 586 0318 07       		.uleb128 0x7
 587 0319 B2070000 		.4byte	.LASF103
 588 031d 01       		.sleb128 1
 589 031e 07       		.uleb128 0x7
 590 031f BE0C0000 		.4byte	.LASF104
 591 0323 02       		.sleb128 2
 592 0324 07       		.uleb128 0x7
 593 0325 B3020000 		.4byte	.LASF105
 594 0329 03       		.sleb128 3
 595 032a 07       		.uleb128 0x7
 596 032b B3030000 		.4byte	.LASF106
 597 032f 04       		.sleb128 4
 598 0330 00       		.byte	0
 599 0331 09       		.uleb128 0x9
 600 0332 510C0000 		.4byte	.LASF107
 601 0336 05       		.byte	0x5
 602 0337 2B07     		.2byte	0x72b
 603 0339 09030000 		.4byte	0x309
 604 033d 0D       		.uleb128 0xd
 605 033e 46090000 		.4byte	.LASF110
 606 0342 01       		.byte	0x1
 607 0343 42       		.byte	0x42
 608 0344 00000000 		.4byte	.LFB37
 609 0348 4C000000 		.4byte	.LFE37-.LFB37
 610 034c 01       		.uleb128 0x1
 611 034d 9C       		.byte	0x9c
 612 034e 93030000 		.4byte	0x393
 613 0352 0E       		.uleb128 0xe
 614 0353 2A060000 		.4byte	.LASF108
 615 0357 01       		.byte	0x1
 616 0358 42       		.byte	0x42
 617 0359 76000000 		.4byte	0x76
 618 035d 00000000 		.4byte	.LLST0
 619 0361 0E       		.uleb128 0xe
 620 0362 460C0000 		.4byte	.LASF109
 621 0366 01       		.byte	0x1
 622 0367 42       		.byte	0x42
 623 0368 9D000000 		.4byte	0x9d
 624 036c 53000000 		.4byte	.LLST1
 625 0370 0F       		.uleb128 0xf
 626 0371 22000000 		.4byte	.LVL2
ARM GAS  C:\Users\danielpi\AppData\Local\Temp\cc1ycywe.s 			page 14


 627 0375 A2040000 		.4byte	0x4a2
 628 0379 83030000 		.4byte	0x383
 629 037d 10       		.uleb128 0x10
 630 037e 01       		.uleb128 0x1
 631 037f 50       		.byte	0x50
 632 0380 01       		.uleb128 0x1
 633 0381 30       		.byte	0x30
 634 0382 00       		.byte	0
 635 0383 11       		.uleb128 0x11
 636 0384 32000000 		.4byte	.LVL5
 637 0388 A2040000 		.4byte	0x4a2
 638 038c 10       		.uleb128 0x10
 639 038d 01       		.uleb128 0x1
 640 038e 50       		.byte	0x50
 641 038f 01       		.uleb128 0x1
 642 0390 30       		.byte	0x30
 643 0391 00       		.byte	0
 644 0392 00       		.byte	0
 645 0393 0D       		.uleb128 0xd
 646 0394 D80D0000 		.4byte	.LASF111
 647 0398 01       		.byte	0x1
 648 0399 22       		.byte	0x22
 649 039a 00000000 		.4byte	.LFB36
 650 039e 44000000 		.4byte	.LFE36-.LFB36
 651 03a2 01       		.uleb128 0x1
 652 03a3 9C       		.byte	0x9c
 653 03a4 59040000 		.4byte	0x459
 654 03a8 0F       		.uleb128 0xf
 655 03a9 0A000000 		.4byte	.LVL8
 656 03ad B8040000 		.4byte	0x4b8
 657 03b1 BF030000 		.4byte	0x3bf
 658 03b5 10       		.uleb128 0x10
 659 03b6 01       		.uleb128 0x1
 660 03b7 50       		.byte	0x50
 661 03b8 05       		.uleb128 0x5
 662 03b9 03       		.byte	0x3
 663 03ba 00000000 		.4byte	bluetoothEventHandler
 664 03be 00       		.byte	0
 665 03bf 12       		.uleb128 0x12
 666 03c0 0E000000 		.4byte	.LVL9
 667 03c4 CE040000 		.4byte	0x4ce
 668 03c8 12       		.uleb128 0x12
 669 03c9 12000000 		.4byte	.LVL10
 670 03cd D5040000 		.4byte	0x4d5
 671 03d1 0F       		.uleb128 0xf
 672 03d2 18000000 		.4byte	.LVL11
 673 03d6 DC040000 		.4byte	0x4dc
 674 03da E5030000 		.4byte	0x3e5
 675 03de 10       		.uleb128 0x10
 676 03df 01       		.uleb128 0x1
 677 03e0 50       		.byte	0x50
 678 03e1 02       		.uleb128 0x2
 679 03e2 09       		.byte	0x9
 680 03e3 FF       		.byte	0xff
 681 03e4 00       		.byte	0
 682 03e5 0F       		.uleb128 0xf
 683 03e6 1E000000 		.4byte	.LVL12
ARM GAS  C:\Users\danielpi\AppData\Local\Temp\cc1ycywe.s 			page 15


 684 03ea ED040000 		.4byte	0x4ed
 685 03ee F9030000 		.4byte	0x3f9
 686 03f2 10       		.uleb128 0x10
 687 03f3 01       		.uleb128 0x1
 688 03f4 50       		.byte	0x50
 689 03f5 02       		.uleb128 0x2
 690 03f6 09       		.byte	0x9
 691 03f7 FF       		.byte	0xff
 692 03f8 00       		.byte	0
 693 03f9 0F       		.uleb128 0xf
 694 03fa 24000000 		.4byte	.LVL13
 695 03fe FE040000 		.4byte	0x4fe
 696 0402 0D040000 		.4byte	0x40d
 697 0406 10       		.uleb128 0x10
 698 0407 01       		.uleb128 0x1
 699 0408 50       		.byte	0x50
 700 0409 02       		.uleb128 0x2
 701 040a 09       		.byte	0x9
 702 040b FF       		.byte	0xff
 703 040c 00       		.byte	0
 704 040d 0F       		.uleb128 0xf
 705 040e 2A000000 		.4byte	.LVL14
 706 0412 0F050000 		.4byte	0x50f
 707 0416 20040000 		.4byte	0x420
 708 041a 10       		.uleb128 0x10
 709 041b 01       		.uleb128 0x1
 710 041c 50       		.byte	0x50
 711 041d 01       		.uleb128 0x1
 712 041e 36       		.byte	0x36
 713 041f 00       		.byte	0
 714 0420 0F       		.uleb128 0xf
 715 0421 30000000 		.4byte	.LVL15
 716 0425 20050000 		.4byte	0x520
 717 0429 33040000 		.4byte	0x433
 718 042d 10       		.uleb128 0x10
 719 042e 01       		.uleb128 0x1
 720 042f 50       		.byte	0x50
 721 0430 01       		.uleb128 0x1
 722 0431 36       		.byte	0x36
 723 0432 00       		.byte	0
 724 0433 0F       		.uleb128 0xf
 725 0434 36000000 		.4byte	.LVL16
 726 0438 31050000 		.4byte	0x531
 727 043c 46040000 		.4byte	0x446
 728 0440 10       		.uleb128 0x10
 729 0441 01       		.uleb128 0x1
 730 0442 50       		.byte	0x50
 731 0443 01       		.uleb128 0x1
 732 0444 36       		.byte	0x36
 733 0445 00       		.byte	0
 734 0446 12       		.uleb128 0x12
 735 0447 3A000000 		.4byte	.LVL17
 736 044b 42050000 		.4byte	0x542
 737 044f 12       		.uleb128 0x12
 738 0450 3E000000 		.4byte	.LVL18
 739 0454 49050000 		.4byte	0x549
 740 0458 00       		.byte	0
ARM GAS  C:\Users\danielpi\AppData\Local\Temp\cc1ycywe.s 			page 16


 741 0459 13       		.uleb128 0x13
 742 045a 7B0D0000 		.4byte	.LASF112
 743 045e 01       		.byte	0x1
 744 045f 15       		.byte	0x15
 745 0460 5D000000 		.4byte	0x5d
 746 0464 00000000 		.4byte	.LFB35
 747 0468 0C000000 		.4byte	.LFE35-.LFB35
 748 046c 01       		.uleb128 0x1
 749 046d 9C       		.byte	0x9c
 750 046e 85040000 		.4byte	0x485
 751 0472 12       		.uleb128 0x12
 752 0473 06000000 		.4byte	.LVL19
 753 0477 93030000 		.4byte	0x393
 754 047b 12       		.uleb128 0x12
 755 047c 0A000000 		.4byte	.LVL20
 756 0480 50050000 		.4byte	0x550
 757 0484 00       		.byte	0
 758 0485 14       		.uleb128 0x14
 759 0486 CD060000 		.4byte	.LASF113
 760 048a 05       		.byte	0x5
 761 048b 0409     		.2byte	0x904
 762 048d 31030000 		.4byte	0x331
 763 0491 15       		.uleb128 0x15
 764 0492 FF070000 		.4byte	.LASF114
 765 0496 01       		.byte	0x1
 766 0497 12       		.byte	0x12
 767 0498 6B000000 		.4byte	0x6b
 768 049c 05       		.uleb128 0x5
 769 049d 03       		.byte	0x3
 770 049e 00000000 		.4byte	deviceConnected
 771 04a2 16       		.uleb128 0x16
 772 04a3 5C090000 		.4byte	.LASF115
 773 04a7 04       		.byte	0x4
 774 04a8 8A01     		.2byte	0x18a
 775 04aa DB020000 		.4byte	0x2db
 776 04ae B8040000 		.4byte	0x4b8
 777 04b2 0C       		.uleb128 0xc
 778 04b3 6B000000 		.4byte	0x6b
 779 04b7 00       		.byte	0
 780 04b8 16       		.uleb128 0x16
 781 04b9 C1060000 		.4byte	.LASF116
 782 04bd 04       		.byte	0x4
 783 04be 8201     		.2byte	0x182
 784 04c0 DB020000 		.4byte	0x2db
 785 04c4 CE040000 		.4byte	0x4ce
 786 04c8 0C       		.uleb128 0xc
 787 04c9 E7020000 		.4byte	0x2e7
 788 04cd 00       		.byte	0
 789 04ce 17       		.uleb128 0x17
 790 04cf 67030000 		.4byte	.LASF117
 791 04d3 06       		.byte	0x6
 792 04d4 47       		.byte	0x47
 793 04d5 17       		.uleb128 0x17
 794 04d6 61040000 		.4byte	.LASF118
 795 04da 07       		.byte	0x7
 796 04db 47       		.byte	0x47
 797 04dc 18       		.uleb128 0x18
ARM GAS  C:\Users\danielpi\AppData\Local\Temp\cc1ycywe.s 			page 17


 798 04dd 2C010000 		.4byte	.LASF119
 799 04e1 06       		.byte	0x6
 800 04e2 51       		.byte	0x51
 801 04e3 ED040000 		.4byte	0x4ed
 802 04e7 0C       		.uleb128 0xc
 803 04e8 6B000000 		.4byte	0x6b
 804 04ec 00       		.byte	0
 805 04ed 18       		.uleb128 0x18
 806 04ee 46010000 		.4byte	.LASF120
 807 04f2 06       		.byte	0x6
 808 04f3 54       		.byte	0x54
 809 04f4 FE040000 		.4byte	0x4fe
 810 04f8 0C       		.uleb128 0xc
 811 04f9 6B000000 		.4byte	0x6b
 812 04fd 00       		.byte	0
 813 04fe 18       		.uleb128 0x18
 814 04ff 270A0000 		.4byte	.LASF121
 815 0503 07       		.byte	0x7
 816 0504 51       		.byte	0x51
 817 0505 0F050000 		.4byte	0x50f
 818 0509 0C       		.uleb128 0xc
 819 050a 6B000000 		.4byte	0x6b
 820 050e 00       		.byte	0
 821 050f 18       		.uleb128 0x18
 822 0510 C90A0000 		.4byte	.LASF122
 823 0514 08       		.byte	0x8
 824 0515 1E       		.byte	0x1e
 825 0516 20050000 		.4byte	0x520
 826 051a 0C       		.uleb128 0xc
 827 051b 6B000000 		.4byte	0x6b
 828 051f 00       		.byte	0
 829 0520 18       		.uleb128 0x18
 830 0521 3D0A0000 		.4byte	.LASF123
 831 0525 09       		.byte	0x9
 832 0526 1E       		.byte	0x1e
 833 0527 31050000 		.4byte	0x531
 834 052b 0C       		.uleb128 0xc
 835 052c 6B000000 		.4byte	0x6b
 836 0530 00       		.byte	0
 837 0531 18       		.uleb128 0x18
 838 0532 800D0000 		.4byte	.LASF124
 839 0536 0A       		.byte	0xa
 840 0537 1E       		.byte	0x1e
 841 0538 42050000 		.4byte	0x542
 842 053c 0C       		.uleb128 0xc
 843 053d 6B000000 		.4byte	0x6b
 844 0541 00       		.byte	0
 845 0542 17       		.uleb128 0x17
 846 0543 53000000 		.4byte	.LASF125
 847 0547 0B       		.byte	0xb
 848 0548 99       		.byte	0x99
 849 0549 17       		.uleb128 0x17
 850 054a B6090000 		.4byte	.LASF126
 851 054e 0C       		.byte	0xc
 852 054f AB       		.byte	0xab
 853 0550 19       		.uleb128 0x19
 854 0551 0F080000 		.4byte	.LASF127
ARM GAS  C:\Users\danielpi\AppData\Local\Temp\cc1ycywe.s 			page 18


 855 0555 03       		.byte	0x3
 856 0556 6204     		.2byte	0x462
 857 0558 00       		.byte	0
 858              		.section	.debug_abbrev,"",%progbits
 859              	.Ldebug_abbrev0:
 860 0000 01       		.uleb128 0x1
 861 0001 11       		.uleb128 0x11
 862 0002 01       		.byte	0x1
 863 0003 25       		.uleb128 0x25
 864 0004 0E       		.uleb128 0xe
 865 0005 13       		.uleb128 0x13
 866 0006 0B       		.uleb128 0xb
 867 0007 03       		.uleb128 0x3
 868 0008 0E       		.uleb128 0xe
 869 0009 1B       		.uleb128 0x1b
 870 000a 0E       		.uleb128 0xe
 871 000b 55       		.uleb128 0x55
 872 000c 17       		.uleb128 0x17
 873 000d 11       		.uleb128 0x11
 874 000e 01       		.uleb128 0x1
 875 000f 10       		.uleb128 0x10
 876 0010 17       		.uleb128 0x17
 877 0011 00       		.byte	0
 878 0012 00       		.byte	0
 879 0013 02       		.uleb128 0x2
 880 0014 24       		.uleb128 0x24
 881 0015 00       		.byte	0
 882 0016 0B       		.uleb128 0xb
 883 0017 0B       		.uleb128 0xb
 884 0018 3E       		.uleb128 0x3e
 885 0019 0B       		.uleb128 0xb
 886 001a 03       		.uleb128 0x3
 887 001b 0E       		.uleb128 0xe
 888 001c 00       		.byte	0
 889 001d 00       		.byte	0
 890 001e 03       		.uleb128 0x3
 891 001f 24       		.uleb128 0x24
 892 0020 00       		.byte	0
 893 0021 0B       		.uleb128 0xb
 894 0022 0B       		.uleb128 0xb
 895 0023 3E       		.uleb128 0x3e
 896 0024 0B       		.uleb128 0xb
 897 0025 03       		.uleb128 0x3
 898 0026 08       		.uleb128 0x8
 899 0027 00       		.byte	0
 900 0028 00       		.byte	0
 901 0029 04       		.uleb128 0x4
 902 002a 16       		.uleb128 0x16
 903 002b 00       		.byte	0
 904 002c 03       		.uleb128 0x3
 905 002d 0E       		.uleb128 0xe
 906 002e 3A       		.uleb128 0x3a
 907 002f 0B       		.uleb128 0xb
 908 0030 3B       		.uleb128 0x3b
 909 0031 0B       		.uleb128 0xb
 910 0032 49       		.uleb128 0x49
 911 0033 13       		.uleb128 0x13
ARM GAS  C:\Users\danielpi\AppData\Local\Temp\cc1ycywe.s 			page 19


 912 0034 00       		.byte	0
 913 0035 00       		.byte	0
 914 0036 05       		.uleb128 0x5
 915 0037 0F       		.uleb128 0xf
 916 0038 00       		.byte	0
 917 0039 0B       		.uleb128 0xb
 918 003a 0B       		.uleb128 0xb
 919 003b 00       		.byte	0
 920 003c 00       		.byte	0
 921 003d 06       		.uleb128 0x6
 922 003e 04       		.uleb128 0x4
 923 003f 01       		.byte	0x1
 924 0040 0B       		.uleb128 0xb
 925 0041 0B       		.uleb128 0xb
 926 0042 3A       		.uleb128 0x3a
 927 0043 0B       		.uleb128 0xb
 928 0044 3B       		.uleb128 0x3b
 929 0045 0B       		.uleb128 0xb
 930 0046 01       		.uleb128 0x1
 931 0047 13       		.uleb128 0x13
 932 0048 00       		.byte	0
 933 0049 00       		.byte	0
 934 004a 07       		.uleb128 0x7
 935 004b 28       		.uleb128 0x28
 936 004c 00       		.byte	0
 937 004d 03       		.uleb128 0x3
 938 004e 0E       		.uleb128 0xe
 939 004f 1C       		.uleb128 0x1c
 940 0050 0D       		.uleb128 0xd
 941 0051 00       		.byte	0
 942 0052 00       		.byte	0
 943 0053 08       		.uleb128 0x8
 944 0054 04       		.uleb128 0x4
 945 0055 01       		.byte	0x1
 946 0056 0B       		.uleb128 0xb
 947 0057 0B       		.uleb128 0xb
 948 0058 3A       		.uleb128 0x3a
 949 0059 0B       		.uleb128 0xb
 950 005a 3B       		.uleb128 0x3b
 951 005b 05       		.uleb128 0x5
 952 005c 01       		.uleb128 0x1
 953 005d 13       		.uleb128 0x13
 954 005e 00       		.byte	0
 955 005f 00       		.byte	0
 956 0060 09       		.uleb128 0x9
 957 0061 16       		.uleb128 0x16
 958 0062 00       		.byte	0
 959 0063 03       		.uleb128 0x3
 960 0064 0E       		.uleb128 0xe
 961 0065 3A       		.uleb128 0x3a
 962 0066 0B       		.uleb128 0xb
 963 0067 3B       		.uleb128 0x3b
 964 0068 05       		.uleb128 0x5
 965 0069 49       		.uleb128 0x49
 966 006a 13       		.uleb128 0x13
 967 006b 00       		.byte	0
 968 006c 00       		.byte	0
ARM GAS  C:\Users\danielpi\AppData\Local\Temp\cc1ycywe.s 			page 20


 969 006d 0A       		.uleb128 0xa
 970 006e 0F       		.uleb128 0xf
 971 006f 00       		.byte	0
 972 0070 0B       		.uleb128 0xb
 973 0071 0B       		.uleb128 0xb
 974 0072 49       		.uleb128 0x49
 975 0073 13       		.uleb128 0x13
 976 0074 00       		.byte	0
 977 0075 00       		.byte	0
 978 0076 0B       		.uleb128 0xb
 979 0077 15       		.uleb128 0x15
 980 0078 01       		.byte	0x1
 981 0079 27       		.uleb128 0x27
 982 007a 19       		.uleb128 0x19
 983 007b 01       		.uleb128 0x1
 984 007c 13       		.uleb128 0x13
 985 007d 00       		.byte	0
 986 007e 00       		.byte	0
 987 007f 0C       		.uleb128 0xc
 988 0080 05       		.uleb128 0x5
 989 0081 00       		.byte	0
 990 0082 49       		.uleb128 0x49
 991 0083 13       		.uleb128 0x13
 992 0084 00       		.byte	0
 993 0085 00       		.byte	0
 994 0086 0D       		.uleb128 0xd
 995 0087 2E       		.uleb128 0x2e
 996 0088 01       		.byte	0x1
 997 0089 3F       		.uleb128 0x3f
 998 008a 19       		.uleb128 0x19
 999 008b 03       		.uleb128 0x3
 1000 008c 0E       		.uleb128 0xe
 1001 008d 3A       		.uleb128 0x3a
 1002 008e 0B       		.uleb128 0xb
 1003 008f 3B       		.uleb128 0x3b
 1004 0090 0B       		.uleb128 0xb
 1005 0091 27       		.uleb128 0x27
 1006 0092 19       		.uleb128 0x19
 1007 0093 11       		.uleb128 0x11
 1008 0094 01       		.uleb128 0x1
 1009 0095 12       		.uleb128 0x12
 1010 0096 06       		.uleb128 0x6
 1011 0097 40       		.uleb128 0x40
 1012 0098 18       		.uleb128 0x18
 1013 0099 9742     		.uleb128 0x2117
 1014 009b 19       		.uleb128 0x19
 1015 009c 01       		.uleb128 0x1
 1016 009d 13       		.uleb128 0x13
 1017 009e 00       		.byte	0
 1018 009f 00       		.byte	0
 1019 00a0 0E       		.uleb128 0xe
 1020 00a1 05       		.uleb128 0x5
 1021 00a2 00       		.byte	0
 1022 00a3 03       		.uleb128 0x3
 1023 00a4 0E       		.uleb128 0xe
 1024 00a5 3A       		.uleb128 0x3a
 1025 00a6 0B       		.uleb128 0xb
ARM GAS  C:\Users\danielpi\AppData\Local\Temp\cc1ycywe.s 			page 21


 1026 00a7 3B       		.uleb128 0x3b
 1027 00a8 0B       		.uleb128 0xb
 1028 00a9 49       		.uleb128 0x49
 1029 00aa 13       		.uleb128 0x13
 1030 00ab 02       		.uleb128 0x2
 1031 00ac 17       		.uleb128 0x17
 1032 00ad 00       		.byte	0
 1033 00ae 00       		.byte	0
 1034 00af 0F       		.uleb128 0xf
 1035 00b0 898201   		.uleb128 0x4109
 1036 00b3 01       		.byte	0x1
 1037 00b4 11       		.uleb128 0x11
 1038 00b5 01       		.uleb128 0x1
 1039 00b6 31       		.uleb128 0x31
 1040 00b7 13       		.uleb128 0x13
 1041 00b8 01       		.uleb128 0x1
 1042 00b9 13       		.uleb128 0x13
 1043 00ba 00       		.byte	0
 1044 00bb 00       		.byte	0
 1045 00bc 10       		.uleb128 0x10
 1046 00bd 8A8201   		.uleb128 0x410a
 1047 00c0 00       		.byte	0
 1048 00c1 02       		.uleb128 0x2
 1049 00c2 18       		.uleb128 0x18
 1050 00c3 9142     		.uleb128 0x2111
 1051 00c5 18       		.uleb128 0x18
 1052 00c6 00       		.byte	0
 1053 00c7 00       		.byte	0
 1054 00c8 11       		.uleb128 0x11
 1055 00c9 898201   		.uleb128 0x4109
 1056 00cc 01       		.byte	0x1
 1057 00cd 11       		.uleb128 0x11
 1058 00ce 01       		.uleb128 0x1
 1059 00cf 31       		.uleb128 0x31
 1060 00d0 13       		.uleb128 0x13
 1061 00d1 00       		.byte	0
 1062 00d2 00       		.byte	0
 1063 00d3 12       		.uleb128 0x12
 1064 00d4 898201   		.uleb128 0x4109
 1065 00d7 00       		.byte	0
 1066 00d8 11       		.uleb128 0x11
 1067 00d9 01       		.uleb128 0x1
 1068 00da 31       		.uleb128 0x31
 1069 00db 13       		.uleb128 0x13
 1070 00dc 00       		.byte	0
 1071 00dd 00       		.byte	0
 1072 00de 13       		.uleb128 0x13
 1073 00df 2E       		.uleb128 0x2e
 1074 00e0 01       		.byte	0x1
 1075 00e1 3F       		.uleb128 0x3f
 1076 00e2 19       		.uleb128 0x19
 1077 00e3 03       		.uleb128 0x3
 1078 00e4 0E       		.uleb128 0xe
 1079 00e5 3A       		.uleb128 0x3a
 1080 00e6 0B       		.uleb128 0xb
 1081 00e7 3B       		.uleb128 0x3b
 1082 00e8 0B       		.uleb128 0xb
ARM GAS  C:\Users\danielpi\AppData\Local\Temp\cc1ycywe.s 			page 22


 1083 00e9 49       		.uleb128 0x49
 1084 00ea 13       		.uleb128 0x13
 1085 00eb 11       		.uleb128 0x11
 1086 00ec 01       		.uleb128 0x1
 1087 00ed 12       		.uleb128 0x12
 1088 00ee 06       		.uleb128 0x6
 1089 00ef 40       		.uleb128 0x40
 1090 00f0 18       		.uleb128 0x18
 1091 00f1 9742     		.uleb128 0x2117
 1092 00f3 19       		.uleb128 0x19
 1093 00f4 01       		.uleb128 0x1
 1094 00f5 13       		.uleb128 0x13
 1095 00f6 00       		.byte	0
 1096 00f7 00       		.byte	0
 1097 00f8 14       		.uleb128 0x14
 1098 00f9 34       		.uleb128 0x34
 1099 00fa 00       		.byte	0
 1100 00fb 03       		.uleb128 0x3
 1101 00fc 0E       		.uleb128 0xe
 1102 00fd 3A       		.uleb128 0x3a
 1103 00fe 0B       		.uleb128 0xb
 1104 00ff 3B       		.uleb128 0x3b
 1105 0100 05       		.uleb128 0x5
 1106 0101 49       		.uleb128 0x49
 1107 0102 13       		.uleb128 0x13
 1108 0103 3F       		.uleb128 0x3f
 1109 0104 19       		.uleb128 0x19
 1110 0105 3C       		.uleb128 0x3c
 1111 0106 19       		.uleb128 0x19
 1112 0107 00       		.byte	0
 1113 0108 00       		.byte	0
 1114 0109 15       		.uleb128 0x15
 1115 010a 34       		.uleb128 0x34
 1116 010b 00       		.byte	0
 1117 010c 03       		.uleb128 0x3
 1118 010d 0E       		.uleb128 0xe
 1119 010e 3A       		.uleb128 0x3a
 1120 010f 0B       		.uleb128 0xb
 1121 0110 3B       		.uleb128 0x3b
 1122 0111 0B       		.uleb128 0xb
 1123 0112 49       		.uleb128 0x49
 1124 0113 13       		.uleb128 0x13
 1125 0114 3F       		.uleb128 0x3f
 1126 0115 19       		.uleb128 0x19
 1127 0116 02       		.uleb128 0x2
 1128 0117 18       		.uleb128 0x18
 1129 0118 00       		.byte	0
 1130 0119 00       		.byte	0
 1131 011a 16       		.uleb128 0x16
 1132 011b 2E       		.uleb128 0x2e
 1133 011c 01       		.byte	0x1
 1134 011d 3F       		.uleb128 0x3f
 1135 011e 19       		.uleb128 0x19
 1136 011f 03       		.uleb128 0x3
 1137 0120 0E       		.uleb128 0xe
 1138 0121 3A       		.uleb128 0x3a
 1139 0122 0B       		.uleb128 0xb
ARM GAS  C:\Users\danielpi\AppData\Local\Temp\cc1ycywe.s 			page 23


 1140 0123 3B       		.uleb128 0x3b
 1141 0124 05       		.uleb128 0x5
 1142 0125 27       		.uleb128 0x27
 1143 0126 19       		.uleb128 0x19
 1144 0127 49       		.uleb128 0x49
 1145 0128 13       		.uleb128 0x13
 1146 0129 3C       		.uleb128 0x3c
 1147 012a 19       		.uleb128 0x19
 1148 012b 01       		.uleb128 0x1
 1149 012c 13       		.uleb128 0x13
 1150 012d 00       		.byte	0
 1151 012e 00       		.byte	0
 1152 012f 17       		.uleb128 0x17
 1153 0130 2E       		.uleb128 0x2e
 1154 0131 00       		.byte	0
 1155 0132 3F       		.uleb128 0x3f
 1156 0133 19       		.uleb128 0x19
 1157 0134 03       		.uleb128 0x3
 1158 0135 0E       		.uleb128 0xe
 1159 0136 3A       		.uleb128 0x3a
 1160 0137 0B       		.uleb128 0xb
 1161 0138 3B       		.uleb128 0x3b
 1162 0139 0B       		.uleb128 0xb
 1163 013a 27       		.uleb128 0x27
 1164 013b 19       		.uleb128 0x19
 1165 013c 3C       		.uleb128 0x3c
 1166 013d 19       		.uleb128 0x19
 1167 013e 00       		.byte	0
 1168 013f 00       		.byte	0
 1169 0140 18       		.uleb128 0x18
 1170 0141 2E       		.uleb128 0x2e
 1171 0142 01       		.byte	0x1
 1172 0143 3F       		.uleb128 0x3f
 1173 0144 19       		.uleb128 0x19
 1174 0145 03       		.uleb128 0x3
 1175 0146 0E       		.uleb128 0xe
 1176 0147 3A       		.uleb128 0x3a
 1177 0148 0B       		.uleb128 0xb
 1178 0149 3B       		.uleb128 0x3b
 1179 014a 0B       		.uleb128 0xb
 1180 014b 27       		.uleb128 0x27
 1181 014c 19       		.uleb128 0x19
 1182 014d 3C       		.uleb128 0x3c
 1183 014e 19       		.uleb128 0x19
 1184 014f 01       		.uleb128 0x1
 1185 0150 13       		.uleb128 0x13
 1186 0151 00       		.byte	0
 1187 0152 00       		.byte	0
 1188 0153 19       		.uleb128 0x19
 1189 0154 2E       		.uleb128 0x2e
 1190 0155 00       		.byte	0
 1191 0156 3F       		.uleb128 0x3f
 1192 0157 19       		.uleb128 0x19
 1193 0158 03       		.uleb128 0x3
 1194 0159 0E       		.uleb128 0xe
 1195 015a 3A       		.uleb128 0x3a
 1196 015b 0B       		.uleb128 0xb
ARM GAS  C:\Users\danielpi\AppData\Local\Temp\cc1ycywe.s 			page 24


 1197 015c 3B       		.uleb128 0x3b
 1198 015d 05       		.uleb128 0x5
 1199 015e 27       		.uleb128 0x27
 1200 015f 19       		.uleb128 0x19
 1201 0160 3C       		.uleb128 0x3c
 1202 0161 19       		.uleb128 0x19
 1203 0162 00       		.byte	0
 1204 0163 00       		.byte	0
 1205 0164 00       		.byte	0
 1206              		.section	.debug_loc,"",%progbits
 1207              	.Ldebug_loc0:
 1208              	.LLST0:
 1209 0000 00000000 		.4byte	.LVL0
 1210 0004 1E000000 		.4byte	.LVL1
 1211 0008 0100     		.2byte	0x1
 1212 000a 50       		.byte	0x50
 1213 000b 1E000000 		.4byte	.LVL1
 1214 000f 24000000 		.4byte	.LVL3
 1215 0013 0400     		.2byte	0x4
 1216 0015 F3       		.byte	0xf3
 1217 0016 01       		.uleb128 0x1
 1218 0017 50       		.byte	0x50
 1219 0018 9F       		.byte	0x9f
 1220 0019 24000000 		.4byte	.LVL3
 1221 001d 2E000000 		.4byte	.LVL4
 1222 0021 0100     		.2byte	0x1
 1223 0023 50       		.byte	0x50
 1224 0024 2E000000 		.4byte	.LVL4
 1225 0028 34000000 		.4byte	.LVL6
 1226 002c 0400     		.2byte	0x4
 1227 002e F3       		.byte	0xf3
 1228 002f 01       		.uleb128 0x1
 1229 0030 50       		.byte	0x50
 1230 0031 9F       		.byte	0x9f
 1231 0032 34000000 		.4byte	.LVL6
 1232 0036 42000000 		.4byte	.LVL7
 1233 003a 0100     		.2byte	0x1
 1234 003c 50       		.byte	0x50
 1235 003d 42000000 		.4byte	.LVL7
 1236 0041 4C000000 		.4byte	.LFE37
 1237 0045 0400     		.2byte	0x4
 1238 0047 F3       		.byte	0xf3
 1239 0048 01       		.uleb128 0x1
 1240 0049 50       		.byte	0x50
 1241 004a 9F       		.byte	0x9f
 1242 004b 00000000 		.4byte	0
 1243 004f 00000000 		.4byte	0
 1244              	.LLST1:
 1245 0053 00000000 		.4byte	.LVL0
 1246 0057 21000000 		.4byte	.LVL2-1
 1247 005b 0100     		.2byte	0x1
 1248 005d 51       		.byte	0x51
 1249 005e 21000000 		.4byte	.LVL2-1
 1250 0062 24000000 		.4byte	.LVL3
 1251 0066 0400     		.2byte	0x4
 1252 0068 F3       		.byte	0xf3
 1253 0069 01       		.uleb128 0x1
ARM GAS  C:\Users\danielpi\AppData\Local\Temp\cc1ycywe.s 			page 25


 1254 006a 51       		.byte	0x51
 1255 006b 9F       		.byte	0x9f
 1256 006c 24000000 		.4byte	.LVL3
 1257 0070 31000000 		.4byte	.LVL5-1
 1258 0074 0100     		.2byte	0x1
 1259 0076 51       		.byte	0x51
 1260 0077 31000000 		.4byte	.LVL5-1
 1261 007b 34000000 		.4byte	.LVL6
 1262 007f 0400     		.2byte	0x4
 1263 0081 F3       		.byte	0xf3
 1264 0082 01       		.uleb128 0x1
 1265 0083 51       		.byte	0x51
 1266 0084 9F       		.byte	0x9f
 1267 0085 34000000 		.4byte	.LVL6
 1268 0089 42000000 		.4byte	.LVL7
 1269 008d 0100     		.2byte	0x1
 1270 008f 51       		.byte	0x51
 1271 0090 42000000 		.4byte	.LVL7
 1272 0094 4C000000 		.4byte	.LFE37
 1273 0098 0400     		.2byte	0x4
 1274 009a F3       		.byte	0xf3
 1275 009b 01       		.uleb128 0x1
 1276 009c 51       		.byte	0x51
 1277 009d 9F       		.byte	0x9f
 1278 009e 00000000 		.4byte	0
 1279 00a2 00000000 		.4byte	0
 1280              		.section	.debug_aranges,"",%progbits
 1281 0000 2C000000 		.4byte	0x2c
 1282 0004 0200     		.2byte	0x2
 1283 0006 00000000 		.4byte	.Ldebug_info0
 1284 000a 04       		.byte	0x4
 1285 000b 00       		.byte	0
 1286 000c 0000     		.2byte	0
 1287 000e 0000     		.2byte	0
 1288 0010 00000000 		.4byte	.LFB37
 1289 0014 4C000000 		.4byte	.LFE37-.LFB37
 1290 0018 00000000 		.4byte	.LFB36
 1291 001c 44000000 		.4byte	.LFE36-.LFB36
 1292 0020 00000000 		.4byte	.LFB35
 1293 0024 0C000000 		.4byte	.LFE35-.LFB35
 1294 0028 00000000 		.4byte	0
 1295 002c 00000000 		.4byte	0
 1296              		.section	.debug_ranges,"",%progbits
 1297              	.Ldebug_ranges0:
 1298 0000 00000000 		.4byte	.LFB37
 1299 0004 4C000000 		.4byte	.LFE37
 1300 0008 00000000 		.4byte	.LFB36
 1301 000c 44000000 		.4byte	.LFE36
 1302 0010 00000000 		.4byte	.LFB35
 1303 0014 0C000000 		.4byte	.LFE35
 1304 0018 00000000 		.4byte	0
 1305 001c 00000000 		.4byte	0
 1306              		.section	.debug_line,"",%progbits
 1307              	.Ldebug_line0:
 1308 0000 20010000 		.section	.debug_str,"MS",%progbits,1
 1308      0200CE00 
 1308      00000201 
ARM GAS  C:\Users\danielpi\AppData\Local\Temp\cc1ycywe.s 			page 26


 1308      FB0E0D00 
 1308      01010101 
 1309              	.LASF66:
 1310 0000 4359424C 		.ascii	"CYBLE_EVT_L2CAP_CBFC_RX_CREDIT_IND\000"
 1310      455F4556 
 1310      545F4C32 
 1310      4341505F 
 1310      43424643 
 1311              	.LASF20:
 1312 0023 4359424C 		.ascii	"CYBLE_EVT_STACK_BUSY_STATUS\000"
 1312      455F4556 
 1312      545F5354 
 1312      41434B5F 
 1312      42555359 
 1313              	.LASF102:
 1314 003f 4359424C 		.ascii	"CYBLE_STATE_STOPPED\000"
 1314      455F5354 
 1314      4154455F 
 1314      53544F50 
 1314      50454400 
 1315              	.LASF125:
 1316 0053 536C6964 		.ascii	"Slider_Start\000"
 1316      65725F53 
 1316      74617274 
 1316      00
 1317              	.LASF65:
 1318 0060 4359424C 		.ascii	"CYBLE_EVT_L2CAP_CBFC_DATA_READ\000"
 1318      455F4556 
 1318      545F4C32 
 1318      4341505F 
 1318      43424643 
 1319              	.LASF75:
 1320 007f 4359424C 		.ascii	"CYBLE_ERROR_MEMORY_ALLOCATION_FAILED\000"
 1320      455F4552 
 1320      524F525F 
 1320      4D454D4F 
 1320      52595F41 
 1321              	.LASF31:
 1322 00a4 4359424C 		.ascii	"CYBLE_EVT_GAP_CONNECTION_UPDATE_COMPLETE\000"
 1322      455F4556 
 1322      545F4741 
 1322      505F434F 
 1322      4E4E4543 
 1323              	.LASF64:
 1324 00cd 4359424C 		.ascii	"CYBLE_EVT_L2CAP_CBFC_DISCONN_CNF\000"
 1324      455F4556 
 1324      545F4C32 
 1324      4341505F 
 1324      43424643 
 1325              	.LASF45:
 1326 00ee 4359424C 		.ascii	"CYBLE_EVT_GATTC_READ_MULTI_RSP\000"
 1326      455F4556 
 1326      545F4741 
 1326      5454435F 
 1326      52454144 
 1327              	.LASF50:
 1328 010d 4359424C 		.ascii	"CYBLE_EVT_GATTS_EXEC_WRITE_REQ\000"
ARM GAS  C:\Users\danielpi\AppData\Local\Temp\cc1ycywe.s 			page 27


 1328      455F4556 
 1328      545F4741 
 1328      5454535F 
 1328      45584543 
 1329              	.LASF119:
 1330 012c 52656447 		.ascii	"RedGreenPrISM_WritePulse0\000"
 1330      7265656E 
 1330      50724953 
 1330      4D5F5772 
 1330      69746550 
 1331              	.LASF120:
 1332 0146 52656447 		.ascii	"RedGreenPrISM_WritePulse1\000"
 1332      7265656E 
 1332      50724953 
 1332      4D5F5772 
 1332      69746550 
 1333              	.LASF4:
 1334 0160 6C6F6E67 		.ascii	"long int\000"
 1334      20696E74 
 1334      00
 1335              	.LASF128:
 1336 0169 474E5520 		.ascii	"GNU C 4.8.4 20140526 (release) [ARM/embedded-4_8-br"
 1336      4320342E 
 1336      382E3420 
 1336      32303134 
 1336      30353236 
 1337 019c 616E6368 		.ascii	"anch revision 211358] -mcpu=cortex-m0 -mthumb -g -O"
 1337      20726576 
 1337      6973696F 
 1337      6E203231 
 1337      31333538 
 1338 01cf 67202D66 		.ascii	"g -ffunction-sections\000"
 1338      66756E63 
 1338      74696F6E 
 1338      2D736563 
 1338      74696F6E 
 1339              	.LASF85:
 1340 01e5 4359424C 		.ascii	"CYBLE_ERROR_L2CAP_PSM_WRONG_ENCODING\000"
 1340      455F4552 
 1340      524F525F 
 1340      4C324341 
 1340      505F5053 
 1341              	.LASF76:
 1342 020a 4359424C 		.ascii	"CYBLE_ERROR_INSUFFICIENT_RESOURCES\000"
 1342      455F4552 
 1342      524F525F 
 1342      494E5355 
 1342      46464943 
 1343              	.LASF19:
 1344 022d 4359424C 		.ascii	"CYBLE_EVT_HCI_STATUS\000"
 1344      455F4556 
 1344      545F4843 
 1344      495F5354 
 1344      41545553 
 1345              	.LASF32:
 1346 0242 4359424C 		.ascii	"CYBLE_EVT_GAPC_SCAN_START_STOP\000"
 1346      455F4556 
ARM GAS  C:\Users\danielpi\AppData\Local\Temp\cc1ycywe.s 			page 28


 1346      545F4741 
 1346      50435F53 
 1346      43414E5F 
 1347              	.LASF69:
 1348 0261 4359424C 		.ascii	"CYBLE_EVT_PENDING_FLASH_WRITE\000"
 1348      455F4556 
 1348      545F5045 
 1348      4E44494E 
 1348      475F464C 
 1349              	.LASF84:
 1350 027f 4359424C 		.ascii	"CYBLE_ERROR_SEC_FAILED\000"
 1350      455F4552 
 1350      524F525F 
 1350      5345435F 
 1350      4641494C 
 1351              	.LASF30:
 1352 0296 4359424C 		.ascii	"CYBLE_EVT_GAP_ENCRYPT_CHANGE\000"
 1352      455F4556 
 1352      545F4741 
 1352      505F454E 
 1352      43525950 
 1353              	.LASF105:
 1354 02b3 4359424C 		.ascii	"CYBLE_STATE_ADVERTISING\000"
 1354      455F5354 
 1354      4154455F 
 1354      41445645 
 1354      52544953 
 1355              	.LASF6:
 1356 02cb 6C6F6E67 		.ascii	"long long int\000"
 1356      206C6F6E 
 1356      6720696E 
 1356      7400
 1357              	.LASF0:
 1358 02d9 7369676E 		.ascii	"signed char\000"
 1358      65642063 
 1358      68617200 
 1359              	.LASF16:
 1360 02e5 4359424C 		.ascii	"CYBLE_EVT_STACK_ON\000"
 1360      455F4556 
 1360      545F5354 
 1360      41434B5F 
 1360      4F4E00
 1361              	.LASF92:
 1362 02f8 4359424C 		.ascii	"CYBLE_ERROR_DEVICE_ALREADY_EXISTS\000"
 1362      455F4552 
 1362      524F525F 
 1362      44455649 
 1362      43455F41 
 1363              	.LASF79:
 1364 031a 4359424C 		.ascii	"CYBLE_ERROR_NO_DEVICE_ENTITY\000"
 1364      455F4552 
 1364      524F525F 
 1364      4E4F5F44 
 1364      45564943 
 1365              	.LASF22:
 1366 0337 4359424C 		.ascii	"CYBLE_EVT_GAP_AUTH_REQ\000"
 1366      455F4556 
ARM GAS  C:\Users\danielpi\AppData\Local\Temp\cc1ycywe.s 			page 29


 1366      545F4741 
 1366      505F4155 
 1366      54485F52 
 1367              	.LASF43:
 1368 034e 4359424C 		.ascii	"CYBLE_EVT_GATTC_READ_RSP\000"
 1368      455F4556 
 1368      545F4741 
 1368      5454435F 
 1368      52454144 
 1369              	.LASF117:
 1370 0367 52656447 		.ascii	"RedGreenPrISM_Start\000"
 1370      7265656E 
 1370      50724953 
 1370      4D5F5374 
 1370      61727400 
 1371              	.LASF99:
 1372 037b 4359424C 		.ascii	"CYBLE_ERROR_INVALID_STATE\000"
 1372      455F4552 
 1372      524F525F 
 1372      494E5641 
 1372      4C49445F 
 1373              	.LASF48:
 1374 0395 4359424C 		.ascii	"CYBLE_EVT_GATTS_WRITE_CMD_REQ\000"
 1374      455F4556 
 1374      545F4741 
 1374      5454535F 
 1374      57524954 
 1375              	.LASF106:
 1376 03b3 4359424C 		.ascii	"CYBLE_STATE_DISCONNECTED\000"
 1376      455F5354 
 1376      4154455F 
 1376      44495343 
 1376      4F4E4E45 
 1377              	.LASF27:
 1378 03cc 4359424C 		.ascii	"CYBLE_EVT_GAPP_ADVERTISEMENT_START_STOP\000"
 1378      455F4556 
 1378      545F4741 
 1378      50505F41 
 1378      44564552 
 1379              	.LASF90:
 1380 03f4 4359424C 		.ascii	"CYBLE_ERROR_L2CAP_PSM_NOT_IN_RANGE\000"
 1380      455F4552 
 1380      524F525F 
 1380      4C324341 
 1380      505F5053 
 1381              	.LASF9:
 1382 0417 75696E74 		.ascii	"uint8\000"
 1382      3800
 1383              	.LASF51:
 1384 041d 4359424C 		.ascii	"CYBLE_EVT_GATTC_EXEC_WRITE_RSP\000"
 1384      455F4556 
 1384      545F4741 
 1384      5454435F 
 1384      45584543 
 1385              	.LASF12:
 1386 043c 646F7562 		.ascii	"double\000"
 1386      6C6500
ARM GAS  C:\Users\danielpi\AppData\Local\Temp\cc1ycywe.s 			page 30


 1387              	.LASF73:
 1388 0443 4359424C 		.ascii	"CYBLE_ERROR_INVALID_PARAMETER\000"
 1388      455F4552 
 1388      524F525F 
 1388      494E5641 
 1388      4C49445F 
 1389              	.LASF118:
 1390 0461 426C7565 		.ascii	"BluePrISM_Start\000"
 1390      50724953 
 1390      4D5F5374 
 1390      61727400 
 1391              	.LASF10:
 1392 0471 75696E74 		.ascii	"uint32\000"
 1392      333200
 1393              	.LASF71:
 1394 0478 4359424C 		.ascii	"CYBLE_EVT_MAX\000"
 1394      455F4556 
 1394      545F4D41 
 1394      5800
 1395              	.LASF72:
 1396 0486 4359424C 		.ascii	"CYBLE_ERROR_OK\000"
 1396      455F4552 
 1396      524F525F 
 1396      4F4B00
 1397              	.LASF34:
 1398 0495 4359424C 		.ascii	"CYBLE_EVT_GATTC_ERROR_RSP\000"
 1398      455F4556 
 1398      545F4741 
 1398      5454435F 
 1398      4552524F 
 1399              	.LASF58:
 1400 04af 4359424C 		.ascii	"CYBLE_EVT_L2CAP_CONN_PARAM_UPDATE_REQ\000"
 1400      455F4556 
 1400      545F4C32 
 1400      4341505F 
 1400      434F4E4E 
 1401              	.LASF68:
 1402 04d5 4359424C 		.ascii	"CYBLE_EVT_L2CAP_CBFC_DATA_WRITE_IND\000"
 1402      455F4556 
 1402      545F4C32 
 1402      4341505F 
 1402      43424643 
 1403              	.LASF7:
 1404 04f9 6C6F6E67 		.ascii	"long long unsigned int\000"
 1404      206C6F6E 
 1404      6720756E 
 1404      7369676E 
 1404      65642069 
 1405              	.LASF56:
 1406 0510 4359424C 		.ascii	"CYBLE_EVT_GATTC_STOP_CMD_COMPLETE\000"
 1406      455F4556 
 1406      545F4741 
 1406      5454435F 
 1406      53544F50 
 1407              	.LASF77:
 1408 0532 4359424C 		.ascii	"CYBLE_ERROR_OOB_NOT_AVAILABLE\000"
 1408      455F4552 
ARM GAS  C:\Users\danielpi\AppData\Local\Temp\cc1ycywe.s 			page 31


 1408      524F525F 
 1408      4F4F425F 
 1408      4E4F545F 
 1409              	.LASF70:
 1410 0550 4359424C 		.ascii	"CYBLE_EVT_LE_PING_AUTH_TIMEOUT\000"
 1410      455F4556 
 1410      545F4C45 
 1410      5F50494E 
 1410      475F4155 
 1411              	.LASF86:
 1412 056f 4359424C 		.ascii	"CYBLE_ERROR_L2CAP_PSM_ALREADY_REGISTERED\000"
 1412      455F4552 
 1412      524F525F 
 1412      4C324341 
 1412      505F5053 
 1413              	.LASF5:
 1414 0598 6C6F6E67 		.ascii	"long unsigned int\000"
 1414      20756E73 
 1414      69676E65 
 1414      6420696E 
 1414      7400
 1415              	.LASF46:
 1416 05aa 4359424C 		.ascii	"CYBLE_EVT_GATTS_WRITE_REQ\000"
 1416      455F4556 
 1416      545F4741 
 1416      5454535F 
 1416      57524954 
 1417              	.LASF38:
 1418 05c4 4359424C 		.ascii	"CYBLE_EVT_GATTC_XCHNG_MTU_RSP\000"
 1418      455F4556 
 1418      545F4741 
 1418      5454435F 
 1418      5843484E 
 1419              	.LASF55:
 1420 05e2 4359424C 		.ascii	"CYBLE_EVT_GATTS_DATA_SIGNED_CMD_REQ\000"
 1420      455F4556 
 1420      545F4741 
 1420      5454535F 
 1420      44415441 
 1421              	.LASF89:
 1422 0606 4359424C 		.ascii	"CYBLE_ERROR_L2CAP_CHANNEL_NOT_FOUND\000"
 1422      455F4552 
 1422      524F525F 
 1422      4C324341 
 1422      505F4348 
 1423              	.LASF108:
 1424 062a 6576656E 		.ascii	"event\000"
 1424      7400
 1425              	.LASF96:
 1426 0630 4359424C 		.ascii	"CYBLE_ERROR_NTF_DISABLED\000"
 1426      455F4552 
 1426      524F525F 
 1426      4E54465F 
 1426      44495341 
 1427              	.LASF15:
 1428 0649 4359424C 		.ascii	"CYBLE_EVT_HOST_INVALID\000"
 1428      455F4556 
ARM GAS  C:\Users\danielpi\AppData\Local\Temp\cc1ycywe.s 			page 32


 1428      545F484F 
 1428      53545F49 
 1428      4E56414C 
 1429              	.LASF41:
 1430 0660 4359424C 		.ascii	"CYBLE_EVT_GATTC_FIND_INFO_RSP\000"
 1430      455F4556 
 1430      545F4741 
 1430      5454435F 
 1430      46494E44 
 1431              	.LASF23:
 1432 067e 4359424C 		.ascii	"CYBLE_EVT_GAP_PASSKEY_ENTRY_REQUEST\000"
 1432      455F4556 
 1432      545F4741 
 1432      505F5041 
 1432      53534B45 
 1433              	.LASF28:
 1434 06a2 4359424C 		.ascii	"CYBLE_EVT_GAP_DEVICE_CONNECTED\000"
 1434      455F4556 
 1434      545F4741 
 1434      505F4445 
 1434      56494345 
 1435              	.LASF116:
 1436 06c1 4379426C 		.ascii	"CyBle_Start\000"
 1436      655F5374 
 1436      61727400 
 1437              	.LASF113:
 1438 06cd 6379426C 		.ascii	"cyBle_state\000"
 1438      655F7374 
 1438      61746500 
 1439              	.LASF24:
 1440 06d9 4359424C 		.ascii	"CYBLE_EVT_GAP_PASSKEY_DISPLAY_REQUEST\000"
 1440      455F4556 
 1440      545F4741 
 1440      505F5041 
 1440      53534B45 
 1441              	.LASF35:
 1442 06ff 4359424C 		.ascii	"CYBLE_EVT_GATT_CONNECT_IND\000"
 1442      455F4556 
 1442      545F4741 
 1442      54545F43 
 1442      4F4E4E45 
 1443              	.LASF60:
 1444 071a 4359424C 		.ascii	"CYBLE_EVT_L2CAP_COMMAND_REJ\000"
 1444      455F4556 
 1444      545F4C32 
 1444      4341505F 
 1444      434F4D4D 
 1445              	.LASF21:
 1446 0736 4359424C 		.ascii	"CYBLE_EVT_GAPC_SCAN_PROGRESS_RESULT\000"
 1446      455F4556 
 1446      545F4741 
 1446      50435F53 
 1446      43414E5F 
 1447              	.LASF95:
 1448 075a 4359424C 		.ascii	"CYBLE_ERROR_MAX\000"
 1448      455F4552 
 1448      524F525F 
ARM GAS  C:\Users\danielpi\AppData\Local\Temp\cc1ycywe.s 			page 33


 1448      4D415800 
 1449              	.LASF61:
 1450 076a 4359424C 		.ascii	"CYBLE_EVT_L2CAP_CBFC_CONN_IND\000"
 1450      455F4556 
 1450      545F4C32 
 1450      4341505F 
 1450      43424643 
 1451              	.LASF40:
 1452 0788 4359424C 		.ascii	"CYBLE_EVT_GATTC_READ_BY_TYPE_RSP\000"
 1452      455F4556 
 1452      545F4741 
 1452      5454435F 
 1452      52454144 
 1453              	.LASF14:
 1454 07a9 73697A65 		.ascii	"sizetype\000"
 1454      74797065 
 1454      00
 1455              	.LASF103:
 1456 07b2 4359424C 		.ascii	"CYBLE_STATE_INITIALIZING\000"
 1456      455F5354 
 1456      4154455F 
 1456      494E4954 
 1456      49414C49 
 1457              	.LASF26:
 1458 07cb 4359424C 		.ascii	"CYBLE_EVT_GAP_AUTH_FAILED\000"
 1458      455F4556 
 1458      545F4741 
 1458      505F4155 
 1458      54485F46 
 1459              	.LASF47:
 1460 07e5 4359424C 		.ascii	"CYBLE_EVT_GATTC_WRITE_RSP\000"
 1460      455F4556 
 1460      545F4741 
 1460      5454435F 
 1460      57524954 
 1461              	.LASF114:
 1462 07ff 64657669 		.ascii	"deviceConnected\000"
 1462      6365436F 
 1462      6E6E6563 
 1462      74656400 
 1463              	.LASF127:
 1464 080f 4379426C 		.ascii	"CyBle_ProcessEvents\000"
 1464      655F5072 
 1464      6F636573 
 1464      73457665 
 1464      6E747300 
 1465              	.LASF25:
 1466 0823 4359424C 		.ascii	"CYBLE_EVT_GAP_AUTH_COMPLETE\000"
 1466      455F4556 
 1466      545F4741 
 1466      505F4155 
 1466      54485F43 
 1467              	.LASF130:
 1468 083f 593A5C72 		.ascii	"Y:\\repos\\PSoC-4-BLE-Experiments\\Project 003 Cust"
 1468      65706F73 
 1468      5C50536F 
 1468      432D342D 
ARM GAS  C:\Users\danielpi\AppData\Local\Temp\cc1ycywe.s 			page 34


 1468      424C452D 
 1469 086f 6F6D2050 		.ascii	"om Profile CapSense RGB LED\\PSoC\\CapSenseRGB\\Cap"
 1469      726F6669 
 1469      6C652043 
 1469      61705365 
 1469      6E736520 
 1470 089f 53656E73 		.ascii	"SenseRGB.cydsn\000"
 1470      65524742 
 1470      2E637964 
 1470      736E00
 1471              	.LASF100:
 1472 08ae 4359424C 		.ascii	"CYBLE_API_RESULT_T\000"
 1472      455F4150 
 1472      495F5245 
 1472      53554C54 
 1472      5F5400
 1473              	.LASF52:
 1474 08c1 4359424C 		.ascii	"CYBLE_EVT_GATTC_HANDLE_VALUE_NTF\000"
 1474      455F4556 
 1474      545F4741 
 1474      5454435F 
 1474      48414E44 
 1475              	.LASF97:
 1476 08e2 4359424C 		.ascii	"CYBLE_ERROR_IND_DISABLED\000"
 1476      455F4552 
 1476      524F525F 
 1476      494E445F 
 1476      44495341 
 1477              	.LASF62:
 1478 08fb 4359424C 		.ascii	"CYBLE_EVT_L2CAP_CBFC_CONN_CNF\000"
 1478      455F4556 
 1478      545F4C32 
 1478      4341505F 
 1478      43424643 
 1479              	.LASF39:
 1480 0919 4359424C 		.ascii	"CYBLE_EVT_GATTC_READ_BY_GROUP_TYPE_RSP\000"
 1480      455F4556 
 1480      545F4741 
 1480      5454435F 
 1480      52454144 
 1481              	.LASF11:
 1482 0940 666C6F61 		.ascii	"float\000"
 1482      7400
 1483              	.LASF110:
 1484 0946 626C7565 		.ascii	"bluetoothEventHandler\000"
 1484      746F6F74 
 1484      68457665 
 1484      6E744861 
 1484      6E646C65 
 1485              	.LASF115:
 1486 095c 4379426C 		.ascii	"CyBle_GappStartAdvertisement\000"
 1486      655F4761 
 1486      70705374 
 1486      61727441 
 1486      64766572 
 1487              	.LASF82:
 1488 0979 4359424C 		.ascii	"CYBLE_ERROR_TX_POWER_READ\000"
ARM GAS  C:\Users\danielpi\AppData\Local\Temp\cc1ycywe.s 			page 35


 1488      455F4552 
 1488      524F525F 
 1488      54585F50 
 1488      4F574552 
 1489              	.LASF98:
 1490 0993 4359424C 		.ascii	"CYBLE_ERROR_CHAR_IS_NOT_DISCOVERED\000"
 1490      455F4552 
 1490      524F525F 
 1490      43484152 
 1490      5F49535F 
 1491              	.LASF126:
 1492 09b6 536C6964 		.ascii	"Slider_InitializeAllBaselines\000"
 1492      65725F49 
 1492      6E697469 
 1492      616C697A 
 1492      65416C6C 
 1493              	.LASF1:
 1494 09d4 756E7369 		.ascii	"unsigned char\000"
 1494      676E6564 
 1494      20636861 
 1494      7200
 1495              	.LASF2:
 1496 09e2 73686F72 		.ascii	"short int\000"
 1496      7420696E 
 1496      7400
 1497              	.LASF53:
 1498 09ec 4359424C 		.ascii	"CYBLE_EVT_GATTC_HANDLE_VALUE_IND\000"
 1498      455F4556 
 1498      545F4741 
 1498      5454435F 
 1498      48414E44 
 1499              	.LASF78:
 1500 0a0d 4359424C 		.ascii	"CYBLE_ERROR_NO_CONNECTION\000"
 1500      455F4552 
 1500      524F525F 
 1500      4E4F5F43 
 1500      4F4E4E45 
 1501              	.LASF121:
 1502 0a27 426C7565 		.ascii	"BluePrISM_WritePulse0\000"
 1502      50724953 
 1502      4D5F5772 
 1502      69746550 
 1502      756C7365 
 1503              	.LASF123:
 1504 0a3d 47524545 		.ascii	"GREEN_SetDriveMode\000"
 1504      4E5F5365 
 1504      74447269 
 1504      76654D6F 
 1504      646500
 1505              	.LASF49:
 1506 0a50 4359424C 		.ascii	"CYBLE_EVT_GATTS_PREP_WRITE_REQ\000"
 1506      455F4556 
 1506      545F4741 
 1506      5454535F 
 1506      50524550 
 1507              	.LASF54:
 1508 0a6f 4359424C 		.ascii	"CYBLE_EVT_GATTS_HANDLE_VALUE_CNF\000"
ARM GAS  C:\Users\danielpi\AppData\Local\Temp\cc1ycywe.s 			page 36


 1508      455F4556 
 1508      545F4741 
 1508      5454535F 
 1508      48414E44 
 1509              	.LASF80:
 1510 0a90 4359424C 		.ascii	"CYBLE_ERROR_REPEATED_ATTEMPTS\000"
 1510      455F4552 
 1510      524F525F 
 1510      52455045 
 1510      41544544 
 1511              	.LASF129:
 1512 0aae 2E5C6D61 		.ascii	".\\main.c\000"
 1512      696E2E63 
 1512      00
 1513              	.LASF17:
 1514 0ab7 4359424C 		.ascii	"CYBLE_EVT_TIMEOUT\000"
 1514      455F4556 
 1514      545F5449 
 1514      4D454F55 
 1514      5400
 1515              	.LASF122:
 1516 0ac9 5245445F 		.ascii	"RED_SetDriveMode\000"
 1516      53657444 
 1516      72697665 
 1516      4D6F6465 
 1516      00
 1517              	.LASF13:
 1518 0ada 63686172 		.ascii	"char\000"
 1518      00
 1519              	.LASF83:
 1520 0adf 4359424C 		.ascii	"CYBLE_ERROR_BT_ON_NOT_COMPLETED\000"
 1520      455F4552 
 1520      524F525F 
 1520      42545F4F 
 1520      4E5F4E4F 
 1521              	.LASF29:
 1522 0aff 4359424C 		.ascii	"CYBLE_EVT_GAP_DEVICE_DISCONNECTED\000"
 1522      455F4556 
 1522      545F4741 
 1522      505F4445 
 1522      56494345 
 1523              	.LASF8:
 1524 0b21 756E7369 		.ascii	"unsigned int\000"
 1524      676E6564 
 1524      20696E74 
 1524      00
 1525              	.LASF57:
 1526 0b2e 4359424C 		.ascii	"CYBLE_EVT_GATTS_READ_CHAR_VAL_ACCESS_REQ\000"
 1526      455F4556 
 1526      545F4741 
 1526      5454535F 
 1526      52454144 
 1527              	.LASF67:
 1528 0b57 4359424C 		.ascii	"CYBLE_EVT_L2CAP_CBFC_TX_CREDIT_IND\000"
 1528      455F4556 
 1528      545F4C32 
 1528      4341505F 
ARM GAS  C:\Users\danielpi\AppData\Local\Temp\cc1ycywe.s 			page 37


 1528      43424643 
 1529              	.LASF93:
 1530 0b7a 4359424C 		.ascii	"CYBLE_ERROR_FLASH_WRITE_NOT_PERMITED\000"
 1530      455F4552 
 1530      524F525F 
 1530      464C4153 
 1530      485F5752 
 1531              	.LASF88:
 1532 0b9f 4359424C 		.ascii	"CYBLE_ERROR_L2CAP_CONNECTION_ENTITY_NOT_FOUND\000"
 1532      455F4552 
 1532      524F525F 
 1532      4C324341 
 1532      505F434F 
 1533              	.LASF18:
 1534 0bcd 4359424C 		.ascii	"CYBLE_EVT_HARDWARE_ERROR\000"
 1534      455F4556 
 1534      545F4841 
 1534      52445741 
 1534      52455F45 
 1535              	.LASF3:
 1536 0be6 73686F72 		.ascii	"short unsigned int\000"
 1536      7420756E 
 1536      7369676E 
 1536      65642069 
 1536      6E7400
 1537              	.LASF74:
 1538 0bf9 4359424C 		.ascii	"CYBLE_ERROR_INVALID_OPERATION\000"
 1538      455F4552 
 1538      524F525F 
 1538      494E5641 
 1538      4C49445F 
 1539              	.LASF101:
 1540 0c17 4359424C 		.ascii	"CYBLE_CALLBACK_T\000"
 1540      455F4341 
 1540      4C4C4241 
 1540      434B5F54 
 1540      00
 1541              	.LASF37:
 1542 0c28 4359424C 		.ascii	"CYBLE_EVT_GATTS_XCNHG_MTU_REQ\000"
 1542      455F4556 
 1542      545F4741 
 1542      5454535F 
 1542      58434E48 
 1543              	.LASF109:
 1544 0c46 6576656E 		.ascii	"eventParam\000"
 1544      74506172 
 1544      616D00
 1545              	.LASF107:
 1546 0c51 4359424C 		.ascii	"CYBLE_STATE_T\000"
 1546      455F5354 
 1546      4154455F 
 1546      5400
 1547              	.LASF44:
 1548 0c5f 4359424C 		.ascii	"CYBLE_EVT_GATTC_READ_BLOB_RSP\000"
 1548      455F4556 
 1548      545F4741 
 1548      5454435F 
ARM GAS  C:\Users\danielpi\AppData\Local\Temp\cc1ycywe.s 			page 38


 1548      52454144 
 1549              	.LASF94:
 1550 0c7d 4359424C 		.ascii	"CYBLE_ERROR_MIC_AUTH_FAILED\000"
 1550      455F4552 
 1550      524F525F 
 1550      4D49435F 
 1550      41555448 
 1551              	.LASF87:
 1552 0c99 4359424C 		.ascii	"CYBLE_ERROR_L2CAP_PSM_NOT_REGISTERED\000"
 1552      455F4552 
 1552      524F525F 
 1552      4C324341 
 1552      505F5053 
 1553              	.LASF104:
 1554 0cbe 4359424C 		.ascii	"CYBLE_STATE_CONNECTED\000"
 1554      455F5354 
 1554      4154455F 
 1554      434F4E4E 
 1554      45435445 
 1555              	.LASF42:
 1556 0cd4 4359424C 		.ascii	"CYBLE_EVT_GATTC_FIND_BY_TYPE_VALUE_RSP\000"
 1556      455F4556 
 1556      545F4741 
 1556      5454435F 
 1556      46494E44 
 1557              	.LASF81:
 1558 0cfb 4359424C 		.ascii	"CYBLE_ERROR_GAP_ROLE\000"
 1558      455F4552 
 1558      524F525F 
 1558      4741505F 
 1558      524F4C45 
 1559              	.LASF33:
 1560 0d10 4359424C 		.ascii	"CYBLE_EVT_GAP_KEYINFO_EXCHNGE_CMPLT\000"
 1560      455F4556 
 1560      545F4741 
 1560      505F4B45 
 1560      59494E46 
 1561              	.LASF63:
 1562 0d34 4359424C 		.ascii	"CYBLE_EVT_L2CAP_CBFC_DISCONN_IND\000"
 1562      455F4556 
 1562      545F4C32 
 1562      4341505F 
 1562      43424643 
 1563              	.LASF59:
 1564 0d55 4359424C 		.ascii	"CYBLE_EVT_L2CAP_CONN_PARAM_UPDATE_RSP\000"
 1564      455F4556 
 1564      545F4C32 
 1564      4341505F 
 1564      434F4E4E 
 1565              	.LASF112:
 1566 0d7b 6D61696E 		.ascii	"main\000"
 1566      00
 1567              	.LASF124:
 1568 0d80 424C5545 		.ascii	"BLUE_SetDriveMode\000"
 1568      5F536574 
 1568      44726976 
 1568      654D6F64 
ARM GAS  C:\Users\danielpi\AppData\Local\Temp\cc1ycywe.s 			page 39


 1568      6500
 1569              	.LASF36:
 1570 0d92 4359424C 		.ascii	"CYBLE_EVT_GATT_DISCONNECT_IND\000"
 1570      455F4556 
 1570      545F4741 
 1570      54545F44 
 1570      4953434F 
 1571              	.LASF91:
 1572 0db0 4359424C 		.ascii	"CYBLE_ERROR_GATT_DB_INVALID_ATTR_HANDLE\000"
 1572      455F4552 
 1572      524F525F 
 1572      47415454 
 1572      5F44425F 
 1573              	.LASF111:
 1574 0dd8 696E6974 		.ascii	"initializeSystem\000"
 1574      69616C69 
 1574      7A655379 
 1574      7374656D 
 1574      00
 1575              		.ident	"GCC: (GNU Tools for ARM Embedded Processors) 4.8.4 20140526 (release) [ARM/embedded-4_8-br
