ARM GAS  C:\Users\danielpi\AppData\Local\Temp\ccUrt4yh.s 			page 1


   1              		.cpu cortex-m0
   2              		.fpu softvfp
   3              		.eabi_attribute 20, 1
   4              		.eabi_attribute 21, 1
   5              		.eabi_attribute 23, 3
   6              		.eabi_attribute 24, 1
   7              		.eabi_attribute 25, 1
   8              		.eabi_attribute 26, 1
   9              		.eabi_attribute 30, 1
  10              		.eabi_attribute 34, 0
  11              		.eabi_attribute 18, 4
  12              		.code	16
  13              		.file	"Slider_INT.c"
  14              		.text
  15              	.Ltext0:
  16              		.cfi_sections	.debug_frame
  17              		.section	.text.Slider_ISR,"ax",%progbits
  18              		.align	2
  19              		.global	Slider_ISR
  20              		.code	16
  21              		.thumb_func
  22              		.type	Slider_ISR, %function
  23              	Slider_ISR:
  24              	.LFB35:
  25              		.file 1 ".\\Generated_Source\\PSoC4\\Slider_INT.c"
   1:.\Generated_Source\PSoC4/Slider_INT.c **** /*******************************************************************************
   2:.\Generated_Source\PSoC4/Slider_INT.c **** * File Name: Slider_INT.c
   3:.\Generated_Source\PSoC4/Slider_INT.c **** * Version 2.20
   4:.\Generated_Source\PSoC4/Slider_INT.c **** *
   5:.\Generated_Source\PSoC4/Slider_INT.c **** * Description:
   6:.\Generated_Source\PSoC4/Slider_INT.c **** *  This file provides the source code of the  Interrupt Service Routine (ISR)
   7:.\Generated_Source\PSoC4/Slider_INT.c **** *  for the CapSense CSD component.
   8:.\Generated_Source\PSoC4/Slider_INT.c **** *
   9:.\Generated_Source\PSoC4/Slider_INT.c **** * Note:
  10:.\Generated_Source\PSoC4/Slider_INT.c **** *
  11:.\Generated_Source\PSoC4/Slider_INT.c **** ********************************************************************************
  12:.\Generated_Source\PSoC4/Slider_INT.c **** * Copyright 2014, Cypress Semiconductor Corporation.  All rights reserved.
  13:.\Generated_Source\PSoC4/Slider_INT.c **** * You may use this file only in accordance with the license, terms, conditions,
  14:.\Generated_Source\PSoC4/Slider_INT.c **** * disclaimers, and limitations in the end user license agreement accompanying
  15:.\Generated_Source\PSoC4/Slider_INT.c **** * the software package with which this file was provided.
  16:.\Generated_Source\PSoC4/Slider_INT.c **** *******************************************************************************/
  17:.\Generated_Source\PSoC4/Slider_INT.c **** 
  18:.\Generated_Source\PSoC4/Slider_INT.c **** #include "Slider.h"
  19:.\Generated_Source\PSoC4/Slider_INT.c **** #include "Slider_PVT.h"
  20:.\Generated_Source\PSoC4/Slider_INT.c **** 
  21:.\Generated_Source\PSoC4/Slider_INT.c **** /*******************************************************************************
  22:.\Generated_Source\PSoC4/Slider_INT.c **** *  Place your includes, defines and code here 
  23:.\Generated_Source\PSoC4/Slider_INT.c **** ********************************************************************************/
  24:.\Generated_Source\PSoC4/Slider_INT.c **** /* `#START Slider_ISR_INTC` */
  25:.\Generated_Source\PSoC4/Slider_INT.c **** 
  26:.\Generated_Source\PSoC4/Slider_INT.c **** /* `#END` */
  27:.\Generated_Source\PSoC4/Slider_INT.c **** 
  28:.\Generated_Source\PSoC4/Slider_INT.c **** 
  29:.\Generated_Source\PSoC4/Slider_INT.c **** /*******************************************************************************
  30:.\Generated_Source\PSoC4/Slider_INT.c **** * Function Name: Slider_ISR
  31:.\Generated_Source\PSoC4/Slider_INT.c **** ********************************************************************************
  32:.\Generated_Source\PSoC4/Slider_INT.c **** *
ARM GAS  C:\Users\danielpi\AppData\Local\Temp\ccUrt4yh.s 			page 2


  33:.\Generated_Source\PSoC4/Slider_INT.c **** * Summary:
  34:.\Generated_Source\PSoC4/Slider_INT.c **** *  This ISR is executed when the measure window is closed. The measure window 
  35:.\Generated_Source\PSoC4/Slider_INT.c **** *  depends on the sensor scan resolution parameter. 
  36:.\Generated_Source\PSoC4/Slider_INT.c **** *  The ISR has two modes: 
  37:.\Generated_Source\PSoC4/Slider_INT.c **** *   1. Scans a single sensor and stores the measure result.
  38:.\Generated_Source\PSoC4/Slider_INT.c **** *   2. Stores the result of the current measure and starts the next scan till all 
  39:.\Generated_Source\PSoC4/Slider_INT.c **** *      the enabled sensors are scanned.
  40:.\Generated_Source\PSoC4/Slider_INT.c **** *  This interrupt handler is only used in one channel designs.
  41:.\Generated_Source\PSoC4/Slider_INT.c **** *
  42:.\Generated_Source\PSoC4/Slider_INT.c **** * Parameters:
  43:.\Generated_Source\PSoC4/Slider_INT.c **** *  None
  44:.\Generated_Source\PSoC4/Slider_INT.c **** *
  45:.\Generated_Source\PSoC4/Slider_INT.c **** * Return:
  46:.\Generated_Source\PSoC4/Slider_INT.c **** *  None
  47:.\Generated_Source\PSoC4/Slider_INT.c **** *
  48:.\Generated_Source\PSoC4/Slider_INT.c **** * Global Variables:
  49:.\Generated_Source\PSoC4/Slider_INT.c **** *  Slider_csv - used to provide the status and mode of the scanning process.
  50:.\Generated_Source\PSoC4/Slider_INT.c **** *   Mode - a single scan or scan of all the enabled sensors.
  51:.\Generated_Source\PSoC4/Slider_INT.c **** *   Status - scan is in progress or ready for new scan.
  52:.\Generated_Source\PSoC4/Slider_INT.c **** *  Slider_sensorIndex - used to store a sensor scanning sensor number.
  53:.\Generated_Source\PSoC4/Slider_INT.c **** *
  54:.\Generated_Source\PSoC4/Slider_INT.c **** * Reentrant:
  55:.\Generated_Source\PSoC4/Slider_INT.c **** *  No
  56:.\Generated_Source\PSoC4/Slider_INT.c **** *
  57:.\Generated_Source\PSoC4/Slider_INT.c **** *******************************************************************************/
  58:.\Generated_Source\PSoC4/Slider_INT.c **** CY_ISR(Slider_ISR)
  59:.\Generated_Source\PSoC4/Slider_INT.c **** {
  26              		.loc 1 59 0
  27              		.cfi_startproc
  28 0000 38B5     		push	{r3, r4, r5, lr}
  29              		.cfi_def_cfa_offset 16
  30              		.cfi_offset 3, -16
  31              		.cfi_offset 4, -12
  32              		.cfi_offset 5, -8
  33              		.cfi_offset 14, -4
  60:.\Generated_Source\PSoC4/Slider_INT.c ****     static uint8 Slider_snsIndexTmp;
  61:.\Generated_Source\PSoC4/Slider_INT.c **** 	/*  Place your Interrupt code here. */
  62:.\Generated_Source\PSoC4/Slider_INT.c ****     /* `#START Slider_ISR_ENTER` */
  63:.\Generated_Source\PSoC4/Slider_INT.c **** 
  64:.\Generated_Source\PSoC4/Slider_INT.c ****     /* `#END` */
  65:.\Generated_Source\PSoC4/Slider_INT.c **** 
  66:.\Generated_Source\PSoC4/Slider_INT.c **** 	CyIntDisable(Slider_ISR_NUMBER);
  34              		.loc 1 66 0
  35 0002 1020     		mov	r0, #16
  36 0004 FFF7FEFF 		bl	CyIntDisable
  37              	.LVL0:
  67:.\Generated_Source\PSoC4/Slider_INT.c ****     
  68:.\Generated_Source\PSoC4/Slider_INT.c ****     Slider_CSD_INTR_REG = 1u;
  38              		.loc 1 68 0
  39 0008 0122     		mov	r2, #1
  40 000a 1E4B     		ldr	r3, .L7
  41 000c 1A60     		str	r2, [r3]
  69:.\Generated_Source\PSoC4/Slider_INT.c **** 
  70:.\Generated_Source\PSoC4/Slider_INT.c ****     Slider_PostScan((uint32)Slider_sensorIndex);
  42              		.loc 1 70 0
  43 000e 1E4B     		ldr	r3, .L7+4
  44 0010 1878     		ldrb	r0, [r3]
ARM GAS  C:\Users\danielpi\AppData\Local\Temp\ccUrt4yh.s 			page 3


  45 0012 C0B2     		uxtb	r0, r0
  46 0014 FFF7FEFF 		bl	Slider_PostScan
  47              	.LVL1:
  71:.\Generated_Source\PSoC4/Slider_INT.c ****             
  72:.\Generated_Source\PSoC4/Slider_INT.c ****     if ((Slider_csdStatusVar & Slider_SW_CTRL_SINGLE_SCAN) != 0u)
  48              		.loc 1 72 0
  49 0018 1C4B     		ldr	r3, .L7+8
  50 001a 1B78     		ldrb	r3, [r3]
  51 001c 5BB2     		sxtb	r3, r3
  52 001e 002B     		cmp	r3, #0
  53 0020 05DA     		bge	.L2
  73:.\Generated_Source\PSoC4/Slider_INT.c ****     {
  74:.\Generated_Source\PSoC4/Slider_INT.c ****         Slider_csdStatusVar &= (uint8)~Slider_SW_STS_BUSY;
  54              		.loc 1 74 0
  55 0022 1A4B     		ldr	r3, .L7+8
  56 0024 1A78     		ldrb	r2, [r3]
  57 0026 0121     		mov	r1, #1
  58 0028 8A43     		bic	r2, r1
  59 002a 1A70     		strb	r2, [r3]
  60 002c 26E0     		b	.L3
  61              	.L2:
  75:.\Generated_Source\PSoC4/Slider_INT.c ****     }
  76:.\Generated_Source\PSoC4/Slider_INT.c ****     else
  77:.\Generated_Source\PSoC4/Slider_INT.c ****     {
  78:.\Generated_Source\PSoC4/Slider_INT.c ****         /* Proceed scanning */
  79:.\Generated_Source\PSoC4/Slider_INT.c ****         Slider_sensorIndex = Slider_FindNextSensor(Slider_sensorIndex);
  62              		.loc 1 79 0
  63 002e 164C     		ldr	r4, .L7+4
  64 0030 2078     		ldrb	r0, [r4]
  65 0032 C0B2     		uxtb	r0, r0
  66 0034 FFF7FEFF 		bl	Slider_FindNextSensor
  67              	.LVL2:
  68 0038 2070     		strb	r0, [r4]
  80:.\Generated_Source\PSoC4/Slider_INT.c ****         
  81:.\Generated_Source\PSoC4/Slider_INT.c ****         /* Check end of scan */
  82:.\Generated_Source\PSoC4/Slider_INT.c ****         if(Slider_sensorIndex < Slider_TOTAL_SENSOR_COUNT)
  69              		.loc 1 82 0
  70 003a 2378     		ldrb	r3, [r4]
  71 003c DBB2     		uxtb	r3, r3
  72 003e 042B     		cmp	r3, #4
  73 0040 05D8     		bhi	.L4
  83:.\Generated_Source\PSoC4/Slider_INT.c ****         {
  84:.\Generated_Source\PSoC4/Slider_INT.c ****             Slider_PreScan((uint32)Slider_sensorIndex);
  74              		.loc 1 84 0
  75 0042 114B     		ldr	r3, .L7+4
  76 0044 1878     		ldrb	r0, [r3]
  77 0046 C0B2     		uxtb	r0, r0
  78 0048 FFF7FEFF 		bl	Slider_PreScan
  79              	.LVL3:
  80 004c 16E0     		b	.L3
  81              	.L4:
  85:.\Generated_Source\PSoC4/Slider_INT.c ****         }
  86:.\Generated_Source\PSoC4/Slider_INT.c ****         else
  87:.\Generated_Source\PSoC4/Slider_INT.c ****         {
  88:.\Generated_Source\PSoC4/Slider_INT.c ****             Slider_csdStatusVar &= (uint8)~Slider_SW_STS_BUSY;
  82              		.loc 1 88 0
  83 004e 0F4B     		ldr	r3, .L7+8
ARM GAS  C:\Users\danielpi\AppData\Local\Temp\ccUrt4yh.s 			page 4


  84 0050 1A78     		ldrb	r2, [r3]
  85 0052 0121     		mov	r1, #1
  86 0054 8A43     		bic	r2, r1
  87 0056 1A70     		strb	r2, [r3]
  89:.\Generated_Source\PSoC4/Slider_INT.c **** 
  90:.\Generated_Source\PSoC4/Slider_INT.c **** 			 /* Check if widget has been scanned */
  91:.\Generated_Source\PSoC4/Slider_INT.c **** 			if((Slider_csdStatusVar & Slider_SW_CTRL_WIDGET_SCAN) != 0u)
  88              		.loc 1 91 0
  89 0058 1B78     		ldrb	r3, [r3]
  90 005a 5A06     		lsl	r2, r3, #25
  91 005c 0ED5     		bpl	.L3
  92:.\Generated_Source\PSoC4/Slider_INT.c **** 			{
  93:.\Generated_Source\PSoC4/Slider_INT.c **** 			    /* Restore sensorEnableMask array */
  94:.\Generated_Source\PSoC4/Slider_INT.c **** 				for(Slider_snsIndexTmp = 0u; 
  92              		.loc 1 94 0
  93 005e 0022     		mov	r2, #0
  94 0060 0B4B     		ldr	r3, .L7+12
  95 0062 1A70     		strb	r2, [r3]
  95:.\Generated_Source\PSoC4/Slider_INT.c **** 				    Slider_snsIndexTmp < Slider_TOTAL_SENSOR_MASK; 
  96              		.loc 1 95 0
  97 0064 191C     		mov	r1, r3
  96:.\Generated_Source\PSoC4/Slider_INT.c **** 					Slider_snsIndexTmp++)
  97:.\Generated_Source\PSoC4/Slider_INT.c **** 				{
  98:.\Generated_Source\PSoC4/Slider_INT.c **** 					/* Backup sensorEnableMask array */
  99:.\Generated_Source\PSoC4/Slider_INT.c **** 					Slider_sensorEnableMask[Slider_snsIndexTmp] = Slider_sensorEnableMaskBackup[Slider_snsIndexTmp
  98              		.loc 1 99 0
  99 0066 0B4D     		ldr	r5, .L7+16
 100 0068 0B4C     		ldr	r4, .L7+20
  96:.\Generated_Source\PSoC4/Slider_INT.c **** 					Slider_snsIndexTmp++)
 101              		.loc 1 96 0
 102 006a 181C     		mov	r0, r3
  94:.\Generated_Source\PSoC4/Slider_INT.c **** 				for(Slider_snsIndexTmp = 0u; 
 103              		.loc 1 94 0
 104 006c 03E0     		b	.L5
 105              	.L6:
 106              		.loc 1 99 0
 107 006e EA5C     		ldrb	r2, [r5, r3]
 108 0070 E254     		strb	r2, [r4, r3]
  96:.\Generated_Source\PSoC4/Slider_INT.c **** 					Slider_snsIndexTmp++)
 109              		.loc 1 96 0
 110 0072 0133     		add	r3, r3, #1
 111 0074 0370     		strb	r3, [r0]
 112              	.L5:
  95:.\Generated_Source\PSoC4/Slider_INT.c **** 				    Slider_snsIndexTmp < Slider_TOTAL_SENSOR_MASK; 
 113              		.loc 1 95 0 discriminator 1
 114 0076 0B78     		ldrb	r3, [r1]
  94:.\Generated_Source\PSoC4/Slider_INT.c **** 				for(Slider_snsIndexTmp = 0u; 
 115              		.loc 1 94 0 discriminator 1
 116 0078 002B     		cmp	r3, #0
 117 007a F8D0     		beq	.L6
 118              	.L3:
 100:.\Generated_Source\PSoC4/Slider_INT.c **** 				}
 101:.\Generated_Source\PSoC4/Slider_INT.c **** 			}
 102:.\Generated_Source\PSoC4/Slider_INT.c ****         } 
 103:.\Generated_Source\PSoC4/Slider_INT.c ****     }
 104:.\Generated_Source\PSoC4/Slider_INT.c ****     CyIntEnable(Slider_ISR_NUMBER);
 119              		.loc 1 104 0
ARM GAS  C:\Users\danielpi\AppData\Local\Temp\ccUrt4yh.s 			page 5


 120 007c 1020     		mov	r0, #16
 121 007e FFF7FEFF 		bl	CyIntEnable
 122              	.LVL4:
 105:.\Generated_Source\PSoC4/Slider_INT.c **** 	
 106:.\Generated_Source\PSoC4/Slider_INT.c **** 	/*  Place your Interrupt code here. */
 107:.\Generated_Source\PSoC4/Slider_INT.c ****     /* `#START Slider_ISR_EXIT` */
 108:.\Generated_Source\PSoC4/Slider_INT.c **** 
 109:.\Generated_Source\PSoC4/Slider_INT.c ****     /* `#END` */
 110:.\Generated_Source\PSoC4/Slider_INT.c **** }
 123              		.loc 1 110 0
 124              		@ sp needed
 125 0082 38BD     		pop	{r3, r4, r5, pc}
 126              	.L8:
 127              		.align	2
 128              	.L7:
 129 0084 14002840 		.word	1076363284
 130 0088 00000000 		.word	Slider_sensorIndex
 131 008c 00000000 		.word	Slider_csdStatusVar
 132 0090 00000000 		.word	.LANCHOR0
 133 0094 00000000 		.word	Slider_sensorEnableMaskBackup
 134 0098 00000000 		.word	Slider_sensorEnableMask
 135              		.cfi_endproc
 136              	.LFE35:
 137              		.size	Slider_ISR, .-Slider_ISR
 138              		.bss
 139              		.set	.LANCHOR0,. + 0
 140              		.type	Slider_snsIndexTmp.5240, %object
 141              		.size	Slider_snsIndexTmp.5240, 1
 142              	Slider_snsIndexTmp.5240:
 143 0000 00       		.space	1
 144              		.text
 145              	.Letext0:
 146              		.file 2 ".\\Generated_Source\\PSoC4\\cytypes.h"
 147              		.file 3 ".\\Generated_Source\\PSoC4\\Slider.h"
 148              		.file 4 ".\\Generated_Source\\PSoC4\\CyLib.h"
 149              		.file 5 ".\\Generated_Source\\PSoC4\\Slider_PVT.h"
 150              		.section	.debug_info,"",%progbits
 151              	.Ldebug_info0:
 152 0000 A9010000 		.4byte	0x1a9
 153 0004 0400     		.2byte	0x4
 154 0006 00000000 		.4byte	.Ldebug_abbrev0
 155 000a 04       		.byte	0x4
 156 000b 01       		.uleb128 0x1
 157 000c 8F010000 		.4byte	.LASF23
 158 0010 01       		.byte	0x1
 159 0011 14020000 		.4byte	.LASF24
 160 0015 9A000000 		.4byte	.LASF25
 161 0019 00000000 		.4byte	.Ldebug_ranges0+0
 162 001d 00000000 		.4byte	0
 163 0021 00000000 		.4byte	.Ldebug_line0
 164 0025 02       		.uleb128 0x2
 165 0026 01       		.byte	0x1
 166 0027 06       		.byte	0x6
 167 0028 80020000 		.4byte	.LASF0
 168 002c 02       		.uleb128 0x2
 169 002d 01       		.byte	0x1
 170 002e 08       		.byte	0x8
ARM GAS  C:\Users\danielpi\AppData\Local\Temp\ccUrt4yh.s 			page 6


 171 002f 53000000 		.4byte	.LASF1
 172 0033 02       		.uleb128 0x2
 173 0034 02       		.byte	0x2
 174 0035 05       		.byte	0x5
 175 0036 5A020000 		.4byte	.LASF2
 176 003a 02       		.uleb128 0x2
 177 003b 02       		.byte	0x2
 178 003c 07       		.byte	0x7
 179 003d 3A000000 		.4byte	.LASF3
 180 0041 02       		.uleb128 0x2
 181 0042 04       		.byte	0x4
 182 0043 05       		.byte	0x5
 183 0044 77020000 		.4byte	.LASF4
 184 0048 02       		.uleb128 0x2
 185 0049 04       		.byte	0x4
 186 004a 07       		.byte	0x7
 187 004b 4A010000 		.4byte	.LASF5
 188 004f 02       		.uleb128 0x2
 189 0050 08       		.byte	0x8
 190 0051 05       		.byte	0x5
 191 0052 3A020000 		.4byte	.LASF6
 192 0056 02       		.uleb128 0x2
 193 0057 08       		.byte	0x8
 194 0058 07       		.byte	0x7
 195 0059 78010000 		.4byte	.LASF7
 196 005d 03       		.uleb128 0x3
 197 005e 04       		.byte	0x4
 198 005f 05       		.byte	0x5
 199 0060 696E7400 		.ascii	"int\000"
 200 0064 02       		.uleb128 0x2
 201 0065 04       		.byte	0x4
 202 0066 07       		.byte	0x7
 203 0067 5C010000 		.4byte	.LASF8
 204 006b 04       		.uleb128 0x4
 205 006c 7C000000 		.4byte	.LASF9
 206 0070 02       		.byte	0x2
 207 0071 C1       		.byte	0xc1
 208 0072 2C000000 		.4byte	0x2c
 209 0076 04       		.uleb128 0x4
 210 0077 43010000 		.4byte	.LASF10
 211 007b 02       		.byte	0x2
 212 007c C3       		.byte	0xc3
 213 007d 48000000 		.4byte	0x48
 214 0081 02       		.uleb128 0x2
 215 0082 04       		.byte	0x4
 216 0083 04       		.byte	0x4
 217 0084 4D000000 		.4byte	.LASF11
 218 0088 02       		.uleb128 0x2
 219 0089 08       		.byte	0x8
 220 008a 04       		.byte	0x4
 221 008b 09010000 		.4byte	.LASF12
 222 008f 02       		.uleb128 0x2
 223 0090 01       		.byte	0x1
 224 0091 08       		.byte	0x8
 225 0092 48020000 		.4byte	.LASF13
 226 0096 05       		.uleb128 0x5
 227 0097 6B000000 		.4byte	0x6b
ARM GAS  C:\Users\danielpi\AppData\Local\Temp\ccUrt4yh.s 			page 7


 228 009b 06       		.uleb128 0x6
 229 009c 1E000000 		.4byte	.LASF14
 230 00a0 02       		.byte	0x2
 231 00a1 6D01     		.2byte	0x16d
 232 00a3 A7000000 		.4byte	0xa7
 233 00a7 05       		.uleb128 0x5
 234 00a8 76000000 		.4byte	0x76
 235 00ac 02       		.uleb128 0x2
 236 00ad 04       		.byte	0x4
 237 00ae 07       		.byte	0x7
 238 00af 0B020000 		.4byte	.LASF15
 239 00b3 07       		.uleb128 0x7
 240 00b4 61000000 		.4byte	.LASF26
 241 00b8 01       		.byte	0x1
 242 00b9 3A       		.byte	0x3a
 243 00ba 00000000 		.4byte	.LFB35
 244 00be 9C000000 		.4byte	.LFE35-.LFB35
 245 00c2 01       		.uleb128 0x1
 246 00c3 9C       		.byte	0x9c
 247 00c4 17010000 		.4byte	0x117
 248 00c8 08       		.uleb128 0x8
 249 00c9 10010000 		.4byte	.LASF27
 250 00cd 01       		.byte	0x1
 251 00ce 3C       		.byte	0x3c
 252 00cf 6B000000 		.4byte	0x6b
 253 00d3 05       		.uleb128 0x5
 254 00d4 03       		.byte	0x3
 255 00d5 00000000 		.4byte	Slider_snsIndexTmp.5240
 256 00d9 09       		.uleb128 0x9
 257 00da 08000000 		.4byte	.LVL0
 258 00de 57010000 		.4byte	0x157
 259 00e2 EC000000 		.4byte	0xec
 260 00e6 0A       		.uleb128 0xa
 261 00e7 01       		.uleb128 0x1
 262 00e8 50       		.byte	0x50
 263 00e9 01       		.uleb128 0x1
 264 00ea 40       		.byte	0x40
 265 00eb 00       		.byte	0
 266 00ec 0B       		.uleb128 0xb
 267 00ed 18000000 		.4byte	.LVL1
 268 00f1 68010000 		.4byte	0x168
 269 00f5 0B       		.uleb128 0xb
 270 00f6 38000000 		.4byte	.LVL2
 271 00fa 79010000 		.4byte	0x179
 272 00fe 0B       		.uleb128 0xb
 273 00ff 4C000000 		.4byte	.LVL3
 274 0103 8E010000 		.4byte	0x18e
 275 0107 0C       		.uleb128 0xc
 276 0108 82000000 		.4byte	.LVL4
 277 010c 9F010000 		.4byte	0x19f
 278 0110 0A       		.uleb128 0xa
 279 0111 01       		.uleb128 0x1
 280 0112 50       		.byte	0x50
 281 0113 01       		.uleb128 0x1
 282 0114 40       		.byte	0x40
 283 0115 00       		.byte	0
 284 0116 00       		.byte	0
ARM GAS  C:\Users\danielpi\AppData\Local\Temp\ccUrt4yh.s 			page 8


 285 0117 0D       		.uleb128 0xd
 286 0118 2F010000 		.4byte	.LASF16
 287 011c 03       		.byte	0x3
 288 011d D203     		.2byte	0x3d2
 289 011f 96000000 		.4byte	0x96
 290 0123 0D       		.uleb128 0xd
 291 0124 64020000 		.4byte	.LASF17
 292 0128 03       		.byte	0x3
 293 0129 D303     		.2byte	0x3d3
 294 012b 96000000 		.4byte	0x96
 295 012f 0E       		.uleb128 0xe
 296 0130 6B000000 		.4byte	0x6b
 297 0134 3F010000 		.4byte	0x13f
 298 0138 0F       		.uleb128 0xf
 299 0139 AC000000 		.4byte	0xac
 300 013d 00       		.byte	0
 301 013e 00       		.byte	0
 302 013f 0D       		.uleb128 0xd
 303 0140 00000000 		.4byte	.LASF18
 304 0144 03       		.byte	0x3
 305 0145 D603     		.2byte	0x3d6
 306 0147 2F010000 		.4byte	0x12f
 307 014b 0D       		.uleb128 0xd
 308 014c 82000000 		.4byte	.LASF19
 309 0150 03       		.byte	0x3
 310 0151 D703     		.2byte	0x3d7
 311 0153 2F010000 		.4byte	0x12f
 312 0157 10       		.uleb128 0x10
 313 0158 4D020000 		.4byte	.LASF20
 314 015c 04       		.byte	0x4
 315 015d 4E       		.byte	0x4e
 316 015e 68010000 		.4byte	0x168
 317 0162 11       		.uleb128 0x11
 318 0163 6B000000 		.4byte	0x6b
 319 0167 00       		.byte	0
 320 0168 10       		.uleb128 0x10
 321 0169 6C000000 		.4byte	.LASF21
 322 016d 05       		.byte	0x5
 323 016e 52       		.byte	0x52
 324 016f 79010000 		.4byte	0x179
 325 0173 11       		.uleb128 0x11
 326 0174 76000000 		.4byte	0x76
 327 0178 00       		.byte	0
 328 0179 12       		.uleb128 0x12
 329 017a 24000000 		.4byte	.LASF28
 330 017e 05       		.byte	0x5
 331 017f 65       		.byte	0x65
 332 0180 6B000000 		.4byte	0x6b
 333 0184 8E010000 		.4byte	0x18e
 334 0188 11       		.uleb128 0x11
 335 0189 6B000000 		.4byte	0x6b
 336 018d 00       		.byte	0
 337 018e 10       		.uleb128 0x10
 338 018f 69010000 		.4byte	.LASF22
 339 0193 05       		.byte	0x5
 340 0194 51       		.byte	0x51
 341 0195 9F010000 		.4byte	0x19f
ARM GAS  C:\Users\danielpi\AppData\Local\Temp\ccUrt4yh.s 			page 9


 342 0199 11       		.uleb128 0x11
 343 019a 76000000 		.4byte	0x76
 344 019e 00       		.byte	0
 345 019f 13       		.uleb128 0x13
 346 01a0 23010000 		.4byte	.LASF29
 347 01a4 04       		.byte	0x4
 348 01a5 4C       		.byte	0x4c
 349 01a6 11       		.uleb128 0x11
 350 01a7 6B000000 		.4byte	0x6b
 351 01ab 00       		.byte	0
 352 01ac 00       		.byte	0
 353              		.section	.debug_abbrev,"",%progbits
 354              	.Ldebug_abbrev0:
 355 0000 01       		.uleb128 0x1
 356 0001 11       		.uleb128 0x11
 357 0002 01       		.byte	0x1
 358 0003 25       		.uleb128 0x25
 359 0004 0E       		.uleb128 0xe
 360 0005 13       		.uleb128 0x13
 361 0006 0B       		.uleb128 0xb
 362 0007 03       		.uleb128 0x3
 363 0008 0E       		.uleb128 0xe
 364 0009 1B       		.uleb128 0x1b
 365 000a 0E       		.uleb128 0xe
 366 000b 55       		.uleb128 0x55
 367 000c 17       		.uleb128 0x17
 368 000d 11       		.uleb128 0x11
 369 000e 01       		.uleb128 0x1
 370 000f 10       		.uleb128 0x10
 371 0010 17       		.uleb128 0x17
 372 0011 00       		.byte	0
 373 0012 00       		.byte	0
 374 0013 02       		.uleb128 0x2
 375 0014 24       		.uleb128 0x24
 376 0015 00       		.byte	0
 377 0016 0B       		.uleb128 0xb
 378 0017 0B       		.uleb128 0xb
 379 0018 3E       		.uleb128 0x3e
 380 0019 0B       		.uleb128 0xb
 381 001a 03       		.uleb128 0x3
 382 001b 0E       		.uleb128 0xe
 383 001c 00       		.byte	0
 384 001d 00       		.byte	0
 385 001e 03       		.uleb128 0x3
 386 001f 24       		.uleb128 0x24
 387 0020 00       		.byte	0
 388 0021 0B       		.uleb128 0xb
 389 0022 0B       		.uleb128 0xb
 390 0023 3E       		.uleb128 0x3e
 391 0024 0B       		.uleb128 0xb
 392 0025 03       		.uleb128 0x3
 393 0026 08       		.uleb128 0x8
 394 0027 00       		.byte	0
 395 0028 00       		.byte	0
 396 0029 04       		.uleb128 0x4
 397 002a 16       		.uleb128 0x16
 398 002b 00       		.byte	0
ARM GAS  C:\Users\danielpi\AppData\Local\Temp\ccUrt4yh.s 			page 10


 399 002c 03       		.uleb128 0x3
 400 002d 0E       		.uleb128 0xe
 401 002e 3A       		.uleb128 0x3a
 402 002f 0B       		.uleb128 0xb
 403 0030 3B       		.uleb128 0x3b
 404 0031 0B       		.uleb128 0xb
 405 0032 49       		.uleb128 0x49
 406 0033 13       		.uleb128 0x13
 407 0034 00       		.byte	0
 408 0035 00       		.byte	0
 409 0036 05       		.uleb128 0x5
 410 0037 35       		.uleb128 0x35
 411 0038 00       		.byte	0
 412 0039 49       		.uleb128 0x49
 413 003a 13       		.uleb128 0x13
 414 003b 00       		.byte	0
 415 003c 00       		.byte	0
 416 003d 06       		.uleb128 0x6
 417 003e 16       		.uleb128 0x16
 418 003f 00       		.byte	0
 419 0040 03       		.uleb128 0x3
 420 0041 0E       		.uleb128 0xe
 421 0042 3A       		.uleb128 0x3a
 422 0043 0B       		.uleb128 0xb
 423 0044 3B       		.uleb128 0x3b
 424 0045 05       		.uleb128 0x5
 425 0046 49       		.uleb128 0x49
 426 0047 13       		.uleb128 0x13
 427 0048 00       		.byte	0
 428 0049 00       		.byte	0
 429 004a 07       		.uleb128 0x7
 430 004b 2E       		.uleb128 0x2e
 431 004c 01       		.byte	0x1
 432 004d 3F       		.uleb128 0x3f
 433 004e 19       		.uleb128 0x19
 434 004f 03       		.uleb128 0x3
 435 0050 0E       		.uleb128 0xe
 436 0051 3A       		.uleb128 0x3a
 437 0052 0B       		.uleb128 0xb
 438 0053 3B       		.uleb128 0x3b
 439 0054 0B       		.uleb128 0xb
 440 0055 27       		.uleb128 0x27
 441 0056 19       		.uleb128 0x19
 442 0057 11       		.uleb128 0x11
 443 0058 01       		.uleb128 0x1
 444 0059 12       		.uleb128 0x12
 445 005a 06       		.uleb128 0x6
 446 005b 40       		.uleb128 0x40
 447 005c 18       		.uleb128 0x18
 448 005d 9742     		.uleb128 0x2117
 449 005f 19       		.uleb128 0x19
 450 0060 01       		.uleb128 0x1
 451 0061 13       		.uleb128 0x13
 452 0062 00       		.byte	0
 453 0063 00       		.byte	0
 454 0064 08       		.uleb128 0x8
 455 0065 34       		.uleb128 0x34
ARM GAS  C:\Users\danielpi\AppData\Local\Temp\ccUrt4yh.s 			page 11


 456 0066 00       		.byte	0
 457 0067 03       		.uleb128 0x3
 458 0068 0E       		.uleb128 0xe
 459 0069 3A       		.uleb128 0x3a
 460 006a 0B       		.uleb128 0xb
 461 006b 3B       		.uleb128 0x3b
 462 006c 0B       		.uleb128 0xb
 463 006d 49       		.uleb128 0x49
 464 006e 13       		.uleb128 0x13
 465 006f 02       		.uleb128 0x2
 466 0070 18       		.uleb128 0x18
 467 0071 00       		.byte	0
 468 0072 00       		.byte	0
 469 0073 09       		.uleb128 0x9
 470 0074 898201   		.uleb128 0x4109
 471 0077 01       		.byte	0x1
 472 0078 11       		.uleb128 0x11
 473 0079 01       		.uleb128 0x1
 474 007a 31       		.uleb128 0x31
 475 007b 13       		.uleb128 0x13
 476 007c 01       		.uleb128 0x1
 477 007d 13       		.uleb128 0x13
 478 007e 00       		.byte	0
 479 007f 00       		.byte	0
 480 0080 0A       		.uleb128 0xa
 481 0081 8A8201   		.uleb128 0x410a
 482 0084 00       		.byte	0
 483 0085 02       		.uleb128 0x2
 484 0086 18       		.uleb128 0x18
 485 0087 9142     		.uleb128 0x2111
 486 0089 18       		.uleb128 0x18
 487 008a 00       		.byte	0
 488 008b 00       		.byte	0
 489 008c 0B       		.uleb128 0xb
 490 008d 898201   		.uleb128 0x4109
 491 0090 00       		.byte	0
 492 0091 11       		.uleb128 0x11
 493 0092 01       		.uleb128 0x1
 494 0093 31       		.uleb128 0x31
 495 0094 13       		.uleb128 0x13
 496 0095 00       		.byte	0
 497 0096 00       		.byte	0
 498 0097 0C       		.uleb128 0xc
 499 0098 898201   		.uleb128 0x4109
 500 009b 01       		.byte	0x1
 501 009c 11       		.uleb128 0x11
 502 009d 01       		.uleb128 0x1
 503 009e 31       		.uleb128 0x31
 504 009f 13       		.uleb128 0x13
 505 00a0 00       		.byte	0
 506 00a1 00       		.byte	0
 507 00a2 0D       		.uleb128 0xd
 508 00a3 34       		.uleb128 0x34
 509 00a4 00       		.byte	0
 510 00a5 03       		.uleb128 0x3
 511 00a6 0E       		.uleb128 0xe
 512 00a7 3A       		.uleb128 0x3a
ARM GAS  C:\Users\danielpi\AppData\Local\Temp\ccUrt4yh.s 			page 12


 513 00a8 0B       		.uleb128 0xb
 514 00a9 3B       		.uleb128 0x3b
 515 00aa 05       		.uleb128 0x5
 516 00ab 49       		.uleb128 0x49
 517 00ac 13       		.uleb128 0x13
 518 00ad 3F       		.uleb128 0x3f
 519 00ae 19       		.uleb128 0x19
 520 00af 3C       		.uleb128 0x3c
 521 00b0 19       		.uleb128 0x19
 522 00b1 00       		.byte	0
 523 00b2 00       		.byte	0
 524 00b3 0E       		.uleb128 0xe
 525 00b4 01       		.uleb128 0x1
 526 00b5 01       		.byte	0x1
 527 00b6 49       		.uleb128 0x49
 528 00b7 13       		.uleb128 0x13
 529 00b8 01       		.uleb128 0x1
 530 00b9 13       		.uleb128 0x13
 531 00ba 00       		.byte	0
 532 00bb 00       		.byte	0
 533 00bc 0F       		.uleb128 0xf
 534 00bd 21       		.uleb128 0x21
 535 00be 00       		.byte	0
 536 00bf 49       		.uleb128 0x49
 537 00c0 13       		.uleb128 0x13
 538 00c1 2F       		.uleb128 0x2f
 539 00c2 0B       		.uleb128 0xb
 540 00c3 00       		.byte	0
 541 00c4 00       		.byte	0
 542 00c5 10       		.uleb128 0x10
 543 00c6 2E       		.uleb128 0x2e
 544 00c7 01       		.byte	0x1
 545 00c8 3F       		.uleb128 0x3f
 546 00c9 19       		.uleb128 0x19
 547 00ca 03       		.uleb128 0x3
 548 00cb 0E       		.uleb128 0xe
 549 00cc 3A       		.uleb128 0x3a
 550 00cd 0B       		.uleb128 0xb
 551 00ce 3B       		.uleb128 0x3b
 552 00cf 0B       		.uleb128 0xb
 553 00d0 27       		.uleb128 0x27
 554 00d1 19       		.uleb128 0x19
 555 00d2 3C       		.uleb128 0x3c
 556 00d3 19       		.uleb128 0x19
 557 00d4 01       		.uleb128 0x1
 558 00d5 13       		.uleb128 0x13
 559 00d6 00       		.byte	0
 560 00d7 00       		.byte	0
 561 00d8 11       		.uleb128 0x11
 562 00d9 05       		.uleb128 0x5
 563 00da 00       		.byte	0
 564 00db 49       		.uleb128 0x49
 565 00dc 13       		.uleb128 0x13
 566 00dd 00       		.byte	0
 567 00de 00       		.byte	0
 568 00df 12       		.uleb128 0x12
 569 00e0 2E       		.uleb128 0x2e
ARM GAS  C:\Users\danielpi\AppData\Local\Temp\ccUrt4yh.s 			page 13


 570 00e1 01       		.byte	0x1
 571 00e2 3F       		.uleb128 0x3f
 572 00e3 19       		.uleb128 0x19
 573 00e4 03       		.uleb128 0x3
 574 00e5 0E       		.uleb128 0xe
 575 00e6 3A       		.uleb128 0x3a
 576 00e7 0B       		.uleb128 0xb
 577 00e8 3B       		.uleb128 0x3b
 578 00e9 0B       		.uleb128 0xb
 579 00ea 27       		.uleb128 0x27
 580 00eb 19       		.uleb128 0x19
 581 00ec 49       		.uleb128 0x49
 582 00ed 13       		.uleb128 0x13
 583 00ee 3C       		.uleb128 0x3c
 584 00ef 19       		.uleb128 0x19
 585 00f0 01       		.uleb128 0x1
 586 00f1 13       		.uleb128 0x13
 587 00f2 00       		.byte	0
 588 00f3 00       		.byte	0
 589 00f4 13       		.uleb128 0x13
 590 00f5 2E       		.uleb128 0x2e
 591 00f6 01       		.byte	0x1
 592 00f7 3F       		.uleb128 0x3f
 593 00f8 19       		.uleb128 0x19
 594 00f9 03       		.uleb128 0x3
 595 00fa 0E       		.uleb128 0xe
 596 00fb 3A       		.uleb128 0x3a
 597 00fc 0B       		.uleb128 0xb
 598 00fd 3B       		.uleb128 0x3b
 599 00fe 0B       		.uleb128 0xb
 600 00ff 27       		.uleb128 0x27
 601 0100 19       		.uleb128 0x19
 602 0101 3C       		.uleb128 0x3c
 603 0102 19       		.uleb128 0x19
 604 0103 00       		.byte	0
 605 0104 00       		.byte	0
 606 0105 00       		.byte	0
 607              		.section	.debug_aranges,"",%progbits
 608 0000 1C000000 		.4byte	0x1c
 609 0004 0200     		.2byte	0x2
 610 0006 00000000 		.4byte	.Ldebug_info0
 611 000a 04       		.byte	0x4
 612 000b 00       		.byte	0
 613 000c 0000     		.2byte	0
 614 000e 0000     		.2byte	0
 615 0010 00000000 		.4byte	.LFB35
 616 0014 9C000000 		.4byte	.LFE35-.LFB35
 617 0018 00000000 		.4byte	0
 618 001c 00000000 		.4byte	0
 619              		.section	.debug_ranges,"",%progbits
 620              	.Ldebug_ranges0:
 621 0000 00000000 		.4byte	.LFB35
 622 0004 9C000000 		.4byte	.LFE35
 623 0008 00000000 		.4byte	0
 624 000c 00000000 		.4byte	0
 625              		.section	.debug_line,"",%progbits
 626              	.Ldebug_line0:
ARM GAS  C:\Users\danielpi\AppData\Local\Temp\ccUrt4yh.s 			page 14


 627 0000 A4000000 		.section	.debug_str,"MS",%progbits,1
 627      02007000 
 627      00000201 
 627      FB0E0D00 
 627      01010101 
 628              	.LASF18:
 629 0000 536C6964 		.ascii	"Slider_sensorEnableMaskBackup\000"
 629      65725F73 
 629      656E736F 
 629      72456E61 
 629      626C654D 
 630              	.LASF14:
 631 001e 72656733 		.ascii	"reg32\000"
 631      3200
 632              	.LASF28:
 633 0024 536C6964 		.ascii	"Slider_FindNextSensor\000"
 633      65725F46 
 633      696E644E 
 633      65787453 
 633      656E736F 
 634              	.LASF3:
 635 003a 73686F72 		.ascii	"short unsigned int\000"
 635      7420756E 
 635      7369676E 
 635      65642069 
 635      6E7400
 636              	.LASF11:
 637 004d 666C6F61 		.ascii	"float\000"
 637      7400
 638              	.LASF1:
 639 0053 756E7369 		.ascii	"unsigned char\000"
 639      676E6564 
 639      20636861 
 639      7200
 640              	.LASF26:
 641 0061 536C6964 		.ascii	"Slider_ISR\000"
 641      65725F49 
 641      535200
 642              	.LASF21:
 643 006c 536C6964 		.ascii	"Slider_PostScan\000"
 643      65725F50 
 643      6F737453 
 643      63616E00 
 644              	.LASF9:
 645 007c 75696E74 		.ascii	"uint8\000"
 645      3800
 646              	.LASF19:
 647 0082 536C6964 		.ascii	"Slider_sensorEnableMask\000"
 647      65725F73 
 647      656E736F 
 647      72456E61 
 647      626C654D 
 648              	.LASF25:
 649 009a 593A5C72 		.ascii	"Y:\\repos\\PSoC-4-BLE-Experiments\\Project 003 Cust"
 649      65706F73 
 649      5C50536F 
 649      432D342D 
ARM GAS  C:\Users\danielpi\AppData\Local\Temp\ccUrt4yh.s 			page 15


 649      424C452D 
 650 00ca 6F6D2050 		.ascii	"om Profile CapSense RGB LED\\PSoC\\CapSenseRGB\\Cap"
 650      726F6669 
 650      6C652043 
 650      61705365 
 650      6E736520 
 651 00fa 53656E73 		.ascii	"SenseRGB.cydsn\000"
 651      65524742 
 651      2E637964 
 651      736E00
 652              	.LASF12:
 653 0109 646F7562 		.ascii	"double\000"
 653      6C6500
 654              	.LASF27:
 655 0110 536C6964 		.ascii	"Slider_snsIndexTmp\000"
 655      65725F73 
 655      6E73496E 
 655      64657854 
 655      6D7000
 656              	.LASF29:
 657 0123 4379496E 		.ascii	"CyIntEnable\000"
 657      74456E61 
 657      626C6500 
 658              	.LASF16:
 659 012f 536C6964 		.ascii	"Slider_csdStatusVar\000"
 659      65725F63 
 659      73645374 
 659      61747573 
 659      56617200 
 660              	.LASF10:
 661 0143 75696E74 		.ascii	"uint32\000"
 661      333200
 662              	.LASF5:
 663 014a 6C6F6E67 		.ascii	"long unsigned int\000"
 663      20756E73 
 663      69676E65 
 663      6420696E 
 663      7400
 664              	.LASF8:
 665 015c 756E7369 		.ascii	"unsigned int\000"
 665      676E6564 
 665      20696E74 
 665      00
 666              	.LASF22:
 667 0169 536C6964 		.ascii	"Slider_PreScan\000"
 667      65725F50 
 667      72655363 
 667      616E00
 668              	.LASF7:
 669 0178 6C6F6E67 		.ascii	"long long unsigned int\000"
 669      206C6F6E 
 669      6720756E 
 669      7369676E 
 669      65642069 
 670              	.LASF23:
 671 018f 474E5520 		.ascii	"GNU C 4.8.4 20140526 (release) [ARM/embedded-4_8-br"
 671      4320342E 
ARM GAS  C:\Users\danielpi\AppData\Local\Temp\ccUrt4yh.s 			page 16


 671      382E3420 
 671      32303134 
 671      30353236 
 672 01c2 616E6368 		.ascii	"anch revision 211358] -mcpu=cortex-m0 -mthumb -g -O"
 672      20726576 
 672      6973696F 
 672      6E203231 
 672      31333538 
 673 01f5 67202D66 		.ascii	"g -ffunction-sections\000"
 673      66756E63 
 673      74696F6E 
 673      2D736563 
 673      74696F6E 
 674              	.LASF15:
 675 020b 73697A65 		.ascii	"sizetype\000"
 675      74797065 
 675      00
 676              	.LASF24:
 677 0214 2E5C4765 		.ascii	".\\Generated_Source\\PSoC4\\Slider_INT.c\000"
 677      6E657261 
 677      7465645F 
 677      536F7572 
 677      63655C50 
 678              	.LASF6:
 679 023a 6C6F6E67 		.ascii	"long long int\000"
 679      206C6F6E 
 679      6720696E 
 679      7400
 680              	.LASF13:
 681 0248 63686172 		.ascii	"char\000"
 681      00
 682              	.LASF20:
 683 024d 4379496E 		.ascii	"CyIntDisable\000"
 683      74446973 
 683      61626C65 
 683      00
 684              	.LASF2:
 685 025a 73686F72 		.ascii	"short int\000"
 685      7420696E 
 685      7400
 686              	.LASF17:
 687 0264 536C6964 		.ascii	"Slider_sensorIndex\000"
 687      65725F73 
 687      656E736F 
 687      72496E64 
 687      657800
 688              	.LASF4:
 689 0277 6C6F6E67 		.ascii	"long int\000"
 689      20696E74 
 689      00
 690              	.LASF0:
 691 0280 7369676E 		.ascii	"signed char\000"
 691      65642063 
 691      68617200 
 692              		.ident	"GCC: (GNU Tools for ARM Embedded Processors) 4.8.4 20140526 (release) [ARM/embedded-4_8-br
