ARM GAS  C:\Users\ELECTR~1\AppData\Local\Temp\ccf9XQGD.s 			page 1


   1              		.cpu cortex-m0
   2              		.fpu softvfp
   3              		.eabi_attribute 20, 1
   4              		.eabi_attribute 21, 1
   5              		.eabi_attribute 23, 3
   6              		.eabi_attribute 24, 1
   7              		.eabi_attribute 25, 1
   8              		.eabi_attribute 26, 1
   9              		.eabi_attribute 30, 1
  10              		.eabi_attribute 34, 0
  11              		.eabi_attribute 18, 4
  12              		.code	16
  13              		.file	"BLE_custom.c"
  14              		.text
  15              	.Ltext0:
  16              		.cfi_sections	.debug_frame
  17              		.section	.text.CyBle_CustomInit,"ax",%progbits
  18              		.align	2
  19              		.global	CyBle_CustomInit
  20              		.code	16
  21              		.thumb_func
  22              		.type	CyBle_CustomInit, %function
  23              	CyBle_CustomInit:
  24              	.LFB2:
  25              		.file 1 ".\\Generated_Source\\PSoC4\\BLE_custom.c"
   1:.\Generated_Source\PSoC4/BLE_custom.c **** /*******************************************************************************
   2:.\Generated_Source\PSoC4/BLE_custom.c **** File Name: CYBLE_custom.c
   3:.\Generated_Source\PSoC4/BLE_custom.c **** Version 2.10
   4:.\Generated_Source\PSoC4/BLE_custom.c **** 
   5:.\Generated_Source\PSoC4/BLE_custom.c **** Description:
   6:.\Generated_Source\PSoC4/BLE_custom.c ****  Contains the source code for the Custom Service.
   7:.\Generated_Source\PSoC4/BLE_custom.c **** 
   8:.\Generated_Source\PSoC4/BLE_custom.c **** ********************************************************************************
   9:.\Generated_Source\PSoC4/BLE_custom.c **** Copyright 2014-2015, Cypress Semiconductor Corporation.  All rights reserved.
  10:.\Generated_Source\PSoC4/BLE_custom.c **** You may use this file only in accordance with the license, terms, conditions,
  11:.\Generated_Source\PSoC4/BLE_custom.c **** disclaimers, and limitations in the end user license agreement accompanying
  12:.\Generated_Source\PSoC4/BLE_custom.c **** the software package with which this file was provided.
  13:.\Generated_Source\PSoC4/BLE_custom.c **** *******************************************************************************/
  14:.\Generated_Source\PSoC4/BLE_custom.c **** 
  15:.\Generated_Source\PSoC4/BLE_custom.c **** 
  16:.\Generated_Source\PSoC4/BLE_custom.c **** #include "BLE_eventHandler.h"
  17:.\Generated_Source\PSoC4/BLE_custom.c **** 
  18:.\Generated_Source\PSoC4/BLE_custom.c **** #ifdef CYBLE_CUSTOM_SERVER
  19:.\Generated_Source\PSoC4/BLE_custom.c **** 
  20:.\Generated_Source\PSoC4/BLE_custom.c **** /* If any custom service with custom characterisctis is defined in the
  21:.\Generated_Source\PSoC4/BLE_custom.c **** * customizer's GUI their handles will be present in this array.
  22:.\Generated_Source\PSoC4/BLE_custom.c **** */
  23:.\Generated_Source\PSoC4/BLE_custom.c **** /* This array contains attribute handles for the defined Custom Services and their characteristics 
  24:.\Generated_Source\PSoC4/BLE_custom.c ****    The array index definitions are located in the CYBLE_custom.h file. */
  25:.\Generated_Source\PSoC4/BLE_custom.c **** const CYBLE_CUSTOMS_T cyBle_customs[0x02u] = {
  26:.\Generated_Source\PSoC4/BLE_custom.c **** 
  27:.\Generated_Source\PSoC4/BLE_custom.c ****     /* CapSensece Service service */
  28:.\Generated_Source\PSoC4/BLE_custom.c ****     {
  29:.\Generated_Source\PSoC4/BLE_custom.c ****         0x000Cu, /* Handle of the CapSensece Service service */ 
  30:.\Generated_Source\PSoC4/BLE_custom.c ****         {
  31:.\Generated_Source\PSoC4/BLE_custom.c **** 
  32:.\Generated_Source\PSoC4/BLE_custom.c ****             /* CapSense Slider Characteristic characteristic */
ARM GAS  C:\Users\ELECTR~1\AppData\Local\Temp\ccf9XQGD.s 			page 2


  33:.\Generated_Source\PSoC4/BLE_custom.c ****             {
  34:.\Generated_Source\PSoC4/BLE_custom.c ****                 0x000Eu, /* Handle of the CapSense Slider Characteristic characteristic */ 
  35:.\Generated_Source\PSoC4/BLE_custom.c ****                 
  36:.\Generated_Source\PSoC4/BLE_custom.c ****                 /* Array of Descriptors handles */
  37:.\Generated_Source\PSoC4/BLE_custom.c ****                 {
  38:.\Generated_Source\PSoC4/BLE_custom.c ****                     0x000Fu, /* Handle of the Client Characteristic Configuration descriptor */ 
  39:.\Generated_Source\PSoC4/BLE_custom.c ****                     0x0010u, /* Handle of the Characteristic User Description descriptor */ 
  40:.\Generated_Source\PSoC4/BLE_custom.c ****                 }, 
  41:.\Generated_Source\PSoC4/BLE_custom.c ****             },
  42:.\Generated_Source\PSoC4/BLE_custom.c ****         }, 
  43:.\Generated_Source\PSoC4/BLE_custom.c ****     },
  44:.\Generated_Source\PSoC4/BLE_custom.c **** 
  45:.\Generated_Source\PSoC4/BLE_custom.c ****     /* RGB LED Service service */
  46:.\Generated_Source\PSoC4/BLE_custom.c ****     {
  47:.\Generated_Source\PSoC4/BLE_custom.c ****         0x0011u, /* Handle of the RGB LED Service service */ 
  48:.\Generated_Source\PSoC4/BLE_custom.c ****         {
  49:.\Generated_Source\PSoC4/BLE_custom.c **** 
  50:.\Generated_Source\PSoC4/BLE_custom.c ****             /* RGB LED Characteristic characteristic */
  51:.\Generated_Source\PSoC4/BLE_custom.c ****             {
  52:.\Generated_Source\PSoC4/BLE_custom.c ****                 0x0013u, /* Handle of the RGB LED Characteristic characteristic */ 
  53:.\Generated_Source\PSoC4/BLE_custom.c ****                 
  54:.\Generated_Source\PSoC4/BLE_custom.c ****                 /* Array of Descriptors handles */
  55:.\Generated_Source\PSoC4/BLE_custom.c ****                 {
  56:.\Generated_Source\PSoC4/BLE_custom.c ****                     0x0014u, /* Handle of the Custom Descriptor descriptor */ 
  57:.\Generated_Source\PSoC4/BLE_custom.c ****                     0x0015u, /* Handle of the Characteristic User Description descriptor */ 
  58:.\Generated_Source\PSoC4/BLE_custom.c ****                 }, 
  59:.\Generated_Source\PSoC4/BLE_custom.c ****             },
  60:.\Generated_Source\PSoC4/BLE_custom.c ****         }, 
  61:.\Generated_Source\PSoC4/BLE_custom.c ****     },
  62:.\Generated_Source\PSoC4/BLE_custom.c **** };
  63:.\Generated_Source\PSoC4/BLE_custom.c **** 
  64:.\Generated_Source\PSoC4/BLE_custom.c **** 
  65:.\Generated_Source\PSoC4/BLE_custom.c **** #endif /* (CYBLE_CUSTOM_SERVER) */
  66:.\Generated_Source\PSoC4/BLE_custom.c **** 
  67:.\Generated_Source\PSoC4/BLE_custom.c **** #ifdef CYBLE_CUSTOM_CLIENT
  68:.\Generated_Source\PSoC4/BLE_custom.c ****     
  69:.\Generated_Source\PSoC4/BLE_custom.c **** 
  70:.\Generated_Source\PSoC4/BLE_custom.c **** static uint16 cyBle_customDisServIndex;
  71:.\Generated_Source\PSoC4/BLE_custom.c **** static uint16 cyBle_customDisCharIndex;
  72:.\Generated_Source\PSoC4/BLE_custom.c **** 
  73:.\Generated_Source\PSoC4/BLE_custom.c **** #endif /* (CYBLE_CUSTOM_CLIENT) */
  74:.\Generated_Source\PSoC4/BLE_custom.c **** 
  75:.\Generated_Source\PSoC4/BLE_custom.c **** 
  76:.\Generated_Source\PSoC4/BLE_custom.c **** /****************************************************************************** 
  77:.\Generated_Source\PSoC4/BLE_custom.c **** ##Function Name: CyBle_CustomInit
  78:.\Generated_Source\PSoC4/BLE_custom.c **** *******************************************************************************
  79:.\Generated_Source\PSoC4/BLE_custom.c **** 
  80:.\Generated_Source\PSoC4/BLE_custom.c **** Summary:
  81:.\Generated_Source\PSoC4/BLE_custom.c ****  This function initializes Custom Service.
  82:.\Generated_Source\PSoC4/BLE_custom.c **** 
  83:.\Generated_Source\PSoC4/BLE_custom.c **** Parameters:
  84:.\Generated_Source\PSoC4/BLE_custom.c ****  None
  85:.\Generated_Source\PSoC4/BLE_custom.c **** 
  86:.\Generated_Source\PSoC4/BLE_custom.c **** Return:
  87:.\Generated_Source\PSoC4/BLE_custom.c ****  None
  88:.\Generated_Source\PSoC4/BLE_custom.c **** 
  89:.\Generated_Source\PSoC4/BLE_custom.c **** ******************************************************************************/
ARM GAS  C:\Users\ELECTR~1\AppData\Local\Temp\ccf9XQGD.s 			page 3


  90:.\Generated_Source\PSoC4/BLE_custom.c **** void CyBle_CustomInit(void)
  91:.\Generated_Source\PSoC4/BLE_custom.c **** {
  26              		.loc 1 91 0
  27              		.cfi_startproc
  92:.\Generated_Source\PSoC4/BLE_custom.c ****     
  93:.\Generated_Source\PSoC4/BLE_custom.c **** #ifdef CYBLE_CUSTOM_CLIENT
  94:.\Generated_Source\PSoC4/BLE_custom.c **** 
  95:.\Generated_Source\PSoC4/BLE_custom.c ****     uint16 locServIndex;
  96:.\Generated_Source\PSoC4/BLE_custom.c ****     uint16 locCharIndex;
  97:.\Generated_Source\PSoC4/BLE_custom.c ****     uint16 locDescIndex;
  98:.\Generated_Source\PSoC4/BLE_custom.c ****     
  99:.\Generated_Source\PSoC4/BLE_custom.c ****     for(locServIndex = 0u; locServIndex < CYBLE_CUSTOMC_SERVICE_COUNT; locServIndex++)
 100:.\Generated_Source\PSoC4/BLE_custom.c ****     {
 101:.\Generated_Source\PSoC4/BLE_custom.c ****         for(locCharIndex = 0u; locCharIndex < cyBle_customCServ[locServIndex].charCount; locCharInd
 102:.\Generated_Source\PSoC4/BLE_custom.c ****         {
 103:.\Generated_Source\PSoC4/BLE_custom.c ****             cyBle_customCServ[locServIndex].customServChar[locCharIndex].
 104:.\Generated_Source\PSoC4/BLE_custom.c ****                 customServCharHandle = 0u;
 105:.\Generated_Source\PSoC4/BLE_custom.c ****             
 106:.\Generated_Source\PSoC4/BLE_custom.c ****             for(locDescIndex = 0u; locDescIndex < 
 107:.\Generated_Source\PSoC4/BLE_custom.c ****                 cyBle_customCServ[locServIndex].customServChar[locCharIndex].descCount; 
 108:.\Generated_Source\PSoC4/BLE_custom.c ****                     locDescIndex++)
 109:.\Generated_Source\PSoC4/BLE_custom.c ****             {
 110:.\Generated_Source\PSoC4/BLE_custom.c ****                 cyBle_customCServ[locServIndex].customServChar[locCharIndex].
 111:.\Generated_Source\PSoC4/BLE_custom.c ****                     customServCharDesc[locDescIndex].descHandle = 0u;
 112:.\Generated_Source\PSoC4/BLE_custom.c ****             }
 113:.\Generated_Source\PSoC4/BLE_custom.c ****         }
 114:.\Generated_Source\PSoC4/BLE_custom.c ****     }
 115:.\Generated_Source\PSoC4/BLE_custom.c **** 
 116:.\Generated_Source\PSoC4/BLE_custom.c **** #endif /* (CYBLE_CUSTOM_CLIENT) */
 117:.\Generated_Source\PSoC4/BLE_custom.c **** }
  28              		.loc 1 117 0
  29              		@ sp needed
  30 0000 7047     		bx	lr
  31              		.cfi_endproc
  32              	.LFE2:
  33              		.size	CyBle_CustomInit, .-CyBle_CustomInit
  34              		.global	cyBle_customs
  35 0002 C046     		.section	.rodata
  36              		.align	2
  37              		.type	cyBle_customs, %object
  38              		.size	cyBle_customs, 16
  39              	cyBle_customs:
  40 0000 0C00     		.short	12
  41 0002 0E00     		.short	14
  42 0004 0F00     		.short	15
  43 0006 1000     		.short	16
  44 0008 1100     		.short	17
  45 000a 1300     		.short	19
  46 000c 1400     		.short	20
  47 000e 1500     		.short	21
  48              		.text
  49              	.Letext0:
  50              		.file 2 ".\\Generated_Source\\PSoC4\\cytypes.h"
  51              		.file 3 ".\\Generated_Source\\PSoC4\\BLE_StackGatt.h"
  52              		.file 4 ".\\Generated_Source\\PSoC4\\BLE_custom.h"
  53              		.file 5 ".\\Generated_Source\\PSoC4\\BLE_Stack.h"
  54              		.section	.debug_info,"",%progbits
ARM GAS  C:\Users\ELECTR~1\AppData\Local\Temp\ccf9XQGD.s 			page 4


  55              	.Ldebug_info0:
  56 0000 CF020000 		.4byte	0x2cf
  57 0004 0400     		.2byte	0x4
  58 0006 00000000 		.4byte	.Ldebug_abbrev0
  59 000a 04       		.byte	0x4
  60 000b 01       		.uleb128 0x1
  61 000c 54080000 		.4byte	.LASF78
  62 0010 01       		.byte	0x1
  63 0011 C2010000 		.4byte	.LASF79
  64 0015 E5040000 		.4byte	.LASF80
  65 0019 00000000 		.4byte	.Ldebug_ranges0+0
  66 001d 00000000 		.4byte	0
  67 0021 00000000 		.4byte	.Ldebug_line0
  68 0025 02       		.uleb128 0x2
  69 0026 01       		.byte	0x1
  70 0027 06       		.byte	0x6
  71 0028 0A040000 		.4byte	.LASF0
  72 002c 02       		.uleb128 0x2
  73 002d 01       		.byte	0x1
  74 002e 08       		.byte	0x8
  75 002f 91030000 		.4byte	.LASF1
  76 0033 02       		.uleb128 0x2
  77 0034 02       		.byte	0x2
  78 0035 05       		.byte	0x5
  79 0036 60000000 		.4byte	.LASF2
  80 003a 02       		.uleb128 0x2
  81 003b 02       		.byte	0x2
  82 003c 07       		.byte	0x7
  83 003d DE050000 		.4byte	.LASF3
  84 0041 02       		.uleb128 0x2
  85 0042 04       		.byte	0x4
  86 0043 05       		.byte	0x5
  87 0044 5B020000 		.4byte	.LASF4
  88 0048 02       		.uleb128 0x2
  89 0049 04       		.byte	0x4
  90 004a 07       		.byte	0x7
  91 004b 9B040000 		.4byte	.LASF5
  92 004f 02       		.uleb128 0x2
  93 0050 08       		.byte	0x8
  94 0051 05       		.byte	0x5
  95 0052 21020000 		.4byte	.LASF6
  96 0056 02       		.uleb128 0x2
  97 0057 08       		.byte	0x8
  98 0058 07       		.byte	0x7
  99 0059 2F020000 		.4byte	.LASF7
 100 005d 03       		.uleb128 0x3
 101 005e 04       		.byte	0x4
 102 005f 05       		.byte	0x5
 103 0060 696E7400 		.ascii	"int\000"
 104 0064 02       		.uleb128 0x2
 105 0065 04       		.byte	0x4
 106 0066 07       		.byte	0x7
 107 0067 73040000 		.4byte	.LASF8
 108 006b 04       		.uleb128 0x4
 109 006c 12010000 		.4byte	.LASF70
 110 0070 02       		.byte	0x2
 111 0071 C2       		.byte	0xc2
ARM GAS  C:\Users\ELECTR~1\AppData\Local\Temp\ccf9XQGD.s 			page 5


 112 0072 3A000000 		.4byte	0x3a
 113 0076 02       		.uleb128 0x2
 114 0077 04       		.byte	0x4
 115 0078 04       		.byte	0x4
 116 0079 E8010000 		.4byte	.LASF9
 117 007d 02       		.uleb128 0x2
 118 007e 08       		.byte	0x8
 119 007f 04       		.byte	0x4
 120 0080 8E060000 		.4byte	.LASF10
 121 0084 02       		.uleb128 0x2
 122 0085 01       		.byte	0x1
 123 0086 08       		.byte	0x8
 124 0087 BD050000 		.4byte	.LASF11
 125 008b 02       		.uleb128 0x2
 126 008c 04       		.byte	0x4
 127 008d 07       		.byte	0x7
 128 008e 84000000 		.4byte	.LASF12
 129 0092 05       		.uleb128 0x5
 130 0093 01       		.byte	0x1
 131 0094 05       		.byte	0x5
 132 0095 96       		.byte	0x96
 133 0096 17020000 		.4byte	0x217
 134 009a 06       		.uleb128 0x6
 135 009b 6C010000 		.4byte	.LASF13
 136 009f 00       		.sleb128 0
 137 00a0 06       		.uleb128 0x6
 138 00a1 E1000000 		.4byte	.LASF14
 139 00a5 01       		.sleb128 1
 140 00a6 06       		.uleb128 0x6
 141 00a7 F7070000 		.4byte	.LASF15
 142 00ab 02       		.sleb128 2
 143 00ac 06       		.uleb128 0x6
 144 00ad CD060000 		.4byte	.LASF16
 145 00b1 03       		.sleb128 3
 146 00b2 06       		.uleb128 0x6
 147 00b3 BB000000 		.4byte	.LASF17
 148 00b7 04       		.sleb128 4
 149 00b8 06       		.uleb128 0x6
 150 00b9 ED020000 		.4byte	.LASF18
 151 00bd 05       		.sleb128 5
 152 00be 06       		.uleb128 0x6
 153 00bf 2B070000 		.4byte	.LASF19
 154 00c3 20       		.sleb128 32
 155 00c4 06       		.uleb128 0x6
 156 00c5 AD040000 		.4byte	.LASF20
 157 00c9 21       		.sleb128 33
 158 00ca 06       		.uleb128 0x6
 159 00cb 00000000 		.4byte	.LASF21
 160 00cf 22       		.sleb128 34
 161 00d0 06       		.uleb128 0x6
 162 00d1 09030000 		.4byte	.LASF22
 163 00d5 23       		.sleb128 35
 164 00d6 06       		.uleb128 0x6
 165 00d7 57040000 		.4byte	.LASF23
 166 00db 24       		.sleb128 36
 167 00dc 06       		.uleb128 0x6
 168 00dd 6A000000 		.4byte	.LASF24
ARM GAS  C:\Users\ELECTR~1\AppData\Local\Temp\ccf9XQGD.s 			page 6


 169 00e1 25       		.sleb128 37
 170 00e2 06       		.uleb128 0x6
 171 00e3 A4020000 		.4byte	.LASF25
 172 00e7 26       		.sleb128 38
 173 00e8 06       		.uleb128 0x6
 174 00e9 85020000 		.4byte	.LASF26
 175 00ed 27       		.sleb128 39
 176 00ee 06       		.uleb128 0x6
 177 00ef 3E000000 		.4byte	.LASF27
 178 00f3 28       		.sleb128 40
 179 00f4 06       		.uleb128 0x6
 180 00f5 8D000000 		.4byte	.LASF28
 181 00f9 29       		.sleb128 41
 182 00fa 06       		.uleb128 0x6
 183 00fb 94050000 		.4byte	.LASF29
 184 00ff 2A       		.sleb128 42
 185 0100 06       		.uleb128 0x6
 186 0101 2E060000 		.4byte	.LASF30
 187 0105 2B       		.sleb128 43
 188 0106 06       		.uleb128 0x6
 189 0107 70050000 		.4byte	.LASF31
 190 010b 2C       		.sleb128 44
 191 010c 06       		.uleb128 0x6
 192 010d 24000000 		.4byte	.LASF32
 193 0111 C000     		.sleb128 64
 194 0113 06       		.uleb128 0x6
 195 0114 80040000 		.4byte	.LASF33
 196 0118 C100     		.sleb128 65
 197 011a 06       		.uleb128 0x6
 198 011b 4F090000 		.4byte	.LASF34
 199 011f C200     		.sleb128 66
 200 0121 06       		.uleb128 0x6
 201 0122 F4000000 		.4byte	.LASF35
 202 0126 C300     		.sleb128 67
 203 0128 06       		.uleb128 0x6
 204 0129 B5070000 		.4byte	.LASF36
 205 012d C400     		.sleb128 68
 206 012f 06       		.uleb128 0x6
 207 0130 4F070000 		.4byte	.LASF37
 208 0134 C500     		.sleb128 69
 209 0136 06       		.uleb128 0x6
 210 0137 94070000 		.4byte	.LASF38
 211 013b C600     		.sleb128 70
 212 013d 06       		.uleb128 0x6
 213 013e EC030000 		.4byte	.LASF39
 214 0142 C700     		.sleb128 71
 215 0144 06       		.uleb128 0x6
 216 0145 30040000 		.4byte	.LASF40
 217 0149 C800     		.sleb128 72
 218 014b 06       		.uleb128 0x6
 219 014c EE010000 		.4byte	.LASF41
 220 0150 C900     		.sleb128 73
 221 0152 06       		.uleb128 0x6
 222 0153 F1050000 		.4byte	.LASF42
 223 0157 CA00     		.sleb128 74
 224 0159 06       		.uleb128 0x6
 225 015a 2C010000 		.4byte	.LASF43
ARM GAS  C:\Users\ELECTR~1\AppData\Local\Temp\ccf9XQGD.s 			page 7


 226 015e CB00     		.sleb128 75
 227 0160 06       		.uleb128 0x6
 228 0161 16040000 		.4byte	.LASF44
 229 0165 CC00     		.sleb128 76
 230 0167 06       		.uleb128 0x6
 231 0168 07020000 		.4byte	.LASF45
 232 016c CD00     		.sleb128 77
 233 016e 06       		.uleb128 0x6
 234 016f 76070000 		.4byte	.LASF46
 235 0173 CE00     		.sleb128 78
 236 0175 06       		.uleb128 0x6
 237 0176 AE030000 		.4byte	.LASF47
 238 017a CF00     		.sleb128 79
 239 017c 06       		.uleb128 0x6
 240 017d E2080000 		.4byte	.LASF48
 241 0181 D000     		.sleb128 80
 242 0183 06       		.uleb128 0x6
 243 0184 0F060000 		.4byte	.LASF49
 244 0188 D100     		.sleb128 81
 245 018a 06       		.uleb128 0x6
 246 018b CC020000 		.4byte	.LASF50
 247 018f D200     		.sleb128 82
 248 0191 06       		.uleb128 0x6
 249 0192 64020000 		.4byte	.LASF51
 250 0196 D300     		.sleb128 83
 251 0198 06       		.uleb128 0x6
 252 0199 4B010000 		.4byte	.LASF52
 253 019d D400     		.sleb128 84
 254 019f 06       		.uleb128 0x6
 255 01a0 2B090000 		.4byte	.LASF53
 256 01a4 D500     		.sleb128 85
 257 01a6 06       		.uleb128 0x6
 258 01a7 32080000 		.4byte	.LASF54
 259 01ab D600     		.sleb128 86
 260 01ad 06       		.uleb128 0x6
 261 01ae 09080000 		.4byte	.LASF55
 262 01b2 D700     		.sleb128 87
 263 01b4 06       		.uleb128 0x6
 264 01b5 6B030000 		.4byte	.LASF56
 265 01b9 F000     		.sleb128 112
 266 01bb 06       		.uleb128 0x6
 267 01bc 05070000 		.4byte	.LASF57
 268 01c0 F100     		.sleb128 113
 269 01c2 06       		.uleb128 0x6
 270 01c3 C2050000 		.4byte	.LASF58
 271 01c7 F200     		.sleb128 114
 272 01c9 06       		.uleb128 0x6
 273 01ca 83010000 		.4byte	.LASF59
 274 01ce F300     		.sleb128 115
 275 01d0 06       		.uleb128 0x6
 276 01d1 3F030000 		.4byte	.LASF60
 277 01d5 F400     		.sleb128 116
 278 01d7 06       		.uleb128 0x6
 279 01d8 C4040000 		.4byte	.LASF61
 280 01dc F500     		.sleb128 117
 281 01de 06       		.uleb128 0x6
 282 01df A1010000 		.4byte	.LASF62
ARM GAS  C:\Users\ELECTR~1\AppData\Local\Temp\ccf9XQGD.s 			page 8


 283 01e3 F600     		.sleb128 118
 284 01e5 06       		.uleb128 0x6
 285 01e6 E6060000 		.4byte	.LASF63
 286 01ea F700     		.sleb128 119
 287 01ec 06       		.uleb128 0x6
 288 01ed 6B060000 		.4byte	.LASF64
 289 01f1 F800     		.sleb128 120
 290 01f3 06       		.uleb128 0x6
 291 01f4 95060000 		.4byte	.LASF65
 292 01f8 F900     		.sleb128 121
 293 01fa 06       		.uleb128 0x6
 294 01fb D3070000 		.4byte	.LASF66
 295 01ff FA00     		.sleb128 122
 296 0201 06       		.uleb128 0x6
 297 0202 4D060000 		.4byte	.LASF67
 298 0206 FA01     		.sleb128 250
 299 0208 06       		.uleb128 0x6
 300 0209 CD030000 		.4byte	.LASF68
 301 020d FB01     		.sleb128 251
 302 020f 06       		.uleb128 0x6
 303 0210 5D030000 		.4byte	.LASF69
 304 0214 FF01     		.sleb128 255
 305 0216 00       		.byte	0
 306 0217 07       		.uleb128 0x7
 307 0218 01090000 		.4byte	.LASF71
 308 021c 03       		.byte	0x3
 309 021d 6201     		.2byte	0x162
 310 021f 6B000000 		.4byte	0x6b
 311 0223 08       		.uleb128 0x8
 312 0224 06       		.byte	0x6
 313 0225 04       		.byte	0x4
 314 0226 47       		.byte	0x47
 315 0227 44020000 		.4byte	0x244
 316 022b 09       		.uleb128 0x9
 317 022c B8060000 		.4byte	.LASF72
 318 0230 04       		.byte	0x4
 319 0231 4A       		.byte	0x4a
 320 0232 17020000 		.4byte	0x217
 321 0236 00       		.byte	0
 322 0237 09       		.uleb128 0x9
 323 0238 19010000 		.4byte	.LASF73
 324 023c 04       		.byte	0x4
 325 023d 4C       		.byte	0x4c
 326 023e 44020000 		.4byte	0x244
 327 0242 02       		.byte	0x2
 328 0243 00       		.byte	0
 329 0244 0A       		.uleb128 0xa
 330 0245 17020000 		.4byte	0x217
 331 0249 54020000 		.4byte	0x254
 332 024d 0B       		.uleb128 0xb
 333 024e 8B000000 		.4byte	0x8b
 334 0252 01       		.byte	0x1
 335 0253 00       		.byte	0
 336 0254 04       		.uleb128 0x4
 337 0255 46020000 		.4byte	.LASF74
 338 0259 04       		.byte	0x4
 339 025a 4D       		.byte	0x4d
ARM GAS  C:\Users\ELECTR~1\AppData\Local\Temp\ccf9XQGD.s 			page 9


 340 025b 23020000 		.4byte	0x223
 341 025f 08       		.uleb128 0x8
 342 0260 08       		.byte	0x8
 343 0261 04       		.byte	0x4
 344 0262 50       		.byte	0x50
 345 0263 80020000 		.4byte	0x280
 346 0267 09       		.uleb128 0x9
 347 0268 AA000000 		.4byte	.LASF75
 348 026c 04       		.byte	0x4
 349 026d 53       		.byte	0x53
 350 026e 17020000 		.4byte	0x217
 351 0272 00       		.byte	0
 352 0273 09       		.uleb128 0x9
 353 0274 9F030000 		.4byte	.LASF76
 354 0278 04       		.byte	0x4
 355 0279 56       		.byte	0x56
 356 027a 80020000 		.4byte	0x280
 357 027e 02       		.byte	0x2
 358 027f 00       		.byte	0
 359 0280 0A       		.uleb128 0xa
 360 0281 54020000 		.4byte	0x254
 361 0285 90020000 		.4byte	0x290
 362 0289 0B       		.uleb128 0xb
 363 028a 8B000000 		.4byte	0x8b
 364 028e 00       		.byte	0
 365 028f 00       		.byte	0
 366 0290 04       		.uleb128 0x4
 367 0291 2F030000 		.4byte	.LASF77
 368 0295 04       		.byte	0x4
 369 0296 57       		.byte	0x57
 370 0297 5F020000 		.4byte	0x25f
 371 029b 0C       		.uleb128 0xc
 372 029c D0000000 		.4byte	.LASF81
 373 02a0 01       		.byte	0x1
 374 02a1 5A       		.byte	0x5a
 375 02a2 00000000 		.4byte	.LFB2
 376 02a6 02000000 		.4byte	.LFE2-.LFB2
 377 02aa 01       		.uleb128 0x1
 378 02ab 9C       		.byte	0x9c
 379 02ac 0A       		.uleb128 0xa
 380 02ad 90020000 		.4byte	0x290
 381 02b1 BC020000 		.4byte	0x2bc
 382 02b5 0B       		.uleb128 0xb
 383 02b6 8B000000 		.4byte	0x8b
 384 02ba 01       		.byte	0x1
 385 02bb 00       		.byte	0
 386 02bc 0D       		.uleb128 0xd
 387 02bd 1D090000 		.4byte	.LASF82
 388 02c1 01       		.byte	0x1
 389 02c2 19       		.byte	0x19
 390 02c3 CD020000 		.4byte	0x2cd
 391 02c7 05       		.uleb128 0x5
 392 02c8 03       		.byte	0x3
 393 02c9 00000000 		.4byte	cyBle_customs
 394 02cd 0E       		.uleb128 0xe
 395 02ce AC020000 		.4byte	0x2ac
 396 02d2 00       		.byte	0
ARM GAS  C:\Users\ELECTR~1\AppData\Local\Temp\ccf9XQGD.s 			page 10


 397              		.section	.debug_abbrev,"",%progbits
 398              	.Ldebug_abbrev0:
 399 0000 01       		.uleb128 0x1
 400 0001 11       		.uleb128 0x11
 401 0002 01       		.byte	0x1
 402 0003 25       		.uleb128 0x25
 403 0004 0E       		.uleb128 0xe
 404 0005 13       		.uleb128 0x13
 405 0006 0B       		.uleb128 0xb
 406 0007 03       		.uleb128 0x3
 407 0008 0E       		.uleb128 0xe
 408 0009 1B       		.uleb128 0x1b
 409 000a 0E       		.uleb128 0xe
 410 000b 55       		.uleb128 0x55
 411 000c 17       		.uleb128 0x17
 412 000d 11       		.uleb128 0x11
 413 000e 01       		.uleb128 0x1
 414 000f 10       		.uleb128 0x10
 415 0010 17       		.uleb128 0x17
 416 0011 00       		.byte	0
 417 0012 00       		.byte	0
 418 0013 02       		.uleb128 0x2
 419 0014 24       		.uleb128 0x24
 420 0015 00       		.byte	0
 421 0016 0B       		.uleb128 0xb
 422 0017 0B       		.uleb128 0xb
 423 0018 3E       		.uleb128 0x3e
 424 0019 0B       		.uleb128 0xb
 425 001a 03       		.uleb128 0x3
 426 001b 0E       		.uleb128 0xe
 427 001c 00       		.byte	0
 428 001d 00       		.byte	0
 429 001e 03       		.uleb128 0x3
 430 001f 24       		.uleb128 0x24
 431 0020 00       		.byte	0
 432 0021 0B       		.uleb128 0xb
 433 0022 0B       		.uleb128 0xb
 434 0023 3E       		.uleb128 0x3e
 435 0024 0B       		.uleb128 0xb
 436 0025 03       		.uleb128 0x3
 437 0026 08       		.uleb128 0x8
 438 0027 00       		.byte	0
 439 0028 00       		.byte	0
 440 0029 04       		.uleb128 0x4
 441 002a 16       		.uleb128 0x16
 442 002b 00       		.byte	0
 443 002c 03       		.uleb128 0x3
 444 002d 0E       		.uleb128 0xe
 445 002e 3A       		.uleb128 0x3a
 446 002f 0B       		.uleb128 0xb
 447 0030 3B       		.uleb128 0x3b
 448 0031 0B       		.uleb128 0xb
 449 0032 49       		.uleb128 0x49
 450 0033 13       		.uleb128 0x13
 451 0034 00       		.byte	0
 452 0035 00       		.byte	0
 453 0036 05       		.uleb128 0x5
ARM GAS  C:\Users\ELECTR~1\AppData\Local\Temp\ccf9XQGD.s 			page 11


 454 0037 04       		.uleb128 0x4
 455 0038 01       		.byte	0x1
 456 0039 0B       		.uleb128 0xb
 457 003a 0B       		.uleb128 0xb
 458 003b 3A       		.uleb128 0x3a
 459 003c 0B       		.uleb128 0xb
 460 003d 3B       		.uleb128 0x3b
 461 003e 0B       		.uleb128 0xb
 462 003f 01       		.uleb128 0x1
 463 0040 13       		.uleb128 0x13
 464 0041 00       		.byte	0
 465 0042 00       		.byte	0
 466 0043 06       		.uleb128 0x6
 467 0044 28       		.uleb128 0x28
 468 0045 00       		.byte	0
 469 0046 03       		.uleb128 0x3
 470 0047 0E       		.uleb128 0xe
 471 0048 1C       		.uleb128 0x1c
 472 0049 0D       		.uleb128 0xd
 473 004a 00       		.byte	0
 474 004b 00       		.byte	0
 475 004c 07       		.uleb128 0x7
 476 004d 16       		.uleb128 0x16
 477 004e 00       		.byte	0
 478 004f 03       		.uleb128 0x3
 479 0050 0E       		.uleb128 0xe
 480 0051 3A       		.uleb128 0x3a
 481 0052 0B       		.uleb128 0xb
 482 0053 3B       		.uleb128 0x3b
 483 0054 05       		.uleb128 0x5
 484 0055 49       		.uleb128 0x49
 485 0056 13       		.uleb128 0x13
 486 0057 00       		.byte	0
 487 0058 00       		.byte	0
 488 0059 08       		.uleb128 0x8
 489 005a 13       		.uleb128 0x13
 490 005b 01       		.byte	0x1
 491 005c 0B       		.uleb128 0xb
 492 005d 0B       		.uleb128 0xb
 493 005e 3A       		.uleb128 0x3a
 494 005f 0B       		.uleb128 0xb
 495 0060 3B       		.uleb128 0x3b
 496 0061 0B       		.uleb128 0xb
 497 0062 01       		.uleb128 0x1
 498 0063 13       		.uleb128 0x13
 499 0064 00       		.byte	0
 500 0065 00       		.byte	0
 501 0066 09       		.uleb128 0x9
 502 0067 0D       		.uleb128 0xd
 503 0068 00       		.byte	0
 504 0069 03       		.uleb128 0x3
 505 006a 0E       		.uleb128 0xe
 506 006b 3A       		.uleb128 0x3a
 507 006c 0B       		.uleb128 0xb
 508 006d 3B       		.uleb128 0x3b
 509 006e 0B       		.uleb128 0xb
 510 006f 49       		.uleb128 0x49
ARM GAS  C:\Users\ELECTR~1\AppData\Local\Temp\ccf9XQGD.s 			page 12


 511 0070 13       		.uleb128 0x13
 512 0071 38       		.uleb128 0x38
 513 0072 0B       		.uleb128 0xb
 514 0073 00       		.byte	0
 515 0074 00       		.byte	0
 516 0075 0A       		.uleb128 0xa
 517 0076 01       		.uleb128 0x1
 518 0077 01       		.byte	0x1
 519 0078 49       		.uleb128 0x49
 520 0079 13       		.uleb128 0x13
 521 007a 01       		.uleb128 0x1
 522 007b 13       		.uleb128 0x13
 523 007c 00       		.byte	0
 524 007d 00       		.byte	0
 525 007e 0B       		.uleb128 0xb
 526 007f 21       		.uleb128 0x21
 527 0080 00       		.byte	0
 528 0081 49       		.uleb128 0x49
 529 0082 13       		.uleb128 0x13
 530 0083 2F       		.uleb128 0x2f
 531 0084 0B       		.uleb128 0xb
 532 0085 00       		.byte	0
 533 0086 00       		.byte	0
 534 0087 0C       		.uleb128 0xc
 535 0088 2E       		.uleb128 0x2e
 536 0089 00       		.byte	0
 537 008a 3F       		.uleb128 0x3f
 538 008b 19       		.uleb128 0x19
 539 008c 03       		.uleb128 0x3
 540 008d 0E       		.uleb128 0xe
 541 008e 3A       		.uleb128 0x3a
 542 008f 0B       		.uleb128 0xb
 543 0090 3B       		.uleb128 0x3b
 544 0091 0B       		.uleb128 0xb
 545 0092 27       		.uleb128 0x27
 546 0093 19       		.uleb128 0x19
 547 0094 11       		.uleb128 0x11
 548 0095 01       		.uleb128 0x1
 549 0096 12       		.uleb128 0x12
 550 0097 06       		.uleb128 0x6
 551 0098 40       		.uleb128 0x40
 552 0099 18       		.uleb128 0x18
 553 009a 9742     		.uleb128 0x2117
 554 009c 19       		.uleb128 0x19
 555 009d 00       		.byte	0
 556 009e 00       		.byte	0
 557 009f 0D       		.uleb128 0xd
 558 00a0 34       		.uleb128 0x34
 559 00a1 00       		.byte	0
 560 00a2 03       		.uleb128 0x3
 561 00a3 0E       		.uleb128 0xe
 562 00a4 3A       		.uleb128 0x3a
 563 00a5 0B       		.uleb128 0xb
 564 00a6 3B       		.uleb128 0x3b
 565 00a7 0B       		.uleb128 0xb
 566 00a8 49       		.uleb128 0x49
 567 00a9 13       		.uleb128 0x13
ARM GAS  C:\Users\ELECTR~1\AppData\Local\Temp\ccf9XQGD.s 			page 13


 568 00aa 3F       		.uleb128 0x3f
 569 00ab 19       		.uleb128 0x19
 570 00ac 02       		.uleb128 0x2
 571 00ad 18       		.uleb128 0x18
 572 00ae 00       		.byte	0
 573 00af 00       		.byte	0
 574 00b0 0E       		.uleb128 0xe
 575 00b1 26       		.uleb128 0x26
 576 00b2 00       		.byte	0
 577 00b3 49       		.uleb128 0x49
 578 00b4 13       		.uleb128 0x13
 579 00b5 00       		.byte	0
 580 00b6 00       		.byte	0
 581 00b7 00       		.byte	0
 582              		.section	.debug_aranges,"",%progbits
 583 0000 1C000000 		.4byte	0x1c
 584 0004 0200     		.2byte	0x2
 585 0006 00000000 		.4byte	.Ldebug_info0
 586 000a 04       		.byte	0x4
 587 000b 00       		.byte	0
 588 000c 0000     		.2byte	0
 589 000e 0000     		.2byte	0
 590 0010 00000000 		.4byte	.LFB2
 591 0014 02000000 		.4byte	.LFE2-.LFB2
 592 0018 00000000 		.4byte	0
 593 001c 00000000 		.4byte	0
 594              		.section	.debug_ranges,"",%progbits
 595              	.Ldebug_ranges0:
 596 0000 00000000 		.4byte	.LFB2
 597 0004 02000000 		.4byte	.LFE2
 598 0008 00000000 		.4byte	0
 599 000c 00000000 		.4byte	0
 600              		.section	.debug_line,"",%progbits
 601              	.Ldebug_line0:
 602 0000 94000000 		.section	.debug_str,"MS",%progbits,1
 602      02007B00 
 602      00000201 
 602      FB0E0D00 
 602      01010101 
 603              	.LASF21:
 604 0000 4359424C 		.ascii	"CYBLE_EVT_GAP_PASSKEY_ENTRY_REQUEST\000"
 604      455F4556 
 604      545F4741 
 604      505F5041 
 604      53534B45 
 605              	.LASF32:
 606 0024 4359424C 		.ascii	"CYBLE_EVT_GATTC_ERROR_RSP\000"
 606      455F4556 
 606      545F4741 
 606      5454435F 
 606      4552524F 
 607              	.LASF27:
 608 003e 4359424C 		.ascii	"CYBLE_EVT_GAP_DEVICE_DISCONNECTED\000"
 608      455F4556 
 608      545F4741 
 608      505F4445 
 608      56494345 
ARM GAS  C:\Users\ELECTR~1\AppData\Local\Temp\ccf9XQGD.s 			page 14


 609              	.LASF2:
 610 0060 73686F72 		.ascii	"short int\000"
 610      7420696E 
 610      7400
 611              	.LASF24:
 612 006a 4359424C 		.ascii	"CYBLE_EVT_GAP_AUTH_FAILED\000"
 612      455F4556 
 612      545F4741 
 612      505F4155 
 612      54485F46 
 613              	.LASF12:
 614 0084 73697A65 		.ascii	"sizetype\000"
 614      74797065 
 614      00
 615              	.LASF28:
 616 008d 4359424C 		.ascii	"CYBLE_EVT_GAP_ENCRYPT_CHANGE\000"
 616      455F4556 
 616      545F4741 
 616      505F454E 
 616      43525950 
 617              	.LASF75:
 618 00aa 63757374 		.ascii	"customServHandle\000"
 618      6F6D5365 
 618      72764861 
 618      6E646C65 
 618      00
 619              	.LASF17:
 620 00bb 4359424C 		.ascii	"CYBLE_EVT_HCI_STATUS\000"
 620      455F4556 
 620      545F4843 
 620      495F5354 
 620      41545553 
 621              	.LASF81:
 622 00d0 4379426C 		.ascii	"CyBle_CustomInit\000"
 622      655F4375 
 622      73746F6D 
 622      496E6974 
 622      00
 623              	.LASF14:
 624 00e1 4359424C 		.ascii	"CYBLE_EVT_STACK_ON\000"
 624      455F4556 
 624      545F5354 
 624      41434B5F 
 624      4F4E00
 625              	.LASF35:
 626 00f4 4359424C 		.ascii	"CYBLE_EVT_GATTS_XCNHG_MTU_REQ\000"
 626      455F4556 
 626      545F4741 
 626      5454535F 
 626      58434E48 
 627              	.LASF70:
 628 0112 75696E74 		.ascii	"uint16\000"
 628      313600
 629              	.LASF73:
 630 0119 63757374 		.ascii	"customServCharDesc\000"
 630      6F6D5365 
 630      72764368 
ARM GAS  C:\Users\ELECTR~1\AppData\Local\Temp\ccf9XQGD.s 			page 15


 630      61724465 
 630      736300
 631              	.LASF43:
 632 012c 4359424C 		.ascii	"CYBLE_EVT_GATTC_READ_MULTI_RSP\000"
 632      455F4556 
 632      545F4741 
 632      5454435F 
 632      52454144 
 633              	.LASF52:
 634 014b 4359424C 		.ascii	"CYBLE_EVT_GATTS_HANDLE_VALUE_CNF\000"
 634      455F4556 
 634      545F4741 
 634      5454535F 
 634      48414E44 
 635              	.LASF13:
 636 016c 4359424C 		.ascii	"CYBLE_EVT_HOST_INVALID\000"
 636      455F4556 
 636      545F484F 
 636      53545F49 
 636      4E56414C 
 637              	.LASF59:
 638 0183 4359424C 		.ascii	"CYBLE_EVT_L2CAP_CBFC_CONN_IND\000"
 638      455F4556 
 638      545F4C32 
 638      4341505F 
 638      43424643 
 639              	.LASF62:
 640 01a1 4359424C 		.ascii	"CYBLE_EVT_L2CAP_CBFC_DISCONN_CNF\000"
 640      455F4556 
 640      545F4C32 
 640      4341505F 
 640      43424643 
 641              	.LASF79:
 642 01c2 2E5C4765 		.ascii	".\\Generated_Source\\PSoC4\\BLE_custom.c\000"
 642      6E657261 
 642      7465645F 
 642      536F7572 
 642      63655C50 
 643              	.LASF9:
 644 01e8 666C6F61 		.ascii	"float\000"
 644      7400
 645              	.LASF41:
 646 01ee 4359424C 		.ascii	"CYBLE_EVT_GATTC_READ_RSP\000"
 646      455F4556 
 646      545F4741 
 646      5454435F 
 646      52454144 
 647              	.LASF45:
 648 0207 4359424C 		.ascii	"CYBLE_EVT_GATTC_WRITE_RSP\000"
 648      455F4556 
 648      545F4741 
 648      5454435F 
 648      57524954 
 649              	.LASF6:
 650 0221 6C6F6E67 		.ascii	"long long int\000"
 650      206C6F6E 
 650      6720696E 
ARM GAS  C:\Users\ELECTR~1\AppData\Local\Temp\ccf9XQGD.s 			page 16


 650      7400
 651              	.LASF7:
 652 022f 6C6F6E67 		.ascii	"long long unsigned int\000"
 652      206C6F6E 
 652      6720756E 
 652      7369676E 
 652      65642069 
 653              	.LASF74:
 654 0246 4359424C 		.ascii	"CYBLE_CUSTOMS_INFO_T\000"
 654      455F4355 
 654      53544F4D 
 654      535F494E 
 654      464F5F54 
 655              	.LASF4:
 656 025b 6C6F6E67 		.ascii	"long int\000"
 656      20696E74 
 656      00
 657              	.LASF51:
 658 0264 4359424C 		.ascii	"CYBLE_EVT_GATTC_HANDLE_VALUE_IND\000"
 658      455F4556 
 658      545F4741 
 658      5454435F 
 658      48414E44 
 659              	.LASF26:
 660 0285 4359424C 		.ascii	"CYBLE_EVT_GAP_DEVICE_CONNECTED\000"
 660      455F4556 
 660      545F4741 
 660      505F4445 
 660      56494345 
 661              	.LASF25:
 662 02a4 4359424C 		.ascii	"CYBLE_EVT_GAPP_ADVERTISEMENT_START_STOP\000"
 662      455F4556 
 662      545F4741 
 662      50505F41 
 662      44564552 
 663              	.LASF50:
 664 02cc 4359424C 		.ascii	"CYBLE_EVT_GATTC_HANDLE_VALUE_NTF\000"
 664      455F4556 
 664      545F4741 
 664      5454435F 
 664      48414E44 
 665              	.LASF18:
 666 02ed 4359424C 		.ascii	"CYBLE_EVT_STACK_BUSY_STATUS\000"
 666      455F4556 
 666      545F5354 
 666      41434B5F 
 666      42555359 
 667              	.LASF22:
 668 0309 4359424C 		.ascii	"CYBLE_EVT_GAP_PASSKEY_DISPLAY_REQUEST\000"
 668      455F4556 
 668      545F4741 
 668      505F5041 
 668      53534B45 
 669              	.LASF77:
 670 032f 4359424C 		.ascii	"CYBLE_CUSTOMS_T\000"
 670      455F4355 
 670      53544F4D 
ARM GAS  C:\Users\ELECTR~1\AppData\Local\Temp\ccf9XQGD.s 			page 17


 670      535F5400 
 671              	.LASF60:
 672 033f 4359424C 		.ascii	"CYBLE_EVT_L2CAP_CBFC_CONN_CNF\000"
 672      455F4556 
 672      545F4C32 
 672      4341505F 
 672      43424643 
 673              	.LASF69:
 674 035d 4359424C 		.ascii	"CYBLE_EVT_MAX\000"
 674      455F4556 
 674      545F4D41 
 674      5800
 675              	.LASF56:
 676 036b 4359424C 		.ascii	"CYBLE_EVT_L2CAP_CONN_PARAM_UPDATE_REQ\000"
 676      455F4556 
 676      545F4C32 
 676      4341505F 
 676      434F4E4E 
 677              	.LASF1:
 678 0391 756E7369 		.ascii	"unsigned char\000"
 678      676E6564 
 678      20636861 
 678      7200
 679              	.LASF76:
 680 039f 63757374 		.ascii	"customServInfo\000"
 680      6F6D5365 
 680      7276496E 
 680      666F00
 681              	.LASF47:
 682 03ae 4359424C 		.ascii	"CYBLE_EVT_GATTS_PREP_WRITE_REQ\000"
 682      455F4556 
 682      545F4741 
 682      5454535F 
 682      50524550 
 683              	.LASF68:
 684 03cd 4359424C 		.ascii	"CYBLE_EVT_LE_PING_AUTH_TIMEOUT\000"
 684      455F4556 
 684      545F4C45 
 684      5F50494E 
 684      475F4155 
 685              	.LASF39:
 686 03ec 4359424C 		.ascii	"CYBLE_EVT_GATTC_FIND_INFO_RSP\000"
 686      455F4556 
 686      545F4741 
 686      5454435F 
 686      46494E44 
 687              	.LASF0:
 688 040a 7369676E 		.ascii	"signed char\000"
 688      65642063 
 688      68617200 
 689              	.LASF44:
 690 0416 4359424C 		.ascii	"CYBLE_EVT_GATTS_WRITE_REQ\000"
 690      455F4556 
 690      545F4741 
 690      5454535F 
 690      57524954 
 691              	.LASF40:
ARM GAS  C:\Users\ELECTR~1\AppData\Local\Temp\ccf9XQGD.s 			page 18


 692 0430 4359424C 		.ascii	"CYBLE_EVT_GATTC_FIND_BY_TYPE_VALUE_RSP\000"
 692      455F4556 
 692      545F4741 
 692      5454435F 
 692      46494E44 
 693              	.LASF23:
 694 0457 4359424C 		.ascii	"CYBLE_EVT_GAP_AUTH_COMPLETE\000"
 694      455F4556 
 694      545F4741 
 694      505F4155 
 694      54485F43 
 695              	.LASF8:
 696 0473 756E7369 		.ascii	"unsigned int\000"
 696      676E6564 
 696      20696E74 
 696      00
 697              	.LASF33:
 698 0480 4359424C 		.ascii	"CYBLE_EVT_GATT_CONNECT_IND\000"
 698      455F4556 
 698      545F4741 
 698      54545F43 
 698      4F4E4E45 
 699              	.LASF5:
 700 049b 6C6F6E67 		.ascii	"long unsigned int\000"
 700      20756E73 
 700      69676E65 
 700      6420696E 
 700      7400
 701              	.LASF20:
 702 04ad 4359424C 		.ascii	"CYBLE_EVT_GAP_AUTH_REQ\000"
 702      455F4556 
 702      545F4741 
 702      505F4155 
 702      54485F52 
 703              	.LASF61:
 704 04c4 4359424C 		.ascii	"CYBLE_EVT_L2CAP_CBFC_DISCONN_IND\000"
 704      455F4556 
 704      545F4C32 
 704      4341505F 
 704      43424643 
 705              	.LASF80:
 706 04e5 433A5C55 		.ascii	"C:\\Users\\Electronic\\Documents\\GitHub\\PSoC-4-BL"
 706      73657273 
 706      5C456C65 
 706      6374726F 
 706      6E69635C 
 707 0513 452D4578 		.ascii	"E-Experiments\\Project 003 Custom Profile CapSense "
 707      70657269 
 707      6D656E74 
 707      735C5072 
 707      6F6A6563 
 708 0545 52474220 		.ascii	"RGB LED\\PSoC\\CapSenseRGB\\CapSenseRGB.cydsn\000"
 708      4C45445C 
 708      50536F43 
 708      5C436170 
 708      53656E73 
 709              	.LASF31:
ARM GAS  C:\Users\ELECTR~1\AppData\Local\Temp\ccf9XQGD.s 			page 19


 710 0570 4359424C 		.ascii	"CYBLE_EVT_GAP_KEYINFO_EXCHNGE_CMPLT\000"
 710      455F4556 
 710      545F4741 
 710      505F4B45 
 710      59494E46 
 711              	.LASF29:
 712 0594 4359424C 		.ascii	"CYBLE_EVT_GAP_CONNECTION_UPDATE_COMPLETE\000"
 712      455F4556 
 712      545F4741 
 712      505F434F 
 712      4E4E4543 
 713              	.LASF11:
 714 05bd 63686172 		.ascii	"char\000"
 714      00
 715              	.LASF58:
 716 05c2 4359424C 		.ascii	"CYBLE_EVT_L2CAP_COMMAND_REJ\000"
 716      455F4556 
 716      545F4C32 
 716      4341505F 
 716      434F4D4D 
 717              	.LASF3:
 718 05de 73686F72 		.ascii	"short unsigned int\000"
 718      7420756E 
 718      7369676E 
 718      65642069 
 718      6E7400
 719              	.LASF42:
 720 05f1 4359424C 		.ascii	"CYBLE_EVT_GATTC_READ_BLOB_RSP\000"
 720      455F4556 
 720      545F4741 
 720      5454435F 
 720      52454144 
 721              	.LASF49:
 722 060f 4359424C 		.ascii	"CYBLE_EVT_GATTC_EXEC_WRITE_RSP\000"
 722      455F4556 
 722      545F4741 
 722      5454435F 
 722      45584543 
 723              	.LASF30:
 724 062e 4359424C 		.ascii	"CYBLE_EVT_GAPC_SCAN_START_STOP\000"
 724      455F4556 
 724      545F4741 
 724      50435F53 
 724      43414E5F 
 725              	.LASF67:
 726 064d 4359424C 		.ascii	"CYBLE_EVT_PENDING_FLASH_WRITE\000"
 726      455F4556 
 726      545F5045 
 726      4E44494E 
 726      475F464C 
 727              	.LASF64:
 728 066b 4359424C 		.ascii	"CYBLE_EVT_L2CAP_CBFC_RX_CREDIT_IND\000"
 728      455F4556 
 728      545F4C32 
 728      4341505F 
 728      43424643 
 729              	.LASF10:
ARM GAS  C:\Users\ELECTR~1\AppData\Local\Temp\ccf9XQGD.s 			page 20


 730 068e 646F7562 		.ascii	"double\000"
 730      6C6500
 731              	.LASF65:
 732 0695 4359424C 		.ascii	"CYBLE_EVT_L2CAP_CBFC_TX_CREDIT_IND\000"
 732      455F4556 
 732      545F4C32 
 732      4341505F 
 732      43424643 
 733              	.LASF72:
 734 06b8 63757374 		.ascii	"customServCharHandle\000"
 734      6F6D5365 
 734      72764368 
 734      61724861 
 734      6E646C65 
 735              	.LASF16:
 736 06cd 4359424C 		.ascii	"CYBLE_EVT_HARDWARE_ERROR\000"
 736      455F4556 
 736      545F4841 
 736      52445741 
 736      52455F45 
 737              	.LASF63:
 738 06e6 4359424C 		.ascii	"CYBLE_EVT_L2CAP_CBFC_DATA_READ\000"
 738      455F4556 
 738      545F4C32 
 738      4341505F 
 738      43424643 
 739              	.LASF57:
 740 0705 4359424C 		.ascii	"CYBLE_EVT_L2CAP_CONN_PARAM_UPDATE_RSP\000"
 740      455F4556 
 740      545F4C32 
 740      4341505F 
 740      434F4E4E 
 741              	.LASF19:
 742 072b 4359424C 		.ascii	"CYBLE_EVT_GAPC_SCAN_PROGRESS_RESULT\000"
 742      455F4556 
 742      545F4741 
 742      50435F53 
 742      43414E5F 
 743              	.LASF37:
 744 074f 4359424C 		.ascii	"CYBLE_EVT_GATTC_READ_BY_GROUP_TYPE_RSP\000"
 744      455F4556 
 744      545F4741 
 744      5454435F 
 744      52454144 
 745              	.LASF46:
 746 0776 4359424C 		.ascii	"CYBLE_EVT_GATTS_WRITE_CMD_REQ\000"
 746      455F4556 
 746      545F4741 
 746      5454535F 
 746      57524954 
 747              	.LASF38:
 748 0794 4359424C 		.ascii	"CYBLE_EVT_GATTC_READ_BY_TYPE_RSP\000"
 748      455F4556 
 748      545F4741 
 748      5454435F 
 748      52454144 
 749              	.LASF36:
ARM GAS  C:\Users\ELECTR~1\AppData\Local\Temp\ccf9XQGD.s 			page 21


 750 07b5 4359424C 		.ascii	"CYBLE_EVT_GATTC_XCHNG_MTU_RSP\000"
 750      455F4556 
 750      545F4741 
 750      5454435F 
 750      5843484E 
 751              	.LASF66:
 752 07d3 4359424C 		.ascii	"CYBLE_EVT_L2CAP_CBFC_DATA_WRITE_IND\000"
 752      455F4556 
 752      545F4C32 
 752      4341505F 
 752      43424643 
 753              	.LASF15:
 754 07f7 4359424C 		.ascii	"CYBLE_EVT_TIMEOUT\000"
 754      455F4556 
 754      545F5449 
 754      4D454F55 
 754      5400
 755              	.LASF55:
 756 0809 4359424C 		.ascii	"CYBLE_EVT_GATTS_READ_CHAR_VAL_ACCESS_REQ\000"
 756      455F4556 
 756      545F4741 
 756      5454535F 
 756      52454144 
 757              	.LASF54:
 758 0832 4359424C 		.ascii	"CYBLE_EVT_GATTC_STOP_CMD_COMPLETE\000"
 758      455F4556 
 758      545F4741 
 758      5454435F 
 758      53544F50 
 759              	.LASF78:
 760 0854 474E5520 		.ascii	"GNU C 4.9.3 20150303 (release) [ARM/embedded-4_9-br"
 760      4320342E 
 760      392E3320 
 760      32303135 
 760      30333033 
 761 0887 616E6368 		.ascii	"anch revision 221220] -mcpu=cortex-m0 -mthumb -g -O"
 761      20726576 
 761      6973696F 
 761      6E203232 
 761      31323230 
 762 08ba 67202D66 		.ascii	"g -ffunction-sections -ffat-lto-objects\000"
 762      66756E63 
 762      74696F6E 
 762      2D736563 
 762      74696F6E 
 763              	.LASF48:
 764 08e2 4359424C 		.ascii	"CYBLE_EVT_GATTS_EXEC_WRITE_REQ\000"
 764      455F4556 
 764      545F4741 
 764      5454535F 
 764      45584543 
 765              	.LASF71:
 766 0901 4359424C 		.ascii	"CYBLE_GATT_DB_ATTR_HANDLE_T\000"
 766      455F4741 
 766      54545F44 
 766      425F4154 
 766      54525F48 
ARM GAS  C:\Users\ELECTR~1\AppData\Local\Temp\ccf9XQGD.s 			page 22


 767              	.LASF82:
 768 091d 6379426C 		.ascii	"cyBle_customs\000"
 768      655F6375 
 768      73746F6D 
 768      7300
 769              	.LASF53:
 770 092b 4359424C 		.ascii	"CYBLE_EVT_GATTS_DATA_SIGNED_CMD_REQ\000"
 770      455F4556 
 770      545F4741 
 770      5454535F 
 770      44415441 
 771              	.LASF34:
 772 094f 4359424C 		.ascii	"CYBLE_EVT_GATT_DISCONNECT_IND\000"
 772      455F4556 
 772      545F4741 
 772      54545F44 
 772      4953434F 
 773              		.ident	"GCC: (GNU Tools for ARM Embedded Processors) 4.9.3 20150303 (release) [ARM/embedded-4_9-br
