ARM GAS  C:\Users\ELECTR~1\AppData\Local\Temp\ccXDnf27.s 			page 1


   1              		.cpu cortex-m0
   2              		.fpu softvfp
   3              		.eabi_attribute 20, 1
   4              		.eabi_attribute 21, 1
   5              		.eabi_attribute 23, 3
   6              		.eabi_attribute 24, 1
   7              		.eabi_attribute 25, 1
   8              		.eabi_attribute 26, 1
   9              		.eabi_attribute 30, 1
  10              		.eabi_attribute 34, 0
  11              		.eabi_attribute 18, 4
  12              		.code	16
  13              		.file	"BluePrISM_PM.c"
  14              		.text
  15              	.Ltext0:
  16              		.cfi_sections	.debug_frame
  17              		.section	.text.BluePrISM_SaveConfig,"ax",%progbits
  18              		.align	2
  19              		.global	BluePrISM_SaveConfig
  20              		.code	16
  21              		.thumb_func
  22              		.type	BluePrISM_SaveConfig, %function
  23              	BluePrISM_SaveConfig:
  24              	.LFB2:
  25              		.file 1 ".\\Generated_Source\\PSoC4\\BluePrISM_PM.c"
   1:.\Generated_Source\PSoC4/BluePrISM_PM.c **** /*******************************************************************************
   2:.\Generated_Source\PSoC4/BluePrISM_PM.c **** * File Name: BluePrISM_PM.c
   3:.\Generated_Source\PSoC4/BluePrISM_PM.c **** * Version 2.20
   4:.\Generated_Source\PSoC4/BluePrISM_PM.c **** *
   5:.\Generated_Source\PSoC4/BluePrISM_PM.c **** * Description:
   6:.\Generated_Source\PSoC4/BluePrISM_PM.c **** *  This file provides Sleep/WakeUp APIs functionality of the PrISM component
   7:.\Generated_Source\PSoC4/BluePrISM_PM.c **** *
   8:.\Generated_Source\PSoC4/BluePrISM_PM.c **** * Note:
   9:.\Generated_Source\PSoC4/BluePrISM_PM.c **** *
  10:.\Generated_Source\PSoC4/BluePrISM_PM.c **** ********************************************************************************
  11:.\Generated_Source\PSoC4/BluePrISM_PM.c **** * Copyright 2008-2012, Cypress Semiconductor Corporation.  All rights reserved.
  12:.\Generated_Source\PSoC4/BluePrISM_PM.c **** * You may use this file only in accordance with the license, terms, conditions, 
  13:.\Generated_Source\PSoC4/BluePrISM_PM.c **** * disclaimers, and limitations in the end user license agreement accompanying 
  14:.\Generated_Source\PSoC4/BluePrISM_PM.c **** * the software package with which this file was provided.
  15:.\Generated_Source\PSoC4/BluePrISM_PM.c **** *******************************************************************************/
  16:.\Generated_Source\PSoC4/BluePrISM_PM.c **** 
  17:.\Generated_Source\PSoC4/BluePrISM_PM.c **** #include "BluePrISM.h"
  18:.\Generated_Source\PSoC4/BluePrISM_PM.c **** 
  19:.\Generated_Source\PSoC4/BluePrISM_PM.c **** 
  20:.\Generated_Source\PSoC4/BluePrISM_PM.c **** /***************************************
  21:.\Generated_Source\PSoC4/BluePrISM_PM.c **** * Local data allocation
  22:.\Generated_Source\PSoC4/BluePrISM_PM.c **** ***************************************/
  23:.\Generated_Source\PSoC4/BluePrISM_PM.c **** static BluePrISM_BACKUP_STRUCT  BluePrISM_backup = 
  24:.\Generated_Source\PSoC4/BluePrISM_PM.c **** {
  25:.\Generated_Source\PSoC4/BluePrISM_PM.c ****     /* enableState */
  26:.\Generated_Source\PSoC4/BluePrISM_PM.c ****     0u,
  27:.\Generated_Source\PSoC4/BluePrISM_PM.c ****     /* cr */
  28:.\Generated_Source\PSoC4/BluePrISM_PM.c ****     #if(!BluePrISM_PULSE_TYPE_HARDCODED)
  29:.\Generated_Source\PSoC4/BluePrISM_PM.c ****        (((BluePrISM_GREATERTHAN_OR_EQUAL == BluePrISM_COMPARE0) ? \
  30:.\Generated_Source\PSoC4/BluePrISM_PM.c ****                                                 BluePrISM_CTRL_COMPARE_TYPE0_GREATER_THAN_OR_EQUAL 
  31:.\Generated_Source\PSoC4/BluePrISM_PM.c ****         ((BluePrISM_GREATERTHAN_OR_EQUAL == BluePrISM_COMPARE1) ? \
  32:.\Generated_Source\PSoC4/BluePrISM_PM.c ****                                                 BluePrISM_CTRL_COMPARE_TYPE1_GREATER_THAN_OR_EQUAL 
ARM GAS  C:\Users\ELECTR~1\AppData\Local\Temp\ccXDnf27.s 			page 2


  33:.\Generated_Source\PSoC4/BluePrISM_PM.c ****     #endif /* End BluePrISM_PULSE_TYPE_HARDCODED */
  34:.\Generated_Source\PSoC4/BluePrISM_PM.c ****     /* seed */    
  35:.\Generated_Source\PSoC4/BluePrISM_PM.c ****     BluePrISM_SEED,
  36:.\Generated_Source\PSoC4/BluePrISM_PM.c ****     /* seed_copy */    
  37:.\Generated_Source\PSoC4/BluePrISM_PM.c ****     BluePrISM_SEED,
  38:.\Generated_Source\PSoC4/BluePrISM_PM.c ****     /* polynom */
  39:.\Generated_Source\PSoC4/BluePrISM_PM.c ****     BluePrISM_POLYNOM,
  40:.\Generated_Source\PSoC4/BluePrISM_PM.c ****     #if(CY_UDB_V0)
  41:.\Generated_Source\PSoC4/BluePrISM_PM.c ****         /* density0 */
  42:.\Generated_Source\PSoC4/BluePrISM_PM.c ****         BluePrISM_DENSITY0,
  43:.\Generated_Source\PSoC4/BluePrISM_PM.c ****         /* density1 */
  44:.\Generated_Source\PSoC4/BluePrISM_PM.c ****         BluePrISM_DENSITY1,
  45:.\Generated_Source\PSoC4/BluePrISM_PM.c ****     #endif /*End CY_UDB_V0*/
  46:.\Generated_Source\PSoC4/BluePrISM_PM.c **** };
  47:.\Generated_Source\PSoC4/BluePrISM_PM.c **** 
  48:.\Generated_Source\PSoC4/BluePrISM_PM.c **** 
  49:.\Generated_Source\PSoC4/BluePrISM_PM.c **** /*******************************************************************************
  50:.\Generated_Source\PSoC4/BluePrISM_PM.c **** * Function Name: BluePrISM_SaveConfig
  51:.\Generated_Source\PSoC4/BluePrISM_PM.c **** ********************************************************************************
  52:.\Generated_Source\PSoC4/BluePrISM_PM.c **** *
  53:.\Generated_Source\PSoC4/BluePrISM_PM.c **** * Summary:
  54:.\Generated_Source\PSoC4/BluePrISM_PM.c **** *  Saves the current user configuration.
  55:.\Generated_Source\PSoC4/BluePrISM_PM.c **** *  
  56:.\Generated_Source\PSoC4/BluePrISM_PM.c **** * Parameters:  
  57:.\Generated_Source\PSoC4/BluePrISM_PM.c **** *  None.
  58:.\Generated_Source\PSoC4/BluePrISM_PM.c **** *
  59:.\Generated_Source\PSoC4/BluePrISM_PM.c **** * Return: 
  60:.\Generated_Source\PSoC4/BluePrISM_PM.c **** *  None.
  61:.\Generated_Source\PSoC4/BluePrISM_PM.c **** *
  62:.\Generated_Source\PSoC4/BluePrISM_PM.c **** * Global Variables:
  63:.\Generated_Source\PSoC4/BluePrISM_PM.c **** *  BluePrISM_backup - modified when non-retention registers are saved.
  64:.\Generated_Source\PSoC4/BluePrISM_PM.c **** *
  65:.\Generated_Source\PSoC4/BluePrISM_PM.c **** * Reentrant:
  66:.\Generated_Source\PSoC4/BluePrISM_PM.c **** *  No.
  67:.\Generated_Source\PSoC4/BluePrISM_PM.c **** *
  68:.\Generated_Source\PSoC4/BluePrISM_PM.c **** *******************************************************************************/
  69:.\Generated_Source\PSoC4/BluePrISM_PM.c **** void BluePrISM_SaveConfig(void) 
  70:.\Generated_Source\PSoC4/BluePrISM_PM.c **** {
  26              		.loc 1 70 0
  27              		.cfi_startproc
  28 0000 10B5     		push	{r4, lr}
  29              		.cfi_def_cfa_offset 8
  30              		.cfi_offset 4, -8
  31              		.cfi_offset 14, -4
  71:.\Generated_Source\PSoC4/BluePrISM_PM.c ****     #if (CY_UDB_V0)
  72:.\Generated_Source\PSoC4/BluePrISM_PM.c ****         #if(!BluePrISM_PULSE_TYPE_HARDCODED)
  73:.\Generated_Source\PSoC4/BluePrISM_PM.c ****             BluePrISM_backup.cr = BluePrISM_CONTROL_REG;
  74:.\Generated_Source\PSoC4/BluePrISM_PM.c ****         #endif /* End BluePrISM_PULSE_TYPE_HARDCODED */
  75:.\Generated_Source\PSoC4/BluePrISM_PM.c ****         BluePrISM_backup.seed = BluePrISM_ReadSeed();
  76:.\Generated_Source\PSoC4/BluePrISM_PM.c ****         BluePrISM_backup.seed_copy = CY_GET_REG8(BluePrISM_SEED_COPY_PTR);
  77:.\Generated_Source\PSoC4/BluePrISM_PM.c ****         BluePrISM_backup.polynom = BluePrISM_ReadPolynomial();
  78:.\Generated_Source\PSoC4/BluePrISM_PM.c ****         BluePrISM_backup.density0 = BluePrISM_ReadPulse0();
  79:.\Generated_Source\PSoC4/BluePrISM_PM.c ****         BluePrISM_backup.density1 = BluePrISM_ReadPulse1();
  80:.\Generated_Source\PSoC4/BluePrISM_PM.c ****     #else /* CY_UDB_V1 */
  81:.\Generated_Source\PSoC4/BluePrISM_PM.c ****         #if(!BluePrISM_PULSE_TYPE_HARDCODED)
  82:.\Generated_Source\PSoC4/BluePrISM_PM.c ****             BluePrISM_backup.cr = BluePrISM_CONTROL_REG;
  32              		.loc 1 82 0
ARM GAS  C:\Users\ELECTR~1\AppData\Local\Temp\ccXDnf27.s 			page 3


  33 0002 074B     		ldr	r3, .L2
  34 0004 1B78     		ldrb	r3, [r3]
  35 0006 074C     		ldr	r4, .L2+4
  36 0008 6370     		strb	r3, [r4, #1]
  83:.\Generated_Source\PSoC4/BluePrISM_PM.c ****         #endif /* End BluePrISM_PULSE_TYPE_HARDCODED */
  84:.\Generated_Source\PSoC4/BluePrISM_PM.c ****         BluePrISM_backup.seed = BluePrISM_ReadSeed();
  37              		.loc 1 84 0
  38 000a FFF7FEFF 		bl	BluePrISM_ReadSeed
  39              	.LVL0:
  40 000e A070     		strb	r0, [r4, #2]
  85:.\Generated_Source\PSoC4/BluePrISM_PM.c ****         BluePrISM_backup.seed_copy = CY_GET_REG8(BluePrISM_SEED_COPY_PTR);
  41              		.loc 1 85 0
  42 0010 054B     		ldr	r3, .L2+8
  43 0012 1B78     		ldrb	r3, [r3]
  44 0014 E370     		strb	r3, [r4, #3]
  86:.\Generated_Source\PSoC4/BluePrISM_PM.c ****         BluePrISM_backup.polynom = BluePrISM_ReadPolynomial();
  45              		.loc 1 86 0
  46 0016 FFF7FEFF 		bl	BluePrISM_ReadPolynomial
  47              	.LVL1:
  48 001a 2071     		strb	r0, [r4, #4]
  87:.\Generated_Source\PSoC4/BluePrISM_PM.c ****     #endif  /* CY_UDB_V0 */
  88:.\Generated_Source\PSoC4/BluePrISM_PM.c **** }
  49              		.loc 1 88 0
  50              		@ sp needed
  51 001c 10BD     		pop	{r4, pc}
  52              	.L3:
  53 001e C046     		.align	2
  54              	.L2:
  55 0020 72000F40 		.word	1074724978
  56 0024 00000000 		.word	.LANCHOR0
  57 0028 42000F40 		.word	1074724930
  58              		.cfi_endproc
  59              	.LFE2:
  60              		.size	BluePrISM_SaveConfig, .-BluePrISM_SaveConfig
  61              		.section	.text.BluePrISM_RestoreConfig,"ax",%progbits
  62              		.align	2
  63              		.global	BluePrISM_RestoreConfig
  64              		.code	16
  65              		.thumb_func
  66              		.type	BluePrISM_RestoreConfig, %function
  67              	BluePrISM_RestoreConfig:
  68              	.LFB3:
  89:.\Generated_Source\PSoC4/BluePrISM_PM.c **** 
  90:.\Generated_Source\PSoC4/BluePrISM_PM.c **** 
  91:.\Generated_Source\PSoC4/BluePrISM_PM.c **** /*******************************************************************************
  92:.\Generated_Source\PSoC4/BluePrISM_PM.c **** * Function Name: BluePrISM_RestoreConfig
  93:.\Generated_Source\PSoC4/BluePrISM_PM.c **** ********************************************************************************
  94:.\Generated_Source\PSoC4/BluePrISM_PM.c **** *
  95:.\Generated_Source\PSoC4/BluePrISM_PM.c **** * Summary:
  96:.\Generated_Source\PSoC4/BluePrISM_PM.c **** *  Restores the current user configuration.
  97:.\Generated_Source\PSoC4/BluePrISM_PM.c **** *
  98:.\Generated_Source\PSoC4/BluePrISM_PM.c **** * Parameters:  
  99:.\Generated_Source\PSoC4/BluePrISM_PM.c **** *  None.
 100:.\Generated_Source\PSoC4/BluePrISM_PM.c **** *
 101:.\Generated_Source\PSoC4/BluePrISM_PM.c **** * Return: 
 102:.\Generated_Source\PSoC4/BluePrISM_PM.c **** *  None.
 103:.\Generated_Source\PSoC4/BluePrISM_PM.c **** *
ARM GAS  C:\Users\ELECTR~1\AppData\Local\Temp\ccXDnf27.s 			page 4


 104:.\Generated_Source\PSoC4/BluePrISM_PM.c **** * Global Variables:
 105:.\Generated_Source\PSoC4/BluePrISM_PM.c **** *  BluePrISM_backup - used when non-retention registers are restored.
 106:.\Generated_Source\PSoC4/BluePrISM_PM.c **** *
 107:.\Generated_Source\PSoC4/BluePrISM_PM.c **** *******************************************************************************/
 108:.\Generated_Source\PSoC4/BluePrISM_PM.c **** void BluePrISM_RestoreConfig(void) 
 109:.\Generated_Source\PSoC4/BluePrISM_PM.c **** {
  69              		.loc 1 109 0
  70              		.cfi_startproc
  71 0000 08B5     		push	{r3, lr}
  72              		.cfi_def_cfa_offset 8
  73              		.cfi_offset 3, -8
  74              		.cfi_offset 14, -4
 110:.\Generated_Source\PSoC4/BluePrISM_PM.c ****     #if (CY_UDB_V0)
 111:.\Generated_Source\PSoC4/BluePrISM_PM.c ****     
 112:.\Generated_Source\PSoC4/BluePrISM_PM.c ****         uint8 enableInterrupts;
 113:.\Generated_Source\PSoC4/BluePrISM_PM.c ****         
 114:.\Generated_Source\PSoC4/BluePrISM_PM.c ****         #if(!BluePrISM_PULSE_TYPE_HARDCODED)
 115:.\Generated_Source\PSoC4/BluePrISM_PM.c ****             BluePrISM_CONTROL_REG = BluePrISM_backup.cr;
 116:.\Generated_Source\PSoC4/BluePrISM_PM.c ****         #endif /* End BluePrISM_PULSE_TYPE_HARDCODED */
 117:.\Generated_Source\PSoC4/BluePrISM_PM.c **** 
 118:.\Generated_Source\PSoC4/BluePrISM_PM.c ****         CY_SET_REG8(BluePrISM_SEED_COPY_PTR, BluePrISM_backup.seed_copy);
 119:.\Generated_Source\PSoC4/BluePrISM_PM.c ****         CY_SET_REG8(BluePrISM_SEED_PTR, BluePrISM_backup.seed);
 120:.\Generated_Source\PSoC4/BluePrISM_PM.c ****         BluePrISM_WritePolynomial(BluePrISM_backup.polynom);
 121:.\Generated_Source\PSoC4/BluePrISM_PM.c ****         BluePrISM_WritePulse0(BluePrISM_backup.density0);
 122:.\Generated_Source\PSoC4/BluePrISM_PM.c ****         BluePrISM_WritePulse1(BluePrISM_backup.density1);
 123:.\Generated_Source\PSoC4/BluePrISM_PM.c ****         
 124:.\Generated_Source\PSoC4/BluePrISM_PM.c ****         enableInterrupts = CyEnterCriticalSection();
 125:.\Generated_Source\PSoC4/BluePrISM_PM.c ****         /* Set FIFO0_CLR bit to use FIFO0 as a simple one-byte buffer*/
 126:.\Generated_Source\PSoC4/BluePrISM_PM.c ****         CY_SET_REG8(BluePrISM_AUX_CONTROL_PTR, 
 127:.\Generated_Source\PSoC4/BluePrISM_PM.c ****                         CY_GET_REG8(BluePrISM_AUX_CONTROL_PTR) | BluePrISM_FIFO0_CLR);
 128:.\Generated_Source\PSoC4/BluePrISM_PM.c ****         CyExitCriticalSection(enableInterrupts);
 129:.\Generated_Source\PSoC4/BluePrISM_PM.c **** 
 130:.\Generated_Source\PSoC4/BluePrISM_PM.c ****     #else   /* CY_UDB_V1 */
 131:.\Generated_Source\PSoC4/BluePrISM_PM.c **** 
 132:.\Generated_Source\PSoC4/BluePrISM_PM.c ****         #if(!BluePrISM_PULSE_TYPE_HARDCODED)
 133:.\Generated_Source\PSoC4/BluePrISM_PM.c ****             BluePrISM_CONTROL_REG = BluePrISM_backup.cr;
  75              		.loc 1 133 0
  76 0002 074B     		ldr	r3, .L5
  77 0004 5978     		ldrb	r1, [r3, #1]
  78 0006 074A     		ldr	r2, .L5+4
  79 0008 1170     		strb	r1, [r2]
 134:.\Generated_Source\PSoC4/BluePrISM_PM.c ****         #endif /* End BluePrISM_PULSE_TYPE_HARDCODED */
 135:.\Generated_Source\PSoC4/BluePrISM_PM.c **** 
 136:.\Generated_Source\PSoC4/BluePrISM_PM.c ****         CY_SET_REG8(BluePrISM_SEED_COPY_PTR, BluePrISM_backup.seed_copy);
  80              		.loc 1 136 0
  81 000a D978     		ldrb	r1, [r3, #3]
  82 000c 064A     		ldr	r2, .L5+8
  83 000e 1170     		strb	r1, [r2]
 137:.\Generated_Source\PSoC4/BluePrISM_PM.c ****         CY_SET_REG8(BluePrISM_SEED_PTR, BluePrISM_backup.seed);
  84              		.loc 1 137 0
  85 0010 9978     		ldrb	r1, [r3, #2]
  86 0012 064A     		ldr	r2, .L5+12
  87 0014 1170     		strb	r1, [r2]
 138:.\Generated_Source\PSoC4/BluePrISM_PM.c ****         BluePrISM_WritePolynomial(BluePrISM_backup.polynom);
  88              		.loc 1 138 0
  89 0016 1879     		ldrb	r0, [r3, #4]
  90 0018 FFF7FEFF 		bl	BluePrISM_WritePolynomial
ARM GAS  C:\Users\ELECTR~1\AppData\Local\Temp\ccXDnf27.s 			page 5


  91              	.LVL2:
 139:.\Generated_Source\PSoC4/BluePrISM_PM.c ****     
 140:.\Generated_Source\PSoC4/BluePrISM_PM.c ****     #endif  /* End CY_UDB_V0 */
 141:.\Generated_Source\PSoC4/BluePrISM_PM.c **** }
  92              		.loc 1 141 0
  93              		@ sp needed
  94 001c 08BD     		pop	{r3, pc}
  95              	.L6:
  96 001e C046     		.align	2
  97              	.L5:
  98 0020 00000000 		.word	.LANCHOR0
  99 0024 72000F40 		.word	1074724978
 100 0028 42000F40 		.word	1074724930
 101 002c 02000F40 		.word	1074724866
 102              		.cfi_endproc
 103              	.LFE3:
 104              		.size	BluePrISM_RestoreConfig, .-BluePrISM_RestoreConfig
 105              		.section	.text.BluePrISM_Sleep,"ax",%progbits
 106              		.align	2
 107              		.global	BluePrISM_Sleep
 108              		.code	16
 109              		.thumb_func
 110              		.type	BluePrISM_Sleep, %function
 111              	BluePrISM_Sleep:
 112              	.LFB4:
 142:.\Generated_Source\PSoC4/BluePrISM_PM.c **** 
 143:.\Generated_Source\PSoC4/BluePrISM_PM.c **** 
 144:.\Generated_Source\PSoC4/BluePrISM_PM.c **** /*******************************************************************************
 145:.\Generated_Source\PSoC4/BluePrISM_PM.c **** * Function Name: BluePrISM_Sleep
 146:.\Generated_Source\PSoC4/BluePrISM_PM.c **** ********************************************************************************
 147:.\Generated_Source\PSoC4/BluePrISM_PM.c **** *
 148:.\Generated_Source\PSoC4/BluePrISM_PM.c **** * Summary:
 149:.\Generated_Source\PSoC4/BluePrISM_PM.c **** *  Stops and saves the user configuration
 150:.\Generated_Source\PSoC4/BluePrISM_PM.c **** *  
 151:.\Generated_Source\PSoC4/BluePrISM_PM.c **** * Parameters:  
 152:.\Generated_Source\PSoC4/BluePrISM_PM.c **** *  None.
 153:.\Generated_Source\PSoC4/BluePrISM_PM.c **** *
 154:.\Generated_Source\PSoC4/BluePrISM_PM.c **** * Return: 
 155:.\Generated_Source\PSoC4/BluePrISM_PM.c **** *  None.
 156:.\Generated_Source\PSoC4/BluePrISM_PM.c **** *
 157:.\Generated_Source\PSoC4/BluePrISM_PM.c **** * Global Variables:
 158:.\Generated_Source\PSoC4/BluePrISM_PM.c **** *  BluePrISM_backup - modified when non-retention registers are saved.
 159:.\Generated_Source\PSoC4/BluePrISM_PM.c **** *
 160:.\Generated_Source\PSoC4/BluePrISM_PM.c **** * Reentrant:
 161:.\Generated_Source\PSoC4/BluePrISM_PM.c **** *  No.
 162:.\Generated_Source\PSoC4/BluePrISM_PM.c **** *
 163:.\Generated_Source\PSoC4/BluePrISM_PM.c **** *******************************************************************************/
 164:.\Generated_Source\PSoC4/BluePrISM_PM.c **** void BluePrISM_Sleep(void) 
 165:.\Generated_Source\PSoC4/BluePrISM_PM.c **** {
 113              		.loc 1 165 0
 114              		.cfi_startproc
 115 0000 08B5     		push	{r3, lr}
 116              		.cfi_def_cfa_offset 8
 117              		.cfi_offset 3, -8
 118              		.cfi_offset 14, -4
 166:.\Generated_Source\PSoC4/BluePrISM_PM.c ****     #if(!BluePrISM_PULSE_TYPE_HARDCODED)
 167:.\Generated_Source\PSoC4/BluePrISM_PM.c ****         if((BluePrISM_CONTROL_REG & BluePrISM_CTRL_ENABLE) != 0u) 
ARM GAS  C:\Users\ELECTR~1\AppData\Local\Temp\ccXDnf27.s 			page 6


 119              		.loc 1 167 0
 120 0002 084B     		ldr	r3, .L10
 121 0004 1B78     		ldrb	r3, [r3]
 122 0006 DB07     		lsl	r3, r3, #31
 123 0008 03D5     		bpl	.L8
 168:.\Generated_Source\PSoC4/BluePrISM_PM.c ****         {
 169:.\Generated_Source\PSoC4/BluePrISM_PM.c ****             BluePrISM_backup.enableState = 1u;
 124              		.loc 1 169 0
 125 000a 0122     		mov	r2, #1
 126 000c 064B     		ldr	r3, .L10+4
 127 000e 1A70     		strb	r2, [r3]
 128 0010 02E0     		b	.L9
 129              	.L8:
 170:.\Generated_Source\PSoC4/BluePrISM_PM.c ****         }
 171:.\Generated_Source\PSoC4/BluePrISM_PM.c ****         else
 172:.\Generated_Source\PSoC4/BluePrISM_PM.c ****         {
 173:.\Generated_Source\PSoC4/BluePrISM_PM.c ****             BluePrISM_backup.enableState = 0u;
 130              		.loc 1 173 0
 131 0012 0022     		mov	r2, #0
 132 0014 044B     		ldr	r3, .L10+4
 133 0016 1A70     		strb	r2, [r3]
 134              	.L9:
 174:.\Generated_Source\PSoC4/BluePrISM_PM.c ****         }
 175:.\Generated_Source\PSoC4/BluePrISM_PM.c ****     #endif /* End BluePrISM_PULSE_TYPE_HARDCODED */
 176:.\Generated_Source\PSoC4/BluePrISM_PM.c ****     BluePrISM_Stop();
 135              		.loc 1 176 0
 136 0018 FFF7FEFF 		bl	BluePrISM_Stop
 137              	.LVL3:
 177:.\Generated_Source\PSoC4/BluePrISM_PM.c ****     BluePrISM_SaveConfig();
 138              		.loc 1 177 0
 139 001c FFF7FEFF 		bl	BluePrISM_SaveConfig
 140              	.LVL4:
 178:.\Generated_Source\PSoC4/BluePrISM_PM.c **** }
 141              		.loc 1 178 0
 142              		@ sp needed
 143 0020 08BD     		pop	{r3, pc}
 144              	.L11:
 145 0022 C046     		.align	2
 146              	.L10:
 147 0024 72000F40 		.word	1074724978
 148 0028 00000000 		.word	.LANCHOR0
 149              		.cfi_endproc
 150              	.LFE4:
 151              		.size	BluePrISM_Sleep, .-BluePrISM_Sleep
 152              		.section	.text.BluePrISM_Wakeup,"ax",%progbits
 153              		.align	2
 154              		.global	BluePrISM_Wakeup
 155              		.code	16
 156              		.thumb_func
 157              		.type	BluePrISM_Wakeup, %function
 158              	BluePrISM_Wakeup:
 159              	.LFB5:
 179:.\Generated_Source\PSoC4/BluePrISM_PM.c **** 
 180:.\Generated_Source\PSoC4/BluePrISM_PM.c **** 
 181:.\Generated_Source\PSoC4/BluePrISM_PM.c **** /*******************************************************************************
 182:.\Generated_Source\PSoC4/BluePrISM_PM.c **** * Function Name: BluePrISM_Wakeup
 183:.\Generated_Source\PSoC4/BluePrISM_PM.c **** ********************************************************************************
ARM GAS  C:\Users\ELECTR~1\AppData\Local\Temp\ccXDnf27.s 			page 7


 184:.\Generated_Source\PSoC4/BluePrISM_PM.c **** *
 185:.\Generated_Source\PSoC4/BluePrISM_PM.c **** * Summary:
 186:.\Generated_Source\PSoC4/BluePrISM_PM.c **** *  Restores and enables the user configuration
 187:.\Generated_Source\PSoC4/BluePrISM_PM.c **** *  
 188:.\Generated_Source\PSoC4/BluePrISM_PM.c **** * Parameters:  
 189:.\Generated_Source\PSoC4/BluePrISM_PM.c **** *  None.
 190:.\Generated_Source\PSoC4/BluePrISM_PM.c **** *
 191:.\Generated_Source\PSoC4/BluePrISM_PM.c **** * Return: 
 192:.\Generated_Source\PSoC4/BluePrISM_PM.c **** *  None.
 193:.\Generated_Source\PSoC4/BluePrISM_PM.c **** *
 194:.\Generated_Source\PSoC4/BluePrISM_PM.c **** * Global Variables:
 195:.\Generated_Source\PSoC4/BluePrISM_PM.c **** *  BluePrISM_backup - used when non-retention registers are restored.
 196:.\Generated_Source\PSoC4/BluePrISM_PM.c **** *
 197:.\Generated_Source\PSoC4/BluePrISM_PM.c **** *******************************************************************************/
 198:.\Generated_Source\PSoC4/BluePrISM_PM.c **** void BluePrISM_Wakeup(void) 
 199:.\Generated_Source\PSoC4/BluePrISM_PM.c **** {
 160              		.loc 1 199 0
 161              		.cfi_startproc
 162 0000 08B5     		push	{r3, lr}
 163              		.cfi_def_cfa_offset 8
 164              		.cfi_offset 3, -8
 165              		.cfi_offset 14, -4
 200:.\Generated_Source\PSoC4/BluePrISM_PM.c ****     BluePrISM_RestoreConfig();
 166              		.loc 1 200 0
 167 0002 FFF7FEFF 		bl	BluePrISM_RestoreConfig
 168              	.LVL5:
 201:.\Generated_Source\PSoC4/BluePrISM_PM.c ****     if(BluePrISM_backup.enableState != 0u)
 169              		.loc 1 201 0
 170 0006 034B     		ldr	r3, .L14
 171 0008 1B78     		ldrb	r3, [r3]
 172 000a 002B     		cmp	r3, #0
 173 000c 01D0     		beq	.L12
 202:.\Generated_Source\PSoC4/BluePrISM_PM.c ****     {
 203:.\Generated_Source\PSoC4/BluePrISM_PM.c ****         BluePrISM_Enable();
 174              		.loc 1 203 0
 175 000e FFF7FEFF 		bl	BluePrISM_Enable
 176              	.LVL6:
 177              	.L12:
 204:.\Generated_Source\PSoC4/BluePrISM_PM.c ****     } 
 205:.\Generated_Source\PSoC4/BluePrISM_PM.c **** }
 178              		.loc 1 205 0
 179              		@ sp needed
 180 0012 08BD     		pop	{r3, pc}
 181              	.L15:
 182              		.align	2
 183              	.L14:
 184 0014 00000000 		.word	.LANCHOR0
 185              		.cfi_endproc
 186              	.LFE5:
 187              		.size	BluePrISM_Wakeup, .-BluePrISM_Wakeup
 188              		.data
 189              		.align	2
 190              		.set	.LANCHOR0,. + 0
 191              		.type	BluePrISM_backup, %object
 192              		.size	BluePrISM_backup, 5
 193              	BluePrISM_backup:
 194 0000 00       		.byte	0
ARM GAS  C:\Users\ELECTR~1\AppData\Local\Temp\ccXDnf27.s 			page 8


 195 0001 00       		.byte	0
 196 0002 FF       		.byte	-1
 197 0003 FF       		.byte	-1
 198 0004 B8       		.byte	-72
 199 0005 000000   		.text
 200              	.Letext0:
 201              		.file 2 ".\\Generated_Source\\PSoC4\\cytypes.h"
 202              		.file 3 ".\\Generated_Source\\PSoC4\\BluePrISM.h"
 203              		.section	.debug_info,"",%progbits
 204              	.Ldebug_info0:
 205 0000 CC010000 		.4byte	0x1cc
 206 0004 0400     		.2byte	0x4
 207 0006 00000000 		.4byte	.Ldebug_abbrev0
 208 000a 04       		.byte	0x4
 209 000b 01       		.uleb128 0x1
 210 000c F9010000 		.4byte	.LASF28
 211 0010 01       		.byte	0x1
 212 0011 C3020000 		.4byte	.LASF29
 213 0015 62000000 		.4byte	.LASF30
 214 0019 00000000 		.4byte	.Ldebug_ranges0+0
 215 001d 00000000 		.4byte	0
 216 0021 00000000 		.4byte	.Ldebug_line0
 217 0025 02       		.uleb128 0x2
 218 0026 01       		.byte	0x1
 219 0027 06       		.byte	0x6
 220 0028 B7020000 		.4byte	.LASF0
 221 002c 02       		.uleb128 0x2
 222 002d 01       		.byte	0x1
 223 002e 08       		.byte	0x8
 224 002f F3000000 		.4byte	.LASF1
 225 0033 02       		.uleb128 0x2
 226 0034 02       		.byte	0x2
 227 0035 05       		.byte	0x5
 228 0036 87020000 		.4byte	.LASF2
 229 003a 02       		.uleb128 0x2
 230 003b 02       		.byte	0x2
 231 003c 07       		.byte	0x7
 232 003d 2E000000 		.4byte	.LASF3
 233 0041 02       		.uleb128 0x2
 234 0042 04       		.byte	0x4
 235 0043 05       		.byte	0x5
 236 0044 96020000 		.4byte	.LASF4
 237 0048 02       		.uleb128 0x2
 238 0049 04       		.byte	0x4
 239 004a 07       		.byte	0x7
 240 004b 17010000 		.4byte	.LASF5
 241 004f 02       		.uleb128 0x2
 242 0050 08       		.byte	0x8
 243 0051 05       		.byte	0x5
 244 0052 B9010000 		.4byte	.LASF6
 245 0056 02       		.uleb128 0x2
 246 0057 08       		.byte	0x8
 247 0058 07       		.byte	0x7
 248 0059 6A010000 		.4byte	.LASF7
 249 005d 03       		.uleb128 0x3
 250 005e 04       		.byte	0x4
 251 005f 05       		.byte	0x5
ARM GAS  C:\Users\ELECTR~1\AppData\Local\Temp\ccXDnf27.s 			page 9


 252 0060 696E7400 		.ascii	"int\000"
 253 0064 02       		.uleb128 0x2
 254 0065 04       		.byte	0x4
 255 0066 07       		.byte	0x7
 256 0067 5D010000 		.4byte	.LASF8
 257 006b 04       		.uleb128 0x4
 258 006c 29010000 		.4byte	.LASF12
 259 0070 02       		.byte	0x2
 260 0071 C1       		.byte	0xc1
 261 0072 2C000000 		.4byte	0x2c
 262 0076 02       		.uleb128 0x2
 263 0077 04       		.byte	0x4
 264 0078 04       		.byte	0x4
 265 0079 ED000000 		.4byte	.LASF9
 266 007d 02       		.uleb128 0x2
 267 007e 08       		.byte	0x8
 268 007f 04       		.byte	0x4
 269 0080 40010000 		.4byte	.LASF10
 270 0084 02       		.uleb128 0x2
 271 0085 01       		.byte	0x1
 272 0086 08       		.byte	0x8
 273 0087 9F020000 		.4byte	.LASF11
 274 008b 05       		.uleb128 0x5
 275 008c 12010000 		.4byte	.LASF13
 276 0090 02       		.byte	0x2
 277 0091 6B01     		.2byte	0x16b
 278 0093 97000000 		.4byte	0x97
 279 0097 06       		.uleb128 0x6
 280 0098 6B000000 		.4byte	0x6b
 281 009c 02       		.uleb128 0x2
 282 009d 04       		.byte	0x4
 283 009e 07       		.byte	0x7
 284 009f A1010000 		.4byte	.LASF14
 285 00a3 07       		.uleb128 0x7
 286 00a4 05       		.byte	0x5
 287 00a5 03       		.byte	0x3
 288 00a6 33       		.byte	0x33
 289 00a7 E7000000 		.4byte	0xe7
 290 00ab 08       		.uleb128 0x8
 291 00ac 51010000 		.4byte	.LASF15
 292 00b0 03       		.byte	0x3
 293 00b1 35       		.byte	0x35
 294 00b2 6B000000 		.4byte	0x6b
 295 00b6 00       		.byte	0
 296 00b7 09       		.uleb128 0x9
 297 00b8 637200   		.ascii	"cr\000"
 298 00bb 03       		.byte	0x3
 299 00bc 37       		.byte	0x37
 300 00bd 6B000000 		.4byte	0x6b
 301 00c1 01       		.byte	0x1
 302 00c2 08       		.uleb128 0x8
 303 00c3 91020000 		.4byte	.LASF16
 304 00c7 03       		.byte	0x3
 305 00c8 39       		.byte	0x39
 306 00c9 6B000000 		.4byte	0x6b
 307 00cd 02       		.byte	0x2
 308 00ce 08       		.uleb128 0x8
ARM GAS  C:\Users\ELECTR~1\AppData\Local\Temp\ccXDnf27.s 			page 10


 309 00cf 47010000 		.4byte	.LASF17
 310 00d3 03       		.byte	0x3
 311 00d4 3A       		.byte	0x3a
 312 00d5 6B000000 		.4byte	0x6b
 313 00d9 03       		.byte	0x3
 314 00da 08       		.uleb128 0x8
 315 00db 81010000 		.4byte	.LASF18
 316 00df 03       		.byte	0x3
 317 00e0 3B       		.byte	0x3b
 318 00e1 6B000000 		.4byte	0x6b
 319 00e5 04       		.byte	0x4
 320 00e6 00       		.byte	0
 321 00e7 04       		.uleb128 0x4
 322 00e8 89010000 		.4byte	.LASF19
 323 00ec 03       		.byte	0x3
 324 00ed 40       		.byte	0x40
 325 00ee A3000000 		.4byte	0xa3
 326 00f2 0A       		.uleb128 0xa
 327 00f3 19000000 		.4byte	.LASF20
 328 00f7 01       		.byte	0x1
 329 00f8 45       		.byte	0x45
 330 00f9 00000000 		.4byte	.LFB2
 331 00fd 2C000000 		.4byte	.LFE2-.LFB2
 332 0101 01       		.uleb128 0x1
 333 0102 9C       		.byte	0x9c
 334 0103 1A010000 		.4byte	0x11a
 335 0107 0B       		.uleb128 0xb
 336 0108 0E000000 		.4byte	.LVL0
 337 010c 9A010000 		.4byte	0x19a
 338 0110 0B       		.uleb128 0xb
 339 0111 1A000000 		.4byte	.LVL1
 340 0115 A5010000 		.4byte	0x1a5
 341 0119 00       		.byte	0
 342 011a 0A       		.uleb128 0xa
 343 011b C7010000 		.4byte	.LASF21
 344 011f 01       		.byte	0x1
 345 0120 6C       		.byte	0x6c
 346 0121 00000000 		.4byte	.LFB3
 347 0125 30000000 		.4byte	.LFE3-.LFB3
 348 0129 01       		.uleb128 0x1
 349 012a 9C       		.byte	0x9c
 350 012b 39010000 		.4byte	0x139
 351 012f 0B       		.uleb128 0xb
 352 0130 1C000000 		.4byte	.LVL2
 353 0134 B0010000 		.4byte	0x1b0
 354 0138 00       		.byte	0
 355 0139 0A       		.uleb128 0xa
 356 013a 52000000 		.4byte	.LASF22
 357 013e 01       		.byte	0x1
 358 013f A4       		.byte	0xa4
 359 0140 00000000 		.4byte	.LFB4
 360 0144 2C000000 		.4byte	.LFE4-.LFB4
 361 0148 01       		.uleb128 0x1
 362 0149 9C       		.byte	0x9c
 363 014a 61010000 		.4byte	0x161
 364 014e 0B       		.uleb128 0xb
 365 014f 1C000000 		.4byte	.LVL3
ARM GAS  C:\Users\ELECTR~1\AppData\Local\Temp\ccXDnf27.s 			page 11


 366 0153 C1010000 		.4byte	0x1c1
 367 0157 0B       		.uleb128 0xb
 368 0158 20000000 		.4byte	.LVL4
 369 015c F2000000 		.4byte	0xf2
 370 0160 00       		.byte	0
 371 0161 0A       		.uleb128 0xa
 372 0162 01010000 		.4byte	.LASF23
 373 0166 01       		.byte	0x1
 374 0167 C6       		.byte	0xc6
 375 0168 00000000 		.4byte	.LFB5
 376 016c 18000000 		.4byte	.LFE5-.LFB5
 377 0170 01       		.uleb128 0x1
 378 0171 9C       		.byte	0x9c
 379 0172 89010000 		.4byte	0x189
 380 0176 0B       		.uleb128 0xb
 381 0177 06000000 		.4byte	.LVL5
 382 017b 1A010000 		.4byte	0x11a
 383 017f 0B       		.uleb128 0xb
 384 0180 12000000 		.4byte	.LVL6
 385 0184 C8010000 		.4byte	0x1c8
 386 0188 00       		.byte	0
 387 0189 0C       		.uleb128 0xc
 388 018a 41000000 		.4byte	.LASF31
 389 018e 01       		.byte	0x1
 390 018f 17       		.byte	0x17
 391 0190 E7000000 		.4byte	0xe7
 392 0194 05       		.uleb128 0x5
 393 0195 03       		.byte	0x3
 394 0196 00000000 		.4byte	BluePrISM_backup
 395 019a 0D       		.uleb128 0xd
 396 019b A4020000 		.4byte	.LASF24
 397 019f 03       		.byte	0x3
 398 01a0 4B       		.byte	0x4b
 399 01a1 6B000000 		.4byte	0x6b
 400 01a5 0D       		.uleb128 0xd
 401 01a6 00000000 		.4byte	.LASF25
 402 01aa 03       		.byte	0x3
 403 01ab 4D       		.byte	0x4d
 404 01ac 6B000000 		.4byte	0x6b
 405 01b0 0E       		.uleb128 0xe
 406 01b1 DF010000 		.4byte	.LASF32
 407 01b5 03       		.byte	0x3
 408 01b6 4E       		.byte	0x4e
 409 01b7 C1010000 		.4byte	0x1c1
 410 01bb 0F       		.uleb128 0xf
 411 01bc 6B000000 		.4byte	0x6b
 412 01c0 00       		.byte	0
 413 01c1 10       		.uleb128 0x10
 414 01c2 AA010000 		.4byte	.LASF26
 415 01c6 03       		.byte	0x3
 416 01c7 48       		.byte	0x48
 417 01c8 10       		.uleb128 0x10
 418 01c9 2F010000 		.4byte	.LASF27
 419 01cd 03       		.byte	0x3
 420 01ce 5A       		.byte	0x5a
 421 01cf 00       		.byte	0
 422              		.section	.debug_abbrev,"",%progbits
ARM GAS  C:\Users\ELECTR~1\AppData\Local\Temp\ccXDnf27.s 			page 12


 423              	.Ldebug_abbrev0:
 424 0000 01       		.uleb128 0x1
 425 0001 11       		.uleb128 0x11
 426 0002 01       		.byte	0x1
 427 0003 25       		.uleb128 0x25
 428 0004 0E       		.uleb128 0xe
 429 0005 13       		.uleb128 0x13
 430 0006 0B       		.uleb128 0xb
 431 0007 03       		.uleb128 0x3
 432 0008 0E       		.uleb128 0xe
 433 0009 1B       		.uleb128 0x1b
 434 000a 0E       		.uleb128 0xe
 435 000b 55       		.uleb128 0x55
 436 000c 17       		.uleb128 0x17
 437 000d 11       		.uleb128 0x11
 438 000e 01       		.uleb128 0x1
 439 000f 10       		.uleb128 0x10
 440 0010 17       		.uleb128 0x17
 441 0011 00       		.byte	0
 442 0012 00       		.byte	0
 443 0013 02       		.uleb128 0x2
 444 0014 24       		.uleb128 0x24
 445 0015 00       		.byte	0
 446 0016 0B       		.uleb128 0xb
 447 0017 0B       		.uleb128 0xb
 448 0018 3E       		.uleb128 0x3e
 449 0019 0B       		.uleb128 0xb
 450 001a 03       		.uleb128 0x3
 451 001b 0E       		.uleb128 0xe
 452 001c 00       		.byte	0
 453 001d 00       		.byte	0
 454 001e 03       		.uleb128 0x3
 455 001f 24       		.uleb128 0x24
 456 0020 00       		.byte	0
 457 0021 0B       		.uleb128 0xb
 458 0022 0B       		.uleb128 0xb
 459 0023 3E       		.uleb128 0x3e
 460 0024 0B       		.uleb128 0xb
 461 0025 03       		.uleb128 0x3
 462 0026 08       		.uleb128 0x8
 463 0027 00       		.byte	0
 464 0028 00       		.byte	0
 465 0029 04       		.uleb128 0x4
 466 002a 16       		.uleb128 0x16
 467 002b 00       		.byte	0
 468 002c 03       		.uleb128 0x3
 469 002d 0E       		.uleb128 0xe
 470 002e 3A       		.uleb128 0x3a
 471 002f 0B       		.uleb128 0xb
 472 0030 3B       		.uleb128 0x3b
 473 0031 0B       		.uleb128 0xb
 474 0032 49       		.uleb128 0x49
 475 0033 13       		.uleb128 0x13
 476 0034 00       		.byte	0
 477 0035 00       		.byte	0
 478 0036 05       		.uleb128 0x5
 479 0037 16       		.uleb128 0x16
ARM GAS  C:\Users\ELECTR~1\AppData\Local\Temp\ccXDnf27.s 			page 13


 480 0038 00       		.byte	0
 481 0039 03       		.uleb128 0x3
 482 003a 0E       		.uleb128 0xe
 483 003b 3A       		.uleb128 0x3a
 484 003c 0B       		.uleb128 0xb
 485 003d 3B       		.uleb128 0x3b
 486 003e 05       		.uleb128 0x5
 487 003f 49       		.uleb128 0x49
 488 0040 13       		.uleb128 0x13
 489 0041 00       		.byte	0
 490 0042 00       		.byte	0
 491 0043 06       		.uleb128 0x6
 492 0044 35       		.uleb128 0x35
 493 0045 00       		.byte	0
 494 0046 49       		.uleb128 0x49
 495 0047 13       		.uleb128 0x13
 496 0048 00       		.byte	0
 497 0049 00       		.byte	0
 498 004a 07       		.uleb128 0x7
 499 004b 13       		.uleb128 0x13
 500 004c 01       		.byte	0x1
 501 004d 0B       		.uleb128 0xb
 502 004e 0B       		.uleb128 0xb
 503 004f 3A       		.uleb128 0x3a
 504 0050 0B       		.uleb128 0xb
 505 0051 3B       		.uleb128 0x3b
 506 0052 0B       		.uleb128 0xb
 507 0053 01       		.uleb128 0x1
 508 0054 13       		.uleb128 0x13
 509 0055 00       		.byte	0
 510 0056 00       		.byte	0
 511 0057 08       		.uleb128 0x8
 512 0058 0D       		.uleb128 0xd
 513 0059 00       		.byte	0
 514 005a 03       		.uleb128 0x3
 515 005b 0E       		.uleb128 0xe
 516 005c 3A       		.uleb128 0x3a
 517 005d 0B       		.uleb128 0xb
 518 005e 3B       		.uleb128 0x3b
 519 005f 0B       		.uleb128 0xb
 520 0060 49       		.uleb128 0x49
 521 0061 13       		.uleb128 0x13
 522 0062 38       		.uleb128 0x38
 523 0063 0B       		.uleb128 0xb
 524 0064 00       		.byte	0
 525 0065 00       		.byte	0
 526 0066 09       		.uleb128 0x9
 527 0067 0D       		.uleb128 0xd
 528 0068 00       		.byte	0
 529 0069 03       		.uleb128 0x3
 530 006a 08       		.uleb128 0x8
 531 006b 3A       		.uleb128 0x3a
 532 006c 0B       		.uleb128 0xb
 533 006d 3B       		.uleb128 0x3b
 534 006e 0B       		.uleb128 0xb
 535 006f 49       		.uleb128 0x49
 536 0070 13       		.uleb128 0x13
ARM GAS  C:\Users\ELECTR~1\AppData\Local\Temp\ccXDnf27.s 			page 14


 537 0071 38       		.uleb128 0x38
 538 0072 0B       		.uleb128 0xb
 539 0073 00       		.byte	0
 540 0074 00       		.byte	0
 541 0075 0A       		.uleb128 0xa
 542 0076 2E       		.uleb128 0x2e
 543 0077 01       		.byte	0x1
 544 0078 3F       		.uleb128 0x3f
 545 0079 19       		.uleb128 0x19
 546 007a 03       		.uleb128 0x3
 547 007b 0E       		.uleb128 0xe
 548 007c 3A       		.uleb128 0x3a
 549 007d 0B       		.uleb128 0xb
 550 007e 3B       		.uleb128 0x3b
 551 007f 0B       		.uleb128 0xb
 552 0080 27       		.uleb128 0x27
 553 0081 19       		.uleb128 0x19
 554 0082 11       		.uleb128 0x11
 555 0083 01       		.uleb128 0x1
 556 0084 12       		.uleb128 0x12
 557 0085 06       		.uleb128 0x6
 558 0086 40       		.uleb128 0x40
 559 0087 18       		.uleb128 0x18
 560 0088 9742     		.uleb128 0x2117
 561 008a 19       		.uleb128 0x19
 562 008b 01       		.uleb128 0x1
 563 008c 13       		.uleb128 0x13
 564 008d 00       		.byte	0
 565 008e 00       		.byte	0
 566 008f 0B       		.uleb128 0xb
 567 0090 898201   		.uleb128 0x4109
 568 0093 00       		.byte	0
 569 0094 11       		.uleb128 0x11
 570 0095 01       		.uleb128 0x1
 571 0096 31       		.uleb128 0x31
 572 0097 13       		.uleb128 0x13
 573 0098 00       		.byte	0
 574 0099 00       		.byte	0
 575 009a 0C       		.uleb128 0xc
 576 009b 34       		.uleb128 0x34
 577 009c 00       		.byte	0
 578 009d 03       		.uleb128 0x3
 579 009e 0E       		.uleb128 0xe
 580 009f 3A       		.uleb128 0x3a
 581 00a0 0B       		.uleb128 0xb
 582 00a1 3B       		.uleb128 0x3b
 583 00a2 0B       		.uleb128 0xb
 584 00a3 49       		.uleb128 0x49
 585 00a4 13       		.uleb128 0x13
 586 00a5 02       		.uleb128 0x2
 587 00a6 18       		.uleb128 0x18
 588 00a7 00       		.byte	0
 589 00a8 00       		.byte	0
 590 00a9 0D       		.uleb128 0xd
 591 00aa 2E       		.uleb128 0x2e
 592 00ab 00       		.byte	0
 593 00ac 3F       		.uleb128 0x3f
ARM GAS  C:\Users\ELECTR~1\AppData\Local\Temp\ccXDnf27.s 			page 15


 594 00ad 19       		.uleb128 0x19
 595 00ae 03       		.uleb128 0x3
 596 00af 0E       		.uleb128 0xe
 597 00b0 3A       		.uleb128 0x3a
 598 00b1 0B       		.uleb128 0xb
 599 00b2 3B       		.uleb128 0x3b
 600 00b3 0B       		.uleb128 0xb
 601 00b4 27       		.uleb128 0x27
 602 00b5 19       		.uleb128 0x19
 603 00b6 49       		.uleb128 0x49
 604 00b7 13       		.uleb128 0x13
 605 00b8 3C       		.uleb128 0x3c
 606 00b9 19       		.uleb128 0x19
 607 00ba 00       		.byte	0
 608 00bb 00       		.byte	0
 609 00bc 0E       		.uleb128 0xe
 610 00bd 2E       		.uleb128 0x2e
 611 00be 01       		.byte	0x1
 612 00bf 3F       		.uleb128 0x3f
 613 00c0 19       		.uleb128 0x19
 614 00c1 03       		.uleb128 0x3
 615 00c2 0E       		.uleb128 0xe
 616 00c3 3A       		.uleb128 0x3a
 617 00c4 0B       		.uleb128 0xb
 618 00c5 3B       		.uleb128 0x3b
 619 00c6 0B       		.uleb128 0xb
 620 00c7 27       		.uleb128 0x27
 621 00c8 19       		.uleb128 0x19
 622 00c9 3C       		.uleb128 0x3c
 623 00ca 19       		.uleb128 0x19
 624 00cb 01       		.uleb128 0x1
 625 00cc 13       		.uleb128 0x13
 626 00cd 00       		.byte	0
 627 00ce 00       		.byte	0
 628 00cf 0F       		.uleb128 0xf
 629 00d0 05       		.uleb128 0x5
 630 00d1 00       		.byte	0
 631 00d2 49       		.uleb128 0x49
 632 00d3 13       		.uleb128 0x13
 633 00d4 00       		.byte	0
 634 00d5 00       		.byte	0
 635 00d6 10       		.uleb128 0x10
 636 00d7 2E       		.uleb128 0x2e
 637 00d8 00       		.byte	0
 638 00d9 3F       		.uleb128 0x3f
 639 00da 19       		.uleb128 0x19
 640 00db 03       		.uleb128 0x3
 641 00dc 0E       		.uleb128 0xe
 642 00dd 3A       		.uleb128 0x3a
 643 00de 0B       		.uleb128 0xb
 644 00df 3B       		.uleb128 0x3b
 645 00e0 0B       		.uleb128 0xb
 646 00e1 27       		.uleb128 0x27
 647 00e2 19       		.uleb128 0x19
 648 00e3 3C       		.uleb128 0x3c
 649 00e4 19       		.uleb128 0x19
 650 00e5 00       		.byte	0
ARM GAS  C:\Users\ELECTR~1\AppData\Local\Temp\ccXDnf27.s 			page 16


 651 00e6 00       		.byte	0
 652 00e7 00       		.byte	0
 653              		.section	.debug_aranges,"",%progbits
 654 0000 34000000 		.4byte	0x34
 655 0004 0200     		.2byte	0x2
 656 0006 00000000 		.4byte	.Ldebug_info0
 657 000a 04       		.byte	0x4
 658 000b 00       		.byte	0
 659 000c 0000     		.2byte	0
 660 000e 0000     		.2byte	0
 661 0010 00000000 		.4byte	.LFB2
 662 0014 2C000000 		.4byte	.LFE2-.LFB2
 663 0018 00000000 		.4byte	.LFB3
 664 001c 30000000 		.4byte	.LFE3-.LFB3
 665 0020 00000000 		.4byte	.LFB4
 666 0024 2C000000 		.4byte	.LFE4-.LFB4
 667 0028 00000000 		.4byte	.LFB5
 668 002c 18000000 		.4byte	.LFE5-.LFB5
 669 0030 00000000 		.4byte	0
 670 0034 00000000 		.4byte	0
 671              		.section	.debug_ranges,"",%progbits
 672              	.Ldebug_ranges0:
 673 0000 00000000 		.4byte	.LFB2
 674 0004 2C000000 		.4byte	.LFE2
 675 0008 00000000 		.4byte	.LFB3
 676 000c 30000000 		.4byte	.LFE3
 677 0010 00000000 		.4byte	.LFB4
 678 0014 2C000000 		.4byte	.LFE4
 679 0018 00000000 		.4byte	.LFB5
 680 001c 18000000 		.4byte	.LFE5
 681 0020 00000000 		.4byte	0
 682 0024 00000000 		.4byte	0
 683              		.section	.debug_line,"",%progbits
 684              	.Ldebug_line0:
 685 0000 B8000000 		.section	.debug_str,"MS",%progbits,1
 685      02005A00 
 685      00000201 
 685      FB0E0D00 
 685      01010101 
 686              	.LASF25:
 687 0000 426C7565 		.ascii	"BluePrISM_ReadPolynomial\000"
 687      50724953 
 687      4D5F5265 
 687      6164506F 
 687      6C796E6F 
 688              	.LASF20:
 689 0019 426C7565 		.ascii	"BluePrISM_SaveConfig\000"
 689      50724953 
 689      4D5F5361 
 689      7665436F 
 689      6E666967 
 690              	.LASF3:
 691 002e 73686F72 		.ascii	"short unsigned int\000"
 691      7420756E 
 691      7369676E 
 691      65642069 
 691      6E7400
ARM GAS  C:\Users\ELECTR~1\AppData\Local\Temp\ccXDnf27.s 			page 17


 692              	.LASF31:
 693 0041 426C7565 		.ascii	"BluePrISM_backup\000"
 693      50724953 
 693      4D5F6261 
 693      636B7570 
 693      00
 694              	.LASF22:
 695 0052 426C7565 		.ascii	"BluePrISM_Sleep\000"
 695      50724953 
 695      4D5F536C 
 695      65657000 
 696              	.LASF30:
 697 0062 433A5C55 		.ascii	"C:\\Users\\Electronic\\Documents\\GitHub\\PSoC-4-BL"
 697      73657273 
 697      5C456C65 
 697      6374726F 
 697      6E69635C 
 698 0090 452D4578 		.ascii	"E-Experiments\\Project 003 Custom Profile CapSense "
 698      70657269 
 698      6D656E74 
 698      735C5072 
 698      6F6A6563 
 699 00c2 52474220 		.ascii	"RGB LED\\PSoC\\CapSenseRGB\\CapSenseRGB.cydsn\000"
 699      4C45445C 
 699      50536F43 
 699      5C436170 
 699      53656E73 
 700              	.LASF9:
 701 00ed 666C6F61 		.ascii	"float\000"
 701      7400
 702              	.LASF1:
 703 00f3 756E7369 		.ascii	"unsigned char\000"
 703      676E6564 
 703      20636861 
 703      7200
 704              	.LASF23:
 705 0101 426C7565 		.ascii	"BluePrISM_Wakeup\000"
 705      50724953 
 705      4D5F5761 
 705      6B657570 
 705      00
 706              	.LASF13:
 707 0112 72656738 		.ascii	"reg8\000"
 707      00
 708              	.LASF5:
 709 0117 6C6F6E67 		.ascii	"long unsigned int\000"
 709      20756E73 
 709      69676E65 
 709      6420696E 
 709      7400
 710              	.LASF12:
 711 0129 75696E74 		.ascii	"uint8\000"
 711      3800
 712              	.LASF27:
 713 012f 426C7565 		.ascii	"BluePrISM_Enable\000"
 713      50724953 
 713      4D5F456E 
ARM GAS  C:\Users\ELECTR~1\AppData\Local\Temp\ccXDnf27.s 			page 18


 713      61626C65 
 713      00
 714              	.LASF10:
 715 0140 646F7562 		.ascii	"double\000"
 715      6C6500
 716              	.LASF17:
 717 0147 73656564 		.ascii	"seed_copy\000"
 717      5F636F70 
 717      7900
 718              	.LASF15:
 719 0151 656E6162 		.ascii	"enableState\000"
 719      6C655374 
 719      61746500 
 720              	.LASF8:
 721 015d 756E7369 		.ascii	"unsigned int\000"
 721      676E6564 
 721      20696E74 
 721      00
 722              	.LASF7:
 723 016a 6C6F6E67 		.ascii	"long long unsigned int\000"
 723      206C6F6E 
 723      6720756E 
 723      7369676E 
 723      65642069 
 724              	.LASF18:
 725 0181 706F6C79 		.ascii	"polynom\000"
 725      6E6F6D00 
 726              	.LASF19:
 727 0189 426C7565 		.ascii	"BluePrISM_BACKUP_STRUCT\000"
 727      50724953 
 727      4D5F4241 
 727      434B5550 
 727      5F535452 
 728              	.LASF14:
 729 01a1 73697A65 		.ascii	"sizetype\000"
 729      74797065 
 729      00
 730              	.LASF26:
 731 01aa 426C7565 		.ascii	"BluePrISM_Stop\000"
 731      50724953 
 731      4D5F5374 
 731      6F7000
 732              	.LASF6:
 733 01b9 6C6F6E67 		.ascii	"long long int\000"
 733      206C6F6E 
 733      6720696E 
 733      7400
 734              	.LASF21:
 735 01c7 426C7565 		.ascii	"BluePrISM_RestoreConfig\000"
 735      50724953 
 735      4D5F5265 
 735      73746F72 
 735      65436F6E 
 736              	.LASF32:
 737 01df 426C7565 		.ascii	"BluePrISM_WritePolynomial\000"
 737      50724953 
 737      4D5F5772 
ARM GAS  C:\Users\ELECTR~1\AppData\Local\Temp\ccXDnf27.s 			page 19


 737      69746550 
 737      6F6C796E 
 738              	.LASF28:
 739 01f9 474E5520 		.ascii	"GNU C 4.9.3 20150303 (release) [ARM/embedded-4_9-br"
 739      4320342E 
 739      392E3320 
 739      32303135 
 739      30333033 
 740 022c 616E6368 		.ascii	"anch revision 221220] -mcpu=cortex-m0 -mthumb -g -O"
 740      20726576 
 740      6973696F 
 740      6E203232 
 740      31323230 
 741 025f 67202D66 		.ascii	"g -ffunction-sections -ffat-lto-objects\000"
 741      66756E63 
 741      74696F6E 
 741      2D736563 
 741      74696F6E 
 742              	.LASF2:
 743 0287 73686F72 		.ascii	"short int\000"
 743      7420696E 
 743      7400
 744              	.LASF16:
 745 0291 73656564 		.ascii	"seed\000"
 745      00
 746              	.LASF4:
 747 0296 6C6F6E67 		.ascii	"long int\000"
 747      20696E74 
 747      00
 748              	.LASF11:
 749 029f 63686172 		.ascii	"char\000"
 749      00
 750              	.LASF24:
 751 02a4 426C7565 		.ascii	"BluePrISM_ReadSeed\000"
 751      50724953 
 751      4D5F5265 
 751      61645365 
 751      656400
 752              	.LASF0:
 753 02b7 7369676E 		.ascii	"signed char\000"
 753      65642063 
 753      68617200 
 754              	.LASF29:
 755 02c3 2E5C4765 		.ascii	".\\Generated_Source\\PSoC4\\BluePrISM_PM.c\000"
 755      6E657261 
 755      7465645F 
 755      536F7572 
 755      63655C50 
 756              		.ident	"GCC: (GNU Tools for ARM Embedded Processors) 4.9.3 20150303 (release) [ARM/embedded-4_9-br
