ARM GAS  C:\Users\ELECTR~1\AppData\Local\Temp\ccEDbHQO.s 			page 1


   1              		.cpu cortex-m0
   2              		.fpu softvfp
   3              		.eabi_attribute 20, 1
   4              		.eabi_attribute 21, 1
   5              		.eabi_attribute 23, 3
   6              		.eabi_attribute 24, 1
   7              		.eabi_attribute 25, 1
   8              		.eabi_attribute 26, 1
   9              		.eabi_attribute 30, 1
  10              		.eabi_attribute 34, 0
  11              		.eabi_attribute 18, 4
  12              		.code	16
  13              		.file	"Slider_INT.c"
  14              		.text
  15              	.Ltext0:
  16              		.cfi_sections	.debug_frame
  17              		.section	.text.Slider_ISR,"ax",%progbits
  18              		.align	2
  19              		.global	Slider_ISR
  20              		.code	16
  21              		.thumb_func
  22              		.type	Slider_ISR, %function
  23              	Slider_ISR:
  24              	.LFB35:
  25              		.file 1 ".\\Generated_Source\\PSoC4\\Slider_INT.c"
   1:.\Generated_Source\PSoC4/Slider_INT.c **** /*******************************************************************************
   2:.\Generated_Source\PSoC4/Slider_INT.c **** * File Name: Slider_INT.c
   3:.\Generated_Source\PSoC4/Slider_INT.c **** * Version 2.20
   4:.\Generated_Source\PSoC4/Slider_INT.c **** *
   5:.\Generated_Source\PSoC4/Slider_INT.c **** * Description:
   6:.\Generated_Source\PSoC4/Slider_INT.c **** *  This file provides the source code of the  Interrupt Service Routine (ISR)
   7:.\Generated_Source\PSoC4/Slider_INT.c **** *  for the CapSense CSD component.
   8:.\Generated_Source\PSoC4/Slider_INT.c **** *
   9:.\Generated_Source\PSoC4/Slider_INT.c **** * Note:
  10:.\Generated_Source\PSoC4/Slider_INT.c **** *
  11:.\Generated_Source\PSoC4/Slider_INT.c **** ********************************************************************************
  12:.\Generated_Source\PSoC4/Slider_INT.c **** * Copyright 2014, Cypress Semiconductor Corporation.  All rights reserved.
  13:.\Generated_Source\PSoC4/Slider_INT.c **** * You may use this file only in accordance with the license, terms, conditions,
  14:.\Generated_Source\PSoC4/Slider_INT.c **** * disclaimers, and limitations in the end user license agreement accompanying
  15:.\Generated_Source\PSoC4/Slider_INT.c **** * the software package with which this file was provided.
  16:.\Generated_Source\PSoC4/Slider_INT.c **** *******************************************************************************/
  17:.\Generated_Source\PSoC4/Slider_INT.c **** 
  18:.\Generated_Source\PSoC4/Slider_INT.c **** #include "Slider.h"
  19:.\Generated_Source\PSoC4/Slider_INT.c **** #include "Slider_PVT.h"
  20:.\Generated_Source\PSoC4/Slider_INT.c **** 
  21:.\Generated_Source\PSoC4/Slider_INT.c **** /*******************************************************************************
  22:.\Generated_Source\PSoC4/Slider_INT.c **** *  Place your includes, defines and code here 
  23:.\Generated_Source\PSoC4/Slider_INT.c **** ********************************************************************************/
  24:.\Generated_Source\PSoC4/Slider_INT.c **** /* `#START Slider_ISR_INTC` */
  25:.\Generated_Source\PSoC4/Slider_INT.c **** 
  26:.\Generated_Source\PSoC4/Slider_INT.c **** /* `#END` */
  27:.\Generated_Source\PSoC4/Slider_INT.c **** 
  28:.\Generated_Source\PSoC4/Slider_INT.c **** 
  29:.\Generated_Source\PSoC4/Slider_INT.c **** /*******************************************************************************
  30:.\Generated_Source\PSoC4/Slider_INT.c **** * Function Name: Slider_ISR
  31:.\Generated_Source\PSoC4/Slider_INT.c **** ********************************************************************************
  32:.\Generated_Source\PSoC4/Slider_INT.c **** *
ARM GAS  C:\Users\ELECTR~1\AppData\Local\Temp\ccEDbHQO.s 			page 2


  33:.\Generated_Source\PSoC4/Slider_INT.c **** * Summary:
  34:.\Generated_Source\PSoC4/Slider_INT.c **** *  This ISR is executed when the measure window is closed. The measure window 
  35:.\Generated_Source\PSoC4/Slider_INT.c **** *  depends on the sensor scan resolution parameter. 
  36:.\Generated_Source\PSoC4/Slider_INT.c **** *  The ISR has two modes: 
  37:.\Generated_Source\PSoC4/Slider_INT.c **** *   1. Scans a single sensor and stores the measure result.
  38:.\Generated_Source\PSoC4/Slider_INT.c **** *   2. Stores the result of the current measure and starts the next scan till all 
  39:.\Generated_Source\PSoC4/Slider_INT.c **** *      the enabled sensors are scanned.
  40:.\Generated_Source\PSoC4/Slider_INT.c **** *  This interrupt handler is only used in one channel designs.
  41:.\Generated_Source\PSoC4/Slider_INT.c **** *
  42:.\Generated_Source\PSoC4/Slider_INT.c **** * Parameters:
  43:.\Generated_Source\PSoC4/Slider_INT.c **** *  None
  44:.\Generated_Source\PSoC4/Slider_INT.c **** *
  45:.\Generated_Source\PSoC4/Slider_INT.c **** * Return:
  46:.\Generated_Source\PSoC4/Slider_INT.c **** *  None
  47:.\Generated_Source\PSoC4/Slider_INT.c **** *
  48:.\Generated_Source\PSoC4/Slider_INT.c **** * Global Variables:
  49:.\Generated_Source\PSoC4/Slider_INT.c **** *  Slider_csv - used to provide the status and mode of the scanning process.
  50:.\Generated_Source\PSoC4/Slider_INT.c **** *   Mode - a single scan or scan of all the enabled sensors.
  51:.\Generated_Source\PSoC4/Slider_INT.c **** *   Status - scan is in progress or ready for new scan.
  52:.\Generated_Source\PSoC4/Slider_INT.c **** *  Slider_sensorIndex - used to store a sensor scanning sensor number.
  53:.\Generated_Source\PSoC4/Slider_INT.c **** *
  54:.\Generated_Source\PSoC4/Slider_INT.c **** * Reentrant:
  55:.\Generated_Source\PSoC4/Slider_INT.c **** *  No
  56:.\Generated_Source\PSoC4/Slider_INT.c **** *
  57:.\Generated_Source\PSoC4/Slider_INT.c **** *******************************************************************************/
  58:.\Generated_Source\PSoC4/Slider_INT.c **** CY_ISR(Slider_ISR)
  59:.\Generated_Source\PSoC4/Slider_INT.c **** {
  26              		.loc 1 59 0
  27              		.cfi_startproc
  28 0000 10B5     		push	{r4, lr}
  29              		.cfi_def_cfa_offset 8
  30              		.cfi_offset 4, -8
  31              		.cfi_offset 14, -4
  60:.\Generated_Source\PSoC4/Slider_INT.c ****     static uint8 Slider_snsIndexTmp;
  61:.\Generated_Source\PSoC4/Slider_INT.c **** 	/*  Place your Interrupt code here. */
  62:.\Generated_Source\PSoC4/Slider_INT.c ****     /* `#START Slider_ISR_ENTER` */
  63:.\Generated_Source\PSoC4/Slider_INT.c **** 
  64:.\Generated_Source\PSoC4/Slider_INT.c ****     /* `#END` */
  65:.\Generated_Source\PSoC4/Slider_INT.c **** 
  66:.\Generated_Source\PSoC4/Slider_INT.c **** 	CyIntDisable(Slider_ISR_NUMBER);
  32              		.loc 1 66 0
  33 0002 1020     		mov	r0, #16
  34 0004 FFF7FEFF 		bl	CyIntDisable
  35              	.LVL0:
  67:.\Generated_Source\PSoC4/Slider_INT.c ****     
  68:.\Generated_Source\PSoC4/Slider_INT.c ****     Slider_CSD_INTR_REG = 1u;
  36              		.loc 1 68 0
  37 0008 0122     		mov	r2, #1
  38 000a 1E4B     		ldr	r3, .L7
  39 000c 1A60     		str	r2, [r3]
  69:.\Generated_Source\PSoC4/Slider_INT.c **** 
  70:.\Generated_Source\PSoC4/Slider_INT.c ****     Slider_PostScan((uint32)Slider_sensorIndex);
  40              		.loc 1 70 0
  41 000e 1E4B     		ldr	r3, .L7+4
  42 0010 1878     		ldrb	r0, [r3]
  43 0012 C0B2     		uxtb	r0, r0
  44 0014 FFF7FEFF 		bl	Slider_PostScan
ARM GAS  C:\Users\ELECTR~1\AppData\Local\Temp\ccEDbHQO.s 			page 3


  45              	.LVL1:
  71:.\Generated_Source\PSoC4/Slider_INT.c ****             
  72:.\Generated_Source\PSoC4/Slider_INT.c ****     if ((Slider_csdStatusVar & Slider_SW_CTRL_SINGLE_SCAN) != 0u)
  46              		.loc 1 72 0
  47 0018 1C4B     		ldr	r3, .L7+8
  48 001a 1B78     		ldrb	r3, [r3]
  49 001c 5BB2     		sxtb	r3, r3
  50 001e 002B     		cmp	r3, #0
  51 0020 05DA     		bge	.L2
  73:.\Generated_Source\PSoC4/Slider_INT.c ****     {
  74:.\Generated_Source\PSoC4/Slider_INT.c ****         Slider_csdStatusVar &= (uint8)~Slider_SW_STS_BUSY;
  52              		.loc 1 74 0
  53 0022 1A4A     		ldr	r2, .L7+8
  54 0024 1378     		ldrb	r3, [r2]
  55 0026 0121     		mov	r1, #1
  56 0028 8B43     		bic	r3, r1
  57 002a 1370     		strb	r3, [r2]
  58 002c 26E0     		b	.L3
  59              	.L2:
  75:.\Generated_Source\PSoC4/Slider_INT.c ****     }
  76:.\Generated_Source\PSoC4/Slider_INT.c ****     else
  77:.\Generated_Source\PSoC4/Slider_INT.c ****     {
  78:.\Generated_Source\PSoC4/Slider_INT.c ****         /* Proceed scanning */
  79:.\Generated_Source\PSoC4/Slider_INT.c ****         Slider_sensorIndex = Slider_FindNextSensor(Slider_sensorIndex);
  60              		.loc 1 79 0
  61 002e 164C     		ldr	r4, .L7+4
  62 0030 2078     		ldrb	r0, [r4]
  63 0032 C0B2     		uxtb	r0, r0
  64 0034 FFF7FEFF 		bl	Slider_FindNextSensor
  65              	.LVL2:
  66 0038 2070     		strb	r0, [r4]
  80:.\Generated_Source\PSoC4/Slider_INT.c ****         
  81:.\Generated_Source\PSoC4/Slider_INT.c ****         /* Check end of scan */
  82:.\Generated_Source\PSoC4/Slider_INT.c ****         if(Slider_sensorIndex < Slider_TOTAL_SENSOR_COUNT)
  67              		.loc 1 82 0
  68 003a 2378     		ldrb	r3, [r4]
  69 003c DBB2     		uxtb	r3, r3
  70 003e 042B     		cmp	r3, #4
  71 0040 05D8     		bhi	.L4
  83:.\Generated_Source\PSoC4/Slider_INT.c ****         {
  84:.\Generated_Source\PSoC4/Slider_INT.c ****             Slider_PreScan((uint32)Slider_sensorIndex);
  72              		.loc 1 84 0
  73 0042 114B     		ldr	r3, .L7+4
  74 0044 1878     		ldrb	r0, [r3]
  75 0046 C0B2     		uxtb	r0, r0
  76 0048 FFF7FEFF 		bl	Slider_PreScan
  77              	.LVL3:
  78 004c 16E0     		b	.L3
  79              	.L4:
  85:.\Generated_Source\PSoC4/Slider_INT.c ****         }
  86:.\Generated_Source\PSoC4/Slider_INT.c ****         else
  87:.\Generated_Source\PSoC4/Slider_INT.c ****         {
  88:.\Generated_Source\PSoC4/Slider_INT.c ****             Slider_csdStatusVar &= (uint8)~Slider_SW_STS_BUSY;
  80              		.loc 1 88 0
  81 004e 0F4B     		ldr	r3, .L7+8
  82 0050 1A78     		ldrb	r2, [r3]
  83 0052 0121     		mov	r1, #1
ARM GAS  C:\Users\ELECTR~1\AppData\Local\Temp\ccEDbHQO.s 			page 4


  84 0054 8A43     		bic	r2, r1
  85 0056 1A70     		strb	r2, [r3]
  89:.\Generated_Source\PSoC4/Slider_INT.c **** 
  90:.\Generated_Source\PSoC4/Slider_INT.c **** 			 /* Check if widget has been scanned */
  91:.\Generated_Source\PSoC4/Slider_INT.c **** 			if((Slider_csdStatusVar & Slider_SW_CTRL_WIDGET_SCAN) != 0u)
  86              		.loc 1 91 0
  87 0058 1B78     		ldrb	r3, [r3]
  88 005a 5B06     		lsl	r3, r3, #25
  89 005c 0ED5     		bpl	.L3
  92:.\Generated_Source\PSoC4/Slider_INT.c **** 			{
  93:.\Generated_Source\PSoC4/Slider_INT.c **** 			    /* Restore sensorEnableMask array */
  94:.\Generated_Source\PSoC4/Slider_INT.c **** 				for(Slider_snsIndexTmp = 0u; 
  90              		.loc 1 94 0
  91 005e 0022     		mov	r2, #0
  92 0060 0B4B     		ldr	r3, .L7+12
  93 0062 1A70     		strb	r2, [r3]
  94 0064 06E0     		b	.L5
  95              	.L6:
  95:.\Generated_Source\PSoC4/Slider_INT.c **** 				    Slider_snsIndexTmp < Slider_TOTAL_SENSOR_MASK; 
  96:.\Generated_Source\PSoC4/Slider_INT.c **** 					Slider_snsIndexTmp++)
  97:.\Generated_Source\PSoC4/Slider_INT.c **** 				{
  98:.\Generated_Source\PSoC4/Slider_INT.c **** 					/* Backup sensorEnableMask array */
  99:.\Generated_Source\PSoC4/Slider_INT.c **** 					Slider_sensorEnableMask[Slider_snsIndexTmp] = Slider_sensorEnableMaskBackup[Slider_snsIndexTmp
  96              		.loc 1 99 0
  97 0066 0B4A     		ldr	r2, .L7+16
  98 0068 D15C     		ldrb	r1, [r2, r3]
  99 006a 0B4A     		ldr	r2, .L7+20
 100 006c D154     		strb	r1, [r2, r3]
  96:.\Generated_Source\PSoC4/Slider_INT.c **** 				{
 101              		.loc 1 96 0
 102 006e 0133     		add	r3, r3, #1
 103 0070 074A     		ldr	r2, .L7+12
 104 0072 1370     		strb	r3, [r2]
 105              	.L5:
  95:.\Generated_Source\PSoC4/Slider_INT.c **** 				    Slider_snsIndexTmp < Slider_TOTAL_SENSOR_MASK; 
 106              		.loc 1 95 0 discriminator 1
 107 0074 064B     		ldr	r3, .L7+12
 108 0076 1B78     		ldrb	r3, [r3]
  94:.\Generated_Source\PSoC4/Slider_INT.c **** 				    Slider_snsIndexTmp < Slider_TOTAL_SENSOR_MASK; 
 109              		.loc 1 94 0 discriminator 1
 110 0078 002B     		cmp	r3, #0
 111 007a F4D0     		beq	.L6
 112              	.L3:
 100:.\Generated_Source\PSoC4/Slider_INT.c **** 				}
 101:.\Generated_Source\PSoC4/Slider_INT.c **** 			}
 102:.\Generated_Source\PSoC4/Slider_INT.c ****         } 
 103:.\Generated_Source\PSoC4/Slider_INT.c ****     }
 104:.\Generated_Source\PSoC4/Slider_INT.c ****     CyIntEnable(Slider_ISR_NUMBER);
 113              		.loc 1 104 0
 114 007c 1020     		mov	r0, #16
 115 007e FFF7FEFF 		bl	CyIntEnable
 116              	.LVL4:
 105:.\Generated_Source\PSoC4/Slider_INT.c **** 	
 106:.\Generated_Source\PSoC4/Slider_INT.c **** 	/*  Place your Interrupt code here. */
 107:.\Generated_Source\PSoC4/Slider_INT.c ****     /* `#START Slider_ISR_EXIT` */
 108:.\Generated_Source\PSoC4/Slider_INT.c **** 
 109:.\Generated_Source\PSoC4/Slider_INT.c ****     /* `#END` */
ARM GAS  C:\Users\ELECTR~1\AppData\Local\Temp\ccEDbHQO.s 			page 5


 110:.\Generated_Source\PSoC4/Slider_INT.c **** }
 117              		.loc 1 110 0
 118              		@ sp needed
 119 0082 10BD     		pop	{r4, pc}
 120              	.L8:
 121              		.align	2
 122              	.L7:
 123 0084 14002840 		.word	1076363284
 124 0088 00000000 		.word	Slider_sensorIndex
 125 008c 00000000 		.word	Slider_csdStatusVar
 126 0090 00000000 		.word	.LANCHOR0
 127 0094 00000000 		.word	Slider_sensorEnableMaskBackup
 128 0098 00000000 		.word	Slider_sensorEnableMask
 129              		.cfi_endproc
 130              	.LFE35:
 131              		.size	Slider_ISR, .-Slider_ISR
 132              		.bss
 133              		.set	.LANCHOR0,. + 0
 134              		.type	Slider_snsIndexTmp.5237, %object
 135              		.size	Slider_snsIndexTmp.5237, 1
 136              	Slider_snsIndexTmp.5237:
 137 0000 00       		.space	1
 138              		.text
 139              	.Letext0:
 140              		.file 2 ".\\Generated_Source\\PSoC4\\cytypes.h"
 141              		.file 3 ".\\Generated_Source\\PSoC4\\Slider.h"
 142              		.file 4 ".\\Generated_Source\\PSoC4\\CyLib.h"
 143              		.file 5 ".\\Generated_Source\\PSoC4\\Slider_PVT.h"
 144              		.section	.debug_info,"",%progbits
 145              	.Ldebug_info0:
 146 0000 A9010000 		.4byte	0x1a9
 147 0004 0400     		.2byte	0x4
 148 0006 00000000 		.4byte	.Ldebug_abbrev0
 149 000a 04       		.byte	0x4
 150 000b 01       		.uleb128 0x1
 151 000c ED010000 		.4byte	.LASF23
 152 0010 01       		.byte	0x1
 153 0011 B4010000 		.4byte	.LASF24
 154 0015 4D000000 		.4byte	.LASF25
 155 0019 00000000 		.4byte	.Ldebug_ranges0+0
 156 001d 00000000 		.4byte	0
 157 0021 00000000 		.4byte	.Ldebug_line0
 158 0025 02       		.uleb128 0x2
 159 0026 01       		.byte	0x1
 160 0027 06       		.byte	0x6
 161 0028 AE020000 		.4byte	.LASF0
 162 002c 02       		.uleb128 0x2
 163 002d 01       		.byte	0x1
 164 002e 08       		.byte	0x8
 165 002f DE000000 		.4byte	.LASF1
 166 0033 02       		.uleb128 0x2
 167 0034 02       		.byte	0x2
 168 0035 05       		.byte	0x5
 169 0036 88020000 		.4byte	.LASF2
 170 003a 02       		.uleb128 0x2
 171 003b 02       		.byte	0x2
 172 003c 07       		.byte	0x7
ARM GAS  C:\Users\ELECTR~1\AppData\Local\Temp\ccEDbHQO.s 			page 6


 173 003d 3A000000 		.4byte	.LASF3
 174 0041 02       		.uleb128 0x2
 175 0042 04       		.byte	0x4
 176 0043 05       		.byte	0x5
 177 0044 A5020000 		.4byte	.LASF4
 178 0048 02       		.uleb128 0x2
 179 0049 04       		.byte	0x4
 180 004a 07       		.byte	0x7
 181 004b 66010000 		.4byte	.LASF5
 182 004f 02       		.uleb128 0x2
 183 0050 08       		.byte	0x8
 184 0051 05       		.byte	0x5
 185 0052 DA010000 		.4byte	.LASF6
 186 0056 02       		.uleb128 0x2
 187 0057 08       		.byte	0x8
 188 0058 07       		.byte	0x7
 189 0059 94010000 		.4byte	.LASF7
 190 005d 03       		.uleb128 0x3
 191 005e 04       		.byte	0x4
 192 005f 05       		.byte	0x5
 193 0060 696E7400 		.ascii	"int\000"
 194 0064 02       		.uleb128 0x2
 195 0065 04       		.byte	0x4
 196 0066 07       		.byte	0x7
 197 0067 78010000 		.4byte	.LASF8
 198 006b 04       		.uleb128 0x4
 199 006c 07010000 		.4byte	.LASF9
 200 0070 02       		.byte	0x2
 201 0071 C1       		.byte	0xc1
 202 0072 2C000000 		.4byte	0x2c
 203 0076 04       		.uleb128 0x4
 204 0077 5F010000 		.4byte	.LASF10
 205 007b 02       		.byte	0x2
 206 007c C3       		.byte	0xc3
 207 007d 48000000 		.4byte	0x48
 208 0081 02       		.uleb128 0x2
 209 0082 04       		.byte	0x4
 210 0083 04       		.byte	0x4
 211 0084 D8000000 		.4byte	.LASF11
 212 0088 02       		.uleb128 0x2
 213 0089 08       		.byte	0x8
 214 008a 04       		.byte	0x4
 215 008b 25010000 		.4byte	.LASF12
 216 008f 02       		.uleb128 0x2
 217 0090 01       		.byte	0x1
 218 0091 08       		.byte	0x8
 219 0092 E8010000 		.4byte	.LASF13
 220 0096 05       		.uleb128 0x5
 221 0097 6B000000 		.4byte	0x6b
 222 009b 06       		.uleb128 0x6
 223 009c 1E000000 		.4byte	.LASF14
 224 00a0 02       		.byte	0x2
 225 00a1 6D01     		.2byte	0x16d
 226 00a3 A7000000 		.4byte	0xa7
 227 00a7 05       		.uleb128 0x5
 228 00a8 76000000 		.4byte	0x76
 229 00ac 02       		.uleb128 0x2
ARM GAS  C:\Users\ELECTR~1\AppData\Local\Temp\ccEDbHQO.s 			page 7


 230 00ad 04       		.byte	0x4
 231 00ae 07       		.byte	0x7
 232 00af AB010000 		.4byte	.LASF15
 233 00b3 07       		.uleb128 0x7
 234 00b4 EC000000 		.4byte	.LASF26
 235 00b8 01       		.byte	0x1
 236 00b9 3A       		.byte	0x3a
 237 00ba 00000000 		.4byte	.LFB35
 238 00be 9C000000 		.4byte	.LFE35-.LFB35
 239 00c2 01       		.uleb128 0x1
 240 00c3 9C       		.byte	0x9c
 241 00c4 17010000 		.4byte	0x117
 242 00c8 08       		.uleb128 0x8
 243 00c9 2C010000 		.4byte	.LASF27
 244 00cd 01       		.byte	0x1
 245 00ce 3C       		.byte	0x3c
 246 00cf 6B000000 		.4byte	0x6b
 247 00d3 05       		.uleb128 0x5
 248 00d4 03       		.byte	0x3
 249 00d5 00000000 		.4byte	Slider_snsIndexTmp.5237
 250 00d9 09       		.uleb128 0x9
 251 00da 08000000 		.4byte	.LVL0
 252 00de 57010000 		.4byte	0x157
 253 00e2 EC000000 		.4byte	0xec
 254 00e6 0A       		.uleb128 0xa
 255 00e7 01       		.uleb128 0x1
 256 00e8 50       		.byte	0x50
 257 00e9 01       		.uleb128 0x1
 258 00ea 40       		.byte	0x40
 259 00eb 00       		.byte	0
 260 00ec 0B       		.uleb128 0xb
 261 00ed 18000000 		.4byte	.LVL1
 262 00f1 68010000 		.4byte	0x168
 263 00f5 0B       		.uleb128 0xb
 264 00f6 38000000 		.4byte	.LVL2
 265 00fa 79010000 		.4byte	0x179
 266 00fe 0B       		.uleb128 0xb
 267 00ff 4C000000 		.4byte	.LVL3
 268 0103 8E010000 		.4byte	0x18e
 269 0107 0C       		.uleb128 0xc
 270 0108 82000000 		.4byte	.LVL4
 271 010c 9F010000 		.4byte	0x19f
 272 0110 0A       		.uleb128 0xa
 273 0111 01       		.uleb128 0x1
 274 0112 50       		.byte	0x50
 275 0113 01       		.uleb128 0x1
 276 0114 40       		.byte	0x40
 277 0115 00       		.byte	0
 278 0116 00       		.byte	0
 279 0117 0D       		.uleb128 0xd
 280 0118 4B010000 		.4byte	.LASF16
 281 011c 03       		.byte	0x3
 282 011d D203     		.2byte	0x3d2
 283 011f 96000000 		.4byte	0x96
 284 0123 0D       		.uleb128 0xd
 285 0124 92020000 		.4byte	.LASF17
 286 0128 03       		.byte	0x3
ARM GAS  C:\Users\ELECTR~1\AppData\Local\Temp\ccEDbHQO.s 			page 8


 287 0129 D303     		.2byte	0x3d3
 288 012b 96000000 		.4byte	0x96
 289 012f 0E       		.uleb128 0xe
 290 0130 6B000000 		.4byte	0x6b
 291 0134 3F010000 		.4byte	0x13f
 292 0138 0F       		.uleb128 0xf
 293 0139 AC000000 		.4byte	0xac
 294 013d 00       		.byte	0
 295 013e 00       		.byte	0
 296 013f 0D       		.uleb128 0xd
 297 0140 00000000 		.4byte	.LASF18
 298 0144 03       		.byte	0x3
 299 0145 D603     		.2byte	0x3d6
 300 0147 2F010000 		.4byte	0x12f
 301 014b 0D       		.uleb128 0xd
 302 014c 0D010000 		.4byte	.LASF19
 303 0150 03       		.byte	0x3
 304 0151 D703     		.2byte	0x3d7
 305 0153 2F010000 		.4byte	0x12f
 306 0157 10       		.uleb128 0x10
 307 0158 7B020000 		.4byte	.LASF20
 308 015c 04       		.byte	0x4
 309 015d 4E       		.byte	0x4e
 310 015e 68010000 		.4byte	0x168
 311 0162 11       		.uleb128 0x11
 312 0163 6B000000 		.4byte	0x6b
 313 0167 00       		.byte	0
 314 0168 10       		.uleb128 0x10
 315 0169 F7000000 		.4byte	.LASF21
 316 016d 05       		.byte	0x5
 317 016e 52       		.byte	0x52
 318 016f 79010000 		.4byte	0x179
 319 0173 11       		.uleb128 0x11
 320 0174 76000000 		.4byte	0x76
 321 0178 00       		.byte	0
 322 0179 12       		.uleb128 0x12
 323 017a 24000000 		.4byte	.LASF28
 324 017e 05       		.byte	0x5
 325 017f 65       		.byte	0x65
 326 0180 6B000000 		.4byte	0x6b
 327 0184 8E010000 		.4byte	0x18e
 328 0188 11       		.uleb128 0x11
 329 0189 6B000000 		.4byte	0x6b
 330 018d 00       		.byte	0
 331 018e 10       		.uleb128 0x10
 332 018f 85010000 		.4byte	.LASF22
 333 0193 05       		.byte	0x5
 334 0194 51       		.byte	0x51
 335 0195 9F010000 		.4byte	0x19f
 336 0199 11       		.uleb128 0x11
 337 019a 76000000 		.4byte	0x76
 338 019e 00       		.byte	0
 339 019f 13       		.uleb128 0x13
 340 01a0 3F010000 		.4byte	.LASF29
 341 01a4 04       		.byte	0x4
 342 01a5 4C       		.byte	0x4c
 343 01a6 11       		.uleb128 0x11
ARM GAS  C:\Users\ELECTR~1\AppData\Local\Temp\ccEDbHQO.s 			page 9


 344 01a7 6B000000 		.4byte	0x6b
 345 01ab 00       		.byte	0
 346 01ac 00       		.byte	0
 347              		.section	.debug_abbrev,"",%progbits
 348              	.Ldebug_abbrev0:
 349 0000 01       		.uleb128 0x1
 350 0001 11       		.uleb128 0x11
 351 0002 01       		.byte	0x1
 352 0003 25       		.uleb128 0x25
 353 0004 0E       		.uleb128 0xe
 354 0005 13       		.uleb128 0x13
 355 0006 0B       		.uleb128 0xb
 356 0007 03       		.uleb128 0x3
 357 0008 0E       		.uleb128 0xe
 358 0009 1B       		.uleb128 0x1b
 359 000a 0E       		.uleb128 0xe
 360 000b 55       		.uleb128 0x55
 361 000c 17       		.uleb128 0x17
 362 000d 11       		.uleb128 0x11
 363 000e 01       		.uleb128 0x1
 364 000f 10       		.uleb128 0x10
 365 0010 17       		.uleb128 0x17
 366 0011 00       		.byte	0
 367 0012 00       		.byte	0
 368 0013 02       		.uleb128 0x2
 369 0014 24       		.uleb128 0x24
 370 0015 00       		.byte	0
 371 0016 0B       		.uleb128 0xb
 372 0017 0B       		.uleb128 0xb
 373 0018 3E       		.uleb128 0x3e
 374 0019 0B       		.uleb128 0xb
 375 001a 03       		.uleb128 0x3
 376 001b 0E       		.uleb128 0xe
 377 001c 00       		.byte	0
 378 001d 00       		.byte	0
 379 001e 03       		.uleb128 0x3
 380 001f 24       		.uleb128 0x24
 381 0020 00       		.byte	0
 382 0021 0B       		.uleb128 0xb
 383 0022 0B       		.uleb128 0xb
 384 0023 3E       		.uleb128 0x3e
 385 0024 0B       		.uleb128 0xb
 386 0025 03       		.uleb128 0x3
 387 0026 08       		.uleb128 0x8
 388 0027 00       		.byte	0
 389 0028 00       		.byte	0
 390 0029 04       		.uleb128 0x4
 391 002a 16       		.uleb128 0x16
 392 002b 00       		.byte	0
 393 002c 03       		.uleb128 0x3
 394 002d 0E       		.uleb128 0xe
 395 002e 3A       		.uleb128 0x3a
 396 002f 0B       		.uleb128 0xb
 397 0030 3B       		.uleb128 0x3b
 398 0031 0B       		.uleb128 0xb
 399 0032 49       		.uleb128 0x49
 400 0033 13       		.uleb128 0x13
ARM GAS  C:\Users\ELECTR~1\AppData\Local\Temp\ccEDbHQO.s 			page 10


 401 0034 00       		.byte	0
 402 0035 00       		.byte	0
 403 0036 05       		.uleb128 0x5
 404 0037 35       		.uleb128 0x35
 405 0038 00       		.byte	0
 406 0039 49       		.uleb128 0x49
 407 003a 13       		.uleb128 0x13
 408 003b 00       		.byte	0
 409 003c 00       		.byte	0
 410 003d 06       		.uleb128 0x6
 411 003e 16       		.uleb128 0x16
 412 003f 00       		.byte	0
 413 0040 03       		.uleb128 0x3
 414 0041 0E       		.uleb128 0xe
 415 0042 3A       		.uleb128 0x3a
 416 0043 0B       		.uleb128 0xb
 417 0044 3B       		.uleb128 0x3b
 418 0045 05       		.uleb128 0x5
 419 0046 49       		.uleb128 0x49
 420 0047 13       		.uleb128 0x13
 421 0048 00       		.byte	0
 422 0049 00       		.byte	0
 423 004a 07       		.uleb128 0x7
 424 004b 2E       		.uleb128 0x2e
 425 004c 01       		.byte	0x1
 426 004d 3F       		.uleb128 0x3f
 427 004e 19       		.uleb128 0x19
 428 004f 03       		.uleb128 0x3
 429 0050 0E       		.uleb128 0xe
 430 0051 3A       		.uleb128 0x3a
 431 0052 0B       		.uleb128 0xb
 432 0053 3B       		.uleb128 0x3b
 433 0054 0B       		.uleb128 0xb
 434 0055 27       		.uleb128 0x27
 435 0056 19       		.uleb128 0x19
 436 0057 11       		.uleb128 0x11
 437 0058 01       		.uleb128 0x1
 438 0059 12       		.uleb128 0x12
 439 005a 06       		.uleb128 0x6
 440 005b 40       		.uleb128 0x40
 441 005c 18       		.uleb128 0x18
 442 005d 9742     		.uleb128 0x2117
 443 005f 19       		.uleb128 0x19
 444 0060 01       		.uleb128 0x1
 445 0061 13       		.uleb128 0x13
 446 0062 00       		.byte	0
 447 0063 00       		.byte	0
 448 0064 08       		.uleb128 0x8
 449 0065 34       		.uleb128 0x34
 450 0066 00       		.byte	0
 451 0067 03       		.uleb128 0x3
 452 0068 0E       		.uleb128 0xe
 453 0069 3A       		.uleb128 0x3a
 454 006a 0B       		.uleb128 0xb
 455 006b 3B       		.uleb128 0x3b
 456 006c 0B       		.uleb128 0xb
 457 006d 49       		.uleb128 0x49
ARM GAS  C:\Users\ELECTR~1\AppData\Local\Temp\ccEDbHQO.s 			page 11


 458 006e 13       		.uleb128 0x13
 459 006f 02       		.uleb128 0x2
 460 0070 18       		.uleb128 0x18
 461 0071 00       		.byte	0
 462 0072 00       		.byte	0
 463 0073 09       		.uleb128 0x9
 464 0074 898201   		.uleb128 0x4109
 465 0077 01       		.byte	0x1
 466 0078 11       		.uleb128 0x11
 467 0079 01       		.uleb128 0x1
 468 007a 31       		.uleb128 0x31
 469 007b 13       		.uleb128 0x13
 470 007c 01       		.uleb128 0x1
 471 007d 13       		.uleb128 0x13
 472 007e 00       		.byte	0
 473 007f 00       		.byte	0
 474 0080 0A       		.uleb128 0xa
 475 0081 8A8201   		.uleb128 0x410a
 476 0084 00       		.byte	0
 477 0085 02       		.uleb128 0x2
 478 0086 18       		.uleb128 0x18
 479 0087 9142     		.uleb128 0x2111
 480 0089 18       		.uleb128 0x18
 481 008a 00       		.byte	0
 482 008b 00       		.byte	0
 483 008c 0B       		.uleb128 0xb
 484 008d 898201   		.uleb128 0x4109
 485 0090 00       		.byte	0
 486 0091 11       		.uleb128 0x11
 487 0092 01       		.uleb128 0x1
 488 0093 31       		.uleb128 0x31
 489 0094 13       		.uleb128 0x13
 490 0095 00       		.byte	0
 491 0096 00       		.byte	0
 492 0097 0C       		.uleb128 0xc
 493 0098 898201   		.uleb128 0x4109
 494 009b 01       		.byte	0x1
 495 009c 11       		.uleb128 0x11
 496 009d 01       		.uleb128 0x1
 497 009e 31       		.uleb128 0x31
 498 009f 13       		.uleb128 0x13
 499 00a0 00       		.byte	0
 500 00a1 00       		.byte	0
 501 00a2 0D       		.uleb128 0xd
 502 00a3 34       		.uleb128 0x34
 503 00a4 00       		.byte	0
 504 00a5 03       		.uleb128 0x3
 505 00a6 0E       		.uleb128 0xe
 506 00a7 3A       		.uleb128 0x3a
 507 00a8 0B       		.uleb128 0xb
 508 00a9 3B       		.uleb128 0x3b
 509 00aa 05       		.uleb128 0x5
 510 00ab 49       		.uleb128 0x49
 511 00ac 13       		.uleb128 0x13
 512 00ad 3F       		.uleb128 0x3f
 513 00ae 19       		.uleb128 0x19
 514 00af 3C       		.uleb128 0x3c
ARM GAS  C:\Users\ELECTR~1\AppData\Local\Temp\ccEDbHQO.s 			page 12


 515 00b0 19       		.uleb128 0x19
 516 00b1 00       		.byte	0
 517 00b2 00       		.byte	0
 518 00b3 0E       		.uleb128 0xe
 519 00b4 01       		.uleb128 0x1
 520 00b5 01       		.byte	0x1
 521 00b6 49       		.uleb128 0x49
 522 00b7 13       		.uleb128 0x13
 523 00b8 01       		.uleb128 0x1
 524 00b9 13       		.uleb128 0x13
 525 00ba 00       		.byte	0
 526 00bb 00       		.byte	0
 527 00bc 0F       		.uleb128 0xf
 528 00bd 21       		.uleb128 0x21
 529 00be 00       		.byte	0
 530 00bf 49       		.uleb128 0x49
 531 00c0 13       		.uleb128 0x13
 532 00c1 2F       		.uleb128 0x2f
 533 00c2 0B       		.uleb128 0xb
 534 00c3 00       		.byte	0
 535 00c4 00       		.byte	0
 536 00c5 10       		.uleb128 0x10
 537 00c6 2E       		.uleb128 0x2e
 538 00c7 01       		.byte	0x1
 539 00c8 3F       		.uleb128 0x3f
 540 00c9 19       		.uleb128 0x19
 541 00ca 03       		.uleb128 0x3
 542 00cb 0E       		.uleb128 0xe
 543 00cc 3A       		.uleb128 0x3a
 544 00cd 0B       		.uleb128 0xb
 545 00ce 3B       		.uleb128 0x3b
 546 00cf 0B       		.uleb128 0xb
 547 00d0 27       		.uleb128 0x27
 548 00d1 19       		.uleb128 0x19
 549 00d2 3C       		.uleb128 0x3c
 550 00d3 19       		.uleb128 0x19
 551 00d4 01       		.uleb128 0x1
 552 00d5 13       		.uleb128 0x13
 553 00d6 00       		.byte	0
 554 00d7 00       		.byte	0
 555 00d8 11       		.uleb128 0x11
 556 00d9 05       		.uleb128 0x5
 557 00da 00       		.byte	0
 558 00db 49       		.uleb128 0x49
 559 00dc 13       		.uleb128 0x13
 560 00dd 00       		.byte	0
 561 00de 00       		.byte	0
 562 00df 12       		.uleb128 0x12
 563 00e0 2E       		.uleb128 0x2e
 564 00e1 01       		.byte	0x1
 565 00e2 3F       		.uleb128 0x3f
 566 00e3 19       		.uleb128 0x19
 567 00e4 03       		.uleb128 0x3
 568 00e5 0E       		.uleb128 0xe
 569 00e6 3A       		.uleb128 0x3a
 570 00e7 0B       		.uleb128 0xb
 571 00e8 3B       		.uleb128 0x3b
ARM GAS  C:\Users\ELECTR~1\AppData\Local\Temp\ccEDbHQO.s 			page 13


 572 00e9 0B       		.uleb128 0xb
 573 00ea 27       		.uleb128 0x27
 574 00eb 19       		.uleb128 0x19
 575 00ec 49       		.uleb128 0x49
 576 00ed 13       		.uleb128 0x13
 577 00ee 3C       		.uleb128 0x3c
 578 00ef 19       		.uleb128 0x19
 579 00f0 01       		.uleb128 0x1
 580 00f1 13       		.uleb128 0x13
 581 00f2 00       		.byte	0
 582 00f3 00       		.byte	0
 583 00f4 13       		.uleb128 0x13
 584 00f5 2E       		.uleb128 0x2e
 585 00f6 01       		.byte	0x1
 586 00f7 3F       		.uleb128 0x3f
 587 00f8 19       		.uleb128 0x19
 588 00f9 03       		.uleb128 0x3
 589 00fa 0E       		.uleb128 0xe
 590 00fb 3A       		.uleb128 0x3a
 591 00fc 0B       		.uleb128 0xb
 592 00fd 3B       		.uleb128 0x3b
 593 00fe 0B       		.uleb128 0xb
 594 00ff 27       		.uleb128 0x27
 595 0100 19       		.uleb128 0x19
 596 0101 3C       		.uleb128 0x3c
 597 0102 19       		.uleb128 0x19
 598 0103 00       		.byte	0
 599 0104 00       		.byte	0
 600 0105 00       		.byte	0
 601              		.section	.debug_aranges,"",%progbits
 602 0000 1C000000 		.4byte	0x1c
 603 0004 0200     		.2byte	0x2
 604 0006 00000000 		.4byte	.Ldebug_info0
 605 000a 04       		.byte	0x4
 606 000b 00       		.byte	0
 607 000c 0000     		.2byte	0
 608 000e 0000     		.2byte	0
 609 0010 00000000 		.4byte	.LFB35
 610 0014 9C000000 		.4byte	.LFE35-.LFB35
 611 0018 00000000 		.4byte	0
 612 001c 00000000 		.4byte	0
 613              		.section	.debug_ranges,"",%progbits
 614              	.Ldebug_ranges0:
 615 0000 00000000 		.4byte	.LFB35
 616 0004 9C000000 		.4byte	.LFE35
 617 0008 00000000 		.4byte	0
 618 000c 00000000 		.4byte	0
 619              		.section	.debug_line,"",%progbits
 620              	.Ldebug_line0:
 621 0000 A0000000 		.section	.debug_str,"MS",%progbits,1
 621      02007000 
 621      00000201 
 621      FB0E0D00 
 621      01010101 
 622              	.LASF18:
 623 0000 536C6964 		.ascii	"Slider_sensorEnableMaskBackup\000"
 623      65725F73 
ARM GAS  C:\Users\ELECTR~1\AppData\Local\Temp\ccEDbHQO.s 			page 14


 623      656E736F 
 623      72456E61 
 623      626C654D 
 624              	.LASF14:
 625 001e 72656733 		.ascii	"reg32\000"
 625      3200
 626              	.LASF28:
 627 0024 536C6964 		.ascii	"Slider_FindNextSensor\000"
 627      65725F46 
 627      696E644E 
 627      65787453 
 627      656E736F 
 628              	.LASF3:
 629 003a 73686F72 		.ascii	"short unsigned int\000"
 629      7420756E 
 629      7369676E 
 629      65642069 
 629      6E7400
 630              	.LASF25:
 631 004d 433A5C55 		.ascii	"C:\\Users\\Electronic\\Documents\\GitHub\\PSoC-4-BL"
 631      73657273 
 631      5C456C65 
 631      6374726F 
 631      6E69635C 
 632 007b 452D4578 		.ascii	"E-Experiments\\Project 003 Custom Profile CapSense "
 632      70657269 
 632      6D656E74 
 632      735C5072 
 632      6F6A6563 
 633 00ad 52474220 		.ascii	"RGB LED\\PSoC\\CapSenseRGB\\CapSenseRGB.cydsn\000"
 633      4C45445C 
 633      50536F43 
 633      5C436170 
 633      53656E73 
 634              	.LASF11:
 635 00d8 666C6F61 		.ascii	"float\000"
 635      7400
 636              	.LASF1:
 637 00de 756E7369 		.ascii	"unsigned char\000"
 637      676E6564 
 637      20636861 
 637      7200
 638              	.LASF26:
 639 00ec 536C6964 		.ascii	"Slider_ISR\000"
 639      65725F49 
 639      535200
 640              	.LASF21:
 641 00f7 536C6964 		.ascii	"Slider_PostScan\000"
 641      65725F50 
 641      6F737453 
 641      63616E00 
 642              	.LASF9:
 643 0107 75696E74 		.ascii	"uint8\000"
 643      3800
 644              	.LASF19:
 645 010d 536C6964 		.ascii	"Slider_sensorEnableMask\000"
 645      65725F73 
ARM GAS  C:\Users\ELECTR~1\AppData\Local\Temp\ccEDbHQO.s 			page 15


 645      656E736F 
 645      72456E61 
 645      626C654D 
 646              	.LASF12:
 647 0125 646F7562 		.ascii	"double\000"
 647      6C6500
 648              	.LASF27:
 649 012c 536C6964 		.ascii	"Slider_snsIndexTmp\000"
 649      65725F73 
 649      6E73496E 
 649      64657854 
 649      6D7000
 650              	.LASF29:
 651 013f 4379496E 		.ascii	"CyIntEnable\000"
 651      74456E61 
 651      626C6500 
 652              	.LASF16:
 653 014b 536C6964 		.ascii	"Slider_csdStatusVar\000"
 653      65725F63 
 653      73645374 
 653      61747573 
 653      56617200 
 654              	.LASF10:
 655 015f 75696E74 		.ascii	"uint32\000"
 655      333200
 656              	.LASF5:
 657 0166 6C6F6E67 		.ascii	"long unsigned int\000"
 657      20756E73 
 657      69676E65 
 657      6420696E 
 657      7400
 658              	.LASF8:
 659 0178 756E7369 		.ascii	"unsigned int\000"
 659      676E6564 
 659      20696E74 
 659      00
 660              	.LASF22:
 661 0185 536C6964 		.ascii	"Slider_PreScan\000"
 661      65725F50 
 661      72655363 
 661      616E00
 662              	.LASF7:
 663 0194 6C6F6E67 		.ascii	"long long unsigned int\000"
 663      206C6F6E 
 663      6720756E 
 663      7369676E 
 663      65642069 
 664              	.LASF15:
 665 01ab 73697A65 		.ascii	"sizetype\000"
 665      74797065 
 665      00
 666              	.LASF24:
 667 01b4 2E5C4765 		.ascii	".\\Generated_Source\\PSoC4\\Slider_INT.c\000"
 667      6E657261 
 667      7465645F 
 667      536F7572 
 667      63655C50 
ARM GAS  C:\Users\ELECTR~1\AppData\Local\Temp\ccEDbHQO.s 			page 16


 668              	.LASF6:
 669 01da 6C6F6E67 		.ascii	"long long int\000"
 669      206C6F6E 
 669      6720696E 
 669      7400
 670              	.LASF13:
 671 01e8 63686172 		.ascii	"char\000"
 671      00
 672              	.LASF23:
 673 01ed 474E5520 		.ascii	"GNU C 4.9.3 20150303 (release) [ARM/embedded-4_9-br"
 673      4320342E 
 673      392E3320 
 673      32303135 
 673      30333033 
 674 0220 616E6368 		.ascii	"anch revision 221220] -mcpu=cortex-m0 -mthumb -g -O"
 674      20726576 
 674      6973696F 
 674      6E203232 
 674      31323230 
 675 0253 67202D66 		.ascii	"g -ffunction-sections -ffat-lto-objects\000"
 675      66756E63 
 675      74696F6E 
 675      2D736563 
 675      74696F6E 
 676              	.LASF20:
 677 027b 4379496E 		.ascii	"CyIntDisable\000"
 677      74446973 
 677      61626C65 
 677      00
 678              	.LASF2:
 679 0288 73686F72 		.ascii	"short int\000"
 679      7420696E 
 679      7400
 680              	.LASF17:
 681 0292 536C6964 		.ascii	"Slider_sensorIndex\000"
 681      65725F73 
 681      656E736F 
 681      72496E64 
 681      657800
 682              	.LASF4:
 683 02a5 6C6F6E67 		.ascii	"long int\000"
 683      20696E74 
 683      00
 684              	.LASF0:
 685 02ae 7369676E 		.ascii	"signed char\000"
 685      65642063 
 685      68617200 
 686              		.ident	"GCC: (GNU Tools for ARM Embedded Processors) 4.9.3 20150303 (release) [ARM/embedded-4_9-br
