Loading plugins phase: Elapsed time ==> 0s.234ms
Initializing data phase: Elapsed time ==> 0s.000ms
<CYPRESSTAG name="CyDsfit arguments...">
cydsfit arguments: -.fdsnotice -.fdswarpdepfile=warp_dependencies.txt -.fdselabdepfile=elab_dependencies.txt -.fdsbldfile=generated_files.txt -p Y:\repos\PSoC-4-BLE-Experiments\Project 003 Custom Profile CapSense RGB LED\PSoC\CapSenseRGB\CapSenseRGB.cydsn\CapSenseRGB.cyprj -d CY8C4247LQI-BL483 -s Y:\repos\PSoC-4-BLE-Experiments\Project 003 Custom Profile CapSense RGB LED\PSoC\CapSenseRGB\CapSenseRGB.cydsn\Generated_Source\PSoC4 -- -yv2 -q10 -ygs -o2 -v3 -.fftcfgtype=LE</CYPRESSTAG>
<CYPRESSTAG name="Design elaboration results...">
</CYPRESSTAG>
Elaboration phase: Elapsed time ==> 3s.140ms
<CYPRESSTAG name="HDL generation results...">
</CYPRESSTAG>
HDL generation phase: Elapsed time ==> 0s.062ms
<CYPRESSTAG name="Synthesis results...">

     | | | | | | |
   _________________
  -|               |-
  -|               |-
  -|               |-
  -|    CYPRESS    |-
  -|               |-
  -|               |-   Warp Verilog Synthesis Compiler: Version 6.3 IR 41
  -|               |-   Copyright (C) 1991-2001 Cypress Semiconductor
   |_______________|
     | | | | | | |

======================================================================
Compiling:  CapSenseRGB.v
Program  :   C:\Program Files (x86)\Cypress\PSoC Creator\3.2\PSoC Creator\warp\bin/warp.exe
Options  :    -yv2 -q10 -ygs -o2 -v3 -.fftcfgtype=LE -ya -.fftprj=Y:\repos\PSoC-4-BLE-Experiments\Project 003 Custom Profile CapSense RGB LED\PSoC\CapSenseRGB\CapSenseRGB.cydsn\CapSenseRGB.cyprj -dcpsoc3 CapSenseRGB.v -verilog
======================================================================

======================================================================
Compiling:  CapSenseRGB.v
Program  :   C:\Program Files (x86)\Cypress\PSoC Creator\3.2\PSoC Creator\warp\bin/warp.exe
Options  :    -yv2 -q10 -ygs -o2 -v3 -.fftcfgtype=LE -ya -.fftprj=Y:\repos\PSoC-4-BLE-Experiments\Project 003 Custom Profile CapSense RGB LED\PSoC\CapSenseRGB\CapSenseRGB.cydsn\CapSenseRGB.cyprj -dcpsoc3 CapSenseRGB.v -verilog
======================================================================

======================================================================
Compiling:  CapSenseRGB.v
Program  :   vlogfe
Options  :    -yv2 -q10 -ygs -o2 -v3 -.fftcfgtype=LE -ya -.fftprj=Y:\repos\PSoC-4-BLE-Experiments\Project 003 Custom Profile CapSense RGB LED\PSoC\CapSenseRGB\CapSenseRGB.cydsn\CapSenseRGB.cyprj -dcpsoc3 -verilog CapSenseRGB.v
======================================================================

vlogfe V6.3 IR 41:  Verilog parser
Fri Sep 18 11:34:57 2015


======================================================================
Compiling:  CapSenseRGB.v
Program  :   vpp
Options  :    -yv2 -q10 CapSenseRGB.v
======================================================================

vpp V6.3 IR 41:  Verilog Pre-Processor
Fri Sep 18 11:34:57 2015

Flattening file 'C:\Program Files (x86)\Cypress\PSoC Creator\3.2\PSoC Creator\warp\..\psoc\content\cyprimitives\CyPrimitives.cylib\or_v1_0\or_v1_0.v'
Flattening file 'C:\Program Files (x86)\Cypress\PSoC Creator\3.2\PSoC Creator\warp\..\psoc\content\cyprimitives\CyPrimitives.cylib\cy_constant_v1_0\cy_constant_v1_0.v'
Flattening file 'C:\Program Files (x86)\Cypress\PSoC Creator\3.2\PSoC Creator\warp\..\psoc\content\cycomponentlibrary\CyComponentLibrary.cylib\PrISM_v2_20\PrISM_v2_20.v'
Flattening file 'C:\Program Files (x86)\Cypress\PSoC Creator\3.2\PSoC Creator\warp\lib\common\cypress.v'
Flattening file 'C:\Program Files (x86)\Cypress\PSoC Creator\3.2\PSoC Creator\warp\lib\common\cy_psoc3_inc.v'
Flattening file 'C:\Program Files (x86)\Cypress\PSoC Creator\3.2\PSoC Creator\warp\..\psoc\content\cyprimitives\CyPrimitives.cylib\OneTerminal\OneTerminal.v'
Flattening file 'C:\Program Files (x86)\Cypress\PSoC Creator\3.2\PSoC Creator\warp\..\psoc\content\cyprimitives\CyPrimitives.cylib\ZeroTerminal\ZeroTerminal.v'

vpp:  No errors.

Library 'work' => directory 'lcpsoc3'
General_symbol_table
General_symbol_table
Linking 'C:\Program Files (x86)\Cypress\PSoC Creator\3.2\PSoC Creator\warp\lib\common\std.vhd'.
Linking 'C:\Program Files (x86)\Cypress\PSoC Creator\3.2\PSoC Creator\warp\lib\common\cypress.vhd'.
Linking 'C:\Program Files (x86)\Cypress\PSoC Creator\3.2\PSoC Creator\warp\lib\common\work\cypress.vif'.
Linking 'C:\Program Files (x86)\Cypress\PSoC Creator\3.2\PSoC Creator\warp\lib\ieee\work\stdlogic.vif'.
Linking 'C:\Program Files (x86)\Cypress\PSoC Creator\3.2\PSoC Creator\warp\lib\common\stdlogic\lpmpkg.vif'.
Linking 'C:\Program Files (x86)\Cypress\PSoC Creator\3.2\PSoC Creator\warp\lib\common\stdlogic\rtlpkg.vif'.
Linking 'C:\Program Files (x86)\Cypress\PSoC Creator\3.2\PSoC Creator\warp\lib\common\stdlogic\mod_cnst.vif'.
Linking 'C:\Program Files (x86)\Cypress\PSoC Creator\3.2\PSoC Creator\warp\lib\common\stdlogic\mod_mthv.vif'.
Linking 'C:\Program Files (x86)\Cypress\PSoC Creator\3.2\PSoC Creator\warp\lib\common\stdlogic\mod_genv.vif'.
Using control file 'CapSenseRGB.ctl'.
Linking 'C:\Program Files (x86)\Cypress\PSoC Creator\3.2\PSoC Creator\warp\lib\common\stdlogic\cy_psoc3pkg.vif'.
Linking 'C:\Program Files (x86)\Cypress\PSoC Creator\3.2\PSoC Creator\warp\lib\common\stdlogic\cy_psoc3.vif'.

vlogfe:  No errors.


======================================================================
Compiling:  CapSenseRGB.v
Program  :   tovif
Options  :    -yv2 -q10 -ygs -o2 -v3 -.fftcfgtype=LE -ya -.fftprj=Y:\repos\PSoC-4-BLE-Experiments\Project 003 Custom Profile CapSense RGB LED\PSoC\CapSenseRGB\CapSenseRGB.cydsn\CapSenseRGB.cyprj -dcpsoc3 -verilog CapSenseRGB.v
======================================================================

tovif V6.3 IR 41:  High-level synthesis
Fri Sep 18 11:34:57 2015

Linking 'C:\Program Files (x86)\Cypress\PSoC Creator\3.2\PSoC Creator\warp\lib\common\std.vhd'.
Linking 'C:\Program Files (x86)\Cypress\PSoC Creator\3.2\PSoC Creator\warp\lib\common\cypress.vhd'.
Linking 'C:\Program Files (x86)\Cypress\PSoC Creator\3.2\PSoC Creator\warp\lib\common\work\cypress.vif'.
Linking 'C:\Program Files (x86)\Cypress\PSoC Creator\3.2\PSoC Creator\warp\lib\ieee\work\stdlogic.vif'.
Linking 'C:\Program Files (x86)\Cypress\PSoC Creator\3.2\PSoC Creator\warp\lib\common\stdlogic\lpmpkg.vif'.
Linking 'C:\Program Files (x86)\Cypress\PSoC Creator\3.2\PSoC Creator\warp\lib\common\stdlogic\rtlpkg.vif'.
Linking 'C:\Program Files (x86)\Cypress\PSoC Creator\3.2\PSoC Creator\warp\lib\common\stdlogic\mod_cnst.vif'.
Linking 'C:\Program Files (x86)\Cypress\PSoC Creator\3.2\PSoC Creator\warp\lib\common\stdlogic\mod_mthv.vif'.
Linking 'C:\Program Files (x86)\Cypress\PSoC Creator\3.2\PSoC Creator\warp\lib\common\stdlogic\mod_genv.vif'.
Linking 'Y:\repos\PSoC-4-BLE-Experiments\Project 003 Custom Profile CapSense RGB LED\PSoC\CapSenseRGB\CapSenseRGB.cydsn\codegentemp\CapSenseRGB.ctl'.
Linking 'C:\Program Files (x86)\Cypress\PSoC Creator\3.2\PSoC Creator\psoc\content\cyprimitives\CyPrimitives.cylib\or_v1_0\or_v1_0.v'.
Linking 'Y:\repos\PSoC-4-BLE-Experiments\Project 003 Custom Profile CapSense RGB LED\PSoC\CapSenseRGB\CapSenseRGB.cydsn\codegentemp\CapSenseRGB.v'.
Linking 'C:\Program Files (x86)\Cypress\PSoC Creator\3.2\PSoC Creator\psoc\content\cyprimitives\CyPrimitives.cylib\cy_constant_v1_0\cy_constant_v1_0.v'.
Linking 'C:\Program Files (x86)\Cypress\PSoC Creator\3.2\PSoC Creator\psoc\content\cycomponentlibrary\CyComponentLibrary.cylib\PrISM_v2_20\PrISM_v2_20.v'.
Linking 'C:\Program Files (x86)\Cypress\PSoC Creator\3.2\PSoC Creator\warp\lib\common\cypress.v'.
Linking 'C:\Program Files (x86)\Cypress\PSoC Creator\3.2\PSoC Creator\warp\lib\common\cy_psoc3_inc.v'.
Linking 'C:\Program Files (x86)\Cypress\PSoC Creator\3.2\PSoC Creator\psoc\content\cyprimitives\CyPrimitives.cylib\OneTerminal\OneTerminal.v'.
Linking 'C:\Program Files (x86)\Cypress\PSoC Creator\3.2\PSoC Creator\psoc\content\cyprimitives\CyPrimitives.cylib\ZeroTerminal\ZeroTerminal.v'.
Linking 'C:\Program Files (x86)\Cypress\PSoC Creator\3.2\PSoC Creator\warp\lib\common\stdlogic\cy_psoc3pkg.vif'.
Linking 'C:\Program Files (x86)\Cypress\PSoC Creator\3.2\PSoC Creator\warp\lib\common\stdlogic\cy_psoc3.vif'.

tovif:  No errors.


======================================================================
Compiling:  CapSenseRGB.v
Program  :   topld
Options  :    -yv2 -q10 -ygs -o2 -v3 -.fftcfgtype=LE -ya -.fftprj=Y:\repos\PSoC-4-BLE-Experiments\Project 003 Custom Profile CapSense RGB LED\PSoC\CapSenseRGB\CapSenseRGB.cydsn\CapSenseRGB.cyprj -dcpsoc3 -verilog CapSenseRGB.v
======================================================================

topld V6.3 IR 41:  Synthesis and optimization
Fri Sep 18 11:34:57 2015

Linking 'C:\Program Files (x86)\Cypress\PSoC Creator\3.2\PSoC Creator\warp\lib\common\std.vhd'.
Linking 'C:\Program Files (x86)\Cypress\PSoC Creator\3.2\PSoC Creator\warp\lib\common\cypress.vhd'.
Linking 'C:\Program Files (x86)\Cypress\PSoC Creator\3.2\PSoC Creator\warp\lib\common\work\cypress.vif'.
Linking 'C:\Program Files (x86)\Cypress\PSoC Creator\3.2\PSoC Creator\warp\lib\ieee\work\stdlogic.vif'.
Linking 'C:\Program Files (x86)\Cypress\PSoC Creator\3.2\PSoC Creator\warp\lib\common\stdlogic\lpmpkg.vif'.
Linking 'C:\Program Files (x86)\Cypress\PSoC Creator\3.2\PSoC Creator\warp\lib\common\stdlogic\rtlpkg.vif'.
Linking 'C:\Program Files (x86)\Cypress\PSoC Creator\3.2\PSoC Creator\warp\lib\common\stdlogic\mod_cnst.vif'.
Linking 'C:\Program Files (x86)\Cypress\PSoC Creator\3.2\PSoC Creator\warp\lib\common\stdlogic\mod_mthv.vif'.
Linking 'C:\Program Files (x86)\Cypress\PSoC Creator\3.2\PSoC Creator\warp\lib\common\stdlogic\mod_genv.vif'.
Linking 'Y:\repos\PSoC-4-BLE-Experiments\Project 003 Custom Profile CapSense RGB LED\PSoC\CapSenseRGB\CapSenseRGB.cydsn\codegentemp\CapSenseRGB.ctl'.
Linking 'C:\Program Files (x86)\Cypress\PSoC Creator\3.2\PSoC Creator\psoc\content\cyprimitives\CyPrimitives.cylib\or_v1_0\or_v1_0.v'.
Linking 'Y:\repos\PSoC-4-BLE-Experiments\Project 003 Custom Profile CapSense RGB LED\PSoC\CapSenseRGB\CapSenseRGB.cydsn\codegentemp\CapSenseRGB.v'.
Linking 'C:\Program Files (x86)\Cypress\PSoC Creator\3.2\PSoC Creator\psoc\content\cyprimitives\CyPrimitives.cylib\cy_constant_v1_0\cy_constant_v1_0.v'.
Linking 'C:\Program Files (x86)\Cypress\PSoC Creator\3.2\PSoC Creator\psoc\content\cycomponentlibrary\CyComponentLibrary.cylib\PrISM_v2_20\PrISM_v2_20.v'.
Linking 'C:\Program Files (x86)\Cypress\PSoC Creator\3.2\PSoC Creator\warp\lib\common\cypress.v'.
Linking 'C:\Program Files (x86)\Cypress\PSoC Creator\3.2\PSoC Creator\warp\lib\common\cy_psoc3_inc.v'.
Linking 'C:\Program Files (x86)\Cypress\PSoC Creator\3.2\PSoC Creator\psoc\content\cyprimitives\CyPrimitives.cylib\OneTerminal\OneTerminal.v'.
Linking 'C:\Program Files (x86)\Cypress\PSoC Creator\3.2\PSoC Creator\psoc\content\cyprimitives\CyPrimitives.cylib\ZeroTerminal\ZeroTerminal.v'.
Linking 'C:\Program Files (x86)\Cypress\PSoC Creator\3.2\PSoC Creator\warp\lib\common\stdlogic\cy_psoc3pkg.vif'.
Linking 'C:\Program Files (x86)\Cypress\PSoC Creator\3.2\PSoC Creator\warp\lib\common\stdlogic\cy_psoc3.vif'.
Linking 'C:\Program Files (x86)\Cypress\PSoC Creator\3.2\PSoC Creator\warp\lib\lcpsoc3\stdlogic\cpsoc3.vif'.

----------------------------------------------------------
Detecting unused logic.
----------------------------------------------------------
    User names
	Net_2
	\BLE:Net_55\
	\Slider:Net_545\
	\Slider:Net_544\


Deleted 4 User equations/components.
Deleted 0 Synthesized equations/components.

------------------------------------------------------
Alias Detection
------------------------------------------------------
Aliasing Net_4 to one
Aliasing Net_5 to zero
Aliasing \RedGreenPrISM:cs_addr_2\ to zero
Aliasing \RedGreenPrISM:cs_addr_0\ to one
Aliasing Net_6 to zero
Aliasing Net_12 to one
Aliasing Net_13 to zero
Aliasing \BluePrISM:cs_addr_2\ to zero
Aliasing \BluePrISM:cs_addr_0\ to one
Aliasing Net_14 to zero
Aliasing \Slider:Net_104\ to zero
Aliasing \Slider:Net_312\ to zero
Aliasing \Slider:tmpOE__Cmod_net_0\ to one
Aliasing \Slider:IDAC2:Net_3\ to one
Aliasing \Slider:tmpOE__Sns_net_4\ to one
Aliasing \Slider:tmpOE__Sns_net_3\ to one
Aliasing \Slider:tmpOE__Sns_net_2\ to one
Aliasing \Slider:tmpOE__Sns_net_1\ to one
Aliasing \Slider:tmpOE__Sns_net_0\ to one
Aliasing \Slider:IDAC1:Net_3\ to one
Aliasing tmpOE__RED_net_0 to one
Aliasing tmpOE__GREEN_net_0 to one
Aliasing tmpOE__BLUE_net_0 to one
Removing Rhs of wire \RedGreenPrISM:ctrl_enable\[7] = \RedGreenPrISM:control_0\[8]
Removing Rhs of wire \RedGreenPrISM:compare_type0\[9] = \RedGreenPrISM:control_1\[10]
Removing Rhs of wire \RedGreenPrISM:compare_type1\[11] = \RedGreenPrISM:control_2\[12]
Removing Lhs of wire Net_4[25] = one[15]
Removing Lhs of wire Net_5[29] = zero[18]
Removing Lhs of wire \RedGreenPrISM:cs_addr_2\[30] = zero[18]
Removing Lhs of wire \RedGreenPrISM:cs_addr_1\[31] = \RedGreenPrISM:reset_reg\[28]
Removing Lhs of wire \RedGreenPrISM:cs_addr_0\[32] = one[15]
Removing Lhs of wire Net_6[42] = zero[18]
Removing Rhs of wire \BluePrISM:ctrl_enable\[73] = \BluePrISM:control_0\[74]
Removing Rhs of wire \BluePrISM:compare_type0\[75] = \BluePrISM:control_1\[76]
Removing Rhs of wire \BluePrISM:compare_type1\[77] = \BluePrISM:control_2\[78]
Removing Lhs of wire Net_12[88] = one[15]
Removing Lhs of wire Net_13[92] = zero[18]
Removing Lhs of wire \BluePrISM:cs_addr_2\[93] = zero[18]
Removing Lhs of wire \BluePrISM:cs_addr_1\[94] = \BluePrISM:reset_reg\[91]
Removing Lhs of wire \BluePrISM:cs_addr_0\[95] = one[15]
Removing Lhs of wire Net_14[105] = zero[18]
Removing Lhs of wire \Slider:Net_104\[148] = zero[18]
Removing Lhs of wire \Slider:Net_312\[152] = zero[18]
Removing Lhs of wire \Slider:tmpOE__Cmod_net_0\[155] = one[15]
Removing Lhs of wire \Slider:IDAC2:Net_3\[162] = one[15]
Removing Lhs of wire \Slider:tmpOE__Sns_net_4\[164] = one[15]
Removing Lhs of wire \Slider:tmpOE__Sns_net_3\[165] = one[15]
Removing Lhs of wire \Slider:tmpOE__Sns_net_2\[166] = one[15]
Removing Lhs of wire \Slider:tmpOE__Sns_net_1\[167] = one[15]
Removing Lhs of wire \Slider:tmpOE__Sns_net_0\[168] = one[15]
Removing Lhs of wire \Slider:IDAC1:Net_3\[182] = one[15]
Removing Lhs of wire tmpOE__RED_net_0[188] = one[15]
Removing Lhs of wire tmpOE__GREEN_net_0[194] = one[15]
Removing Lhs of wire tmpOE__BLUE_net_0[200] = one[15]
Removing Lhs of wire \RedGreenPrISM:reset_reg\\D\[206] = zero[18]
Removing Lhs of wire \BluePrISM:reset_reg\\D\[210] = zero[18]

------------------------------------------------------
Aliased 0 equations, 33 wires.
------------------------------------------------------

----------------------------------------------------------
Circuit simplification
----------------------------------------------------------

Substituting virtuals - pass 1:

Note:  Expanding virtual equation for 'one' (cost = 0):
one <=  ('1') ;

Note:  Expanding virtual equation for 'zero' (cost = 0):
zero <=  ('0') ;

Note:  Expanding virtual equation for '\RedGreenPrISM:Pd0a\' (cost = 2):
\RedGreenPrISM:Pd0a\ <= ((not \RedGreenPrISM:compare_type0\ and \RedGreenPrISM:cl0\)
	OR (not \RedGreenPrISM:compare_type0\ and \RedGreenPrISM:ce0\));

Note:  Expanding virtual equation for '\RedGreenPrISM:Pd0b\' (cost = 1):
\RedGreenPrISM:Pd0b\ <= ((not \RedGreenPrISM:cl0\ and \RedGreenPrISM:compare_type0\));

Note:  Expanding virtual equation for '\RedGreenPrISM:Pd1a\' (cost = 2):
\RedGreenPrISM:Pd1a\ <= ((not \RedGreenPrISM:compare_type1\ and \RedGreenPrISM:cl1\)
	OR (not \RedGreenPrISM:compare_type1\ and \RedGreenPrISM:ce1\));

Note:  Expanding virtual equation for '\RedGreenPrISM:Pd1b\' (cost = 1):
\RedGreenPrISM:Pd1b\ <= ((not \RedGreenPrISM:cl1\ and \RedGreenPrISM:compare_type1\));

Note:  Expanding virtual equation for '\BluePrISM:Pd0a\' (cost = 2):
\BluePrISM:Pd0a\ <= ((not \BluePrISM:compare_type0\ and \BluePrISM:cl0\)
	OR (not \BluePrISM:compare_type0\ and \BluePrISM:ce0\));

Note:  Expanding virtual equation for '\BluePrISM:Pd0b\' (cost = 1):
\BluePrISM:Pd0b\ <= ((not \BluePrISM:cl0\ and \BluePrISM:compare_type0\));

Note:  Expanding virtual equation for '\BluePrISM:Pd1a\' (cost = 2):
\BluePrISM:Pd1a\ <= ((not \BluePrISM:compare_type1\ and \BluePrISM:cl1\)
	OR (not \BluePrISM:compare_type1\ and \BluePrISM:ce1\));

Note:  Expanding virtual equation for '\BluePrISM:Pd1b\' (cost = 1):
\BluePrISM:Pd1b\ <= ((not \BluePrISM:cl1\ and \BluePrISM:compare_type1\));


Substituting virtuals - pass 2:


----------------------------------------------------------
Circuit simplification results:

	Expanded 10 signals.
	Turned 0 signals into soft nodes.
	Maximum default expansion cost was set at 3.
----------------------------------------------------------

------------------------------------------------------
Alias Detection
------------------------------------------------------
Removing Lhs of wire \RedGreenPrISM:enable_final_reg\\D\[205] = \RedGreenPrISM:ctrl_enable\[7]
Removing Lhs of wire \BluePrISM:enable_final_reg\\D\[209] = \BluePrISM:ctrl_enable\[73]

------------------------------------------------------
Aliased 0 equations, 2 wires.
------------------------------------------------------

----------------------------------------------------------
Circuit simplification
----------------------------------------------------------

Eliminating unused logic - pass 1:


Eliminating unused logic - pass 2:


Substituting virtuals - pass 1:


----------------------------------------------------------
Circuit simplification results:

	Expanded 0 signals.
	Turned 0 signals into soft nodes.
	Maximum default expansion cost was set at 3.
----------------------------------------------------------

topld:  No errors.

CYPRESS_DIR    : C:\Program Files (x86)\Cypress\PSoC Creator\3.2\PSoC Creator\warp
Warp Program   : C:\Program Files (x86)\Cypress\PSoC Creator\3.2\PSoC Creator\warp\bin/warp.exe
Warp Arguments : -yv2 -q10 -ygs -o2 -v3 -.fftcfgtype=LE -ya "-.fftprj=Y:\repos\PSoC-4-BLE-Experiments\Project 003 Custom Profile CapSense RGB LED\PSoC\CapSenseRGB\CapSenseRGB.cydsn\CapSenseRGB.cyprj" -dcpsoc3 CapSenseRGB.v -verilog
</CYPRESSTAG>
Warp synthesis phase: Elapsed time ==> 0s.781ms
<CYPRESSTAG name="Fitter results...">
<CYPRESSTAG name="Fitter startup details...">
cyp3fit: V3.2.0.6175, Family: PSoC3, Started at: Friday, 18 September 2015 11:34:57
Options: -yv2 -q10 -ygs -o2 -v3 -.fftcfgtype=LE -ya -.fftprj=Y:\repos\PSoC-4-BLE-Experiments\Project 003 Custom Profile CapSense RGB LED\PSoC\CapSenseRGB\CapSenseRGB.cydsn\CapSenseRGB.cyprj -d CY8C4247LQI-BL483 CapSenseRGB.v -verilog
</CYPRESSTAG>
<CYPRESSTAG name="Design parsing">
Design parsing phase: Elapsed time ==> 0s.015ms
</CYPRESSTAG>
<CYPRESSTAG name="Tech mapping">
<CYPRESSTAG name="Initial Mapping" icon="FILE_RPT_TECHM">
    Converted constant MacroCell: \BluePrISM:reset_reg\ from registered to combinatorial
    Converted constant MacroCell: \RedGreenPrISM:reset_reg\ from registered to combinatorial
Assigning clock BLE_LFCLK to clock LFCLK because it is a pass-through

Removing unused cells resulting from optimization
Done removing unused cells.
<CYPRESSTAG name="Global Clock Selection" icon="FILE_RPT_TECHM">
    Fixed Function Clock 5: Automatic-assigning  clock 'Slider_SampleClk'. Signal=\Slider:Net_420_ff5\
    Fixed Function Clock 4: Automatic-assigning  clock 'Slider_SenseClk'. Signal=\Slider:Net_429_ff4\
    Digital Clock 0: Automatic-assigning  clock 'PRS_CLK'. Fanout=4, Signal=Net_3_digital
<CYPRESSTAG name="UDB Clock/Enable Remapping Results">
    UDB Clk/Enable \BluePrISM:ClkSync\: with output requested to be synchronous
        ClockIn: ClockGenBlock:m0s8clockgenblockcell.gen_clk_out_0 was determined to be a global clock that is synchronous to HFCLK
        EnableIn: \BluePrISM:enable_final_reg\:macrocell.q was determined to be synchronous to ClockIn
        ClockOut: ClockGenBlock:m0s8clockgenblockcell.gen_clk_out_0, EnableOut: \BluePrISM:enable_final_reg\:macrocell.q
    UDB Clk/Enable \BluePrISM:CtlClkSync\: with output requested to be synchronous
        ClockIn: ClockGenBlock:m0s8clockgenblockcell.gen_clk_out_0 was determined to be a global clock that is synchronous to HFCLK
        EnableIn: Constant 1 was determined to be synchronous to ClockIn
        ClockOut: ClockGenBlock:m0s8clockgenblockcell.gen_clk_out_0, EnableOut: Constant 1
    UDB Clk/Enable \RedGreenPrISM:ClkSync\: with output requested to be synchronous
        ClockIn: ClockGenBlock:m0s8clockgenblockcell.gen_clk_out_0 was determined to be a global clock that is synchronous to HFCLK
        EnableIn: \RedGreenPrISM:enable_final_reg\:macrocell.q was determined to be synchronous to ClockIn
        ClockOut: ClockGenBlock:m0s8clockgenblockcell.gen_clk_out_0, EnableOut: \RedGreenPrISM:enable_final_reg\:macrocell.q
    UDB Clk/Enable \RedGreenPrISM:CtlClkSync\: with output requested to be synchronous
        ClockIn: ClockGenBlock:m0s8clockgenblockcell.gen_clk_out_0 was determined to be a global clock that is synchronous to HFCLK
        EnableIn: Constant 1 was determined to be synchronous to ClockIn
        ClockOut: ClockGenBlock:m0s8clockgenblockcell.gen_clk_out_0, EnableOut: Constant 1
</CYPRESSTAG>
</CYPRESSTAG>

Removing unused cells resulting from optimization
Done removing unused cells.
<CYPRESSTAG name="Duplicate Macrocell detection">
</CYPRESSTAG>
</CYPRESSTAG>
<CYPRESSTAG name="Duplicate Macrocell detection">
</CYPRESSTAG>
<CYPRESSTAG name="Design Equations" icon="FILE_RPT_EQUATION">

------------------------------------------------------------
Design Equations
------------------------------------------------------------
    <CYPRESSTAG name="Pin listing">

    ------------------------------------------------------------
    Pin listing
    ------------------------------------------------------------

    Pin : Name = BLUE(0)
        Attributes:
            In Group/Port: True
            In Sync Option: AUTO
            Out Sync Option: NOSYNC
            Interrupt generated: False
            Interrupt mode: NONE
            Drive mode: HI_Z_DIGITAL
            VTrip: EITHER
            Slew: FAST
            Input Sync needed: False
            Output Sync needed: False
            SC shield enabled: False
            POR State: ANY
            LCD Mode: COMMON
            Register Mode: RegComb
            CaSense Mode: NEITHER
            Treat as pin: True
            Is OE Registered: False
            Uses Analog: False
            Can contain Digital: True
            Is SIO: False
            SIO Output Buf: NONREGULATED
            SIO Input Buf: SINGLE_ENDED
            SIO HiFreq: LOW
            SIO Hyst: DISABLED
            SIO Vtrip: MULTIPLIER_0_5
            SIO RefSel: VCC_IO
            Required Capabilitites: DIGITAL, ROUTABLE
            Initial Value: 1
            IO Voltage: 0
        PORT MAP (
            pa_out => BLUE(0)__PA ,
            input => Net_15 ,
            pad => BLUE(0)_PAD );
        Properties:
        {
        }

    Pin : Name = GREEN(0)
        Attributes:
            In Group/Port: True
            In Sync Option: AUTO
            Out Sync Option: NOSYNC
            Interrupt generated: False
            Interrupt mode: NONE
            Drive mode: HI_Z_DIGITAL
            VTrip: EITHER
            Slew: FAST
            Input Sync needed: False
            Output Sync needed: False
            SC shield enabled: False
            POR State: ANY
            LCD Mode: COMMON
            Register Mode: RegComb
            CaSense Mode: NEITHER
            Treat as pin: True
            Is OE Registered: False
            Uses Analog: False
            Can contain Digital: True
            Is SIO: False
            SIO Output Buf: NONREGULATED
            SIO Input Buf: SINGLE_ENDED
            SIO HiFreq: LOW
            SIO Hyst: DISABLED
            SIO Vtrip: MULTIPLIER_0_5
            SIO RefSel: VCC_IO
            Required Capabilitites: DIGITAL, ROUTABLE
            Initial Value: 1
            IO Voltage: 0
        PORT MAP (
            pa_out => GREEN(0)__PA ,
            input => Net_8 ,
            pad => GREEN(0)_PAD );
        Properties:
        {
        }

    Pin : Name = RED(0)
        Attributes:
            In Group/Port: True
            In Sync Option: AUTO
            Out Sync Option: NOSYNC
            Interrupt generated: False
            Interrupt mode: NONE
            Drive mode: HI_Z_DIGITAL
            VTrip: EITHER
            Slew: FAST
            Input Sync needed: False
            Output Sync needed: False
            SC shield enabled: False
            POR State: ANY
            LCD Mode: COMMON
            Register Mode: RegComb
            CaSense Mode: NEITHER
            Treat as pin: True
            Is OE Registered: False
            Uses Analog: False
            Can contain Digital: True
            Is SIO: False
            SIO Output Buf: NONREGULATED
            SIO Input Buf: SINGLE_ENDED
            SIO HiFreq: LOW
            SIO Hyst: DISABLED
            SIO Vtrip: MULTIPLIER_0_5
            SIO RefSel: VCC_IO
            Required Capabilitites: DIGITAL, ROUTABLE
            Initial Value: 1
            IO Voltage: 0
        PORT MAP (
            pa_out => RED(0)__PA ,
            input => Net_7 ,
            pad => RED(0)_PAD );
        Properties:
        {
        }

    Pin : Name = \Slider:Cmod(0)\
        Attributes:
            Alias: Cmod
            In Group/Port: True
            In Sync Option: AUTO
            Out Sync Option: AUTO
            Interrupt generated: False
            Interrupt mode: NONE
            Drive mode: HI_Z_ANALOG
            VTrip: EITHER
            Slew: FAST
            Input Sync needed: False
            Output Sync needed: False
            SC shield enabled: False
            POR State: ANY
            LCD Mode: COMMON
            Register Mode: RegComb
            CaSense Mode: NEITHER
            Treat as pin: True
            Is OE Registered: False
            Uses Analog: True
            Can contain Digital: False
            Is SIO: False
            SIO Output Buf: NONREGULATED
            SIO Input Buf: SINGLE_ENDED
            SIO HiFreq: LOW
            SIO Hyst: DISABLED
            SIO Vtrip: MULTIPLIER_0_5
            SIO RefSel: VCC_IO
            Required Capabilitites: ANALOG
            Initial Value: 1
            IO Voltage: 0
        PORT MAP (
            pa_out => \Slider:Cmod(0)\__PA ,
            analog_term => \Slider:Net_398\ ,
            pad => \Slider:Cmod(0)_PAD\ );
        Properties:
        {
        }

    Pin : Name = \Slider:Sns(0)\
        Attributes:
            Alias: LinearSlider0_e0__LS
            In Group/Port: True
            In Sync Option: AUTO
            Out Sync Option: AUTO
            Interrupt generated: False
            Interrupt mode: NONE
            Drive mode: HI_Z_ANALOG
            VTrip: EITHER
            Slew: FAST
            Input Sync needed: False
            Output Sync needed: False
            SC shield enabled: False
            POR State: ANY
            LCD Mode: COMMON
            Register Mode: RegComb
            CaSense Mode: NEITHER
            Treat as pin: True
            Is OE Registered: False
            Uses Analog: True
            Can contain Digital: False
            Is SIO: False
            SIO Output Buf: NONREGULATED
            SIO Input Buf: SINGLE_ENDED
            SIO HiFreq: LOW
            SIO Hyst: DISABLED
            SIO Vtrip: MULTIPLIER_0_5
            SIO RefSel: VCC_IO
            Required Capabilitites: ANALOG
            Initial Value: 1
            IO Voltage: 0
        PORT MAP (
            pa_out => \Slider:Sns(0)\__PA ,
            analog_term => \Slider:Net_245_0\ ,
            pad => \Slider:Sns(0)_PAD\ );
        Properties:
        {
        }

    Pin : Name = \Slider:Sns(1)\
        Attributes:
            Alias: LinearSlider0_e1__LS
            In Group/Port: True
            In Sync Option: AUTO
            Out Sync Option: AUTO
            Interrupt generated: False
            Interrupt mode: NONE
            Drive mode: HI_Z_ANALOG
            VTrip: EITHER
            Slew: FAST
            Input Sync needed: False
            Output Sync needed: False
            SC shield enabled: False
            POR State: ANY
            LCD Mode: COMMON
            Register Mode: RegComb
            CaSense Mode: NEITHER
            Treat as pin: True
            Is OE Registered: False
            Uses Analog: True
            Can contain Digital: False
            Is SIO: False
            SIO Output Buf: NONREGULATED
            SIO Input Buf: SINGLE_ENDED
            SIO HiFreq: LOW
            SIO Hyst: DISABLED
            SIO Vtrip: MULTIPLIER_0_5
            SIO RefSel: VCC_IO
            Required Capabilitites: ANALOG
            Initial Value: 1
            IO Voltage: 0
        PORT MAP (
            pa_out => \Slider:Sns(1)\__PA ,
            analog_term => \Slider:Net_245_0\ ,
            pad => \Slider:Sns(1)_PAD\ );
        Properties:
        {
        }

    Pin : Name = \Slider:Sns(2)\
        Attributes:
            Alias: LinearSlider0_e2__LS
            In Group/Port: True
            In Sync Option: AUTO
            Out Sync Option: AUTO
            Interrupt generated: False
            Interrupt mode: NONE
            Drive mode: HI_Z_ANALOG
            VTrip: EITHER
            Slew: FAST
            Input Sync needed: False
            Output Sync needed: False
            SC shield enabled: False
            POR State: ANY
            LCD Mode: COMMON
            Register Mode: RegComb
            CaSense Mode: NEITHER
            Treat as pin: True
            Is OE Registered: False
            Uses Analog: True
            Can contain Digital: False
            Is SIO: False
            SIO Output Buf: NONREGULATED
            SIO Input Buf: SINGLE_ENDED
            SIO HiFreq: LOW
            SIO Hyst: DISABLED
            SIO Vtrip: MULTIPLIER_0_5
            SIO RefSel: VCC_IO
            Required Capabilitites: ANALOG
            Initial Value: 1
            IO Voltage: 0
        PORT MAP (
            pa_out => \Slider:Sns(2)\__PA ,
            analog_term => \Slider:Net_245_0\ ,
            pad => \Slider:Sns(2)_PAD\ );
        Properties:
        {
        }

    Pin : Name = \Slider:Sns(3)\
        Attributes:
            Alias: LinearSlider0_e3__LS
            In Group/Port: True
            In Sync Option: AUTO
            Out Sync Option: AUTO
            Interrupt generated: False
            Interrupt mode: NONE
            Drive mode: HI_Z_ANALOG
            VTrip: EITHER
            Slew: FAST
            Input Sync needed: False
            Output Sync needed: False
            SC shield enabled: False
            POR State: ANY
            LCD Mode: COMMON
            Register Mode: RegComb
            CaSense Mode: NEITHER
            Treat as pin: True
            Is OE Registered: False
            Uses Analog: True
            Can contain Digital: False
            Is SIO: False
            SIO Output Buf: NONREGULATED
            SIO Input Buf: SINGLE_ENDED
            SIO HiFreq: LOW
            SIO Hyst: DISABLED
            SIO Vtrip: MULTIPLIER_0_5
            SIO RefSel: VCC_IO
            Required Capabilitites: ANALOG
            Initial Value: 1
            IO Voltage: 0
        PORT MAP (
            pa_out => \Slider:Sns(3)\__PA ,
            analog_term => \Slider:Net_245_0\ ,
            pad => \Slider:Sns(3)_PAD\ );
        Properties:
        {
        }

    Pin : Name = \Slider:Sns(4)\
        Attributes:
            Alias: LinearSlider0_e4__LS
            In Group/Port: True
            In Sync Option: AUTO
            Out Sync Option: AUTO
            Interrupt generated: False
            Interrupt mode: NONE
            Drive mode: HI_Z_ANALOG
            VTrip: EITHER
            Slew: FAST
            Input Sync needed: False
            Output Sync needed: False
            SC shield enabled: False
            POR State: ANY
            LCD Mode: COMMON
            Register Mode: RegComb
            CaSense Mode: NEITHER
            Treat as pin: True
            Is OE Registered: False
            Uses Analog: True
            Can contain Digital: False
            Is SIO: False
            SIO Output Buf: NONREGULATED
            SIO Input Buf: SINGLE_ENDED
            SIO HiFreq: LOW
            SIO Hyst: DISABLED
            SIO Vtrip: MULTIPLIER_0_5
            SIO RefSel: VCC_IO
            Required Capabilitites: ANALOG
            Initial Value: 1
            IO Voltage: 0
        PORT MAP (
            pa_out => \Slider:Sns(4)\__PA ,
            analog_term => \Slider:Net_245_0\ ,
            pad => \Slider:Sns(4)_PAD\ );
        Properties:
        {
        }
    </CYPRESSTAG>
    <CYPRESSTAG name="Macrocell listing" icon="FILE_RPT_EQUATION">

    ------------------------------------------------------------
    Macrocell listing
    ------------------------------------------------------------

    MacroCell: Name=Net_15, Mode=(D-Register)
        Total # of inputs        : 3
        Total # of product terms : 2
        List of special equations: 
            Clock  = (Net_3_digital) => Global
            Clock Enable: PosEdge(\BluePrISM:enable_final_reg\)
        Main Equation            : 2 pterms
        !(
              !\BluePrISM:compare_type0\ * !\BluePrISM:ce0\ * 
              !\BluePrISM:cl0\
            + \BluePrISM:compare_type0\ * \BluePrISM:cl0\
        );
        Output = Net_15 (fanout=1)

    MacroCell: Name=Net_7, Mode=(D-Register)
        Total # of inputs        : 3
        Total # of product terms : 2
        List of special equations: 
            Clock  = (Net_3_digital) => Global
            Clock Enable: PosEdge(\RedGreenPrISM:enable_final_reg\)
        Main Equation            : 2 pterms
        !(
              !\RedGreenPrISM:compare_type0\ * !\RedGreenPrISM:ce0\ * 
              !\RedGreenPrISM:cl0\
            + \RedGreenPrISM:compare_type0\ * \RedGreenPrISM:cl0\
        );
        Output = Net_7 (fanout=1)

    MacroCell: Name=Net_8, Mode=(D-Register)
        Total # of inputs        : 3
        Total # of product terms : 2
        List of special equations: 
            Clock  = (Net_3_digital) => Global
            Clock Enable: PosEdge(\RedGreenPrISM:enable_final_reg\)
        Main Equation            : 2 pterms
        !(
              !\RedGreenPrISM:compare_type1\ * !\RedGreenPrISM:ce1\ * 
              !\RedGreenPrISM:cl1\
            + \RedGreenPrISM:compare_type1\ * \RedGreenPrISM:cl1\
        );
        Output = Net_8 (fanout=1)

    MacroCell: Name=\BluePrISM:enable_final_reg\, Mode=(D-Register)
        Total # of inputs        : 1
        Total # of product terms : 1
        List of special equations: 
            Clock  = (Net_3_digital) => Global
            Clock Enable: True
        Main Equation            : 1 pterm
        (
              \BluePrISM:ctrl_enable\
        );
        Output = \BluePrISM:enable_final_reg\ (fanout=2)

    MacroCell: Name=\RedGreenPrISM:enable_final_reg\, Mode=(D-Register)
        Total # of inputs        : 1
        Total # of product terms : 1
        List of special equations: 
            Clock  = (Net_3_digital) => Global
            Clock Enable: True
        Main Equation            : 1 pterm
        (
              \RedGreenPrISM:ctrl_enable\
        );
        Output = \RedGreenPrISM:enable_final_reg\ (fanout=3)

    MacroCell: Name=__ONE__, Mode=(Combinatorial)
        Total # of inputs        : 0
        Total # of product terms : 0
            Clock Enable: True
        Main Equation            : 0 pterms
        !(
            0
        );
        Output = __ONE__ (fanout=4)
    </CYPRESSTAG>
    <CYPRESSTAG name="Datapath listing">

    ------------------------------------------------------------
    Datapath listing
    ------------------------------------------------------------

    datapathcell: Name =\BluePrISM:sC8:PrISMdp:u0\
        PORT MAP (
            clock => Net_3_digital ,
            cs_addr_0 => __ONE__ ,
            ce0_comb => \BluePrISM:ce0\ ,
            cl0_comb => \BluePrISM:cl0\ ,
            ce1_comb => \BluePrISM:ce1\ ,
            cl1_comb => \BluePrISM:cl1\ ,
            clk_en => \BluePrISM:enable_final_reg\ );
        Properties:
        {
            a0_init = "00000000"
            a1_init = "00000000"
            ce0_sync = 1
            ce1_sync = 1
            cl0_sync = 1
            cl1_sync = 1
            cmsb_sync = 1
            co_msb_sync = 1
            cy_dpconfig = "0000000000000000101011010100100000000000110000000000000011000000000000000000000000000000000000000000000000000000000000000000000011111111000000001111111111111111001000000000001000000000111100000000000000000000"
            d0_init = "00000000"
            d1_init = "00000000"
            f0_blk_sync = 1
            f0_bus_sync = 1
            f1_blk_sync = 1
            f1_bus_sync = 1
            ff0_sync = 1
            ff1_sync = 1
            ov_msb_sync = 1
            so_sync = 1
            z0_sync = 1
            z1_sync = 1
        }
        Clock Polarity: Active High
        Clock Enable: PosEdge(\BluePrISM:enable_final_reg\)

    datapathcell: Name =\RedGreenPrISM:sC8:PrISMdp:u0\
        PORT MAP (
            clock => Net_3_digital ,
            cs_addr_0 => __ONE__ ,
            ce0_comb => \RedGreenPrISM:ce0\ ,
            cl0_comb => \RedGreenPrISM:cl0\ ,
            ce1_comb => \RedGreenPrISM:ce1\ ,
            cl1_comb => \RedGreenPrISM:cl1\ ,
            clk_en => \RedGreenPrISM:enable_final_reg\ );
        Properties:
        {
            a0_init = "00000000"
            a1_init = "00000000"
            ce0_sync = 1
            ce1_sync = 1
            cl0_sync = 1
            cl1_sync = 1
            cmsb_sync = 1
            co_msb_sync = 1
            cy_dpconfig = "0000000000000000101011010100100000000000110000000000000011000000000000000000000000000000000000000000000000000000000000000000000011111111000000001111111111111111001000000000001000000000111100000000000000000000"
            d0_init = "00000000"
            d1_init = "00000000"
            f0_blk_sync = 1
            f0_bus_sync = 1
            f1_blk_sync = 1
            f1_bus_sync = 1
            ff0_sync = 1
            ff1_sync = 1
            ov_msb_sync = 1
            so_sync = 1
            z0_sync = 1
            z1_sync = 1
        }
        Clock Polarity: Active High
        Clock Enable: PosEdge(\RedGreenPrISM:enable_final_reg\)
    </CYPRESSTAG>
    <CYPRESSTAG name="Status register listing">
    </CYPRESSTAG>
    <CYPRESSTAG name="StatusI register listing">
    </CYPRESSTAG>
    <CYPRESSTAG name="Sync listing">
    </CYPRESSTAG>
    <CYPRESSTAG name="Control register listing">

    ------------------------------------------------------------
    Control register listing
    ------------------------------------------------------------

    controlcell: Name =\BluePrISM:SyncCtl:ControlReg\
        PORT MAP (
            clock => Net_3_digital ,
            control_7 => \BluePrISM:control_7\ ,
            control_6 => \BluePrISM:control_6\ ,
            control_5 => \BluePrISM:control_5\ ,
            control_4 => \BluePrISM:control_4\ ,
            control_3 => \BluePrISM:control_3\ ,
            control_2 => \BluePrISM:compare_type1\ ,
            control_1 => \BluePrISM:compare_type0\ ,
            control_0 => \BluePrISM:ctrl_enable\ );
        Properties:
        {
            cy_ctrl_mode_0 = "00000111"
            cy_ctrl_mode_1 = "00000000"
            cy_ext_reset = 0
            cy_force_order = 1
            cy_init_value = "00000000"
        }
        Clock Polarity: Active High
        Clock Enable: True

    controlcell: Name =\RedGreenPrISM:SyncCtl:ControlReg\
        PORT MAP (
            clock => Net_3_digital ,
            control_7 => \RedGreenPrISM:control_7\ ,
            control_6 => \RedGreenPrISM:control_6\ ,
            control_5 => \RedGreenPrISM:control_5\ ,
            control_4 => \RedGreenPrISM:control_4\ ,
            control_3 => \RedGreenPrISM:control_3\ ,
            control_2 => \RedGreenPrISM:compare_type1\ ,
            control_1 => \RedGreenPrISM:compare_type0\ ,
            control_0 => \RedGreenPrISM:ctrl_enable\ );
        Properties:
        {
            cy_ctrl_mode_0 = "00000111"
            cy_ctrl_mode_1 = "00000000"
            cy_ext_reset = 0
            cy_force_order = 1
            cy_init_value = "00000000"
        }
        Clock Polarity: Active High
        Clock Enable: True
    </CYPRESSTAG>
    <CYPRESSTAG name="Count7 listing">
    </CYPRESSTAG>
    <CYPRESSTAG name="DRQ listing">
    </CYPRESSTAG>
    <CYPRESSTAG name="Interrupt listing">

    ------------------------------------------------------------
    Interrupt listing
    ------------------------------------------------------------

    interrupt: Name =\BLE:bless_isr\
        PORT MAP (
            interrupt => \BLE:Net_15\ );
        Properties:
        {
            int_type = "10"
        }

    interrupt: Name =\Slider:ISR\
        PORT MAP (
            interrupt => \Slider:Net_248\ );
        Properties:
        {
            int_type = "10"
        }
    </CYPRESSTAG>
</CYPRESSTAG>
<CYPRESSTAG name="Technology mapping summary" expanded>

------------------------------------------------------------
Technology mapping summary
------------------------------------------------------------

Resource Type                 : Used : Free :  Max :  % Used
============================================================
Digital clock dividers        :    1 :    3 :    4 :  25.00%
Pins                          :   13 :   25 :   38 :  34.21%
UDB Macrocells                :    6 :   26 :   32 :  18.75%
UDB Unique Pterms             :    8 :   56 :   64 :  12.50%
UDB Total Pterms              :    8 :      :      : 
UDB Datapath Cells            :    2 :    2 :    4 :  50.00%
UDB Status Cells              :    0 :    4 :    4 :   0.00%
UDB Control Cells             :    2 :    2 :    4 :  50.00%
            Control Registers :    2 
Interrupts                    :    2 :   30 :   32 :   6.25%
Comparator/Opamp Fixed Blocks :    0 :    4 :    4 :   0.00%
SAR Fixed Blocks              :    0 :    1 :    1 :   0.00%
CSD Fixed Blocks              :    1 :    0 :    1 : 100.00%
CapSense Blocks               :    1 :    0 :    1 : 100.00%
8-bit CapSense IDACs          :    1 :    0 :    1 : 100.00%
7-bit CapSense IDACs          :    1 :    0 :    1 : 100.00%
Temperature Sensors           :    0 :    1 :    1 :   0.00%
Low Power Comparators         :    0 :    2 :    2 :   0.00%
TCPWM Blocks                  :    0 :    4 :    4 :   0.00%
Serial Communication Blocks   :    0 :    2 :    2 :   0.00%
Segment LCD Blocks            :    0 :    1 :    1 :   0.00%
Bluetooth Low Energy Blocks   :    1 :    0 :    1 : 100.00%
</CYPRESSTAG>
Technology Mapping: Elapsed time ==> 0s.515ms
Tech mapping phase: Elapsed time ==> 0s.578ms
</CYPRESSTAG>
<CYPRESSTAG name="Analog Placement">
<CYPRESSTAG name="Analog Placement">
Elapsed time ==> 0.0229815s
</CYPRESSTAG>
Analog Placement phase: Elapsed time ==> 0s.046ms
</CYPRESSTAG>
<CYPRESSTAG name="Analog Routing">
<CYPRESSTAG name="Analog Routing">
Route success=True, Iterations=1 Elapsed=0.0030373 secs
</CYPRESSTAG>
Analog Routing phase: Elapsed time ==> 0s.000ms
</CYPRESSTAG>
<CYPRESSTAG name="Analog Code Generation">
============ Analog Final Answer Routes ============
Dump of CyAnalogRoutingResultsDB
Map of net to items {
  Net: \Slider:Net_245_0\ {
    source0
    swh_13
    amuxbusa_sar
    P2_P44
    p2_4
    P2_P45
    p2_5
    P2_P43
    p2_3
    P2_P41
    p2_1
    P2_P42
    p2_2
  }
  Net: \Slider:Net_398\ {
    cmod
    swhv_6
    p4_0
    P4_P40
  }
}
Map of item to net {
  source0                                          -> \Slider:Net_245_0\
  swh_13                                           -> \Slider:Net_245_0\
  amuxbusa_sar                                     -> \Slider:Net_245_0\
  P2_P44                                           -> \Slider:Net_245_0\
  p2_4                                             -> \Slider:Net_245_0\
  P2_P45                                           -> \Slider:Net_245_0\
  p2_5                                             -> \Slider:Net_245_0\
  P2_P43                                           -> \Slider:Net_245_0\
  p2_3                                             -> \Slider:Net_245_0\
  P2_P41                                           -> \Slider:Net_245_0\
  p2_1                                             -> \Slider:Net_245_0\
  P2_P42                                           -> \Slider:Net_245_0\
  p2_2                                             -> \Slider:Net_245_0\
  cmod                                             -> \Slider:Net_398\
  swhv_6                                           -> \Slider:Net_398\
  p4_0                                             -> \Slider:Net_398\
  P4_P40                                           -> \Slider:Net_398\
}
Mux Info {
}
Analog Code Generation phase: Elapsed time ==> 0s.234ms
</CYPRESSTAG>
<CYPRESSTAG name="Digital Placement">
<CYPRESSTAG name="Detailed placement messages">
I2076: Total run-time: 0.3 sec.

</CYPRESSTAG>
<CYPRESSTAG name="PLD Packing">
<CYPRESSTAG name="PLD Packing Summary" expanded>

------------------------------------------------------------
PLD Packing Summary
------------------------------------------------------------
            Resource Type : Used : Free :  Max :  % Used
    ====================================================
                     PLDs :    4 :    4 :    8 :  50.00%

<CYPRESSTAG name="PLD Statistics">

        PLD Resource Type :     Average/LAB
    =======================================
                   Inputs :            2.75
                   Pterms :            2.00
               Macrocells :            1.50
</CYPRESSTAG>
<CYPRESSTAG name="Packed PLD Contents">
Packed PLD Contents not displayed at this verbose level.</CYPRESSTAG>
</CYPRESSTAG>
PLD Packing: Elapsed time ==> 0s.000ms
</CYPRESSTAG>
<CYPRESSTAG name="Partitioning">
<CYPRESSTAG name="Initial Partitioning Summary">
Initial Partitioning Summary not displayed at this verbose level.</CYPRESSTAG>
<CYPRESSTAG name="Final Partitioning Summary">
Final Partitioning Summary not displayed at this verbose level.</CYPRESSTAG>
Partitioning: Elapsed time ==> 0s.015ms
</CYPRESSTAG>
<CYPRESSTAG name="Simulated Annealing">
Annealing: Elapsed time ==> 0s.000ms
<CYPRESSTAG name="Simulated Annealing Results">
The seed used for moves was 114161200.
Inital cost was 35, final cost is 35 (0.00% improvement).</CYPRESSTAG>
</CYPRESSTAG>
<CYPRESSTAG name="Final Placement Summary">

------------------------------------------------------------
Final Placement Summary
------------------------------------------------------------

       Resource Type :      Count : Avg Inputs : Avg Outputs
    ========================================================
                 UDB :          2 :       5.50 :       3.00
<CYPRESSTAG name="Final Placement Details">
<CYPRESSTAG name="Component Details">

------------------------------------------------------------
Component Placement Details
------------------------------------------------------------
UDB [UDB=(0,0)] contents:
LAB@[UDB=(0,0)][LB=0] #macrocells=1, #inputs=1, #pterms=1
{
    [McSlotId=0]:     MacroCell: Name=\RedGreenPrISM:enable_final_reg\, Mode=(D-Register) @ [UDB=(0,0)][LB=0][MC=0]
        Total # of inputs        : 1
        Total # of product terms : 1
        List of special equations: 
            Clock  = (Net_3_digital) => Global
            Clock Enable: True
        Main Equation            : 1 pterm
        (
              \RedGreenPrISM:ctrl_enable\
        );
        Output = \RedGreenPrISM:enable_final_reg\ (fanout=3)
        Properties               : 
        {
        }

    [McSlotId=1]: (empty)
    [McSlotId=2]: (empty)
    [McSlotId=3]: (empty)
}

LAB@[UDB=(0,0)][LB=1] #macrocells=2, #inputs=6, #pterms=4
{
    [McSlotId=0]:     MacroCell: Name=Net_8, Mode=(D-Register) @ [UDB=(0,0)][LB=1][MC=0]
        Total # of inputs        : 3
        Total # of product terms : 2
        List of special equations: 
            Clock  = (Net_3_digital) => Global
            Clock Enable: PosEdge(\RedGreenPrISM:enable_final_reg\)
        Main Equation            : 2 pterms
        !(
              !\RedGreenPrISM:compare_type1\ * !\RedGreenPrISM:ce1\ * 
              !\RedGreenPrISM:cl1\
            + \RedGreenPrISM:compare_type1\ * \RedGreenPrISM:cl1\
        );
        Output = Net_8 (fanout=1)
        Properties               : 
        {
        }

    [McSlotId=1]:     MacroCell: Name=Net_7, Mode=(D-Register) @ [UDB=(0,0)][LB=1][MC=1]
        Total # of inputs        : 3
        Total # of product terms : 2
        List of special equations: 
            Clock  = (Net_3_digital) => Global
            Clock Enable: PosEdge(\RedGreenPrISM:enable_final_reg\)
        Main Equation            : 2 pterms
        !(
              !\RedGreenPrISM:compare_type0\ * !\RedGreenPrISM:ce0\ * 
              !\RedGreenPrISM:cl0\
            + \RedGreenPrISM:compare_type0\ * \RedGreenPrISM:cl0\
        );
        Output = Net_7 (fanout=1)
        Properties               : 
        {
        }

    [McSlotId=2]: (empty)
    [McSlotId=3]: (empty)
}

datapathcell: Name =\RedGreenPrISM:sC8:PrISMdp:u0\
    PORT MAP (
        clock => Net_3_digital ,
        cs_addr_0 => __ONE__ ,
        ce0_comb => \RedGreenPrISM:ce0\ ,
        cl0_comb => \RedGreenPrISM:cl0\ ,
        ce1_comb => \RedGreenPrISM:ce1\ ,
        cl1_comb => \RedGreenPrISM:cl1\ ,
        clk_en => \RedGreenPrISM:enable_final_reg\ );
    Properties:
    {
        a0_init = "00000000"
        a1_init = "00000000"
        ce0_sync = 1
        ce1_sync = 1
        cl0_sync = 1
        cl1_sync = 1
        cmsb_sync = 1
        co_msb_sync = 1
        cy_dpconfig = "0000000000000000101011010100100000000000110000000000000011000000000000000000000000000000000000000000000000000000000000000000000011111111000000001111111111111111001000000000001000000000111100000000000000000000"
        d0_init = "00000000"
        d1_init = "00000000"
        f0_blk_sync = 1
        f0_bus_sync = 1
        f1_blk_sync = 1
        f1_bus_sync = 1
        ff0_sync = 1
        ff1_sync = 1
        ov_msb_sync = 1
        so_sync = 1
        z0_sync = 1
        z1_sync = 1
    }
    Clock Polarity: Active High
    Clock Enable: PosEdge(\RedGreenPrISM:enable_final_reg\)

controlcell: Name =\RedGreenPrISM:SyncCtl:ControlReg\
    PORT MAP (
        clock => Net_3_digital ,
        control_7 => \RedGreenPrISM:control_7\ ,
        control_6 => \RedGreenPrISM:control_6\ ,
        control_5 => \RedGreenPrISM:control_5\ ,
        control_4 => \RedGreenPrISM:control_4\ ,
        control_3 => \RedGreenPrISM:control_3\ ,
        control_2 => \RedGreenPrISM:compare_type1\ ,
        control_1 => \RedGreenPrISM:compare_type0\ ,
        control_0 => \RedGreenPrISM:ctrl_enable\ );
    Properties:
    {
        cy_ctrl_mode_0 = "00000111"
        cy_ctrl_mode_1 = "00000000"
        cy_ext_reset = 0
        cy_force_order = 1
        cy_init_value = "00000000"
    }
    Clock Polarity: Active High
    Clock Enable: True

UDB [UDB=(0,1)] is empty.
UDB [UDB=(1,0)] contents:
LAB@[UDB=(1,0)][LB=0] #macrocells=2, #inputs=3, #pterms=2
{
    [McSlotId=0]:     MacroCell: Name=Net_15, Mode=(D-Register) @ [UDB=(1,0)][LB=0][MC=0]
        Total # of inputs        : 3
        Total # of product terms : 2
        List of special equations: 
            Clock  = (Net_3_digital) => Global
            Clock Enable: PosEdge(\BluePrISM:enable_final_reg\)
        Main Equation            : 2 pterms
        !(
              !\BluePrISM:compare_type0\ * !\BluePrISM:ce0\ * 
              !\BluePrISM:cl0\
            + \BluePrISM:compare_type0\ * \BluePrISM:cl0\
        );
        Output = Net_15 (fanout=1)
        Properties               : 
        {
        }

    [McSlotId=1]:     MacroCell: Name=__ONE__, Mode=(Combinatorial) @ [UDB=(1,0)][LB=0][MC=1]
        Total # of inputs        : 0
        Total # of product terms : 0
            Clock Enable: True
        Main Equation            : 0 pterms
        !(
            0
        );
        Output = __ONE__ (fanout=4)
        Properties               : 
        {
        }

    [McSlotId=2]: (empty)
    [McSlotId=3]: (empty)
}

LAB@[UDB=(1,0)][LB=1] #macrocells=1, #inputs=1, #pterms=1
{
    [McSlotId=0]: (empty)
    [McSlotId=1]: (empty)
    [McSlotId=2]: (empty)
    [McSlotId=3]:     MacroCell: Name=\BluePrISM:enable_final_reg\, Mode=(D-Register) @ [UDB=(1,0)][LB=1][MC=3]
        Total # of inputs        : 1
        Total # of product terms : 1
        List of special equations: 
            Clock  = (Net_3_digital) => Global
            Clock Enable: True
        Main Equation            : 1 pterm
        (
              \BluePrISM:ctrl_enable\
        );
        Output = \BluePrISM:enable_final_reg\ (fanout=2)
        Properties               : 
        {
        }
}

datapathcell: Name =\BluePrISM:sC8:PrISMdp:u0\
    PORT MAP (
        clock => Net_3_digital ,
        cs_addr_0 => __ONE__ ,
        ce0_comb => \BluePrISM:ce0\ ,
        cl0_comb => \BluePrISM:cl0\ ,
        ce1_comb => \BluePrISM:ce1\ ,
        cl1_comb => \BluePrISM:cl1\ ,
        clk_en => \BluePrISM:enable_final_reg\ );
    Properties:
    {
        a0_init = "00000000"
        a1_init = "00000000"
        ce0_sync = 1
        ce1_sync = 1
        cl0_sync = 1
        cl1_sync = 1
        cmsb_sync = 1
        co_msb_sync = 1
        cy_dpconfig = "0000000000000000101011010100100000000000110000000000000011000000000000000000000000000000000000000000000000000000000000000000000011111111000000001111111111111111001000000000001000000000111100000000000000000000"
        d0_init = "00000000"
        d1_init = "00000000"
        f0_blk_sync = 1
        f0_bus_sync = 1
        f1_blk_sync = 1
        f1_bus_sync = 1
        ff0_sync = 1
        ff1_sync = 1
        ov_msb_sync = 1
        so_sync = 1
        z0_sync = 1
        z1_sync = 1
    }
    Clock Polarity: Active High
    Clock Enable: PosEdge(\BluePrISM:enable_final_reg\)

controlcell: Name =\BluePrISM:SyncCtl:ControlReg\
    PORT MAP (
        clock => Net_3_digital ,
        control_7 => \BluePrISM:control_7\ ,
        control_6 => \BluePrISM:control_6\ ,
        control_5 => \BluePrISM:control_5\ ,
        control_4 => \BluePrISM:control_4\ ,
        control_3 => \BluePrISM:control_3\ ,
        control_2 => \BluePrISM:compare_type1\ ,
        control_1 => \BluePrISM:compare_type0\ ,
        control_0 => \BluePrISM:ctrl_enable\ );
    Properties:
    {
        cy_ctrl_mode_0 = "00000111"
        cy_ctrl_mode_1 = "00000000"
        cy_ext_reset = 0
        cy_force_order = 1
        cy_init_value = "00000000"
    }
    Clock Polarity: Active High
    Clock Enable: True

UDB [UDB=(1,1)] is empty.
Intr hod @ [IntrHod=(0)]: 
  Intr@ [IntrHod=(0)][IntrId=(12)] 
    interrupt: Name =\BLE:bless_isr\
        PORT MAP (
            interrupt => \BLE:Net_15\ );
        Properties:
        {
            int_type = "10"
        }
  Intr@ [IntrHod=(0)][IntrId=(16)] 
    interrupt: Name =\Slider:ISR\
        PORT MAP (
            interrupt => \Slider:Net_248\ );
        Properties:
        {
            int_type = "10"
        }
Port 0 is empty
Port 1 is empty
Port 2 contains the following IO cells:
[IoId=1]: 
Pin : Name = \Slider:Sns(0)\
    Attributes:
        Alias: LinearSlider0_e0__LS
        In Group/Port: True
        In Sync Option: AUTO
        Out Sync Option: AUTO
        Interrupt generated: False
        Interrupt mode: NONE
        Drive mode: HI_Z_ANALOG
        VTrip: EITHER
        Slew: FAST
        Input Sync needed: False
        Output Sync needed: False
        SC shield enabled: False
        POR State: ANY
        LCD Mode: COMMON
        Register Mode: RegComb
        CaSense Mode: NEITHER
        Treat as pin: True
        Is OE Registered: False
        Uses Analog: True
        Can contain Digital: False
        Is SIO: False
        SIO Output Buf: NONREGULATED
        SIO Input Buf: SINGLE_ENDED
        SIO HiFreq: LOW
        SIO Hyst: DISABLED
        SIO Vtrip: MULTIPLIER_0_5
        SIO RefSel: VCC_IO
        Required Capabilitites: ANALOG
        Initial Value: 1
        IO Voltage: 0
    PORT MAP (
        pa_out => \Slider:Sns(0)\__PA ,
        analog_term => \Slider:Net_245_0\ ,
        pad => \Slider:Sns(0)_PAD\ );
    Properties:
    {
    }

[IoId=2]: 
Pin : Name = \Slider:Sns(1)\
    Attributes:
        Alias: LinearSlider0_e1__LS
        In Group/Port: True
        In Sync Option: AUTO
        Out Sync Option: AUTO
        Interrupt generated: False
        Interrupt mode: NONE
        Drive mode: HI_Z_ANALOG
        VTrip: EITHER
        Slew: FAST
        Input Sync needed: False
        Output Sync needed: False
        SC shield enabled: False
        POR State: ANY
        LCD Mode: COMMON
        Register Mode: RegComb
        CaSense Mode: NEITHER
        Treat as pin: True
        Is OE Registered: False
        Uses Analog: True
        Can contain Digital: False
        Is SIO: False
        SIO Output Buf: NONREGULATED
        SIO Input Buf: SINGLE_ENDED
        SIO HiFreq: LOW
        SIO Hyst: DISABLED
        SIO Vtrip: MULTIPLIER_0_5
        SIO RefSel: VCC_IO
        Required Capabilitites: ANALOG
        Initial Value: 1
        IO Voltage: 0
    PORT MAP (
        pa_out => \Slider:Sns(1)\__PA ,
        analog_term => \Slider:Net_245_0\ ,
        pad => \Slider:Sns(1)_PAD\ );
    Properties:
    {
    }

[IoId=3]: 
Pin : Name = \Slider:Sns(2)\
    Attributes:
        Alias: LinearSlider0_e2__LS
        In Group/Port: True
        In Sync Option: AUTO
        Out Sync Option: AUTO
        Interrupt generated: False
        Interrupt mode: NONE
        Drive mode: HI_Z_ANALOG
        VTrip: EITHER
        Slew: FAST
        Input Sync needed: False
        Output Sync needed: False
        SC shield enabled: False
        POR State: ANY
        LCD Mode: COMMON
        Register Mode: RegComb
        CaSense Mode: NEITHER
        Treat as pin: True
        Is OE Registered: False
        Uses Analog: True
        Can contain Digital: False
        Is SIO: False
        SIO Output Buf: NONREGULATED
        SIO Input Buf: SINGLE_ENDED
        SIO HiFreq: LOW
        SIO Hyst: DISABLED
        SIO Vtrip: MULTIPLIER_0_5
        SIO RefSel: VCC_IO
        Required Capabilitites: ANALOG
        Initial Value: 1
        IO Voltage: 0
    PORT MAP (
        pa_out => \Slider:Sns(2)\__PA ,
        analog_term => \Slider:Net_245_0\ ,
        pad => \Slider:Sns(2)_PAD\ );
    Properties:
    {
    }

[IoId=4]: 
Pin : Name = \Slider:Sns(3)\
    Attributes:
        Alias: LinearSlider0_e3__LS
        In Group/Port: True
        In Sync Option: AUTO
        Out Sync Option: AUTO
        Interrupt generated: False
        Interrupt mode: NONE
        Drive mode: HI_Z_ANALOG
        VTrip: EITHER
        Slew: FAST
        Input Sync needed: False
        Output Sync needed: False
        SC shield enabled: False
        POR State: ANY
        LCD Mode: COMMON
        Register Mode: RegComb
        CaSense Mode: NEITHER
        Treat as pin: True
        Is OE Registered: False
        Uses Analog: True
        Can contain Digital: False
        Is SIO: False
        SIO Output Buf: NONREGULATED
        SIO Input Buf: SINGLE_ENDED
        SIO HiFreq: LOW
        SIO Hyst: DISABLED
        SIO Vtrip: MULTIPLIER_0_5
        SIO RefSel: VCC_IO
        Required Capabilitites: ANALOG
        Initial Value: 1
        IO Voltage: 0
    PORT MAP (
        pa_out => \Slider:Sns(3)\__PA ,
        analog_term => \Slider:Net_245_0\ ,
        pad => \Slider:Sns(3)_PAD\ );
    Properties:
    {
    }

[IoId=5]: 
Pin : Name = \Slider:Sns(4)\
    Attributes:
        Alias: LinearSlider0_e4__LS
        In Group/Port: True
        In Sync Option: AUTO
        Out Sync Option: AUTO
        Interrupt generated: False
        Interrupt mode: NONE
        Drive mode: HI_Z_ANALOG
        VTrip: EITHER
        Slew: FAST
        Input Sync needed: False
        Output Sync needed: False
        SC shield enabled: False
        POR State: ANY
        LCD Mode: COMMON
        Register Mode: RegComb
        CaSense Mode: NEITHER
        Treat as pin: True
        Is OE Registered: False
        Uses Analog: True
        Can contain Digital: False
        Is SIO: False
        SIO Output Buf: NONREGULATED
        SIO Input Buf: SINGLE_ENDED
        SIO HiFreq: LOW
        SIO Hyst: DISABLED
        SIO Vtrip: MULTIPLIER_0_5
        SIO RefSel: VCC_IO
        Required Capabilitites: ANALOG
        Initial Value: 1
        IO Voltage: 0
    PORT MAP (
        pa_out => \Slider:Sns(4)\__PA ,
        analog_term => \Slider:Net_245_0\ ,
        pad => \Slider:Sns(4)_PAD\ );
    Properties:
    {
    }

[IoId=6]: 
Pin : Name = RED(0)
    Attributes:
        In Group/Port: True
        In Sync Option: AUTO
        Out Sync Option: NOSYNC
        Interrupt generated: False
        Interrupt mode: NONE
        Drive mode: HI_Z_DIGITAL
        VTrip: EITHER
        Slew: FAST
        Input Sync needed: False
        Output Sync needed: False
        SC shield enabled: False
        POR State: ANY
        LCD Mode: COMMON
        Register Mode: RegComb
        CaSense Mode: NEITHER
        Treat as pin: True
        Is OE Registered: False
        Uses Analog: False
        Can contain Digital: True
        Is SIO: False
        SIO Output Buf: NONREGULATED
        SIO Input Buf: SINGLE_ENDED
        SIO HiFreq: LOW
        SIO Hyst: DISABLED
        SIO Vtrip: MULTIPLIER_0_5
        SIO RefSel: VCC_IO
        Required Capabilitites: DIGITAL, ROUTABLE
        Initial Value: 1
        IO Voltage: 0
    PORT MAP (
        pa_out => RED(0)__PA ,
        input => Net_7 ,
        pad => RED(0)_PAD );
    Properties:
    {
    }

Port 3 contains the following IO cells:
[IoId=6]: 
Pin : Name = GREEN(0)
    Attributes:
        In Group/Port: True
        In Sync Option: AUTO
        Out Sync Option: NOSYNC
        Interrupt generated: False
        Interrupt mode: NONE
        Drive mode: HI_Z_DIGITAL
        VTrip: EITHER
        Slew: FAST
        Input Sync needed: False
        Output Sync needed: False
        SC shield enabled: False
        POR State: ANY
        LCD Mode: COMMON
        Register Mode: RegComb
        CaSense Mode: NEITHER
        Treat as pin: True
        Is OE Registered: False
        Uses Analog: False
        Can contain Digital: True
        Is SIO: False
        SIO Output Buf: NONREGULATED
        SIO Input Buf: SINGLE_ENDED
        SIO HiFreq: LOW
        SIO Hyst: DISABLED
        SIO Vtrip: MULTIPLIER_0_5
        SIO RefSel: VCC_IO
        Required Capabilitites: DIGITAL, ROUTABLE
        Initial Value: 1
        IO Voltage: 0
    PORT MAP (
        pa_out => GREEN(0)__PA ,
        input => Net_8 ,
        pad => GREEN(0)_PAD );
    Properties:
    {
    }

[IoId=7]: 
Pin : Name = BLUE(0)
    Attributes:
        In Group/Port: True
        In Sync Option: AUTO
        Out Sync Option: NOSYNC
        Interrupt generated: False
        Interrupt mode: NONE
        Drive mode: HI_Z_DIGITAL
        VTrip: EITHER
        Slew: FAST
        Input Sync needed: False
        Output Sync needed: False
        SC shield enabled: False
        POR State: ANY
        LCD Mode: COMMON
        Register Mode: RegComb
        CaSense Mode: NEITHER
        Treat as pin: True
        Is OE Registered: False
        Uses Analog: False
        Can contain Digital: True
        Is SIO: False
        SIO Output Buf: NONREGULATED
        SIO Input Buf: SINGLE_ENDED
        SIO HiFreq: LOW
        SIO Hyst: DISABLED
        SIO Vtrip: MULTIPLIER_0_5
        SIO RefSel: VCC_IO
        Required Capabilitites: DIGITAL, ROUTABLE
        Initial Value: 1
        IO Voltage: 0
    PORT MAP (
        pa_out => BLUE(0)__PA ,
        input => Net_15 ,
        pad => BLUE(0)_PAD );
    Properties:
    {
    }

Port 4 contains the following IO cells:
[IoId=0]: 
Pin : Name = \Slider:Cmod(0)\
    Attributes:
        Alias: Cmod
        In Group/Port: True
        In Sync Option: AUTO
        Out Sync Option: AUTO
        Interrupt generated: False
        Interrupt mode: NONE
        Drive mode: HI_Z_ANALOG
        VTrip: EITHER
        Slew: FAST
        Input Sync needed: False
        Output Sync needed: False
        SC shield enabled: False
        POR State: ANY
        LCD Mode: COMMON
        Register Mode: RegComb
        CaSense Mode: NEITHER
        Treat as pin: True
        Is OE Registered: False
        Uses Analog: True
        Can contain Digital: False
        Is SIO: False
        SIO Output Buf: NONREGULATED
        SIO Input Buf: SINGLE_ENDED
        SIO HiFreq: LOW
        SIO Hyst: DISABLED
        SIO Vtrip: MULTIPLIER_0_5
        SIO RefSel: VCC_IO
        Required Capabilitites: ANALOG
        Initial Value: 1
        IO Voltage: 0
    PORT MAP (
        pa_out => \Slider:Cmod(0)\__PA ,
        analog_term => \Slider:Net_398\ ,
        pad => \Slider:Cmod(0)_PAD\ );
    Properties:
    {
    }

Port 5 is empty
Port 6 is empty
Clock group 0: 
    M0S8 Clock Block @ [FFB(Clock,0)]: 
    m0s8clockblockcell: Name =ClockBlock
        PORT MAP (
            hfclk => ClockBlock_HFCLK ,
            imo => ClockBlock_IMO ,
            ext => ClockBlock_EXTCLK ,
            sysclk => ClockBlock_SYSCLK ,
            eco => ClockBlock_ECO ,
            ilo => ClockBlock_ILO ,
            lfclk => ClockBlock_LFCLK ,
            wco => ClockBlock_WCO ,
            dsi_in_0 => ClockBlock_Routed1 ,
            ff_div_5 => \Slider:Net_420_ff5\ ,
            ff_div_4 => \Slider:Net_429_ff4\ ,
            udb_div_0 => dclk_to_genclk );
        Properties:
        {
        }
PM group 0: empty
SPC group 0: empty
WDT group 0: empty
FSS group 0: empty
Low Power Comparator group 0: empty
Serial Communication Block group 0: empty
CSD Fixed Block group 0: 
    PSoC4 CSD Fixed Block @ [FFB(CSD,0)]: 
    p4csdcell: Name =\Slider:CSD_FFB\
        PORT MAP (
            source => \Slider:Net_245_0\ ,
            shield => \Slider:Net_241\ ,
            csh => \Slider:Net_246\ ,
            cmod => \Slider:Net_398\ ,
            sense_out => \Slider:Net_329\ ,
            sample_out => \Slider:Net_328\ ,
            clk1 => \Slider:Net_429_ff4\ ,
            clk2 => \Slider:Net_420_ff5\ ,
            irq => \Slider:Net_248\ );
        Properties:
        {
            cy_registers = ""
            is_capsense = 1
            is_cmod_charge = 0
            is_csh_charge = 0
            is_mutual = 0
            sensors_count = 5
            shield_count = 1
        }
8-bit CapSense IDAC group 0: 
    PSoC4 8-bit CapSense IDAC @ [FFB(CSIDAC8,0)]: 
    p4csidac8cell: Name =\Slider:IDAC1:cy_psoc4_idac\
        PORT MAP (
            en => __ONE__ );
        Properties:
        {
            cy_registers = ""
            resolution = 8
        }
7-bit CapSense IDAC group 0: 
    PSoC4 7-bit CapSense IDAC @ [FFB(CSIDAC7,0)]: 
    p4csidac7cell: Name =\Slider:IDAC2:cy_psoc4_idac\
        PORT MAP (
            en => __ONE__ );
        Properties:
        {
            cy_registers = ""
            resolution = 7
        }
TCPWM Block group 0: empty
Comparator/Opamp Fixed Block group 0: empty
Temperature Sensor group 0: empty
SAR Fixed Block group 0: empty
Segment LCD Block group 0: empty
CLK_GEN group 0: 
    M0S8 Clock Gen Block @ [FFB(CLK_GEN,0)]: 
    m0s8clockgenblockcell: Name =ClockGenBlock
        PORT MAP (
            gen_clk_out_0 => Net_3_digital ,
            gen_clk_in_0 => dclk_to_genclk );
        Properties:
        {
        }
LPCOMPBLOCK group 0: empty
CTBMBLOCK group 0: empty
ANAPUMP group 0: empty
Bluetooth Low Energy Block group 0: 
    BLE Block @ [FFB(BLE,0)]: 
    p4blecell: Name =\BLE:cy_m0s8_ble\
        PORT MAP (
            interrupt => \BLE:Net_15\ );
        Properties:
        {
        }
GANGED_PICU group 0: empty
</CYPRESSTAG>
<CYPRESSTAG name="Port Configuration Details">

------------------------------------------------------------
Port Configuration report
------------------------------------------------------------
     |     |       | Interrupt |                  |                  | 
Port | Pin | Fixed |      Type |       Drive Mode |             Name | Connections
-----+-----+-------+-----------+------------------+------------------+---------------------------
   2 |   1 |     * |      NONE |      HI_Z_ANALOG |  \Slider:Sns(0)\ | Analog(\Slider:Net_245_0\)
     |   2 |     * |      NONE |      HI_Z_ANALOG |  \Slider:Sns(1)\ | Analog(\Slider:Net_245_0\)
     |   3 |     * |      NONE |      HI_Z_ANALOG |  \Slider:Sns(2)\ | Analog(\Slider:Net_245_0\)
     |   4 |     * |      NONE |      HI_Z_ANALOG |  \Slider:Sns(3)\ | Analog(\Slider:Net_245_0\)
     |   5 |     * |      NONE |      HI_Z_ANALOG |  \Slider:Sns(4)\ | Analog(\Slider:Net_245_0\)
     |   6 |     * |      NONE |     HI_Z_DIGITAL |           RED(0) | In(Net_7)
-----+-----+-------+-----------+------------------+------------------+---------------------------
   3 |   6 |     * |      NONE |     HI_Z_DIGITAL |         GREEN(0) | In(Net_8)
     |   7 |     * |      NONE |     HI_Z_DIGITAL |          BLUE(0) | In(Net_15)
-----+-----+-------+-----------+------------------+------------------+---------------------------
   4 |   0 |     * |      NONE |      HI_Z_ANALOG | \Slider:Cmod(0)\ | Analog(\Slider:Net_398\)
-------------------------------------------------------------------------------------------------
</CYPRESSTAG>
</CYPRESSTAG>
</CYPRESSTAG>
Digital component placer commit/Report: Elapsed time ==> 0s.000ms
Digital Placement phase: Elapsed time ==> 0s.593ms
</CYPRESSTAG>
<CYPRESSTAG name="Digital Routing">
Routing successful.
Digital Routing phase: Elapsed time ==> 0s.593ms
</CYPRESSTAG>
<CYPRESSTAG name="Bitstream and API generation">
Bitstream and API generation phase: Elapsed time ==> 0s.468ms
</CYPRESSTAG>
<CYPRESSTAG name="Bitstream verification">
Bitstream verification phase: Elapsed time ==> 0s.031ms
</CYPRESSTAG>
<CYPRESSTAG name="Static timing analysis">
Timing report is in CapSenseRGB_timing.html.
Static timing analysis phase: Elapsed time ==> 0s.218ms
</CYPRESSTAG>
<CYPRESSTAG name="Data reporting">
Data reporting phase: Elapsed time ==> 0s.937ms
</CYPRESSTAG>
<CYPRESSTAG name="Database update...">
Design database save phase: Elapsed time ==> 0s.187ms
</CYPRESSTAG>
cydsfit: Elapsed time ==> 4s.015ms
</CYPRESSTAG>
Fitter phase: Elapsed time ==> 4s.093ms
API generation phase: Elapsed time ==> 1s.640ms
Dependency generation phase: Elapsed time ==> 0s.000ms
Cleanup phase: Elapsed time ==> 0s.015ms
